10 [139853864729728] INFO perfrun.launcher <> - Launcher main begin
10 [139853864729728] INFO perfrun.launcher <> - MessageCatalogInit finished
11 [139853864729728] INFO perfrun.launcher <> - Launcher instance created
11 [139853864729728] INFO perfrun.launcher <> - argc = 7; cmdline = /opt/intel/oneapi/vtune/2023.1.0/bin64/amplxe-runss --ui-output-format xml --ui-output-fd 5 --option-file /home/samuki/git/team29/r001hs/config/runss.options 
63 [139853864729728] INFO perfrun.launcher <> - create msngr2::ICliToolContext
63 [139853864729728] INFO perfrun.launcher <> - create file finder object
63 [139853864729728] INFO perfrun.launcher <> - create a result directory: pattern = /home/samuki/git/team29/r001hs pid = 4294967295
64 [139853864729728] INFO perfrun.sdk <> - checked that the directory /home/samuki/git/team29/r001hs is a local directory
64 [139853864729728] INFO perfrun.sdk <> - the directory /home/samuki/git/team29/r001hs is a local directory with FS type ID 61267
64 [139853864729728] INFO perfrun.launcher <> - create data directory = /home/samuki/git/team29/r001hs/data.0
64 [139853864729728] INFO perfrun.launcher <> - Creating the master collection flag
65 [139853864729728] INFO perfrun.launcher <> - Done creating the master collection flag
66 [139853708650048] INFO perfrun.launcher <> - plugin [remoteplug] was disabled because it doesn't support the given collection type.
66 [139853708650048] INFO perfrun.sdk <> - Allocating TMU :/home/samuki/git/team29/r001hs/data.0/systemcollector-786735-lucy.sc
66 [139853708650048] INFO perfrun.system <> - Tpss based collection
66 [139853708650048] INFO perfrun.launcher <> - plugin [ptracecollector] was disabled because it doesn't support the given collection type.
66 [139853708650048] INFO perfrun.launcher <> - plugin [gpu] was disabled because it doesn't support the given collection type.
66 [139853708650048] INFO perfrun.launcher <> - plugin [] was disabled because it doesn't support the given collection type.
66 [139853708650048] INFO perfrun.launcher <> - plugin [] was disabled because it doesn't support the given collection type.
66 [139853708650048] INFO perfrun.launcher <> - plugin [] was disabled because it doesn't support the given collection type.
66 [139853708650048] INFO perfrun.mrte <> - system-wide mode is 0
67 [139853708650048] INFO perfrun.mrte <> - Getting  mrte profiling environment ...
77 [139853708650048] INFO perfrun.mrte <> - INTEL_MRTE_DATA_DIR=/home/samuki/git/team29/r001hs/data.0
77 [139853708650048] INFO perfrun.mrte <> - INTEL_MRTE_HOST_NAME=lucy
77 [139853708650048] INFO perfrun.mrte <> - JAVA_TOOL_OPTIONS=-agentlib:amplxe_tpssmrte_javaprof_1.0 -Dsun.boot.library.path=/opt/intel/oneapi/vtune/2023.1.0/lib32/runtime:/opt/intel/oneapi/vtune/2023.1.0/lib64/runtime
77 [139853708650048] INFO perfrun.mrte <> - LD_LIBRARY_PATH=/opt/intel/oneapi/vtune/2023.1.0/lib32/runtime:/opt/intel/oneapi/vtune/2023.1.0/lib64/runtime
77 [139853708650048] INFO perfrun.mrte <> - CORECLR_ENABLE_PROFILING=1
77 [139853708650048] INFO perfrun.mrte <> - CORECLR_PROFILER={AA5E4821-E3B1-479c-B7FF-5AD047D22CED}
77 [139853708650048] INFO perfrun.mrte <> - CORECLR_PROFILER_PATH=/opt/intel/oneapi/vtune/2023.1.0/lib64/libamplxe_samplingmrte_clrprof_1.0.so
77 [139853708650048] INFO perfrun.mrte <> - INTEL_MRTE_PROFILER_MODE=mixed
77 [139853708650048] INFO perfrun.mrte <> - Data directory: /home/samuki/git/team29/r001hs/data.0
77 [139853708650048] INFO perfrun.mrte <> - Mrte plugin is initialized
77 [139853708650048] INFO perfrun.launcher <> - plugin [emon] was disabled because it doesn't support the given collection type.
77 [139853708650048] INFO perfrun.launcher <> - plugin [cuscol] was disabled because it doesn't support the given collection type.
77 [139853708650048] INFO perfrun.launcher <> - plugin [stdsrc] was disabled because it doesn't support the given collection type.
77 [139853708650048] INFO perfrun.launcher <> - plugin [sep] was disabled because it doesn't support the given collection type.
77 [139853708650048] INFO perfrun.launcher <> - plugin [vtsspp] was disabled because it doesn't support the given collection type.
77 [139853708650048] INFO perfrun.sdk <> - Reading value (0) from file: /proc/sys/kernel/perf_event_paranoid
77 [139853708650048] INFO perfrun.perfcollector <> - checking access to: /opt/intel/oneapi/vtune/2023.1.0/bin64/amplxe-perf-priv
77 [139853708650048] INFO perfrun.perfcollector <> - cpu: family = 6 model = 142
78 [139853708650048] INFO perfrun.perfcollector <> - dir found: /sys/bus/event_source/devices/software
78 [139853708650048] INFO perfrun.perfcollector <> - format: pmu format subdir doesn't exist
78 [139853708650048] INFO perfrun.perfcollector <> - hwInfo: not set, pmuFam: software
78 [139853708650048] INFO perfrun.perfcollector <> - pmu added: family: software, id: 0
78 [139853708650048] INFO perfrun.perfcollector <> - dir found: /sys/bus/event_source/devices/power
78 [139853708650048] INFO perfrun.perfcollector <> - format: event config:0-7 mask:0-7
78 [139853708650048] INFO perfrun.perfcollector <> - hwInfo: not set, pmuFam: power
78 [139853708650048] INFO perfrun.perfcollector <> - pmu added: family: power, id: 0
78 [139853708650048] INFO perfrun.perfcollector <> - dir found: /sys/bus/event_source/devices/uprobe
78 [139853708650048] INFO perfrun.perfcollector <> - format: ref_ctr_offset config:32-63 mask:32-63
78 [139853708650048] INFO perfrun.perfcollector <> - format: retprobe config:0 mask:0
78 [139853708650048] INFO perfrun.perfcollector <> - hwInfo: not set, pmuFam: uprobe
78 [139853708650048] INFO perfrun.perfcollector <> - pmu added: family: uprobe, id: 0
78 [139853708650048] INFO perfrun.perfcollector <> - dir found: /sys/bus/event_source/devices/intel_bts
78 [139853708650048] INFO perfrun.perfcollector <> - format: pmu format subdir doesn't exist
78 [139853708650048] INFO perfrun.perfcollector <> - hwInfo: not set, pmuFam: intel_bts
78 [139853708650048] INFO perfrun.perfcollector <> - pmu added: family: intel_bts, id: 0
78 [139853708650048] INFO perfrun.perfcollector <> - dir found: /sys/bus/event_source/devices/uncore_imc
78 [139853708650048] INFO perfrun.perfcollector <> - format: event config:0-7 mask:0-7
78 [139853708650048] INFO perfrun.perfcollector <> - hwInfo: PERF_IMC_PMU_DETAILS
78 [139853708650048] INFO perfrun.perfcollector <> - pmu added: family: uncore_imc, id: 0
78 [139853708650048] INFO perfrun.perfcollector <> - dir found: /sys/bus/event_source/devices/cpu
78 [139853708650048] INFO perfrun.perfcollector <> - format: event config:0-7 mask:0-7
78 [139853708650048] INFO perfrun.perfcollector <> - format: pc config:19 mask:19
78 [139853708650048] INFO perfrun.perfcollector <> - format: edge config:18 mask:18
78 [139853708650048] INFO perfrun.perfcollector <> - format: any config:21 mask:21
78 [139853708650048] INFO perfrun.perfcollector <> - format: offcore_rsp config1:0-63 mask:0-63
78 [139853708650048] INFO perfrun.perfcollector <> - format: ldlat config1:0-15 mask:0-15
78 [139853708650048] INFO perfrun.perfcollector <> - format: inv config:23 mask:23
78 [139853708650048] INFO perfrun.perfcollector <> - format: umask config:8-15 mask:8-15
78 [139853708650048] INFO perfrun.perfcollector <> - format: frontend config1:0-23 mask:0-23
78 [139853708650048] INFO perfrun.perfcollector <> - format: cmask config:24-31 mask:24-31
78 [139853708650048] INFO perfrun.perfcollector <> - hwInfo: PERF_CPU_PMU_DETAILS
78 [139853708650048] INFO perfrun.perfcollector <> - pmu added: family: cpu, id: 0
78 [139853708650048] INFO perfrun.perfcollector <> - dir found: /sys/bus/event_source/devices/cstate_core
78 [139853708650048] INFO perfrun.perfcollector <> - format: event config:0-63 mask:0-63
78 [139853708650048] INFO perfrun.perfcollector <> - hwInfo: not set, pmuFam: cstate_core
78 [139853708650048] INFO perfrun.perfcollector <> - pmu added: family: cstate_core, id: 0
78 [139853708650048] INFO perfrun.perfcollector <> - dir found: /sys/bus/event_source/devices/uncore_cbox_2
78 [139853708650048] INFO perfrun.perfcollector <> - format: event config:0-7 mask:0-7
78 [139853708650048] INFO perfrun.perfcollector <> - format: edge config:18 mask:18
78 [139853708650048] INFO perfrun.perfcollector <> - format: inv config:23 mask:23
78 [139853708650048] INFO perfrun.perfcollector <> - format: umask config:8-15 mask:8-15
78 [139853708650048] INFO perfrun.perfcollector <> - format: cmask config:24-28 mask:24-28
78 [139853708650048] INFO perfrun.perfcollector <> - hwInfo: PERF_CBOX_PMU_DETAILS
78 [139853708650048] INFO perfrun.perfcollector <> - pmu added: family: uncore_cbox, id: 2
78 [139853708650048] INFO perfrun.perfcollector <> - dir found: /sys/bus/event_source/devices/breakpoint
78 [139853708650048] INFO perfrun.perfcollector <> - format: pmu format subdir doesn't exist
79 [139853708650048] INFO perfrun.perfcollector <> - hwInfo: not set, pmuFam: breakpoint
79 [139853708650048] INFO perfrun.perfcollector <> - pmu added: family: breakpoint, id: 0
79 [139853708650048] INFO perfrun.perfcollector <> - dir found: /sys/bus/event_source/devices/uncore_cbox_0
79 [139853708650048] INFO perfrun.perfcollector <> - format: event config:0-7 mask:0-7
79 [139853708650048] INFO perfrun.perfcollector <> - format: edge config:18 mask:18
79 [139853708650048] INFO perfrun.perfcollector <> - format: inv config:23 mask:23
79 [139853708650048] INFO perfrun.perfcollector <> - format: umask config:8-15 mask:8-15
79 [139853708650048] INFO perfrun.perfcollector <> - format: cmask config:24-28 mask:24-28
79 [139853708650048] INFO perfrun.perfcollector <> - hwInfo: PERF_CBOX_PMU_DETAILS
79 [139853708650048] INFO perfrun.perfcollector <> - pmu added: family: uncore_cbox, id: 0
79 [139853708650048] INFO perfrun.perfcollector <> - dir found: /sys/bus/event_source/devices/tracepoint
79 [139853708650048] INFO perfrun.perfcollector <> - format: pmu format subdir doesn't exist
79 [139853708650048] INFO perfrun.perfcollector <> - hwInfo: not set, pmuFam: tracepoint
79 [139853708650048] INFO perfrun.perfcollector <> - pmu added: family: tracepoint, id: 0
79 [139853708650048] INFO perfrun.perfcollector <> - dir found: /sys/bus/event_source/devices/cstate_pkg
79 [139853708650048] INFO perfrun.perfcollector <> - format: event config:0-63 mask:0-63
79 [139853708650048] INFO perfrun.perfcollector <> - hwInfo: not set, pmuFam: cstate_pkg
79 [139853708650048] INFO perfrun.perfcollector <> - pmu added: family: cstate_pkg, id: 0
79 [139853708650048] INFO perfrun.perfcollector <> - dir found: /sys/bus/event_source/devices/uncore_arb
79 [139853708650048] INFO perfrun.perfcollector <> - format: event config:0-7 mask:0-7
79 [139853708650048] INFO perfrun.perfcollector <> - format: edge config:18 mask:18
79 [139853708650048] INFO perfrun.perfcollector <> - format: inv config:23 mask:23
79 [139853708650048] INFO perfrun.perfcollector <> - format: umask config:8-15 mask:8-15
79 [139853708650048] INFO perfrun.perfcollector <> - format: cmask config:24-28 mask:24-28
79 [139853708650048] INFO perfrun.perfcollector <> - hwInfo: not set, pmuFam: uncore_arb
79 [139853708650048] INFO perfrun.perfcollector <> - pmu added: family: uncore_arb, id: 0
79 [139853708650048] INFO perfrun.perfcollector <> - dir found: /sys/bus/event_source/devices/kprobe
79 [139853708650048] INFO perfrun.perfcollector <> - format: retprobe config:0 mask:0
79 [139853708650048] INFO perfrun.perfcollector <> - hwInfo: not set, pmuFam: kprobe
79 [139853708650048] INFO perfrun.perfcollector <> - pmu added: family: kprobe, id: 0
79 [139853708650048] INFO perfrun.perfcollector <> - dir found: /sys/bus/event_source/devices/msr
79 [139853708650048] INFO perfrun.perfcollector <> - format: event config:0-63 mask:0-63
79 [139853708650048] INFO perfrun.perfcollector <> - hwInfo: not set, pmuFam: msr
79 [139853708650048] INFO perfrun.perfcollector <> - pmu added: family: msr, id: 0
79 [139853708650048] INFO perfrun.perfcollector <> - dir found: /sys/bus/event_source/devices/uncore_cbox_3
79 [139853708650048] INFO perfrun.perfcollector <> - format: event config:0-7 mask:0-7
79 [139853708650048] INFO perfrun.perfcollector <> - format: edge config:18 mask:18
79 [139853708650048] INFO perfrun.perfcollector <> - format: inv config:23 mask:23
79 [139853708650048] INFO perfrun.perfcollector <> - format: umask config:8-15 mask:8-15
79 [139853708650048] INFO perfrun.perfcollector <> - format: cmask config:24-28 mask:24-28
79 [139853708650048] INFO perfrun.perfcollector <> - hwInfo: PERF_CBOX_PMU_DETAILS
79 [139853708650048] INFO perfrun.perfcollector <> - pmu added: family: uncore_cbox, id: 3
79 [139853708650048] INFO perfrun.perfcollector <> - dir found: /sys/bus/event_source/devices/intel_pt
79 [139853708650048] INFO perfrun.perfcollector <> - format: ptw config:12 mask:12
79 [139853708650048] INFO perfrun.perfcollector <> - format: event config:31 mask:31
79 [139853708650048] INFO perfrun.perfcollector <> - format: cyc_thresh config:19-22 mask:19-22
79 [139853708650048] INFO perfrun.perfcollector <> - format: pt config:0 mask:0
79 [139853708650048] INFO perfrun.perfcollector <> - format: notnt config:55 mask:55
79 [139853708650048] INFO perfrun.perfcollector <> - format: branch config:13 mask:13
79 [139853708650048] INFO perfrun.perfcollector <> - format: tsc config:10 mask:10
79 [139853708650048] INFO perfrun.perfcollector <> - format: pwr_evt config:4 mask:4
79 [139853708650048] INFO perfrun.perfcollector <> - format: fup_on_ptw config:5 mask:5
79 [139853708650048] INFO perfrun.perfcollector <> - format: cyc config:1 mask:1
79 [139853708650048] INFO perfrun.perfcollector <> - format: noretcomp config:11 mask:11
79 [139853708650048] INFO perfrun.perfcollector <> - format: mtc config:9 mask:9
80 [139853708650048] INFO perfrun.perfcollector <> - format: psb_period config:24-27 mask:24-27
80 [139853708650048] INFO perfrun.perfcollector <> - format: mtc_period config:14-17 mask:14-17
80 [139853708650048] INFO perfrun.perfcollector <> - hwInfo: not set, pmuFam: intel_pt
80 [139853708650048] INFO perfrun.perfcollector <> - pmu added: family: intel_pt, id: 0
80 [139853708650048] INFO perfrun.perfcollector <> - dir found: /sys/bus/event_source/devices/uncore_cbox_1
80 [139853708650048] INFO perfrun.perfcollector <> - format: event config:0-7 mask:0-7
80 [139853708650048] INFO perfrun.perfcollector <> - format: edge config:18 mask:18
80 [139853708650048] INFO perfrun.perfcollector <> - format: inv config:23 mask:23
80 [139853708650048] INFO perfrun.perfcollector <> - format: umask config:8-15 mask:8-15
80 [139853708650048] INFO perfrun.perfcollector <> - format: cmask config:24-28 mask:24-28
80 [139853708650048] INFO perfrun.perfcollector <> - hwInfo: PERF_CBOX_PMU_DETAILS
80 [139853708650048] INFO perfrun.perfcollector <> - pmu added: family: uncore_cbox, id: 1
80 [139853708650048] INFO perfrun.sdk <> - runCmd: /opt/intel/oneapi/vtune/2023.1.0/bin64/sep -dry-run -sam 1 -ec CPU_CLK_UNHALTED.THREAD,CPU_CLK_UNHALTED.REF_TSC:sample:sa=1800000,INST_RETIRED.ANY:sample:sa=1800000,CPU_CLK_UNHALTED.REF_XCLK,CPU_CLK_UNHALTED.ONE_THREAD_ACTIVE,FP_ARITH_INST_RETIRED.SCALAR_SINGLE,FP_ARITH_INST_RETIRED.128B_PACKED_SINGLE,FP_ARITH_INST_RETIRED.256B_PACKED_SINGLE,FP_ARITH_INST_RETIRED.SCALAR_DOUBLE,FP_ARITH_INST_RETIRED.128B_PACKED_DOUBLE,FP_ARITH_INST_RETIRED.256B_PACKED_DOUBLE,UOPS_EXECUTED.X87,UOPS_RETIRED.RETIRE_SLOTS:sample:sa=2000003,UOPS_EXECUTED.THREAD -experimental
80 [139853708650048] INFO perfrun.sdk <> - runCmd started PID 786739
90 [139853708650048] INFO perfrun.perfcollector <> - SepDryRun RC = true
90 [139853708650048] INFO perfrun.perfcollector <> - DRY_RUN: "PMU type: Core (core)"
90 [139853708650048] INFO perfrun.perfcollector <> - pmu type: cpu
91 [139853708650048] INFO perfrun.perfcollector <> - DRY_RUN: "Group 0:"
91 [139853708650048] INFO perfrun.perfcollector <> - id: 0
91 [139853708650048] INFO perfrun.perfcollector <> - DRY_RUN: "INST_RETIRED.ANY: event id 2"
91 [139853708650048] INFO perfrun.perfcollector <> - eventName: INST_RETIRED.ANY, eventId: 2
91 [139853708650048] INFO perfrun.perfcollector <> - DRY_RUN: "CPU_CLK_UNHALTED.THREAD: event id 0"
91 [139853708650048] INFO perfrun.perfcollector <> - eventName: CPU_CLK_UNHALTED.THREAD, eventId: 0
91 [139853708650048] INFO perfrun.perfcollector <> - DRY_RUN: "CPU_CLK_UNHALTED.REF_TSC: event id 1"
91 [139853708650048] INFO perfrun.perfcollector <> - eventName: CPU_CLK_UNHALTED.REF_TSC, eventId: 1
91 [139853708650048] INFO perfrun.perfcollector <> - DRY_RUN: "CPU_CLK_UNHALTED.REF_XCLK: event id 3"
91 [139853708650048] INFO perfrun.perfcollector <> - eventName: CPU_CLK_UNHALTED.REF_XCLK, eventId: 3
91 [139853708650048] INFO perfrun.perfcollector <> - DRY_RUN: "CPU_CLK_UNHALTED.ONE_THREAD_ACTIVE: event id 4"
91 [139853708650048] INFO perfrun.perfcollector <> - eventName: CPU_CLK_UNHALTED.ONE_THREAD_ACTIVE, eventId: 4
91 [139853708650048] INFO perfrun.perfcollector <> - DRY_RUN: "FP_ARITH_INST_RETIRED.SCALAR_SINGLE: event id 5"
91 [139853708650048] INFO perfrun.perfcollector <> - eventName: FP_ARITH_INST_RETIRED.SCALAR_SINGLE, eventId: 5
91 [139853708650048] INFO perfrun.perfcollector <> - DRY_RUN: "FP_ARITH_INST_RETIRED.128B_PACKED_SINGLE: event id 6"
91 [139853708650048] INFO perfrun.perfcollector <> - eventName: FP_ARITH_INST_RETIRED.128B_PACKED_SINGLE, eventId: 6
91 [139853708650048] INFO perfrun.perfcollector <> - DRY_RUN: "CCCR"
91 [139853708650048] INFO perfrun.perfcollector <> - DRY_RUN: "reg_type       = 1	event_id       = g	reg_id         = 38f	reg_value      = 70000000f"
91 [139853708650048] INFO perfrun.perfcollector <> - eventId: g, skip parsing event_id
91 [139853708650048] INFO perfrun.perfcollector <> - Register was ignored: group_id: 0, reg_type: 1, event_id: 4294967295, reg_id: 38f, reg_value: 70000000f, pmu_name: cpu
91 [139853708650048] INFO perfrun.perfcollector <> - DRY_RUN: "reg_type       = 1	event_id       = g	reg_id         = 390	reg_value      = 70000000f"
91 [139853708650048] INFO perfrun.perfcollector <> - eventId: g, skip parsing event_id
91 [139853708650048] INFO perfrun.perfcollector <> - Register was ignored: group_id: 0, reg_type: 1, event_id: 4294967295, reg_id: 390, reg_value: 70000000f, pmu_name: cpu
91 [139853708650048] INFO perfrun.perfcollector <> - DRY_RUN: "reg_type       = 1	event_id       = g	reg_id         = 3f1	reg_value      = 0"
91 [139853708650048] INFO perfrun.perfcollector <> - eventId: g, skip parsing event_id
91 [139853708650048] INFO perfrun.perfcollector <> - Register was ignored: group_id: 0, reg_type: 1, event_id: 4294967295, reg_id: 3f1, reg_value: 0, pmu_name: cpu
91 [139853708650048] INFO perfrun.perfcollector <> - DRY_RUN: "reg_type       = 1	event_id       = g	reg_id         = 1d9	reg_value      = 1800"
91 [139853708650048] INFO perfrun.perfcollector <> - eventId: g, skip parsing event_id
91 [139853708650048] INFO perfrun.perfcollector <> - Register was ignored: group_id: 0, reg_type: 1, event_id: 4294967295, reg_id: 1d9, reg_value: 1800, pmu_name: cpu
91 [139853708650048] INFO perfrun.perfcollector <> - DRY_RUN: "reg_type       = 1	event_id       = g	reg_id         = 38d	reg_value      = bbb"
91 [139853708650048] INFO perfrun.perfcollector <> - eventId: g, skip parsing event_id
91 [139853708650048] INFO perfrun.perfcollector <> - Register was ignored: group_id: 0, reg_type: 1, event_id: 4294967295, reg_id: 38d, reg_value: bbb, pmu_name: cpu
91 [139853708650048] INFO perfrun.perfcollector <> - DRY_RUN: "reg_type       = 1	event_id       = 3	reg_id         = 186	reg_value      = 53013c"
91 [139853708650048] INFO perfrun.perfcollector <> - Event selector: group_id: 0, reg_type: 1, event_id: 3, reg_id: 186, reg_value: 53013c, pmu_name: cpu
91 [139853708650048] INFO perfrun.perfcollector <> - DRY_RUN: "reg_type       = 1	event_id       = 4	reg_id         = 187	reg_value      = 53023c"
91 [139853708650048] INFO perfrun.perfcollector <> - Event selector: group_id: 0, reg_type: 1, event_id: 4, reg_id: 187, reg_value: 53023c, pmu_name: cpu
91 [139853708650048] INFO perfrun.perfcollector <> - DRY_RUN: "reg_type       = 1	event_id       = 5	reg_id         = 188	reg_value      = 5302c7"
91 [139853708650048] INFO perfrun.perfcollector <> - Event selector: group_id: 0, reg_type: 1, event_id: 5, reg_id: 188, reg_value: 5302c7, pmu_name: cpu
91 [139853708650048] INFO perfrun.perfcollector <> - DRY_RUN: "reg_type       = 1	event_id       = 6	reg_id         = 189	reg_value      = 5308c7"
91 [139853708650048] INFO perfrun.perfcollector <> - Event selector: group_id: 0, reg_type: 1, event_id: 6, reg_id: 189, reg_value: 5308c7, pmu_name: cpu
91 [139853708650048] INFO perfrun.perfcollector <> - DRY_RUN: "ESCR"
91 [139853708650048] INFO perfrun.perfcollector <> - DRY_RUN: "reg_type       = 2	event_id       = g	reg_id         = 1c8	reg_value      = 0"
91 [139853708650048] INFO perfrun.perfcollector <> - eventId: g, skip parsing event_id
91 [139853708650048] INFO perfrun.perfcollector <> - DRY_RUN: "DATA"
91 [139853708650048] INFO perfrun.perfcollector <> - DRY_RUN: "reg_type       = 4	event_id       = 2	reg_id         = 309	reg_value      = ffffffe488c0"
91 [139853708650048] INFO perfrun.perfcollector <> - eventId: 2, dataAddr: 309, dataVal: ffffffe488c0
91 [139853708650048] INFO perfrun.perfcollector <> - DRY_RUN: "reg_type       = 4	event_id       = 0	reg_id         = 30a	reg_value      = ffffffe17b7d"
91 [139853708650048] INFO perfrun.perfcollector <> - eventId: 0, dataAddr: 30a, dataVal: ffffffe17b7d
91 [139853708650048] INFO perfrun.perfcollector <> - DRY_RUN: "reg_type       = 4	event_id       = 1	reg_id         = 30b	reg_value      = ffffffe488c0"
91 [139853708650048] INFO perfrun.perfcollector <> - eventId: 1, dataAddr: 30b, dataVal: ffffffe488c0
91 [139853708650048] INFO perfrun.perfcollector <> - DRY_RUN: "reg_type       = 4	event_id       = 3	reg_id         = c1	reg_value      = ffffffff9e55"
91 [139853708650048] INFO perfrun.perfcollector <> - eventId: 3, dataAddr: c1, dataVal: ffffffff9e55
91 [139853708650048] INFO perfrun.perfcollector <> - DRY_RUN: "reg_type       = 4	event_id       = 4	reg_id         = c2	reg_value      = ffffffff9e55"
91 [139853708650048] INFO perfrun.perfcollector <> - eventId: 4, dataAddr: c2, dataVal: ffffffff9e55
91 [139853708650048] INFO perfrun.perfcollector <> - DRY_RUN: "reg_type       = 4	event_id       = 5	reg_id         = c3	reg_value      = ffffffe17b7d"
91 [139853708650048] INFO perfrun.perfcollector <> - eventId: 5, dataAddr: c3, dataVal: ffffffe17b7d
91 [139853708650048] INFO perfrun.perfcollector <> - DRY_RUN: "reg_type       = 4	event_id       = 6	reg_id         = c4	reg_value      = ffffffe17b7d"
91 [139853708650048] INFO perfrun.perfcollector <> - eventId: 6, dataAddr: c4, dataVal: ffffffe17b7d
91 [139853708650048] INFO perfrun.perfcollector <> - DRY_RUN: "Group 1:"
91 [139853708650048] INFO perfrun.perfcollector <> - id: 1
91 [139853708650048] INFO perfrun.perfcollector <> - DRY_RUN: "INST_RETIRED.ANY: event id 2"
91 [139853708650048] INFO perfrun.perfcollector <> - eventName: INST_RETIRED.ANY, eventId: 2
91 [139853708650048] INFO perfrun.perfcollector <> - DRY_RUN: "CPU_CLK_UNHALTED.THREAD: event id 0"
91 [139853708650048] INFO perfrun.perfcollector <> - eventName: CPU_CLK_UNHALTED.THREAD, eventId: 0
91 [139853708650048] INFO perfrun.perfcollector <> - DRY_RUN: "CPU_CLK_UNHALTED.REF_TSC: event id 1"
91 [139853708650048] INFO perfrun.perfcollector <> - eventName: CPU_CLK_UNHALTED.REF_TSC, eventId: 1
91 [139853708650048] INFO perfrun.perfcollector <> - DRY_RUN: "FP_ARITH_INST_RETIRED.256B_PACKED_SINGLE: event id 7"
91 [139853708650048] INFO perfrun.perfcollector <> - eventName: FP_ARITH_INST_RETIRED.256B_PACKED_SINGLE, eventId: 7
91 [139853708650048] INFO perfrun.perfcollector <> - DRY_RUN: "FP_ARITH_INST_RETIRED.SCALAR_DOUBLE: event id 8"
91 [139853708650048] INFO perfrun.perfcollector <> - eventName: FP_ARITH_INST_RETIRED.SCALAR_DOUBLE, eventId: 8
91 [139853708650048] INFO perfrun.perfcollector <> - DRY_RUN: "FP_ARITH_INST_RETIRED.128B_PACKED_DOUBLE: event id 9"
91 [139853708650048] INFO perfrun.perfcollector <> - eventName: FP_ARITH_INST_RETIRED.128B_PACKED_DOUBLE, eventId: 9
91 [139853708650048] INFO perfrun.perfcollector <> - DRY_RUN: "FP_ARITH_INST_RETIRED.256B_PACKED_DOUBLE: event id 10"
91 [139853708650048] INFO perfrun.perfcollector <> - eventName: FP_ARITH_INST_RETIRED.256B_PACKED_DOUBLE, eventId: 10
91 [139853708650048] INFO perfrun.perfcollector <> - DRY_RUN: "CCCR"
91 [139853708650048] INFO perfrun.perfcollector <> - DRY_RUN: "reg_type       = 1	event_id       = g	reg_id         = 38f	reg_value      = 70000000f"
91 [139853708650048] INFO perfrun.perfcollector <> - eventId: g, skip parsing event_id
91 [139853708650048] INFO perfrun.perfcollector <> - Register was ignored: group_id: 1, reg_type: 1, event_id: 4294967295, reg_id: 38f, reg_value: 70000000f, pmu_name: cpu
91 [139853708650048] INFO perfrun.perfcollector <> - DRY_RUN: "reg_type       = 1	event_id       = g	reg_id         = 390	reg_value      = 70000000f"
91 [139853708650048] INFO perfrun.perfcollector <> - eventId: g, skip parsing event_id
91 [139853708650048] INFO perfrun.perfcollector <> - Register was ignored: group_id: 1, reg_type: 1, event_id: 4294967295, reg_id: 390, reg_value: 70000000f, pmu_name: cpu
91 [139853708650048] INFO perfrun.perfcollector <> - DRY_RUN: "reg_type       = 1	event_id       = g	reg_id         = 3f1	reg_value      = 0"
91 [139853708650048] INFO perfrun.perfcollector <> - eventId: g, skip parsing event_id
91 [139853708650048] INFO perfrun.perfcollector <> - Register was ignored: group_id: 1, reg_type: 1, event_id: 4294967295, reg_id: 3f1, reg_value: 0, pmu_name: cpu
91 [139853708650048] INFO perfrun.perfcollector <> - DRY_RUN: "reg_type       = 1	event_id       = g	reg_id         = 1d9	reg_value      = 1800"
91 [139853708650048] INFO perfrun.perfcollector <> - eventId: g, skip parsing event_id
91 [139853708650048] INFO perfrun.perfcollector <> - Register was ignored: group_id: 1, reg_type: 1, event_id: 4294967295, reg_id: 1d9, reg_value: 1800, pmu_name: cpu
91 [139853708650048] INFO perfrun.perfcollector <> - DRY_RUN: "reg_type       = 1	event_id       = g	reg_id         = 38d	reg_value      = bbb"
91 [139853708650048] INFO perfrun.perfcollector <> - eventId: g, skip parsing event_id
91 [139853708650048] INFO perfrun.perfcollector <> - Register was ignored: group_id: 1, reg_type: 1, event_id: 4294967295, reg_id: 38d, reg_value: bbb, pmu_name: cpu
91 [139853708650048] INFO perfrun.perfcollector <> - DRY_RUN: "reg_type       = 1	event_id       = 7	reg_id         = 186	reg_value      = 5320c7"
91 [139853708650048] INFO perfrun.perfcollector <> - Event selector: group_id: 1, reg_type: 1, event_id: 7, reg_id: 186, reg_value: 5320c7, pmu_name: cpu
91 [139853708650048] INFO perfrun.perfcollector <> - DRY_RUN: "reg_type       = 1	event_id       = 8	reg_id         = 187	reg_value      = 5301c7"
91 [139853708650048] INFO perfrun.perfcollector <> - Event selector: group_id: 1, reg_type: 1, event_id: 8, reg_id: 187, reg_value: 5301c7, pmu_name: cpu
91 [139853708650048] INFO perfrun.perfcollector <> - DRY_RUN: "reg_type       = 1	event_id       = 9	reg_id         = 188	reg_value      = 5304c7"
91 [139853708650048] INFO perfrun.perfcollector <> - Event selector: group_id: 1, reg_type: 1, event_id: 9, reg_id: 188, reg_value: 5304c7, pmu_name: cpu
91 [139853708650048] INFO perfrun.perfcollector <> - DRY_RUN: "reg_type       = 1	event_id       = 10	reg_id         = 189	reg_value      = 5310c7"
91 [139853708650048] INFO perfrun.perfcollector <> - Event selector: group_id: 1, reg_type: 1, event_id: 10, reg_id: 189, reg_value: 5310c7, pmu_name: cpu
91 [139853708650048] INFO perfrun.perfcollector <> - DRY_RUN: "ESCR"
91 [139853708650048] INFO perfrun.perfcollector <> - DRY_RUN: "reg_type       = 2	event_id       = g	reg_id         = 1c8	reg_value      = 0"
91 [139853708650048] INFO perfrun.perfcollector <> - eventId: g, skip parsing event_id
91 [139853708650048] INFO perfrun.perfcollector <> - DRY_RUN: "DATA"
91 [139853708650048] INFO perfrun.perfcollector <> - DRY_RUN: "reg_type       = 4	event_id       = 2	reg_id         = 309	reg_value      = ffffffe488c0"
91 [139853708650048] INFO perfrun.perfcollector <> - eventId: 2, dataAddr: 309, dataVal: ffffffe488c0
91 [139853708650048] INFO perfrun.perfcollector <> - DRY_RUN: "reg_type       = 4	event_id       = 0	reg_id         = 30a	reg_value      = ffffffe17b7d"
91 [139853708650048] INFO perfrun.perfcollector <> - eventId: 0, dataAddr: 30a, dataVal: ffffffe17b7d
91 [139853708650048] INFO perfrun.perfcollector <> - DRY_RUN: "reg_type       = 4	event_id       = 1	reg_id         = 30b	reg_value      = ffffffe488c0"
91 [139853708650048] INFO perfrun.perfcollector <> - eventId: 1, dataAddr: 30b, dataVal: ffffffe488c0
91 [139853708650048] INFO perfrun.perfcollector <> - DRY_RUN: "reg_type       = 4	event_id       = 7	reg_id         = c1	reg_value      = ffffffe17b7d"
91 [139853708650048] INFO perfrun.perfcollector <> - eventId: 7, dataAddr: c1, dataVal: ffffffe17b7d
91 [139853708650048] INFO perfrun.perfcollector <> - DRY_RUN: "reg_type       = 4	event_id       = 8	reg_id         = c2	reg_value      = ffffffe17b7d"
91 [139853708650048] INFO perfrun.perfcollector <> - eventId: 8, dataAddr: c2, dataVal: ffffffe17b7d
91 [139853708650048] INFO perfrun.perfcollector <> - DRY_RUN: "reg_type       = 4	event_id       = 9	reg_id         = c3	reg_value      = ffffffe17b7d"
91 [139853708650048] INFO perfrun.perfcollector <> - eventId: 9, dataAddr: c3, dataVal: ffffffe17b7d
91 [139853708650048] INFO perfrun.perfcollector <> - DRY_RUN: "reg_type       = 4	event_id       = 10	reg_id         = c4	reg_value      = ffffffe17b7d"
91 [139853708650048] INFO perfrun.perfcollector <> - eventId: 10, dataAddr: c4, dataVal: ffffffe17b7d
91 [139853708650048] INFO perfrun.perfcollector <> - DRY_RUN: "Group 2:"
91 [139853708650048] INFO perfrun.perfcollector <> - id: 2
91 [139853708650048] INFO perfrun.perfcollector <> - DRY_RUN: "INST_RETIRED.ANY: event id 2"
91 [139853708650048] INFO perfrun.perfcollector <> - eventName: INST_RETIRED.ANY, eventId: 2
91 [139853708650048] INFO perfrun.perfcollector <> - DRY_RUN: "CPU_CLK_UNHALTED.THREAD: event id 0"
91 [139853708650048] INFO perfrun.perfcollector <> - eventName: CPU_CLK_UNHALTED.THREAD, eventId: 0
91 [139853708650048] INFO perfrun.perfcollector <> - DRY_RUN: "CPU_CLK_UNHALTED.REF_TSC: event id 1"
91 [139853708650048] INFO perfrun.perfcollector <> - eventName: CPU_CLK_UNHALTED.REF_TSC, eventId: 1
91 [139853708650048] INFO perfrun.perfcollector <> - DRY_RUN: "UOPS_EXECUTED.X87: event id 11"
91 [139853708650048] INFO perfrun.perfcollector <> - eventName: UOPS_EXECUTED.X87, eventId: 11
91 [139853708650048] INFO perfrun.perfcollector <> - DRY_RUN: "UOPS_RETIRED.RETIRE_SLOTS: event id 12"
91 [139853708650048] INFO perfrun.perfcollector <> - eventName: UOPS_RETIRED.RETIRE_SLOTS, eventId: 12
91 [139853708650048] INFO perfrun.perfcollector <> - DRY_RUN: "UOPS_EXECUTED.THREAD: event id 13"
91 [139853708650048] INFO perfrun.perfcollector <> - eventName: UOPS_EXECUTED.THREAD, eventId: 13
91 [139853708650048] INFO perfrun.perfcollector <> - DRY_RUN: "CCCR"
91 [139853708650048] INFO perfrun.perfcollector <> - DRY_RUN: "reg_type       = 1	event_id       = g	reg_id         = 38f	reg_value      = 700000007"
91 [139853708650048] INFO perfrun.perfcollector <> - eventId: g, skip parsing event_id
91 [139853708650048] INFO perfrun.perfcollector <> - Register was ignored: group_id: 2, reg_type: 1, event_id: 4294967295, reg_id: 38f, reg_value: 700000007, pmu_name: cpu
91 [139853708650048] INFO perfrun.perfcollector <> - DRY_RUN: "reg_type       = 1	event_id       = g	reg_id         = 390	reg_value      = 700000007"
91 [139853708650048] INFO perfrun.perfcollector <> - eventId: g, skip parsing event_id
91 [139853708650048] INFO perfrun.perfcollector <> - Register was ignored: group_id: 2, reg_type: 1, event_id: 4294967295, reg_id: 390, reg_value: 700000007, pmu_name: cpu
91 [139853708650048] INFO perfrun.perfcollector <> - DRY_RUN: "reg_type       = 1	event_id       = g	reg_id         = 3f1	reg_value      = 0"
91 [139853708650048] INFO perfrun.perfcollector <> - eventId: g, skip parsing event_id
91 [139853708650048] INFO perfrun.perfcollector <> - Register was ignored: group_id: 2, reg_type: 1, event_id: 4294967295, reg_id: 3f1, reg_value: 0, pmu_name: cpu
91 [139853708650048] INFO perfrun.perfcollector <> - DRY_RUN: "reg_type       = 1	event_id       = g	reg_id         = 1d9	reg_value      = 1800"
91 [139853708650048] INFO perfrun.perfcollector <> - eventId: g, skip parsing event_id
91 [139853708650048] INFO perfrun.perfcollector <> - Register was ignored: group_id: 2, reg_type: 1, event_id: 4294967295, reg_id: 1d9, reg_value: 1800, pmu_name: cpu
91 [139853708650048] INFO perfrun.perfcollector <> - DRY_RUN: "reg_type       = 1	event_id       = g	reg_id         = 38d	reg_value      = bbb"
91 [139853708650048] INFO perfrun.perfcollector <> - eventId: g, skip parsing event_id
91 [139853708650048] INFO perfrun.perfcollector <> - Register was ignored: group_id: 2, reg_type: 1, event_id: 4294967295, reg_id: 38d, reg_value: bbb, pmu_name: cpu
91 [139853708650048] INFO perfrun.perfcollector <> - DRY_RUN: "reg_type       = 1	event_id       = 11	reg_id         = 186	reg_value      = 5310b1"
91 [139853708650048] INFO perfrun.perfcollector <> - Event selector: group_id: 2, reg_type: 1, event_id: 11, reg_id: 186, reg_value: 5310b1, pmu_name: cpu
91 [139853708650048] INFO perfrun.perfcollector <> - DRY_RUN: "reg_type       = 1	event_id       = 12	reg_id         = 187	reg_value      = 5302c2"
91 [139853708650048] INFO perfrun.perfcollector <> - Event selector: group_id: 2, reg_type: 1, event_id: 12, reg_id: 187, reg_value: 5302c2, pmu_name: cpu
91 [139853708650048] INFO perfrun.perfcollector <> - DRY_RUN: "reg_type       = 1	event_id       = 13	reg_id         = 188	reg_value      = 5301b1"
91 [139853708650048] INFO perfrun.perfcollector <> - Event selector: group_id: 2, reg_type: 1, event_id: 13, reg_id: 188, reg_value: 5301b1, pmu_name: cpu
91 [139853708650048] INFO perfrun.perfcollector <> - DRY_RUN: "ESCR"
91 [139853708650048] INFO perfrun.perfcollector <> - DRY_RUN: "reg_type       = 2	event_id       = g	reg_id         = 1c8	reg_value      = 0"
91 [139853708650048] INFO perfrun.perfcollector <> - eventId: g, skip parsing event_id
91 [139853708650048] INFO perfrun.perfcollector <> - DRY_RUN: "DATA"
91 [139853708650048] INFO perfrun.perfcollector <> - DRY_RUN: "reg_type       = 4	event_id       = 2	reg_id         = 309	reg_value      = ffffffe488c0"
91 [139853708650048] INFO perfrun.perfcollector <> - eventId: 2, dataAddr: 309, dataVal: ffffffe488c0
91 [139853708650048] INFO perfrun.perfcollector <> - DRY_RUN: "reg_type       = 4	event_id       = 0	reg_id         = 30a	reg_value      = ffffffe17b7d"
91 [139853708650048] INFO perfrun.perfcollector <> - eventId: 0, dataAddr: 30a, dataVal: ffffffe17b7d
91 [139853708650048] INFO perfrun.perfcollector <> - DRY_RUN: "reg_type       = 4	event_id       = 1	reg_id         = 30b	reg_value      = ffffffe488c0"
91 [139853708650048] INFO perfrun.perfcollector <> - eventId: 1, dataAddr: 30b, dataVal: ffffffe488c0
91 [139853708650048] INFO perfrun.perfcollector <> - DRY_RUN: "reg_type       = 4	event_id       = 11	reg_id         = c1	reg_value      = ffffffe17b7d"
91 [139853708650048] INFO perfrun.perfcollector <> - eventId: 11, dataAddr: c1, dataVal: ffffffe17b7d
91 [139853708650048] INFO perfrun.perfcollector <> - DRY_RUN: "reg_type       = 4	event_id       = 12	reg_id         = c2	reg_value      = ffffffe17b7d"
91 [139853708650048] INFO perfrun.perfcollector <> - eventId: 12, dataAddr: c2, dataVal: ffffffe17b7d
91 [139853708650048] INFO perfrun.perfcollector <> - DRY_RUN: "reg_type       = 4	event_id       = 13	reg_id         = c3	reg_value      = ffffffe17b7d"
91 [139853708650048] INFO perfrun.perfcollector <> - eventId: 13, dataAddr: c3, dataVal: ffffffe17b7d
91 [139853708650048] INFO perfrun.perfcollector <> - event name: CPU_CLK_UNHALTED.THREAD
91 [139853708650048] INFO perfrun.perfcollector <> - pmu config: cpu
91 [139853708650048] INFO perfrun.perfcollector <> - cccrAddr: ffffffff, cccrValue: 0
91 [139853708650048] INFO perfrun.perfcollector <> - dataAddr: 30a, dataValue: ffffffffffe17b7d
91 [139853708650048] INFO perfrun.perfcollector <> - escrAddr: ffffffff, escrValue: 0
91 [139853708650048] INFO perfrun.perfcollector <> - extendedPebsValue: 0
91 [139853708650048] INFO perfrun.perfcollector <> - adaptivePebsAvailable: 0
91 [139853708650048] INFO perfrun.perfcollector <> - config: event: 3c
91 [139853708650048] INFO perfrun.perfcollector <> - config: pc: 0
91 [139853708650048] INFO perfrun.perfcollector <> - config: edge: 0
91 [139853708650048] INFO perfrun.perfcollector <> - config: any: 0
91 [139853708650048] INFO perfrun.perfcollector <> - config1: offcore_rsp: 0
91 [139853708650048] INFO perfrun.perfcollector <> - config1: ldlat: 0
91 [139853708650048] INFO perfrun.perfcollector <> - config: inv: 0
91 [139853708650048] INFO perfrun.perfcollector <> - config: umask: 0
91 [139853708650048] INFO perfrun.perfcollector <> - config1: frontend: 0
91 [139853708650048] INFO perfrun.perfcollector <> - config: cmask: 0
91 [139853708650048] INFO perfrun.perfcollector <> - format: cpu/event=0x3c,name='CPU_CLK_UNHALTED.THREAD'/D
92 [139853708650048] INFO perfrun.perfcollector <> - event name: CPU_CLK_UNHALTED.REF_TSC
92 [139853708650048] INFO perfrun.perfcollector <> - pmu config: cpu
92 [139853708650048] INFO perfrun.perfcollector <> - cccrAddr: ffffffff, cccrValue: 0
92 [139853708650048] INFO perfrun.perfcollector <> - dataAddr: 30b, dataValue: ffffffffffe488c0
92 [139853708650048] INFO perfrun.perfcollector <> - escrAddr: ffffffff, escrValue: 0
92 [139853708650048] INFO perfrun.perfcollector <> - extendedPebsValue: 0
92 [139853708650048] INFO perfrun.perfcollector <> - adaptivePebsAvailable: 0
92 [139853708650048] INFO perfrun.perfcollector <> - config: event: 0
92 [139853708650048] INFO perfrun.perfcollector <> - config: pc: 0
92 [139853708650048] INFO perfrun.perfcollector <> - config: edge: 0
92 [139853708650048] INFO perfrun.perfcollector <> - config: any: 0
92 [139853708650048] INFO perfrun.perfcollector <> - config1: offcore_rsp: 0
92 [139853708650048] INFO perfrun.perfcollector <> - config1: ldlat: 0
92 [139853708650048] INFO perfrun.perfcollector <> - config: inv: 0
92 [139853708650048] INFO perfrun.perfcollector <> - config: umask: 3
92 [139853708650048] INFO perfrun.perfcollector <> - config1: frontend: 0
92 [139853708650048] INFO perfrun.perfcollector <> - config: cmask: 0
92 [139853708650048] INFO perfrun.perfcollector <> - format: cpu/umask=0x3,name='CPU_CLK_UNHALTED.REF_TSC'/D
92 [139853708650048] INFO perfrun.perfcollector <> - event name: INST_RETIRED.ANY
92 [139853708650048] INFO perfrun.perfcollector <> - pmu config: cpu
92 [139853708650048] INFO perfrun.perfcollector <> - cccrAddr: ffffffff, cccrValue: 0
92 [139853708650048] INFO perfrun.perfcollector <> - dataAddr: 309, dataValue: ffffffffffe488c0
92 [139853708650048] INFO perfrun.perfcollector <> - escrAddr: ffffffff, escrValue: 0
92 [139853708650048] INFO perfrun.perfcollector <> - extendedPebsValue: 0
92 [139853708650048] INFO perfrun.perfcollector <> - adaptivePebsAvailable: 0
92 [139853708650048] INFO perfrun.perfcollector <> - config: event: c0
92 [139853708650048] INFO perfrun.perfcollector <> - config: pc: 0
92 [139853708650048] INFO perfrun.perfcollector <> - config: edge: 0
92 [139853708650048] INFO perfrun.perfcollector <> - config: any: 0
92 [139853708650048] INFO perfrun.perfcollector <> - config1: offcore_rsp: 0
92 [139853708650048] INFO perfrun.perfcollector <> - config1: ldlat: 0
92 [139853708650048] INFO perfrun.perfcollector <> - config: inv: 0
92 [139853708650048] INFO perfrun.perfcollector <> - config: umask: 0
92 [139853708650048] INFO perfrun.perfcollector <> - config1: frontend: 0
92 [139853708650048] INFO perfrun.perfcollector <> - config: cmask: 0
92 [139853708650048] INFO perfrun.perfcollector <> - format: cpu/event=0xc0,name='INST_RETIRED.ANY'/D
92 [139853708650048] INFO perfrun.perfcollector <> - event name: CPU_CLK_UNHALTED.REF_XCLK
92 [139853708650048] INFO perfrun.perfcollector <> - pmu config: cpu
92 [139853708650048] INFO perfrun.perfcollector <> - cccrAddr: 186, cccrValue: 53013c
92 [139853708650048] INFO perfrun.perfcollector <> - dataAddr: c1, dataValue: ffffffffffff9e55
92 [139853708650048] INFO perfrun.perfcollector <> - escrAddr: ffffffff, escrValue: 0
92 [139853708650048] INFO perfrun.perfcollector <> - extendedPebsValue: 0
92 [139853708650048] INFO perfrun.perfcollector <> - adaptivePebsAvailable: 0
92 [139853708650048] INFO perfrun.perfcollector <> - config: event: 3c
92 [139853708650048] INFO perfrun.perfcollector <> - config: pc: 0
92 [139853708650048] INFO perfrun.perfcollector <> - config: edge: 0
92 [139853708650048] INFO perfrun.perfcollector <> - config: any: 0
92 [139853708650048] INFO perfrun.perfcollector <> - config1: offcore_rsp: 0
92 [139853708650048] INFO perfrun.perfcollector <> - config1: ldlat: 0
92 [139853708650048] INFO perfrun.perfcollector <> - config: inv: 0
92 [139853708650048] INFO perfrun.perfcollector <> - config: umask: 1
92 [139853708650048] INFO perfrun.perfcollector <> - config1: frontend: 0
92 [139853708650048] INFO perfrun.perfcollector <> - config: cmask: 0
92 [139853708650048] INFO perfrun.perfcollector <> - format: cpu/event=0x3c,umask=0x1,name='CPU_CLK_UNHALTED.REF_XCLK'/
92 [139853708650048] INFO perfrun.perfcollector <> - event name: CPU_CLK_UNHALTED.ONE_THREAD_ACTIVE
92 [139853708650048] INFO perfrun.perfcollector <> - pmu config: cpu
92 [139853708650048] INFO perfrun.perfcollector <> - cccrAddr: 187, cccrValue: 53023c
92 [139853708650048] INFO perfrun.perfcollector <> - dataAddr: c2, dataValue: ffffffffffff9e55
92 [139853708650048] INFO perfrun.perfcollector <> - escrAddr: ffffffff, escrValue: 0
92 [139853708650048] INFO perfrun.perfcollector <> - extendedPebsValue: 0
92 [139853708650048] INFO perfrun.perfcollector <> - adaptivePebsAvailable: 0
92 [139853708650048] INFO perfrun.perfcollector <> - config: event: 3c
92 [139853708650048] INFO perfrun.perfcollector <> - config: pc: 0
92 [139853708650048] INFO perfrun.perfcollector <> - config: edge: 0
92 [139853708650048] INFO perfrun.perfcollector <> - config: any: 0
92 [139853708650048] INFO perfrun.perfcollector <> - config1: offcore_rsp: 0
92 [139853708650048] INFO perfrun.perfcollector <> - config1: ldlat: 0
92 [139853708650048] INFO perfrun.perfcollector <> - config: inv: 0
92 [139853708650048] INFO perfrun.perfcollector <> - config: umask: 2
92 [139853708650048] INFO perfrun.perfcollector <> - config1: frontend: 0
92 [139853708650048] INFO perfrun.perfcollector <> - config: cmask: 0
92 [139853708650048] INFO perfrun.perfcollector <> - format: cpu/event=0x3c,umask=0x2,name='CPU_CLK_UNHALTED.ONE_THREAD_ACTIVE'/
92 [139853708650048] INFO perfrun.perfcollector <> - event name: FP_ARITH_INST_RETIRED.SCALAR_SINGLE
92 [139853708650048] INFO perfrun.perfcollector <> - pmu config: cpu
92 [139853708650048] INFO perfrun.perfcollector <> - cccrAddr: 188, cccrValue: 5302c7
92 [139853708650048] INFO perfrun.perfcollector <> - dataAddr: c3, dataValue: ffffffffffe17b7d
92 [139853708650048] INFO perfrun.perfcollector <> - escrAddr: ffffffff, escrValue: 0
92 [139853708650048] INFO perfrun.perfcollector <> - extendedPebsValue: 0
92 [139853708650048] INFO perfrun.perfcollector <> - adaptivePebsAvailable: 0
92 [139853708650048] INFO perfrun.perfcollector <> - config: event: c7
92 [139853708650048] INFO perfrun.perfcollector <> - config: pc: 0
92 [139853708650048] INFO perfrun.perfcollector <> - config: edge: 0
92 [139853708650048] INFO perfrun.perfcollector <> - config: any: 0
92 [139853708650048] INFO perfrun.perfcollector <> - config1: offcore_rsp: 0
92 [139853708650048] INFO perfrun.perfcollector <> - config1: ldlat: 0
92 [139853708650048] INFO perfrun.perfcollector <> - config: inv: 0
92 [139853708650048] INFO perfrun.perfcollector <> - config: umask: 2
92 [139853708650048] INFO perfrun.perfcollector <> - config1: frontend: 0
92 [139853708650048] INFO perfrun.perfcollector <> - config: cmask: 0
92 [139853708650048] INFO perfrun.perfcollector <> - format: cpu/event=0xc7,umask=0x2,name='FP_ARITH_INST_RETIRED.SCALAR_SINGLE'/
92 [139853708650048] INFO perfrun.perfcollector <> - event name: FP_ARITH_INST_RETIRED.128B_PACKED_SINGLE
92 [139853708650048] INFO perfrun.perfcollector <> - pmu config: cpu
92 [139853708650048] INFO perfrun.perfcollector <> - cccrAddr: 189, cccrValue: 5308c7
92 [139853708650048] INFO perfrun.perfcollector <> - dataAddr: c4, dataValue: ffffffffffe17b7d
92 [139853708650048] INFO perfrun.perfcollector <> - escrAddr: ffffffff, escrValue: 0
92 [139853708650048] INFO perfrun.perfcollector <> - extendedPebsValue: 0
92 [139853708650048] INFO perfrun.perfcollector <> - adaptivePebsAvailable: 0
92 [139853708650048] INFO perfrun.perfcollector <> - config: event: c7
92 [139853708650048] INFO perfrun.perfcollector <> - config: pc: 0
92 [139853708650048] INFO perfrun.perfcollector <> - config: edge: 0
92 [139853708650048] INFO perfrun.perfcollector <> - config: any: 0
92 [139853708650048] INFO perfrun.perfcollector <> - config1: offcore_rsp: 0
92 [139853708650048] INFO perfrun.perfcollector <> - config1: ldlat: 0
92 [139853708650048] INFO perfrun.perfcollector <> - config: inv: 0
92 [139853708650048] INFO perfrun.perfcollector <> - config: umask: 8
92 [139853708650048] INFO perfrun.perfcollector <> - config1: frontend: 0
92 [139853708650048] INFO perfrun.perfcollector <> - config: cmask: 0
92 [139853708650048] INFO perfrun.perfcollector <> - format: cpu/event=0xc7,umask=0x8,name='FP_ARITH_INST_RETIRED.128B_PACKED_SINGLE'/
92 [139853708650048] INFO perfrun.perfcollector <> - event name: FP_ARITH_INST_RETIRED.256B_PACKED_SINGLE
92 [139853708650048] INFO perfrun.perfcollector <> - pmu config: cpu
92 [139853708650048] INFO perfrun.perfcollector <> - cccrAddr: 186, cccrValue: 5320c7
92 [139853708650048] INFO perfrun.perfcollector <> - dataAddr: c1, dataValue: ffffffffffe17b7d
92 [139853708650048] INFO perfrun.perfcollector <> - escrAddr: ffffffff, escrValue: 0
92 [139853708650048] INFO perfrun.perfcollector <> - extendedPebsValue: 0
92 [139853708650048] INFO perfrun.perfcollector <> - adaptivePebsAvailable: 0
92 [139853708650048] INFO perfrun.perfcollector <> - config: event: c7
92 [139853708650048] INFO perfrun.perfcollector <> - config: pc: 0
92 [139853708650048] INFO perfrun.perfcollector <> - config: edge: 0
92 [139853708650048] INFO perfrun.perfcollector <> - config: any: 0
92 [139853708650048] INFO perfrun.perfcollector <> - config1: offcore_rsp: 0
92 [139853708650048] INFO perfrun.perfcollector <> - config1: ldlat: 0
92 [139853708650048] INFO perfrun.perfcollector <> - config: inv: 0
92 [139853708650048] INFO perfrun.perfcollector <> - config: umask: 20
92 [139853708650048] INFO perfrun.perfcollector <> - config1: frontend: 0
92 [139853708650048] INFO perfrun.perfcollector <> - config: cmask: 0
92 [139853708650048] INFO perfrun.perfcollector <> - format: cpu/event=0xc7,umask=0x20,name='FP_ARITH_INST_RETIRED.256B_PACKED_SINGLE'/
92 [139853708650048] INFO perfrun.perfcollector <> - event name: FP_ARITH_INST_RETIRED.SCALAR_DOUBLE
92 [139853708650048] INFO perfrun.perfcollector <> - pmu config: cpu
92 [139853708650048] INFO perfrun.perfcollector <> - cccrAddr: 187, cccrValue: 5301c7
92 [139853708650048] INFO perfrun.perfcollector <> - dataAddr: c2, dataValue: ffffffffffe17b7d
92 [139853708650048] INFO perfrun.perfcollector <> - escrAddr: ffffffff, escrValue: 0
92 [139853708650048] INFO perfrun.perfcollector <> - extendedPebsValue: 0
92 [139853708650048] INFO perfrun.perfcollector <> - adaptivePebsAvailable: 0
92 [139853708650048] INFO perfrun.perfcollector <> - config: event: c7
92 [139853708650048] INFO perfrun.perfcollector <> - config: pc: 0
92 [139853708650048] INFO perfrun.perfcollector <> - config: edge: 0
92 [139853708650048] INFO perfrun.perfcollector <> - config: any: 0
92 [139853708650048] INFO perfrun.perfcollector <> - config1: offcore_rsp: 0
92 [139853708650048] INFO perfrun.perfcollector <> - config1: ldlat: 0
92 [139853708650048] INFO perfrun.perfcollector <> - config: inv: 0
92 [139853708650048] INFO perfrun.perfcollector <> - config: umask: 1
92 [139853708650048] INFO perfrun.perfcollector <> - config1: frontend: 0
92 [139853708650048] INFO perfrun.perfcollector <> - config: cmask: 0
92 [139853708650048] INFO perfrun.perfcollector <> - format: cpu/event=0xc7,umask=0x1,name='FP_ARITH_INST_RETIRED.SCALAR_DOUBLE'/
92 [139853708650048] INFO perfrun.perfcollector <> - event name: FP_ARITH_INST_RETIRED.128B_PACKED_DOUBLE
92 [139853708650048] INFO perfrun.perfcollector <> - pmu config: cpu
92 [139853708650048] INFO perfrun.perfcollector <> - cccrAddr: 188, cccrValue: 5304c7
92 [139853708650048] INFO perfrun.perfcollector <> - dataAddr: c3, dataValue: ffffffffffe17b7d
92 [139853708650048] INFO perfrun.perfcollector <> - escrAddr: ffffffff, escrValue: 0
92 [139853708650048] INFO perfrun.perfcollector <> - extendedPebsValue: 0
92 [139853708650048] INFO perfrun.perfcollector <> - adaptivePebsAvailable: 0
92 [139853708650048] INFO perfrun.perfcollector <> - config: event: c7
92 [139853708650048] INFO perfrun.perfcollector <> - config: pc: 0
92 [139853708650048] INFO perfrun.perfcollector <> - config: edge: 0
92 [139853708650048] INFO perfrun.perfcollector <> - config: any: 0
92 [139853708650048] INFO perfrun.perfcollector <> - config1: offcore_rsp: 0
92 [139853708650048] INFO perfrun.perfcollector <> - config1: ldlat: 0
92 [139853708650048] INFO perfrun.perfcollector <> - config: inv: 0
92 [139853708650048] INFO perfrun.perfcollector <> - config: umask: 4
92 [139853708650048] INFO perfrun.perfcollector <> - config1: frontend: 0
92 [139853708650048] INFO perfrun.perfcollector <> - config: cmask: 0
92 [139853708650048] INFO perfrun.perfcollector <> - format: cpu/event=0xc7,umask=0x4,name='FP_ARITH_INST_RETIRED.128B_PACKED_DOUBLE'/
92 [139853708650048] INFO perfrun.perfcollector <> - event name: FP_ARITH_INST_RETIRED.256B_PACKED_DOUBLE
92 [139853708650048] INFO perfrun.perfcollector <> - pmu config: cpu
92 [139853708650048] INFO perfrun.perfcollector <> - cccrAddr: 189, cccrValue: 5310c7
92 [139853708650048] INFO perfrun.perfcollector <> - dataAddr: c4, dataValue: ffffffffffe17b7d
92 [139853708650048] INFO perfrun.perfcollector <> - escrAddr: ffffffff, escrValue: 0
92 [139853708650048] INFO perfrun.perfcollector <> - extendedPebsValue: 0
92 [139853708650048] INFO perfrun.perfcollector <> - adaptivePebsAvailable: 0
92 [139853708650048] INFO perfrun.perfcollector <> - config: event: c7
92 [139853708650048] INFO perfrun.perfcollector <> - config: pc: 0
92 [139853708650048] INFO perfrun.perfcollector <> - config: edge: 0
92 [139853708650048] INFO perfrun.perfcollector <> - config: any: 0
92 [139853708650048] INFO perfrun.perfcollector <> - config1: offcore_rsp: 0
92 [139853708650048] INFO perfrun.perfcollector <> - config1: ldlat: 0
92 [139853708650048] INFO perfrun.perfcollector <> - config: inv: 0
92 [139853708650048] INFO perfrun.perfcollector <> - config: umask: 10
92 [139853708650048] INFO perfrun.perfcollector <> - config1: frontend: 0
92 [139853708650048] INFO perfrun.perfcollector <> - config: cmask: 0
92 [139853708650048] INFO perfrun.perfcollector <> - format: cpu/event=0xc7,umask=0x10,name='FP_ARITH_INST_RETIRED.256B_PACKED_DOUBLE'/
92 [139853708650048] INFO perfrun.perfcollector <> - event name: UOPS_EXECUTED.X87
92 [139853708650048] INFO perfrun.perfcollector <> - pmu config: cpu
92 [139853708650048] INFO perfrun.perfcollector <> - cccrAddr: 186, cccrValue: 5310b1
92 [139853708650048] INFO perfrun.perfcollector <> - dataAddr: c1, dataValue: ffffffffffe17b7d
92 [139853708650048] INFO perfrun.perfcollector <> - escrAddr: ffffffff, escrValue: 0
92 [139853708650048] INFO perfrun.perfcollector <> - extendedPebsValue: 0
92 [139853708650048] INFO perfrun.perfcollector <> - adaptivePebsAvailable: 0
92 [139853708650048] INFO perfrun.perfcollector <> - config: event: b1
92 [139853708650048] INFO perfrun.perfcollector <> - config: pc: 0
92 [139853708650048] INFO perfrun.perfcollector <> - config: edge: 0
92 [139853708650048] INFO perfrun.perfcollector <> - config: any: 0
92 [139853708650048] INFO perfrun.perfcollector <> - config1: offcore_rsp: 0
92 [139853708650048] INFO perfrun.perfcollector <> - config1: ldlat: 0
92 [139853708650048] INFO perfrun.perfcollector <> - config: inv: 0
92 [139853708650048] INFO perfrun.perfcollector <> - config: umask: 10
92 [139853708650048] INFO perfrun.perfcollector <> - config1: frontend: 0
92 [139853708650048] INFO perfrun.perfcollector <> - config: cmask: 0
92 [139853708650048] INFO perfrun.perfcollector <> - format: cpu/event=0xb1,umask=0x10,name='UOPS_EXECUTED.X87'/
92 [139853708650048] INFO perfrun.perfcollector <> - event name: UOPS_RETIRED.RETIRE_SLOTS
92 [139853708650048] INFO perfrun.perfcollector <> - pmu config: cpu
92 [139853708650048] INFO perfrun.perfcollector <> - cccrAddr: 187, cccrValue: 5302c2
92 [139853708650048] INFO perfrun.perfcollector <> - dataAddr: c2, dataValue: ffffffffffe17b7d
92 [139853708650048] INFO perfrun.perfcollector <> - escrAddr: ffffffff, escrValue: 0
92 [139853708650048] INFO perfrun.perfcollector <> - extendedPebsValue: 0
92 [139853708650048] INFO perfrun.perfcollector <> - adaptivePebsAvailable: 0
92 [139853708650048] INFO perfrun.perfcollector <> - config: event: c2
92 [139853708650048] INFO perfrun.perfcollector <> - config: pc: 0
92 [139853708650048] INFO perfrun.perfcollector <> - config: edge: 0
92 [139853708650048] INFO perfrun.perfcollector <> - config: any: 0
92 [139853708650048] INFO perfrun.perfcollector <> - config1: offcore_rsp: 0
92 [139853708650048] INFO perfrun.perfcollector <> - config1: ldlat: 0
92 [139853708650048] INFO perfrun.perfcollector <> - config: inv: 0
92 [139853708650048] INFO perfrun.perfcollector <> - config: umask: 2
92 [139853708650048] INFO perfrun.perfcollector <> - config1: frontend: 0
92 [139853708650048] INFO perfrun.perfcollector <> - config: cmask: 0
92 [139853708650048] INFO perfrun.perfcollector <> - format: cpu/event=0xc2,umask=0x2,name='UOPS_RETIRED.RETIRE_SLOTS'/
92 [139853708650048] INFO perfrun.perfcollector <> - event name: UOPS_EXECUTED.THREAD
92 [139853708650048] INFO perfrun.perfcollector <> - pmu config: cpu
92 [139853708650048] INFO perfrun.perfcollector <> - cccrAddr: 188, cccrValue: 5301b1
92 [139853708650048] INFO perfrun.perfcollector <> - dataAddr: c3, dataValue: ffffffffffe17b7d
92 [139853708650048] INFO perfrun.perfcollector <> - escrAddr: ffffffff, escrValue: 0
92 [139853708650048] INFO perfrun.perfcollector <> - extendedPebsValue: 0
92 [139853708650048] INFO perfrun.perfcollector <> - adaptivePebsAvailable: 0
92 [139853708650048] INFO perfrun.perfcollector <> - config: event: b1
92 [139853708650048] INFO perfrun.perfcollector <> - config: pc: 0
92 [139853708650048] INFO perfrun.perfcollector <> - config: edge: 0
92 [139853708650048] INFO perfrun.perfcollector <> - config: any: 0
92 [139853708650048] INFO perfrun.perfcollector <> - config1: offcore_rsp: 0
92 [139853708650048] INFO perfrun.perfcollector <> - config1: ldlat: 0
92 [139853708650048] INFO perfrun.perfcollector <> - config: inv: 0
92 [139853708650048] INFO perfrun.perfcollector <> - config: umask: 1
92 [139853708650048] INFO perfrun.perfcollector <> - config1: frontend: 0
92 [139853708650048] INFO perfrun.perfcollector <> - config: cmask: 0
92 [139853708650048] INFO perfrun.perfcollector <> - format: cpu/event=0xb1,umask=0x1,name='UOPS_EXECUTED.THREAD'/
92 [139853708650048] INFO perfrun.perfcollector <> - event: cpu/event=0x3c,name='CPU_CLK_UNHALTED.THREAD'/Duk, added for counting
92 [139853708650048] INFO perfrun.perfcollector <> - event: cpu/umask=0x3,name='CPU_CLK_UNHALTED.REF_TSC'/Duk, added for counting
92 [139853708650048] INFO perfrun.perfcollector <> - event: cpu/event=0xc0,name='INST_RETIRED.ANY'/Duk, added for counting
92 [139853708650048] INFO perfrun.perfcollector <> - event: cpu/event=0x3c,umask=0x1,name='CPU_CLK_UNHALTED.REF_XCLK'/uk, added for counting
92 [139853708650048] INFO perfrun.perfcollector <> - event: cpu/event=0x3c,umask=0x2,name='CPU_CLK_UNHALTED.ONE_THREAD_ACTIVE'/uk, added for counting
92 [139853708650048] INFO perfrun.perfcollector <> - event: cpu/event=0xc7,umask=0x2,name='FP_ARITH_INST_RETIRED.SCALAR_SINGLE'/uk, added for counting
92 [139853708650048] INFO perfrun.perfcollector <> - event: cpu/event=0xc7,umask=0x8,name='FP_ARITH_INST_RETIRED.128B_PACKED_SINGLE'/uk, added for counting
92 [139853708650048] INFO perfrun.perfcollector <> - event: cpu/event=0xc7,umask=0x20,name='FP_ARITH_INST_RETIRED.256B_PACKED_SINGLE'/uk, added for counting
92 [139853708650048] INFO perfrun.perfcollector <> - event: cpu/event=0xc7,umask=0x1,name='FP_ARITH_INST_RETIRED.SCALAR_DOUBLE'/uk, added for counting
92 [139853708650048] INFO perfrun.perfcollector <> - event: cpu/event=0xc7,umask=0x4,name='FP_ARITH_INST_RETIRED.128B_PACKED_DOUBLE'/uk, added for counting
92 [139853708650048] INFO perfrun.perfcollector <> - event: cpu/event=0xc7,umask=0x10,name='FP_ARITH_INST_RETIRED.256B_PACKED_DOUBLE'/uk, added for counting
92 [139853708650048] INFO perfrun.perfcollector <> - event: cpu/event=0xb1,umask=0x10,name='UOPS_EXECUTED.X87'/uk, added for counting
92 [139853708650048] INFO perfrun.perfcollector <> - event: cpu/event=0xc2,umask=0x2,name='UOPS_RETIRED.RETIRE_SLOTS'/uk, added for counting
92 [139853708650048] INFO perfrun.perfcollector <> - event: cpu/event=0xb1,umask=0x1,name='UOPS_EXECUTED.THREAD'/uk, added for counting
92 [139853708650048] INFO perfrun.perfcollector <> - attaching to pid: 4294967295, collect mode: 1, rc modes: 3
93 [139853700257344] WARN perfrun.perfcollector <> - Perf stat trace pipe capacity: read = 1048576, write = 1048576, at file: vcs/perfrun1/plugins/perfcollector/src/profiler.cpp:765
93 [139853700257344] INFO perfrun.sdk <> - runCmd: /opt/intel/oneapi/vtune/2023.1.0/bin64/amplxe-perf stat -v --log-fd 12 --scale -x ; -e cpu/event=0x3c,name='CPU_CLK_UNHALTED.THREAD'/Duk,cpu/umask=0x3,name='CPU_CLK_UNHALTED.REF_TSC'/Duk,cpu/event=0xc0,name='INST_RETIRED.ANY'/Duk,cpu/event=0x3c,umask=0x1,name='CPU_CLK_UNHALTED.REF_XCLK'/uk,cpu/event=0x3c,umask=0x2,name='CPU_CLK_UNHALTED.ONE_THREAD_ACTIVE'/uk,cpu/event=0xc7,umask=0x2,name='FP_ARITH_INST_RETIRED.SCALAR_SINGLE'/uk,cpu/event=0xc7,umask=0x8,name='FP_ARITH_INST_RETIRED.128B_PACKED_SINGLE'/uk,cpu/event=0xc7,umask=0x20,name='FP_ARITH_INST_RETIRED.256B_PACKED_SINGLE'/uk,cpu/event=0xc7,umask=0x1,name='FP_ARITH_INST_RETIRED.SCALAR_DOUBLE'/uk,cpu/event=0xc7,umask=0x4,name='FP_ARITH_INST_RETIRED.128B_PACKED_DOUBLE'/uk,cpu/event=0xc7,umask=0x10,name='FP_ARITH_INST_RETIRED.256B_PACKED_DOUBLE'/uk,cpu/event=0xb1,umask=0x10,name='UOPS_EXECUTED.X87'/uk,cpu/event=0xc2,umask=0x2,name='UOPS_RETIRED.RETIRE_SLOTS'/uk,cpu/event=0xb1,umask=0x1,name='UOPS_EXECUTED.THREAD'/uk /opt/intel/oneapi/vtune/2023.1.0/bin64/amplxe-perf-sync dryrun tsc
94 [139853700257344] INFO perfrun.sdk <> - runCmd started PID 786742
136 [139853700257344] INFO perfrun.perfcollector <> - Monitor: runCmd RC = true
136 [139853708650048] INFO perfrun.launcher <> - plugin [aoclprofile] was disabled because it doesn't support the given collection type.
136 [139853708650048] INFO perfrun.tpss <> - initialize tpss controller
136 [139853708650048] INFO perfrun.tpss <> - configure collection mode: value = cpu:counters:nostack
136 [139853708650048] INFO perfrun.tpss <> - configure collection mode: value = cpu:stack
136 [139853708650048] INFO perfrun.tpss <> - default obj-size-min=1024
136 [139853708650048] INFO perfrun.tpss <> - default hash-table-size=0
136 [139853708650048] INFO perfrun.launcher <> - plugin [media] was disabled because it doesn't support the given collection type.
136 [139853708650048] INFO perfrun.launcher <> - plugin [] was disabled because it doesn't support the given collection type.
136 [139853708650048] INFO perfrun.launcher <> - plugin [] was disabled because it doesn't support the given collection type.
136 [139853708650048] INFO perfrun.launcher <> - plugin [parallelfs] was disabled because it doesn't support the given collection type.
136 [139853708650048] INFO perfrun.launcher <> - plugin [power] was disabled because it doesn't support the given collection type.
136 [139853708650048] INFO perfrun.launcher <> - plugin [hwloc] was disabled because it doesn't support the given collection type.
136 [139853708650048] INFO perfrun.launcher <> - plugin [ipmwatch] was disabled because it doesn't support the given collection type.
136 [139853708650048] INFO perfrun.launcher <> - plugin [os_counters] was disabled because it doesn't support the given collection type.
136 [139853708650048] INFO perfrun.launcher <> - plugin [l0_metrics] was disabled because it doesn't support the given collection type.
136 [139853864729728] INFO perfrun.launcher <> - set environment variable: LD_LIBRARY_PATH = /opt/intel/oneapi/vtune/2023.1.0/lib32/runtime:/opt/intel/oneapi/vtune/2023.1.0/lib64/runtime
136 [139853864729728] INFO perfrun.launcher <> - set environment variable: INTEL_LIBITTNOTIFY32 = /opt/intel/oneapi/vtune/2023.1.0/lib32/runtime/libittnotify_collector.so
136 [139853864729728] INFO perfrun.launcher <> - set environment variable: INTEL_LIBITTNOTIFY64 = /opt/intel/oneapi/vtune/2023.1.0/lib64/runtime/libittnotify_collector.so
136 [139853864729728] INFO perfrun.launcher <> - set environment variable: INTEL_ITTNOTIFY_GROUPS = 
136 [139853864729728] INFO perfrun.launcher <> - set environment variable: INTEL_JIT_PROFILER32 = /opt/intel/oneapi/vtune/2023.1.0/lib32/runtime/libittnotify_collector.so
136 [139853864729728] INFO perfrun.launcher <> - set environment variable: INTEL_JIT_PROFILER64 = /opt/intel/oneapi/vtune/2023.1.0/lib64/runtime/libittnotify_collector.so
136 [139853864729728] INFO perfrun.launcher <> - set environment variable: OMP_TOOL_LIBRARIES = /opt/intel/oneapi/vtune/2023.1.0/lib32/runtime/libittnotify_collector.so:/opt/intel/oneapi/vtune/2023.1.0/lib64/runtime/libittnotify_collector.so
136 [139853864729728] INFO perfrun.launcher <> - set environment variable: ENABLE_JITPROFILING = 1
136 [139853864729728] INFO perfrun.launcher <> - set environment variable: CL_CONFIG_USE_VTUNE = True
136 [139853864729728] INFO perfrun.launcher <> - set environment variable: KMP_FORKJOIN_FRAMES = 0
136 [139853864729728] INFO perfrun.launcher <> - set environment variable: KMP_FORKJOIN_FRAMES_MODE = 0
137 [139853864729728] INFO perfrun.launcher <> - set environment variable: OMP_TOOL = disabled
137 [139853864729728] INFO perfrun.launcher <> - set environment variable: INTEL_MRTE_DATA_DIR = /home/samuki/git/team29/r001hs/data.0
137 [139853864729728] INFO perfrun.launcher <> - set environment variable: INTEL_MRTE_HOST_NAME = lucy
137 [139853864729728] INFO perfrun.launcher <> - set environment variable: JAVA_TOOL_OPTIONS = -agentlib:amplxe_tpssmrte_javaprof_1.0 -Dsun.boot.library.path=/opt/intel/oneapi/vtune/2023.1.0/lib32/runtime:/opt/intel/oneapi/vtune/2023.1.0/lib64/runtime
137 [139853864729728] INFO perfrun.launcher <> - set environment variable: LD_LIBRARY_PATH = /opt/intel/oneapi/vtune/2023.1.0/lib32/runtime:/opt/intel/oneapi/vtune/2023.1.0/lib64/runtime
137 [139853864729728] INFO perfrun.launcher <> - set environment variable: CORECLR_ENABLE_PROFILING = 1
137 [139853864729728] INFO perfrun.launcher <> - set environment variable: CORECLR_PROFILER = {AA5E4821-E3B1-479c-B7FF-5AD047D22CED}
137 [139853864729728] INFO perfrun.launcher <> - set environment variable: CORECLR_PROFILER_PATH = /opt/intel/oneapi/vtune/2023.1.0/lib64/libamplxe_samplingmrte_clrprof_1.0.so
137 [139853864729728] INFO perfrun.launcher <> - set environment variable: INTEL_MRTE_PROFILER_MODE = mixed
137 [139853864729728] INFO perfrun.launcher <> - RpcServer: run RPC server to handle requests
137 [139853864729728] INFO perfrun.launcher <> - Launcher: command line to start before modification = ./executables/baseline_polyvol advanced_tests/cube_tests/cube_10
137 [139853864729728] INFO perfrun.launcher <> - Launcher: command line to start after modification = /opt/intel/oneapi/vtune/2023.1.0/bin64/pin -error_file /home/samuki/git/team29/r001hs/data.0/pinerr.tpsslog -detach_reattach -follow_execv -tool_load_option deepbind -t64 /opt/intel/oneapi/vtune/2023.1.0/lib64/libtpsstool.so -t /opt/intel/oneapi/vtune/2023.1.0/lib32/libtpsstool.so -server_name tpss_ipc.786735 -prd_dir /opt/intel/oneapi/vtune/2023.1.0 -- ./executables/baseline_polyvol advanced_tests/cube_tests/cube_10
137 [139853864729728] INFO perfrun.launcher <> - ProcessCreator object was created
138 [139853864729728] INFO perfrun.launcher <> - Launcher: the process was started in suspend mode
139 [139853708650048] WARN perfrun.system <> - Could not do anything with /sys/kernel/debug/kvm: boost::filesystem::status: Permission denied: "/sys/kernel/debug/kvm", at file: vcs/perfrun1/plugins/system/src/trace_writer.cpp:787
139 [139853708650048] WARN perfrun.system <> - Folder "/var/run/libvirt/qemu/"doesn't exist, at file: vcs/perfrun1/plugins/system/src/trace_writer.cpp:800
140 [139853708650048] WARN perfrun.sdk <> - Failed to find xl binary on any of the system paths: /bin, /sbin, /usr/bin, /usr/sbin., at file: vcs/perfrun1/sdk/src/utils.cpp:204
140 [139853708650048] WARN perfrun.system <> - Could not start ContainerMapping collector, at file: vcs/perfrun1/plugins/system/src/controller.cpp:448
185 [139853708650048] INFO perfrun.vdso <> - Helper runtool '/opt/intel/oneapi/vtune/2023.1.0/bin32/amplxe-runss -dump-vdso -r /home/samuki/git/team29/r001hs --tmp-dir /tmp/amplxe-tmp-samuki' returned 0
274 [139853708650048] INFO perfrun.vdso <> - Helper runtool '/opt/intel/oneapi/vtune/2023.1.0/bin64/amplxe-runss -dump-vdso -r /home/samuki/git/team29/r001hs --tmp-dir /tmp/amplxe-tmp-samuki' returned 0
274 [139853708650048] INFO perfrun.itt <> - start itt controller for pid #786745
275 [139853708650048] INFO perfrun.perfcollector <> - attaching to pid: 786745, collect mode: 1, rc modes: 1
275 [139853675079232] WARN perfrun.perfcollector <> - Perf stat trace pipe capacity: read = 1048576, write = 1048576, at file: vcs/perfrun1/plugins/perfcollector/src/profiler.cpp:765
275 [139853675079232] INFO perfrun.sdk <> - runCmd: /opt/intel/oneapi/vtune/2023.1.0/bin64/amplxe-perf stat -v --log-fd 23 --control=fd:24,40 --scale -x ; -p 786745 -e cpu/event=0x3c,name='CPU_CLK_UNHALTED.THREAD'/Duk,cpu/umask=0x3,name='CPU_CLK_UNHALTED.REF_TSC'/Duk,cpu/event=0xc0,name='INST_RETIRED.ANY'/Duk,cpu/event=0x3c,umask=0x1,name='CPU_CLK_UNHALTED.REF_XCLK'/uk,cpu/event=0x3c,umask=0x2,name='CPU_CLK_UNHALTED.ONE_THREAD_ACTIVE'/uk,cpu/event=0xc7,umask=0x2,name='FP_ARITH_INST_RETIRED.SCALAR_SINGLE'/uk,cpu/event=0xc7,umask=0x8,name='FP_ARITH_INST_RETIRED.128B_PACKED_SINGLE'/uk,cpu/event=0xc7,umask=0x20,name='FP_ARITH_INST_RETIRED.256B_PACKED_SINGLE'/uk,cpu/event=0xc7,umask=0x1,name='FP_ARITH_INST_RETIRED.SCALAR_DOUBLE'/uk,cpu/event=0xc7,umask=0x4,name='FP_ARITH_INST_RETIRED.128B_PACKED_DOUBLE'/uk,cpu/event=0xc7,umask=0x10,name='FP_ARITH_INST_RETIRED.256B_PACKED_DOUBLE'/uk,cpu/event=0xb1,umask=0x10,name='UOPS_EXECUTED.X87'/uk,cpu/event=0xc2,umask=0x2,name='UOPS_RETIRED.RETIRE_SLOTS'/uk,cpu/event=0xb1,umask=0x1,name='UOPS_EXECUTED.THREAD'/uk /opt/intel/oneapi/vtune/2023.1.0/bin64/amplxe-perf-sync sync tsc
276 [139853675079232] INFO perfrun.sdk <> - runCmd started PID 786754
296 [139853708650048] INFO perfrun.tpss <> - start tpss controller for pid #786745
347 [139853864729728] INFO perfrun.launcher <> - Launcher: all plugins were started
347 [139853864729728] INFO perfrun.launcher <> - DirectoryMonitor object was created
347 [139853864729728] INFO perfrun.launcher <> - DirectoryMonitor: a callback was added
347 [139853864729728] INFO perfrun.launcher <> - DirectoryMonitor was started with pingTime = 1000
347 [139853864729728] INFO perfrun.launcher <> - DeadlineTimer is going to be constructed
347 [139853864729728] INFO perfrun.launcher <> - DeadlineTimer: a callback was added
350 [139853864729728] INFO perfrun.launcher <> - Launcher: resume the profiled application and  wait its termination or stop command
1714 [139853864729728] INFO perfrun.launcher <> - Launcher: the profiled application was terminated  with exit code = 0
1718 [139853708650048] INFO perfrun.itt <> - detach itt controller
1718 [139853708650048] INFO perfrun.itt <> - detach itt controller done
1720 [139853675079232] INFO perfrun.perfcollector <> - Monitor: runCmd RC = true
1720 [139853708650048] INFO perfrun.perfcollector <> - Monitor: state = 3, error = 1
1720 [139853708650048] INFO perfrun.tpss <> - stop tpss controller
1720 [139853708650048] INFO perfrun.sdk <> - De-allocating TMU: /home/samuki/git/team29/r001hs/data.0/systemcollector-786735-lucy.sc
1720 [139853708650048] INFO perfrun.system <> - closed the system trace file: /home/samuki/git/team29/r001hs/data.0/systemcollector-786735-lucy.sc
1721 [139853864729728] INFO perfrun.launcher <> - Launcher: all plugins were stopped.
1721 [139853864729728] INFO perfrun.launcher <> - DeadlineTimer is going to be destroyed
1721 [139853864729728] INFO perfrun.launcher <> - DeadlineTimer was destroyed
1721 [139853864729728] INFO perfrun.launcher <> - DirectoryMonitor object was destroyed
1721 [139853864729728] WARN perfrun.launcher <> - Stop command is ignored because it is received when collection is already stopped, at file: vcs/perfrun1/launcher/src/command_handler.cpp:226
1721 [139853864729728] INFO perfrun.launcher <> - Application exit code: 0
1721 [139853864729728] INFO perfrun.launcher <> - Exit code: 0
