9 [4149299776] INFO perfrun.launcher <> - Launcher main begin
9 [4149299776] INFO perfrun.launcher <> - MessageCatalogInit finished
9 [4149299776] INFO perfrun.launcher <> - Launcher instance created
9 [4149299776] INFO perfrun.launcher <> - argc = 6; cmdline = /opt/intel/oneapi/vtune/2023.1.0/bin32/amplxe-runss -dump-vdso -r /home/samuki/git/team29/r001hs --tmp-dir /tmp/amplxe-tmp-samuki 
18 [4149299776] INFO perfrun.launcher <> - create msngr2::ICliToolContext
18 [4149299776] INFO perfrun.launcher <> - create file finder object
19 [4128762560] INFO perfrun.launcher <> - plugin [remoteplug] was disabled because it doesn't support the given collection type.
19 [4128762560] INFO perfrun.launcher <> - plugin [] was disabled because it doesn't support the given collection type.
19 [4128762560] INFO perfrun.vdso <> - dumping [vdso] pseudomodule
21 [4128762560] INFO perfrun.launcher <> - plugin [] was disabled because it doesn't support the given collection type.
21 [4128762560] INFO perfrun.launcher <> - plugin [] was disabled because it doesn't support the given collection type.
21 [4128762560] INFO perfrun.launcher <> - plugin [] was disabled because it doesn't support the given collection type.
21 [4128762560] INFO perfrun.launcher <> - plugin [] was disabled because it doesn't support the given collection type.
21 [4128762560] INFO perfrun.launcher <> - plugin [] was disabled because it doesn't support the given collection type.
21 [4128762560] INFO perfrun.launcher <> - plugin [] was disabled because it doesn't support the given collection type.
21 [4128762560] INFO perfrun.launcher <> - plugin [] was disabled because it doesn't support the given collection type.
21 [4128762560] INFO perfrun.launcher <> - plugin [] was disabled because it doesn't support the given collection type.
21 [4128762560] INFO perfrun.launcher <> - plugin [] was disabled because it doesn't support the given collection type.
21 [4128762560] INFO perfrun.launcher <> - plugin [] was disabled because it doesn't support the given collection type.
21 [4128762560] INFO perfrun.launcher <> - plugin [] was disabled because it doesn't support the given collection type.
21 [4128762560] INFO perfrun.launcher <> - plugin [] was disabled because it doesn't support the given collection type.
21 [4128762560] INFO perfrun.launcher <> - plugin [] was disabled because it doesn't support the given collection type.
21 [4128762560] INFO perfrun.launcher <> - plugin [] was disabled because it doesn't support the given collection type.
21 [4128762560] INFO perfrun.launcher <> - plugin [] was disabled because it doesn't support the given collection type.
21 [4128762560] INFO perfrun.launcher <> - plugin [] was disabled because it doesn't support the given collection type.
21 [4128762560] INFO perfrun.launcher <> - plugin [] was disabled because it doesn't support the given collection type.
21 [4128762560] INFO perfrun.launcher <> - plugin [] was disabled because it doesn't support the given collection type.
21 [4128762560] INFO perfrun.launcher <> - plugin [] was disabled because it doesn't support the given collection type.
21 [4128762560] INFO perfrun.launcher <> - plugin [] was disabled because it doesn't support the given collection type.
21 [4128762560] INFO perfrun.launcher <> - plugin [] was disabled because it doesn't support the given collection type.
21 [4128762560] INFO perfrun.launcher <> - plugin [] was disabled because it doesn't support the given collection type.
21 [4128762560] INFO perfrun.launcher <> - plugin [] was disabled because it doesn't support the given collection type.
21 [4128762560] INFO perfrun.launcher <> - plugin [] was disabled because it doesn't support the given collection type.
21 [4149299776] INFO perfrun.launcher <> - Application exit code: 0
21 [4149299776] INFO perfrun.launcher <> - Exit code: 0
