
--------------- PolyVest ----------------
If you have any questions or if you have found some bugs,
please contact me at <gecj@ios.ac.cn>.

=========================================
Hyperplanes: 20
Dimensions:10

============= Preprocessing =============
R^2: 36
Origin: 
  -0.9000
  -0.8000
  -0.7000
  -0.6000
  -0.5000
  -0.4000
  -0.3000
  -0.2000
  -0.1000
  -1.5332
   6.0530        0        0        0        0        0        0        0        0        0
        0   6.0530        0        0        0        0        0        0        0        0
        0        0   6.0530        0        0        0        0        0        0        0
        0        0        0   6.0530        0        0        0        0        0        0
        0        0        0        0   6.0530        0        0        0        0        0
        0        0        0        0        0   6.0530        0        0        0        0
        0        0        0        0        0        0   6.0530        0        0        0
        0        0        0        0        0        0        0   6.0530        0        0
        0        0        0        0        0        0        0        0   6.0530        0
        0        0        0        0        0        0        0        0        0   5.4738

The number of iterations: 3
k	r^2		vol(k+1)/vol(k)
0	1		2.00468
1	1.1487		1.97168
2	1.31951		1.99352
3	1.51572		2.00418
4	1.7411		1.99833
5	2		1.9995
6	2.2974		1.97753
7	2.63902		1.98873
8	3.03143		2.02304
9	3.4822		1.98917
10	4		1.98675
11	4.59479		1.96915
12	5.27803		1.99512
13	6.06287		1.97466
14	6.9644		1.9586
15	8		1.94789
16	9.18959		1.95833
17	10.5561		1.93725
18	12.1257		1.92267
19	13.9288		1.92036
20	16		1.92041
21	18.3792		1.90693
22	21.1121		1.9031
23	24.2515		1.87911
24	27.8576		1.88664
25	32		1.87891
26	36.7583		1.87578
27	42.2243		1.85706
28	48.5029		1.86326
29	55.7152		1.85424
30	64		1.84881
31	73.5167		1.842
32	84.4485		1.83104
33	97.0059		1.83038
34	111.43		1.84393
35	128		1.84393
36	147.033		1.83795
37	168.897		1.84563
38	194.012		1.822
39	222.861		1.83988
40	256		1.84026
41	294.067		1.83211
42	337.794		1.85792
43	388.023		1.8573
Time difference = 0[s]
865

--------------- PolyVest ----------------
If you have any questions or if you have found some bugs,
please contact me at <gecj@ios.ac.cn>.

=========================================
Hyperplanes: 20
Dimensions:10

============= Preprocessing =============
R^2: 36
Origin: 
  -0.9000
  -0.8000
  -0.7000
  -0.6000
  -0.5000
  -0.4000
  -0.3000
  -0.2000
  -0.1000
  -1.5332
   6.0530        0        0        0        0        0        0        0        0        0
        0   6.0530        0        0        0        0        0        0        0        0
        0        0   6.0530        0        0        0        0        0        0        0
        0        0        0   6.0530        0        0        0        0        0        0
        0        0        0        0   6.0530        0        0        0        0        0
        0        0        0        0        0   6.0530        0        0        0        0
        0        0        0        0        0        0   6.0530        0        0        0
        0        0        0        0        0        0        0   6.0530        0        0
        0        0        0        0        0        0        0        0   6.0530        0
        0        0        0        0        0        0        0        0        0   5.4738

The number of iterations: 3
k	r^2		vol(k+1)/vol(k)
0	1		2.00468
1	1.1487		1.97168
2	1.31951		1.99352
3	1.51572		2.00418
4	1.7411		1.99833
5	2		1.9995
6	2.2974		1.97753
7	2.63902		1.98873
8	3.03143		2.02304
9	3.4822		1.98917
10	4		1.98675
11	4.59479		1.96915
12	5.27803		1.99512
13	6.06287		1.97466
14	6.9644		1.9586
15	8		1.94789
16	9.18959		1.95833
17	10.5561		1.93725
18	12.1257		1.92267
19	13.9288		1.92036
20	16		1.92041
21	18.3792		1.90693
22	21.1121		1.9031
23	24.2515		1.87911
24	27.8576		1.88664
25	32		1.87891
26	36.7583		1.87578
27	42.2243		1.85706
28	48.5029		1.86326
29	55.7152		1.85424
30	64		1.84881
31	73.5167		1.842
32	84.4485		1.83104
33	97.0059		1.83038
34	111.43		1.84393
35	128		1.84393
36	147.033		1.83795
37	168.897		1.84563
38	194.012		1.822
39	222.861		1.83988
40	256		1.84026
41	294.067		1.83211
42	337.794		1.85792
43	388.023		1.8573
Time difference = 0[s]
787

--------------- PolyVest ----------------
If you have any questions or if you have found some bugs,
please contact me at <gecj@ios.ac.cn>.

=========================================
Hyperplanes: 20
Dimensions:10

============= Preprocessing =============
R^2: 36
Origin: 
  -0.9000
  -0.8000
  -0.7000
  -0.6000
  -0.5000
  -0.4000
  -0.3000
  -0.2000
  -0.1000
  -1.5332
   6.0530        0        0        0        0        0        0        0        0        0
        0   6.0530        0        0        0        0        0        0        0        0
        0        0   6.0530        0        0        0        0        0        0        0
        0        0        0   6.0530        0        0        0        0        0        0
        0        0        0        0   6.0530        0        0        0        0        0
        0        0        0        0        0   6.0530        0        0        0        0
        0        0        0        0        0        0   6.0530        0        0        0
        0        0        0        0        0        0        0   6.0530        0        0
        0        0        0        0        0        0        0        0   6.0530        0
        0        0        0        0        0        0        0        0        0   5.4738

The number of iterations: 3
k	r^2		vol(k+1)/vol(k)
0	1		1.97993
1	1.1487		2.00133
2	1.31951		2.01641
3	1.51572		2.00462
4	1.7411		2.01168
5	2		2.00161
6	2.2974		2.00412
7	2.63902		2.00496
8	3.03143		1.98517
9	3.4822		2.00563
10	4		2.01573
11	4.59479		2.00893
12	5.27803		1.98873
13	6.06287		1.98473
14	6.9644		1.96985
15	8		1.94579
16	9.18959		1.93632
17	10.5561		1.94995
18	12.1257		1.91944
19	13.9288		1.93221
20	16		1.89698
21	18.3792		1.89324
22	21.1121		1.8919
23	24.2515		1.88088
24	27.8576		1.86504
25	32		1.85878
26	36.7583		1.8713
27	42.2243		1.85802
28	48.5029		1.87096
29	55.7152		1.83979
30	64		1.84351
31	73.5167		1.84134
32	84.4485		1.85057
33	97.0059		1.86258
34	111.43		1.84582
35	128		1.86042
36	147.033		1.82964
37	168.897		1.84497
38	194.012		1.83458
39	222.861		1.8489
40	256		1.83847
41	294.067		1.84044
42	337.794		1.86475
43	388.023		1.83425
Time difference = 0[s]
787

--------------- PolyVest ----------------
If you have any questions or if you have found some bugs,
please contact me at <gecj@ios.ac.cn>.

=========================================
Hyperplanes: 20
Dimensions:10

============= Preprocessing =============
R^2: 36
Origin: 
  -0.9000
  -0.8000
  -0.7000
  -0.6000
  -0.5000
  -0.4000
  -0.3000
  -0.2000
  -0.1000
  -1.5332
   6.0530        0        0        0        0        0        0        0        0        0
        0   6.0530        0        0        0        0        0        0        0        0
        0        0   6.0530        0        0        0        0        0        0        0
        0        0        0   6.0530        0        0        0        0        0        0
        0        0        0        0   6.0530        0        0        0        0        0
        0        0        0        0        0   6.0530        0        0        0        0
        0        0        0        0        0        0   6.0530        0        0        0
        0        0        0        0        0        0        0   6.0530        0        0
        0        0        0        0        0        0        0        0   6.0530        0
        0        0        0        0        0        0        0        0        0   5.4738

The number of iterations: 3
k	r^2		vol(k+1)/vol(k)
0	1		2.00457
1	1.1487		2.00848
2	1.31951		2.02083
3	1.51572		1.9959
4	1.7411		1.99021
5	2		1.99734
6	2.2974		1.99391
7	2.63902		1.99297
8	3.03143		2.00619
9	3.4822		1.97982
10	4		1.98276
11	4.59479		1.98473
12	5.27803		1.98643
13	6.06287		1.97927
14	6.9644		1.96448
15	8		1.96947
16	9.18959		1.95355
17	10.5561		1.9417
18	12.1257		1.91724
19	13.9288		1.90054
20	16		1.88422
21	18.3792		1.89384
22	21.1121		1.88058
23	24.2515		1.90355
24	27.8576		1.87936
25	32		1.86032
26	36.7583		1.88403
27	42.2243		1.86669
28	48.5029		1.85538
29	55.7152		1.86321
30	64		1.85548
31	73.5167		1.85095
32	84.4485		1.84776
33	97.0059		1.83468
34	111.43		1.81543
35	128		1.81993
36	147.033		1.83575
37	168.897		1.85128
38	194.012		1.8508
39	222.861		1.84781
40	256		1.85195
41	294.067		1.83566
42	337.794		1.83561
43	388.023		1.84303
Time difference = 0[s]
788

--------------- PolyVest ----------------
If you have any questions or if you have found some bugs,
please contact me at <gecj@ios.ac.cn>.

=========================================
Hyperplanes: 20
Dimensions:10

============= Preprocessing =============
R^2: 36
Origin: 
  -0.9000
  -0.8000
  -0.7000
  -0.6000
  -0.5000
  -0.4000
  -0.3000
  -0.2000
  -0.1000
  -1.5332
   6.0530        0        0        0        0        0        0        0        0        0
        0   6.0530        0        0        0        0        0        0        0        0
        0        0   6.0530        0        0        0        0        0        0        0
        0        0        0   6.0530        0        0        0        0        0        0
        0        0        0        0   6.0530        0        0        0        0        0
        0        0        0        0        0   6.0530        0        0        0        0
        0        0        0        0        0        0   6.0530        0        0        0
        0        0        0        0        0        0        0   6.0530        0        0
        0        0        0        0        0        0        0        0   6.0530        0
        0        0        0        0        0        0        0        0        0   5.4738

The number of iterations: 3
k	r^2		vol(k+1)/vol(k)
0	1		1.99584
1	1.1487		1.99115
2	1.31951		2.00898
3	1.51572		2.00814
4	1.7411		2.00921
5	2		1.98851
6	2.2974		1.99247
7	2.63902		1.99225
8	3.03143		1.99501
9	3.4822		2.00139
10	4		2.01551
11	4.59479		2.015
12	5.27803		1.98549
13	6.06287		1.99187
14	6.9644		1.98884
15	8		1.97061
16	9.18959		1.96356
17	10.5561		1.93014
18	12.1257		1.90446
19	13.9288		1.8918
20	16		1.91505
21	18.3792		1.89284
22	21.1121		1.89056
23	24.2515		1.88403
24	27.8576		1.88191
25	32		1.87612
26	36.7583		1.87461
27	42.2243		1.8562
28	48.5029		1.85519
29	55.7152		1.85926
30	64		1.83393
31	73.5167		1.85223
32	84.4485		1.84223
33	97.0059		1.81383
34	111.43		1.80959
35	128		1.82746
36	147.033		1.81479
37	168.897		1.81429
38	194.012		1.83365
39	222.861		1.83388
40	256		1.81887
41	294.067		1.85495
42	337.794		1.87774
43	388.023		1.87212
Time difference = 0[s]
905

--------------- PolyVest ----------------
If you have any questions or if you have found some bugs,
please contact me at <gecj@ios.ac.cn>.

=========================================
Hyperplanes: 20
Dimensions:10

============= Preprocessing =============
R^2: 36
Origin: 
  -0.9000
  -0.8000
  -0.7000
  -0.6000
  -0.5000
  -0.4000
  -0.3000
  -0.2000
  -0.1000
  -1.5332
   6.0530        0        0        0        0        0        0        0        0        0
        0   6.0530        0        0        0        0        0        0        0        0
        0        0   6.0530        0        0        0        0        0        0        0
        0        0        0   6.0530        0        0        0        0        0        0
        0        0        0        0   6.0530        0        0        0        0        0
        0        0        0        0        0   6.0530        0        0        0        0
        0        0        0        0        0        0   6.0530        0        0        0
        0        0        0        0        0        0        0   6.0530        0        0
        0        0        0        0        0        0        0        0   6.0530        0
        0        0        0        0        0        0        0        0        0   5.4738

The number of iterations: 3
k	r^2		vol(k+1)/vol(k)
0	1		2.00356
1	1.1487		1.99579
2	1.31951		2.00306
3	1.51572		2.00624
4	1.7411		2.00228
5	2		2.02321
6	2.2974		2.00619
7	2.63902		1.98353
8	3.03143		2.00067
9	3.4822		1.99126
10	4		1.9938
11	4.59479		2.04575
12	5.27803		1.98791
13	6.06287		1.99745
14	6.9644		1.97131
15	8		1.97131
16	9.18959		1.92952
17	10.5561		1.94721
18	12.1257		1.9318
19	13.9288		1.92092
20	16		1.90004
21	18.3792		1.89444
22	21.1121		1.85381
23	24.2515		1.87906
24	27.8576		1.88245
25	32		1.8796
26	36.7583		1.87402
27	42.2243		1.85754
28	48.5029		1.84658
29	55.7152		1.83706
30	64		1.85514
31	73.5167		1.85424
32	84.4485		1.83922
33	97.0059		1.83988
34	111.43		1.84715
35	128		1.85061
36	147.033		1.83833
37	168.897		1.83913
38	194.012		1.82205
39	222.861		1.84181
40	256		1.83257
41	294.067		1.83988
42	337.794		1.86591
43	388.023		1.83805
Time difference = 0[s]
789

--------------- PolyVest ----------------
If you have any questions or if you have found some bugs,
please contact me at <gecj@ios.ac.cn>.

=========================================
Hyperplanes: 20
Dimensions:10

============= Preprocessing =============
R^2: 36
Origin: 
  -0.9000
  -0.8000
  -0.7000
  -0.6000
  -0.5000
  -0.4000
  -0.3000
  -0.2000
  -0.1000
  -1.5332
   6.0530        0        0        0        0        0        0        0        0        0
        0   6.0530        0        0        0        0        0        0        0        0
        0        0   6.0530        0        0        0        0        0        0        0
        0        0        0   6.0530        0        0        0        0        0        0
        0        0        0        0   6.0530        0        0        0        0        0
        0        0        0        0        0   6.0530        0        0        0        0
        0        0        0        0        0        0   6.0530        0        0        0
        0        0        0        0        0        0        0   6.0530        0        0
        0        0        0        0        0        0        0        0   6.0530        0
        0        0        0        0        0        0        0        0        0   5.4738

The number of iterations: 3
k	r^2		vol(k+1)/vol(k)
0	1		2.00882
1	1.1487		1.99595
2	1.31951		2.00367
3	1.51572		1.97938
4	1.7411		1.99989
5	2		2.00122
6	2.2974		1.99978
7	2.63902		2.00256
8	3.03143		2.00579
9	3.4822		1.99154
10	4		1.97585
11	4.59479		1.9928
12	5.27803		1.9922
13	6.06287		1.98123
14	6.9644		1.96813
15	8		1.94348
16	9.18959		1.93746
17	10.5561		1.9334
18	12.1257		1.92606
19	13.9288		1.91438
20	16		1.91444
21	18.3792		1.88221
22	21.1121		1.88152
23	24.2515		1.87544
24	27.8576		1.87344
25	32		1.87598
26	36.7583		1.86085
27	42.2243		1.83969
28	48.5029		1.84786
29	55.7152		1.86707
30	64		1.84653
31	73.5167		1.84237
32	84.4485		1.85438
33	97.0059		1.84473
34	111.43		1.86717
35	128		1.86611
36	147.033		1.85233
37	168.897		1.85433
38	194.012		1.8472
39	222.861		1.84686
40	256		1.85033
41	294.067		1.86645
42	337.794		1.88107
43	388.023		1.87441
Time difference = 0[s]
791

--------------- PolyVest ----------------
If you have any questions or if you have found some bugs,
please contact me at <gecj@ios.ac.cn>.

=========================================
Hyperplanes: 20
Dimensions:10

============= Preprocessing =============
R^2: 36
Origin: 
  -0.9000
  -0.8000
  -0.7000
  -0.6000
  -0.5000
  -0.4000
  -0.3000
  -0.2000
  -0.1000
  -1.5332
   6.0530        0        0        0        0        0        0        0        0        0
        0   6.0530        0        0        0        0        0        0        0        0
        0        0   6.0530        0        0        0        0        0        0        0
        0        0        0   6.0530        0        0        0        0        0        0
        0        0        0        0   6.0530        0        0        0        0        0
        0        0        0        0        0   6.0530        0        0        0        0
        0        0        0        0        0        0   6.0530        0        0        0
        0        0        0        0        0        0        0   6.0530        0        0
        0        0        0        0        0        0        0        0   6.0530        0
        0        0        0        0        0        0        0        0        0   5.4738

The number of iterations: 3
k	r^2		vol(k+1)/vol(k)
0	1		2.00882
1	1.1487		1.99595
2	1.31951		2.00367
3	1.51572		1.97938
4	1.7411		1.99989
5	2		2.00122
6	2.2974		1.99978
7	2.63902		2.00256
8	3.03143		2.00579
9	3.4822		1.99154
10	4		1.97585
11	4.59479		1.9928
12	5.27803		1.9922
13	6.06287		1.98123
14	6.9644		1.96813
15	8		1.94348
16	9.18959		1.93746
17	10.5561		1.9334
18	12.1257		1.92606
19	13.9288		1.91438
20	16		1.91444
21	18.3792		1.88221
22	21.1121		1.88152
23	24.2515		1.87544
24	27.8576		1.87344
25	32		1.87598
26	36.7583		1.86085
27	42.2243		1.83969
28	48.5029		1.84786
29	55.7152		1.86707
30	64		1.84653
31	73.5167		1.84237
32	84.4485		1.85438
33	97.0059		1.84473
34	111.43		1.86717
35	128		1.86611
36	147.033		1.85233
37	168.897		1.85433
38	194.012		1.8472
39	222.861		1.84686
40	256		1.85033
41	294.067		1.86645
42	337.794		1.88107
43	388.023		1.87441
Time difference = 0[s]
788

--------------- PolyVest ----------------
If you have any questions or if you have found some bugs,
please contact me at <gecj@ios.ac.cn>.

=========================================
Hyperplanes: 20
Dimensions:10

============= Preprocessing =============
R^2: 36
Origin: 
  -0.9000
  -0.8000
  -0.7000
  -0.6000
  -0.5000
  -0.4000
  -0.3000
  -0.2000
  -0.1000
  -1.5332
   6.0530        0        0        0        0        0        0        0        0        0
        0   6.0530        0        0        0        0        0        0        0        0
        0        0   6.0530        0        0        0        0        0        0        0
        0        0        0   6.0530        0        0        0        0        0        0
        0        0        0        0   6.0530        0        0        0        0        0
        0        0        0        0        0   6.0530        0        0        0        0
        0        0        0        0        0        0   6.0530        0        0        0
        0        0        0        0        0        0        0   6.0530        0        0
        0        0        0        0        0        0        0        0   6.0530        0
        0        0        0        0        0        0        0        0        0   5.4738

The number of iterations: 3
k	r^2		vol(k+1)/vol(k)
0	1		2.02185
1	1.1487		2.00775
2	1.31951		2.01207
3	1.51572		1.99944
4	1.7411		1.98763
5	2		1.9917
6	2.2974		2.02966
7	2.63902		1.99917
8	3.03143		2.01196
9	3.4822		2.01202
10	4		1.97873
11	4.59479		2.01084
12	5.27803		2.01788
13	6.06287		1.98571
14	6.9644		1.96415
15	8		1.95865
16	9.18959		1.93543
17	10.5561		1.92792
18	12.1257		1.91489
19	13.9288		1.90295
20	16		1.90411
21	18.3792		1.89768
22	21.1121		1.89006
23	24.2515		1.86901
24	27.8576		1.89175
25	32		1.86133
26	36.7583		1.85706
27	42.2243		1.85419
28	48.5029		1.82486
29	55.7152		1.83645
30	64		1.83842
31	73.5167		1.825
32	84.4485		1.80886
33	97.0059		1.83496
34	111.43		1.83842
35	128		1.83309
36	147.033		1.81814
37	168.897		1.85147
38	194.012		1.84162
39	222.861		1.83885
40	256		1.84862
41	294.067		1.85147
42	337.794		1.85214
43	388.023		1.88902
Time difference = 0[s]
834

--------------- PolyVest ----------------
If you have any questions or if you have found some bugs,
please contact me at <gecj@ios.ac.cn>.

=========================================
Hyperplanes: 20
Dimensions:10

============= Preprocessing =============
R^2: 36
Origin: 
  -0.9000
  -0.8000
  -0.7000
  -0.6000
  -0.5000
  -0.4000
  -0.3000
  -0.2000
  -0.1000
  -1.5332
   6.0530        0        0        0        0        0        0        0        0        0
        0   6.0530        0        0        0        0        0        0        0        0
        0        0   6.0530        0        0        0        0        0        0        0
        0        0        0   6.0530        0        0        0        0        0        0
        0        0        0        0   6.0530        0        0        0        0        0
        0        0        0        0        0   6.0530        0        0        0        0
        0        0        0        0        0        0   6.0530        0        0        0
        0        0        0        0        0        0        0   6.0530        0        0
        0        0        0        0        0        0        0        0   6.0530        0
        0        0        0        0        0        0        0        0        0   5.4738

The number of iterations: 3
k	r^2		vol(k+1)/vol(k)
0	1		1.99656
1	1.1487		2.01528
2	1.31951		1.99822
3	1.51572		1.98298
4	1.7411		2.00994
5	2		1.97623
6	2.2974		2.00156
7	2.63902		1.99391
8	3.03143		1.98473
9	3.4822		1.99518
10	4		2.01935
11	4.59479		1.97753
12	5.27803		1.97797
13	6.06287		1.97672
14	6.9644		1.96926
15	8		1.94837
16	9.18959		1.94884
17	10.5561		1.936
18	12.1257		1.9123
19	13.9288		1.92457
20	16		1.90436
21	18.3792		1.90401
22	21.1121		1.86567
23	24.2515		1.89185
24	27.8576		1.88541
25	32		1.87081
26	36.7583		1.86766
27	42.2243		1.86974
28	48.5029		1.86746
29	55.7152		1.86114
30	64		1.84337
31	73.5167		1.84658
32	84.4485		1.84091
33	97.0059		1.84275
34	111.43		1.83355
35	128		1.83421
36	147.033		1.82997
37	168.897		1.84653
38	194.012		1.84488
39	222.861		1.8528
40	256		1.85019
41	294.067		1.84644
42	337.794		1.82918
43	388.023		1.84644
Time difference = 0[s]
908
