
--------------- PolyVest ----------------
If you have any questions or if you have found some bugs,
please contact me at <gecj@ios.ac.cn>.

=========================================
Hyperplanes: 20
Dimensions:10

============= Preprocessing =============
R^2: 10032
Origin: 
   -0.9010
   -0.8000
   -0.7000
   -0.6000
   -0.5000
   -0.4000
   -0.3000
   -0.2000
  -14.8000
  -11.5740
   9.6280e+01            0            0            0            0            0            0            0            0   1.0626e-03
            0   1.0149e+02            0            0            0            0            0            0            0            0
            0            0   1.0149e+02            0            0            0            0            0            0            0
            0            0            0   1.0149e+02            0            0            0            0            0            0
            0            0            0            0   1.0149e+02            0            0            0            0            0
            0            0            0            0            0   1.0149e+02            0            0            0            0
            0            0            0            0            0            0   1.0149e+02            0            0            0
            0            0            0            0            0            0            0   1.0149e+02            0            0
            0            0            0            0            0            0            0            0   1.0149e+02            0
            0            0            0            0            0            0            0            0            0   9.1999e+01

The number of iterations: 4
k	r^2		vol(k+1)/vol(k)
0	1		1.98456
1	1.1487		1.99983
2	1.31951		2.01218
3	1.51572		2.01089
4	1.7411		2.0123
5	2		2.01157
6	2.2974		2.00178
7	2.63902		1.99143
8	3.03143		1.99789
9	3.4822		1.99784
10	4		1.99032
11	4.59479		1.9641
12	5.27803		1.93009
13	6.06287		1.91464
14	6.9644		1.85495
15	8		1.85099
16	9.18959		1.82551
17	10.5561		1.81488
18	12.1257		1.82232
19	13.9288		1.79721
20	16		1.80176
21	18.3792		1.80365
22	21.1121		1.81919
23	24.2515		1.83076
24	27.8576		1.82876
25	32		1.83814
26	36.7583		1.82667
27	42.2243		1.8358
28	48.5029		1.82385
29	55.7152		1.82639
30	64		1.81713
31	73.5167		1.83225
32	84.4485		1.82214
33	97.0059		1.83655
34	111.43		1.85424
35	128		1.85219
36	147.033		1.8539
37	168.897		1.8731
38	194.012		1.8911
39	222.861		1.89041
40	256		1.92828
41	294.067		1.91571
42	337.794		1.93112
43	388.023		1.90911
Time difference = 1[s]
1075

--------------- PolyVest ----------------
If you have any questions or if you have found some bugs,
please contact me at <gecj@ios.ac.cn>.

=========================================
Hyperplanes: 20
Dimensions:10

============= Preprocessing =============
R^2: 10032
Origin: 
   -0.9010
   -0.8000
   -0.7000
   -0.6000
   -0.5000
   -0.4000
   -0.3000
   -0.2000
  -14.8000
  -11.5740
   9.6280e+01            0            0            0            0            0            0            0            0   1.0626e-03
            0   1.0149e+02            0            0            0            0            0            0            0            0
            0            0   1.0149e+02            0            0            0            0            0            0            0
            0            0            0   1.0149e+02            0            0            0            0            0            0
            0            0            0            0   1.0149e+02            0            0            0            0            0
            0            0            0            0            0   1.0149e+02            0            0            0            0
            0            0            0            0            0            0   1.0149e+02            0            0            0
            0            0            0            0            0            0            0   1.0149e+02            0            0
            0            0            0            0            0            0            0            0   1.0149e+02            0
            0            0            0            0            0            0            0            0            0   9.1999e+01

The number of iterations: 4
k	r^2		vol(k+1)/vol(k)
0	1		2.00966
1	1.1487		1.9938
2	1.31951		2.01986
3	1.51572		2.00557
4	1.7411		2.00994
5	2		2.02219
6	2.2974		2.00184
7	2.63902		2.00022
8	3.03143		2.00468
9	3.4822		1.99258
10	4		1.97569
11	4.59479		1.93434
12	5.27803		1.9346
13	6.06287		1.88103
14	6.9644		1.88127
15	8		1.84337
16	9.18959		1.83805
17	10.5561		1.82431
18	12.1257		1.8197
19	13.9288		1.80524
20	16		1.8358
21	18.3792		1.81155
22	21.1121		1.81242
23	24.2515		1.80782
24	27.8576		1.81429
25	32		1.81552
26	36.7583		1.8197
27	42.2243		1.80447
28	48.5029		1.82463
29	55.7152		1.82723
30	64		1.84223
31	73.5167		1.87144
32	84.4485		1.87437
33	97.0059		1.85941
34	111.43		1.85085
35	128		1.892
36	147.033		1.88216
37	168.897		1.88566
38	194.012		1.88398
39	222.861		1.90084
40	256		1.87715
41	294.067		1.88744
42	337.794		1.88289
43	388.023		1.86848
Time difference = 0[s]
857

--------------- PolyVest ----------------
If you have any questions or if you have found some bugs,
please contact me at <gecj@ios.ac.cn>.

=========================================
Hyperplanes: 20
Dimensions:10

============= Preprocessing =============
R^2: 10032
Origin: 
   -0.9010
   -0.8000
   -0.7000
   -0.6000
   -0.5000
   -0.4000
   -0.3000
   -0.2000
  -14.8000
  -11.5740
   9.6280e+01            0            0            0            0            0            0            0            0   1.0626e-03
            0   1.0149e+02            0            0            0            0            0            0            0            0
            0            0   1.0149e+02            0            0            0            0            0            0            0
            0            0            0   1.0149e+02            0            0            0            0            0            0
            0            0            0            0   1.0149e+02            0            0            0            0            0
            0            0            0            0            0   1.0149e+02            0            0            0            0
            0            0            0            0            0            0   1.0149e+02            0            0            0
            0            0            0            0            0            0            0   1.0149e+02            0            0
            0            0            0            0            0            0            0            0   1.0149e+02            0
            0            0            0            0            0            0            0            0            0   9.1999e+01

The number of iterations: 4
k	r^2		vol(k+1)/vol(k)
0	1		2.00596
1	1.1487		2.01106
2	1.31951		1.97916
3	1.51572		1.99939
4	1.7411		1.99689
5	2		2.01342
6	2.2974		2.02406
7	2.63902		2.00384
8	3.03143		1.97136
9	3.4822		2.02122
10	4		1.99363
11	4.59479		1.9678
12	5.27803		1.91974
13	6.06287		1.88615
14	6.9644		1.85639
15	8		1.82579
16	9.18959		1.8329
17	10.5561		1.82574
18	12.1257		1.80496
19	13.9288		1.78744
20	16		1.79609
21	18.3792		1.79484
22	21.1121		1.80578
23	24.2515		1.8018
24	27.8576		1.80923
25	32		1.79897
26	36.7583		1.80873
27	42.2243		1.81942
28	48.5029		1.84275
29	55.7152		1.84077
30	64		1.822
31	73.5167		1.84346
32	84.4485		1.84985
33	97.0059		1.83346
34	111.43		1.88122
35	128		1.86504
36	147.033		1.86872
37	168.897		1.88196
38	194.012		1.8913
39	222.861		1.89021
40	256		1.88403
41	294.067		1.89414
42	337.794		1.90396
43	388.023		1.90074
Time difference = 0[s]
879

--------------- PolyVest ----------------
If you have any questions or if you have found some bugs,
please contact me at <gecj@ios.ac.cn>.

=========================================
Hyperplanes: 20
Dimensions:10

============= Preprocessing =============
R^2: 10032
Origin: 
   -0.9010
   -0.8000
   -0.7000
   -0.6000
   -0.5000
   -0.4000
   -0.3000
   -0.2000
  -14.8000
  -11.5740
   9.6280e+01            0            0            0            0            0            0            0            0   1.0626e-03
            0   1.0149e+02            0            0            0            0            0            0            0            0
            0            0   1.0149e+02            0            0            0            0            0            0            0
            0            0            0   1.0149e+02            0            0            0            0            0            0
            0            0            0            0   1.0149e+02            0            0            0            0            0
            0            0            0            0            0   1.0149e+02            0            0            0            0
            0            0            0            0            0            0   1.0149e+02            0            0            0
            0            0            0            0            0            0            0   1.0149e+02            0            0
            0            0            0            0            0            0            0            0   1.0149e+02            0
            0            0            0            0            0            0            0            0            0   9.1999e+01

The number of iterations: 4
k	r^2		vol(k+1)/vol(k)
0	1		1.98884
1	1.1487		1.99369
2	1.31951		1.98857
3	1.51572		1.97639
4	1.7411		2.00273
5	2		1.98424
6	2.2974		1.98238
7	2.63902		1.97715
8	3.03143		1.9889
9	3.4822		1.99634
10	4		1.9906
11	4.59479		1.95514
12	5.27803		1.91357
13	6.06287		1.8921
14	6.9644		1.8823
15	8		1.84848
16	9.18959		1.80941
17	10.5561		1.81548
18	12.1257		1.81337
19	13.9288		1.80641
20	16		1.80492
21	18.3792		1.7894
22	21.1121		1.78909
23	24.2515		1.79627
24	27.8576		1.78474
25	32		1.79879
26	36.7583		1.79547
27	42.2243		1.79906
28	48.5029		1.82265
29	55.7152		1.83889
30	64		1.84068
31	73.5167		1.85414
32	84.4485		1.83206
33	97.0059		1.86712
34	111.43		1.875
35	128		1.88339
36	147.033		1.90885
37	168.897		1.922
38	194.012		1.91184
39	222.861		1.88991
40	256		1.90612
41	294.067		1.91714
42	337.794		1.8798
43	388.023		1.90315
Time difference = 0[s]
847

--------------- PolyVest ----------------
If you have any questions or if you have found some bugs,
please contact me at <gecj@ios.ac.cn>.

=========================================
Hyperplanes: 20
Dimensions:10

============= Preprocessing =============
R^2: 10032
Origin: 
   -0.9010
   -0.8000
   -0.7000
   -0.6000
   -0.5000
   -0.4000
   -0.3000
   -0.2000
  -14.8000
  -11.5740
   9.6280e+01            0            0            0            0            0            0            0            0   1.0626e-03
            0   1.0149e+02            0            0            0            0            0            0            0            0
            0            0   1.0149e+02            0            0            0            0            0            0            0
            0            0            0   1.0149e+02            0            0            0            0            0            0
            0            0            0            0   1.0149e+02            0            0            0            0            0
            0            0            0            0            0   1.0149e+02            0            0            0            0
            0            0            0            0            0            0   1.0149e+02            0            0            0
            0            0            0            0            0            0            0   1.0149e+02            0            0
            0            0            0            0            0            0            0            0   1.0149e+02            0
            0            0            0            0            0            0            0            0            0   9.1999e+01

The number of iterations: 4
k	r^2		vol(k+1)/vol(k)
0	1		1.99507
1	1.1487		1.99507
2	1.31951		2.01151
3	1.51572		1.99579
4	1.7411		2.00943
5	2		1.99049
6	2.2974		1.98391
7	2.63902		1.99822
8	3.03143		1.99507
9	3.4822		2.0114
10	4		1.97846
11	4.59479		1.97087
12	5.27803		1.91954
13	6.06287		1.89698
14	6.9644		1.88186
15	8		1.85821
16	9.18959		1.83113
17	10.5561		1.83299
18	12.1257		1.81205
19	13.9288		1.8203
20	16		1.81584
21	18.3792		1.80099
22	21.1121		1.81082
23	24.2515		1.82797
24	27.8576		1.82588
25	32		1.84148
26	36.7583		1.85352
27	42.2243		1.82352
28	48.5029		1.81159
29	55.7152		1.83655
30	64		1.83491
31	73.5167		1.86509
32	84.4485		1.85955
33	97.0059		1.86882
34	111.43		1.8712
35	128		1.89284
36	147.033		1.88838
37	168.897		1.89608
38	194.012		1.8797
39	222.861		1.91215
40	256		1.89359
41	294.067		1.89778
42	337.794		1.89703
43	388.023		1.92833
Time difference = 0[s]
918

--------------- PolyVest ----------------
If you have any questions or if you have found some bugs,
please contact me at <gecj@ios.ac.cn>.

=========================================
Hyperplanes: 20
Dimensions:10

============= Preprocessing =============
R^2: 10032
Origin: 
   -0.9010
   -0.8000
   -0.7000
   -0.6000
   -0.5000
   -0.4000
   -0.3000
   -0.2000
  -14.8000
  -11.5740
   9.6280e+01            0            0            0            0            0            0            0            0   1.0626e-03
            0   1.0149e+02            0            0            0            0            0            0            0            0
            0            0   1.0149e+02            0            0            0            0            0            0            0
            0            0            0   1.0149e+02            0            0            0            0            0            0
            0            0            0            0   1.0149e+02            0            0            0            0            0
            0            0            0            0            0   1.0149e+02            0            0            0            0
            0            0            0            0            0            0   1.0149e+02            0            0            0
            0            0            0            0            0            0            0   1.0149e+02            0            0
            0            0            0            0            0            0            0            0   1.0149e+02            0
            0            0            0            0            0            0            0            0            0   9.1999e+01

The number of iterations: 4
k	r^2		vol(k+1)/vol(k)
0	1		1.99021
1	1.1487		2.00949
2	1.31951		2.00814
3	1.51572		2.00674
4	1.7411		1.98659
5	2		1.9938
6	2.2974		2.00117
7	2.63902		2.01969
8	3.03143		1.99347
9	3.4822		2.00211
10	4		1.99557
11	4.59479		1.95876
12	5.27803		1.92601
13	6.06287		1.90592
14	6.9644		1.89135
15	8		1.85276
16	9.18959		1.81369
17	10.5561		1.82644
18	12.1257		1.83029
19	13.9288		1.80591
20	16		1.81123
21	18.3792		1.80591
22	21.1121		1.83599
23	24.2515		1.81603
24	27.8576		1.80746
25	32		1.8174
26	36.7583		1.80451
27	42.2243		1.82699
28	48.5029		1.84016
29	55.7152		1.82597
30	64		1.84686
31	73.5167		1.85147
32	84.4485		1.84445
33	97.0059		1.84852
34	111.43		1.85941
35	128		1.87744
36	147.033		1.88117
37	168.897		1.87378
38	194.012		1.89269
39	222.861		1.88793
40	256		1.90617
41	294.067		1.8926
42	337.794		1.93403
43	388.023		1.94033
Time difference = 0[s]
839

--------------- PolyVest ----------------
If you have any questions or if you have found some bugs,
please contact me at <gecj@ios.ac.cn>.

=========================================
Hyperplanes: 20
Dimensions:10

============= Preprocessing =============
R^2: 10032
Origin: 
   -0.9010
   -0.8000
   -0.7000
   -0.6000
   -0.5000
   -0.4000
   -0.3000
   -0.2000
  -14.8000
  -11.5740
   9.6280e+01            0            0            0            0            0            0            0            0   1.0626e-03
            0   1.0149e+02            0            0            0            0            0            0            0            0
            0            0   1.0149e+02            0            0            0            0            0            0            0
            0            0            0   1.0149e+02            0            0            0            0            0            0
            0            0            0            0   1.0149e+02            0            0            0            0            0
            0            0            0            0            0   1.0149e+02            0            0            0            0
            0            0            0            0            0            0   1.0149e+02            0            0            0
            0            0            0            0            0            0            0   1.0149e+02            0            0
            0            0            0            0            0            0            0            0   1.0149e+02            0
            0            0            0            0            0            0            0            0            0   9.1999e+01

The number of iterations: 4
k	r^2		vol(k+1)/vol(k)
0	1		1.99021
1	1.1487		2.00949
2	1.31951		2.00814
3	1.51572		2.00674
4	1.7411		1.98659
5	2		1.9938
6	2.2974		2.00117
7	2.63902		2.01969
8	3.03143		1.99347
9	3.4822		2.00211
10	4		1.99557
11	4.59479		1.95876
12	5.27803		1.92601
13	6.06287		1.90592
14	6.9644		1.89135
15	8		1.85276
16	9.18959		1.81369
17	10.5561		1.82644
18	12.1257		1.83029
19	13.9288		1.80591
20	16		1.81123
21	18.3792		1.80591
22	21.1121		1.83599
23	24.2515		1.81603
24	27.8576		1.80746
25	32		1.8174
26	36.7583		1.80451
27	42.2243		1.82699
28	48.5029		1.84016
29	55.7152		1.82597
30	64		1.84686
31	73.5167		1.85147
32	84.4485		1.84445
33	97.0059		1.84852
34	111.43		1.85941
35	128		1.87744
36	147.033		1.88117
37	168.897		1.87378
38	194.012		1.89269
39	222.861		1.88793
40	256		1.90617
41	294.067		1.8926
42	337.794		1.93403
43	388.023		1.94033
Time difference = 0[s]
834

--------------- PolyVest ----------------
If you have any questions or if you have found some bugs,
please contact me at <gecj@ios.ac.cn>.

=========================================
Hyperplanes: 20
Dimensions:10

============= Preprocessing =============
R^2: 10032
Origin: 
   -0.9010
   -0.8000
   -0.7000
   -0.6000
   -0.5000
   -0.4000
   -0.3000
   -0.2000
  -14.8000
  -11.5740
   9.6280e+01            0            0            0            0            0            0            0            0   1.0626e-03
            0   1.0149e+02            0            0            0            0            0            0            0            0
            0            0   1.0149e+02            0            0            0            0            0            0            0
            0            0            0   1.0149e+02            0            0            0            0            0            0
            0            0            0            0   1.0149e+02            0            0            0            0            0
            0            0            0            0            0   1.0149e+02            0            0            0            0
            0            0            0            0            0            0   1.0149e+02            0            0            0
            0            0            0            0            0            0            0   1.0149e+02            0            0
            0            0            0            0            0            0            0            0   1.0149e+02            0
            0            0            0            0            0            0            0            0            0   9.1999e+01

The number of iterations: 4
k	r^2		vol(k+1)/vol(k)
0	1		1.97916
1	1.1487		1.98413
2	1.31951		2.00579
3	1.51572		1.99822
4	1.7411		1.99634
5	2		1.99474
6	2.2974		2.02401
7	2.63902		2.00423
8	3.03143		2.01387
9	3.4822		2.0005
10	4		1.97835
11	4.59479		1.95599
12	5.27803		1.92467
13	6.06287		1.89984
14	6.9644		1.87651
15	8		1.86703
16	9.18959		1.8358
17	10.5561		1.8308
18	12.1257		1.82918
19	13.9288		1.8191
20	16		1.80741
21	18.3792		1.81864
22	21.1121		1.81164
23	24.2515		1.81346
24	27.8576		1.8
25	32		1.81685
26	36.7583		1.82053
27	42.2243		1.82523
28	48.5029		1.83683
29	55.7152		1.83006
30	64		1.83285
31	73.5167		1.84606
32	84.4485		1.86119
33	97.0059		1.85338
34	111.43		1.86051
35	128		1.8861
36	147.033		1.86611
37	168.897		1.90391
38	194.012		1.85687
39	222.861		1.88353
40	256		1.88265
41	294.067		1.87062
42	337.794		1.89753
43	388.023		1.92962
Time difference = 0[s]
864

--------------- PolyVest ----------------
If you have any questions or if you have found some bugs,
please contact me at <gecj@ios.ac.cn>.

=========================================
Hyperplanes: 20
Dimensions:10

============= Preprocessing =============
R^2: 10032
Origin: 
   -0.9010
   -0.8000
   -0.7000
   -0.6000
   -0.5000
   -0.4000
   -0.3000
   -0.2000
  -14.8000
  -11.5740
   9.6280e+01            0            0            0            0            0            0            0            0   1.0626e-03
            0   1.0149e+02            0            0            0            0            0            0            0            0
            0            0   1.0149e+02            0            0            0            0            0            0            0
            0            0            0   1.0149e+02            0            0            0            0            0            0
            0            0            0            0   1.0149e+02            0            0            0            0            0
            0            0            0            0            0   1.0149e+02            0            0            0            0
            0            0            0            0            0            0   1.0149e+02            0            0            0
            0            0            0            0            0            0            0   1.0149e+02            0            0
            0            0            0            0            0            0            0            0   1.0149e+02            0
            0            0            0            0            0            0            0            0            0   9.1999e+01

The number of iterations: 4
k	r^2		vol(k+1)/vol(k)
0	1		1.99463
1	1.1487		2.00719
2	1.31951		1.99275
3	1.51572		2.0039
4	1.7411		1.99457
5	2		2.00613
6	2.2974		1.98703
7	2.63902		1.98031
8	3.03143		2.01072
9	3.4822		1.98303
10	4		1.98091
11	4.59479		1.95865
12	5.27803		1.91576
13	6.06287		1.89618
14	6.9644		1.87446
15	8		1.8752
16	9.18959		1.85624
17	10.5561		1.86355
18	12.1257		1.83852
19	13.9288		1.82172
20	16		1.81064
21	18.3792		1.82325
22	21.1121		1.81713
23	24.2515		1.82292
24	27.8576		1.82621
25	32		1.84219
26	36.7583		1.81516
27	42.2243		1.81993
28	48.5029		1.81612
29	55.7152		1.80203
30	64		1.81726
31	73.5167		1.8585
32	84.4485		1.83678
33	97.0059		1.87188
34	111.43		1.85362
35	128		1.87008
36	147.033		1.88635
37	168.897		1.8774
38	194.012		1.87451
39	222.861		1.86916
40	256		1.89041
41	294.067		1.92735
42	337.794		1.94779
43	388.023		1.94222
Time difference = 0[s]
896

--------------- PolyVest ----------------
If you have any questions or if you have found some bugs,
please contact me at <gecj@ios.ac.cn>.

=========================================
Hyperplanes: 20
Dimensions:10

============= Preprocessing =============
R^2: 10032
Origin: 
   -0.9010
   -0.8000
   -0.7000
   -0.6000
   -0.5000
   -0.4000
   -0.3000
   -0.2000
  -14.8000
  -11.5740
   9.6280e+01            0            0            0            0            0            0            0            0   1.0626e-03
            0   1.0149e+02            0            0            0            0            0            0            0            0
            0            0   1.0149e+02            0            0            0            0            0            0            0
            0            0            0   1.0149e+02            0            0            0            0            0            0
            0            0            0            0   1.0149e+02            0            0            0            0            0
            0            0            0            0            0   1.0149e+02            0            0            0            0
            0            0            0            0            0            0   1.0149e+02            0            0            0
            0            0            0            0            0            0            0   1.0149e+02            0            0
            0            0            0            0            0            0            0            0   1.0149e+02            0
            0            0            0            0            0            0            0            0            0   9.1999e+01

The number of iterations: 4
k	r^2		vol(k+1)/vol(k)
0	1		2.01924
1	1.1487		2.00451
2	1.31951		2.00758
3	1.51572		1.99247
4	1.7411		2.02418
5	2		2.00457
6	2.2974		1.99049
7	2.63902		1.9705
8	3.03143		1.97819
9	3.4822		1.98846
10	4		1.99529
11	4.59479		1.95929
12	5.27803		1.92534
13	6.06287		1.91985
14	6.9644		1.8679
15	8		1.84715
16	9.18959		1.83889
17	10.5561		1.8208
18	12.1257		1.81942
19	13.9288		1.8163
20	16		1.81374
21	18.3792		1.81736
22	21.1121		1.83015
23	24.2515		1.8357
24	27.8576		1.80786
25	32		1.81988
26	36.7583		1.81644
27	42.2243		1.83875
28	48.5029		1.83932
29	55.7152		1.82658
30	64		1.84337
31	73.5167		1.84611
32	84.4485		1.86819
33	97.0059		1.85467
34	111.43		1.84087
35	128		1.87422
36	147.033		1.86234
37	168.897		1.87857
38	194.012		1.91052
39	222.861		1.88349
40	256		1.88457
41	294.067		1.88004
42	337.794		1.88605
43	388.023		1.90446
Time difference = 0[s]
816
