
--------------- PolyVest ----------------
If you have any questions or if you have found some bugs,
please contact me at <gecj@ios.ac.cn>.

=========================================
Hyperplanes: 80
Dimensions:40

============= Preprocessing =============
R^2: 156
Origin: 
  -0.9750
  -0.9500
  -0.9250
  -0.9000
  -0.8750
  -0.8500
  -0.8250
  -0.8000
  -0.7750
  -0.7500
  -0.7250
  -0.7000
  -0.6750
  -0.6500
  -0.6250
  -0.6000
  -0.5750
  -0.5500
  -0.5250
  -0.5000
  -0.4750
  -0.4500
  -0.4250
  -0.4000
  -0.3750
  -0.3500
  -0.3250
  -0.3000
  -0.2750
  -0.2500
  -0.2250
  -0.2000
  -0.1750
  -0.1500
  -0.1250
  -0.1000
  -0.0750
  -0.0500
  -0.0250
  -1.3028
   12.4968         0         0         0         0         0         0         0         0         0         0         0         0         0         0         0         0         0         0         0         0         0         0         0         0         0         0         0         0         0         0         0         0         0         0         0         0         0         0         0
         0   12.4968         0         0         0         0         0         0         0         0         0         0         0         0         0         0         0         0         0         0         0         0         0         0         0         0         0         0         0         0         0         0         0         0         0         0         0         0         0         0
         0         0   12.4968         0         0         0         0         0         0         0         0         0         0         0         0         0         0         0         0         0         0         0         0         0         0         0         0         0         0         0         0         0         0         0         0         0         0         0         0         0
         0         0         0   12.4968         0         0         0         0         0         0         0         0         0         0         0         0         0         0         0         0         0         0         0         0         0         0         0         0         0         0         0         0         0         0         0         0         0         0         0         0
         0         0         0         0   12.4968         0         0         0         0         0         0         0         0         0         0         0         0         0         0         0         0         0         0         0         0         0         0         0         0         0         0         0         0         0         0         0         0         0         0         0
         0         0         0         0         0   12.4968         0         0         0         0         0         0         0         0         0         0         0         0         0         0         0         0         0         0         0         0         0         0         0         0         0         0         0         0         0         0         0         0         0         0
         0         0         0         0         0         0   12.4968         0         0         0         0         0         0         0         0         0         0         0         0         0         0         0         0         0         0         0         0         0         0         0         0         0         0         0         0         0         0         0         0         0
         0         0         0         0         0         0         0   12.4968         0         0         0         0         0         0         0         0         0         0         0         0         0         0         0         0         0         0         0         0         0         0         0         0         0         0         0         0         0         0         0         0
         0         0         0         0         0         0         0         0   12.4968         0         0         0         0         0         0         0         0         0         0         0         0         0         0         0         0         0         0         0         0         0         0         0         0         0         0         0         0         0         0         0
         0         0         0         0         0         0         0         0         0   12.4968         0         0         0         0         0         0         0         0         0         0         0         0         0         0         0         0         0         0         0         0         0         0         0         0         0         0         0         0         0         0
         0         0         0         0         0         0         0         0         0         0   12.4968         0         0         0         0         0         0         0         0         0         0         0         0         0         0         0         0         0         0         0         0         0         0         0         0         0         0         0         0         0
         0         0         0         0         0         0         0         0         0         0         0   12.4968         0         0         0         0         0         0         0         0         0         0         0         0         0         0         0         0         0         0         0         0         0         0         0         0         0         0         0         0
         0         0         0         0         0         0         0         0         0         0         0         0   12.4968         0         0         0         0         0         0         0         0         0         0         0         0         0         0         0         0         0         0         0         0         0         0         0         0         0         0         0
         0         0         0         0         0         0         0         0         0         0         0         0         0   12.4968         0         0         0         0         0         0         0         0         0         0         0         0         0         0         0         0         0         0         0         0         0         0         0         0         0         0
         0         0         0         0         0         0         0         0         0         0         0         0         0         0   12.4968         0         0         0         0         0         0         0         0         0         0         0         0         0         0         0         0         0         0         0         0         0         0         0         0         0
         0         0         0         0         0         0         0         0         0         0         0         0         0         0         0   12.4968         0         0         0         0         0         0         0         0         0         0         0         0         0         0         0         0         0         0         0         0         0         0         0         0
         0         0         0         0         0         0         0         0         0         0         0         0         0         0         0         0   12.4968         0         0         0         0         0         0         0         0         0         0         0         0         0         0         0         0         0         0         0         0         0         0         0
         0         0         0         0         0         0         0         0         0         0         0         0         0         0         0         0         0   12.4968         0         0         0         0         0         0         0         0         0         0         0         0         0         0         0         0         0         0         0         0         0         0
         0         0         0         0         0         0         0         0         0         0         0         0         0         0         0         0         0         0   12.4968         0         0         0         0         0         0         0         0         0         0         0         0         0         0         0         0         0         0         0         0         0
         0         0         0         0         0         0         0         0         0         0         0         0         0         0         0         0         0         0         0   12.4968         0         0         0         0         0         0         0         0         0         0         0         0         0         0         0         0         0         0         0         0
         0         0         0         0         0         0         0         0         0         0         0         0         0         0         0         0         0         0         0         0   12.4968         0         0         0         0         0         0         0         0         0         0         0         0         0         0         0         0         0         0         0
         0         0         0         0         0         0         0         0         0         0         0         0         0         0         0         0         0         0         0         0         0   12.4968         0         0         0         0         0         0         0         0         0         0         0         0         0         0         0         0         0         0
         0         0         0         0         0         0         0         0         0         0         0         0         0         0         0         0         0         0         0         0         0         0   12.4968         0         0         0         0         0         0         0         0         0         0         0         0         0         0         0         0         0
         0         0         0         0         0         0         0         0         0         0         0         0         0         0         0         0         0         0         0         0         0         0         0   12.4968         0         0         0         0         0         0         0         0         0         0         0         0         0         0         0         0
         0         0         0         0         0         0         0         0         0         0         0         0         0         0         0         0         0         0         0         0         0         0         0         0   12.4968         0         0         0         0         0         0         0         0         0         0         0         0         0         0         0
         0         0         0         0         0         0         0         0         0         0         0         0         0         0         0         0         0         0         0         0         0         0         0         0         0   12.4968         0         0         0         0         0         0         0         0         0         0         0         0         0         0
         0         0         0         0         0         0         0         0         0         0         0         0         0         0         0         0         0         0         0         0         0         0         0         0         0         0   12.4968         0         0         0         0         0         0         0         0         0         0         0         0         0
         0         0         0         0         0         0         0         0         0         0         0         0         0         0         0         0         0         0         0         0         0         0         0         0         0         0         0   12.4968         0         0         0         0         0         0         0         0         0         0         0         0
         0         0         0         0         0         0         0         0         0         0         0         0         0         0         0         0         0         0         0         0         0         0         0         0         0         0         0         0   12.4968         0         0         0         0         0         0         0         0         0         0         0
         0         0         0         0         0         0         0         0         0         0         0         0         0         0         0         0         0         0         0         0         0         0         0         0         0         0         0         0         0   12.4968         0         0         0         0         0         0         0         0         0         0
         0         0         0         0         0         0         0         0         0         0         0         0         0         0         0         0         0         0         0         0         0         0         0         0         0         0         0         0         0         0   12.4968         0         0         0         0         0         0         0         0         0
         0         0         0         0         0         0         0         0         0         0         0         0         0         0         0         0         0         0         0         0         0         0         0         0         0         0         0         0         0         0         0   12.4968         0         0         0         0         0         0         0         0
         0         0         0         0         0         0         0         0         0         0         0         0         0         0         0         0         0         0         0         0         0         0         0         0         0         0         0         0         0         0         0         0   12.4968         0         0         0         0         0         0         0
         0         0         0         0         0         0         0         0         0         0         0         0         0         0         0         0         0         0         0         0         0         0         0         0         0         0         0         0         0         0         0         0         0   12.4968         0         0         0         0         0         0
         0         0         0         0         0         0         0         0         0         0         0         0         0         0         0         0         0         0         0         0         0         0         0         0         0         0         0         0         0         0         0         0         0         0   12.4968         0         0         0         0         0
         0         0         0         0         0         0         0         0         0         0         0         0         0         0         0         0         0         0         0         0         0         0         0         0         0         0         0         0         0         0         0         0         0         0         0   12.4968         0         0         0         0
         0         0         0         0         0         0         0         0         0         0         0         0         0         0         0         0         0         0         0         0         0         0         0         0         0         0         0         0         0         0         0         0         0         0         0         0   12.4968         0         0         0
         0         0         0         0         0         0         0         0         0         0         0         0         0         0         0         0         0         0         0         0         0         0         0         0         0         0         0         0         0         0         0         0         0         0         0         0         0   12.4968         0         0
         0         0         0         0         0         0         0         0         0         0         0         0         0         0         0         0         0         0         0         0         0         0         0         0         0         0         0         0         0         0         0         0         0         0         0         0         0         0   12.4968         0
         0         0         0         0         0         0         0         0         0         0         0         0         0         0         0         0         0         0         0         0         0         0         0         0         0         0         0         0         0         0         0         0         0         0         0         0         0         0         0   12.1882

The number of iterations: 3
k	r^2		vol(k+1)/vol(k)
0	1		1.98943
1	1.03526		1.9954
2	1.07177		2.0018
3	1.10957		2.01338
4	1.1487		1.99591
5	1.18921		1.99783
6	1.23114		1.99895
7	1.27456		2.00254
8	1.31951		1.99787
9	1.36604		1.99709
10	1.41421		2.00012
11	1.46409		1.99752
12	1.51572		1.99125
13	1.56917		1.99592
14	1.6245		1.99859
15	1.68179		1.99654
16	1.7411		1.99593
17	1.8025		2.0063
18	1.86607		1.99023
19	1.93187		2.00088
20	2		2.00285
21	2.07053		1.99106
22	2.14355		2.00248
23	2.21914		1.99729
24	2.2974		1.99973
25	2.37841		1.98874
26	2.46229		2.00064
27	2.54912		2.00136
28	2.63902		1.99405
29	2.73208		1.99877
30	2.82843		1.99587
31	2.92817		2.00212
32	3.03143		1.99275
33	3.13834		1.99613
34	3.24901		1.99025
35	3.36359		2.00262
36	3.4822		2.00216
37	3.605		2.00369
38	3.73213		1.99329
39	3.86375		1.99396
40	4		2.00275
41	4.14106		2.00559
42	4.28709		1.99958
43	4.43828		1.99485
44	4.59479		2.00391
45	4.75683		2.00208
46	4.92458		2.00033
47	5.09824		1.99154
48	5.27803		1.99536
49	5.46416		1.99985
50	5.65685		1.99776
51	5.85634		2.00025
52	6.06287		2.00098
53	6.27667		1.99735
54	6.49802		1.99315
55	6.72717		1.9912
56	6.9644		2.0001
57	7.21		1.99843
58	7.46426		2.0032
59	7.72749		2.00542
60	8		2.00666
61	8.28212		2.00334
62	8.57419		1.99542
63	8.87656		1.99932
64	9.18959		1.99133
65	9.51366		1.99156
66	9.84916		2.00399
67	10.1965		1.99592
68	10.5561		1.99396
69	10.9283		2.00661
70	11.3137		2.00084
71	11.7127		2.00769
72	12.1257		2.00108
73	12.5533		1.99893
74	12.996		2.001
75	13.4543		2.00152
76	13.9288		1.99587
77	14.42		2.00347
78	14.9285		2.00512
79	15.455		1.99888
80	16		2.00564
81	16.5642		1.99319
82	17.1484		2.00154
83	17.7531		1.99776
84	18.3792		1.99835
85	19.0273		1.98874
86	19.6983		1.99083
87	20.393		1.98947
88	21.1121		1.99508
89	21.8566		1.99795
90	22.6274		1.99013
91	23.4254		1.98807
92	24.2515		1.99038
93	25.1067		1.9965
94	25.9921		1.97839
95	26.9087		1.99352
96	27.8576		1.9813
97	28.84		1.9785
98	29.8571		1.97525
99	30.91		1.97397
100	32		1.9761
101	33.1285		1.98441
102	34.2968		1.98271
103	35.5062		1.98217
104	36.7583		1.98816
105	38.0546		1.98899
106	39.3966		1.98004
107	40.7859		1.97651
108	42.2243		1.97607
109	43.7133		1.96832
110	45.2548		1.97511
111	46.8507		1.95886
112	48.5029		1.96479
113	50.2134		1.96852
114	51.9842		1.96397
115	53.8174		1.96969
116	55.7152		1.96391
117	57.68		1.96163
118	59.7141		1.96677
119	61.8199		1.96514
120	64		1.96377
121	66.257		1.95982
122	68.5935		1.96174
123	71.0124		1.97308
124	73.5167		1.97052
125	76.1093		1.97068
126	78.7932		1.96632
127	81.5719		1.96248
128	84.4485		1.95227
129	87.4266		1.96216
130	90.5097		1.95606
131	93.7015		1.96129
132	97.0059		1.96035
133	100.427		1.96157
134	103.968		1.95223
135	107.635		1.96114
136	111.43		1.95194
137	115.36		1.96341
138	119.428		1.95839
139	123.64		1.94622
140	128		1.96387
141	132.514		1.96619
142	137.187		1.9632
143	142.025		1.96346
144	147.033		1.96269
145	152.219		1.96004
146	157.586		1.96984
147	163.144		1.95738
148	168.897		1.95864
149	174.853		1.95842
150	181.019		1.95162
151	187.403		1.95659
152	194.012		1.95317
153	200.854		1.95349
154	207.937		1.95322
155	215.269		1.9582
156	222.861		1.95744
157	230.72		1.96149
158	238.856		1.96043
159	247.28		1.95475
160	256		1.96396
161	265.028		1.95418
162	274.374		1.9413
163	284.05		1.95594
164	294.067		1.95192
165	304.437		1.95314
166	315.173		1.95779
167	326.288		1.95778
168	337.794		1.96047
169	349.706		1.94914
170	362.039		1.94861
171	374.806		1.96275
172	388.023		1.96091
173	401.707		1.95554
174	415.873		1.94754
175	430.539		1.95432
176	445.722		1.9612
177	461.44		1.95249
178	477.713		1.95572
179	494.559		1.94328
180	512		1.94992
181	530.056		1.95226
182	548.748		1.9575
183	568.1		1.95087
184	588.134		1.9652
185	608.874		1.95958
186	630.346		1.96259
187	652.575		1.96014
188	675.588		1.95019
189	699.413		1.96556
190	724.077		1.95331
191	749.612		1.96089
192	776.047		1.95089
193	803.414		1.94318
194	831.746		1.95311
195	861.078		1.94787
196	891.444		1.9555
197	922.88		1.96164
198	955.426		1.94813
199	989.119		1.96435
200	1024		1.95468
201	1060.11		1.94887
202	1097.5		1.95029
203	1136.2		1.9475
204	1176.27		1.95124
205	1217.75		1.94747
206	1260.69		1.95332
207	1305.15		1.95949
208	1351.18		1.96192
209	1398.83		1.97002
210	1448.15		1.97696
211	1499.22		1.96451
212	1552.09		1.96439
213	1606.83		1.95882
214	1663.49		1.95043
215	1722.16		1.95174
216	1782.89		1.96054
217	1845.76		1.95956
218	1910.85		1.96428
219	1978.24		1.9524
220	2048		1.94989
221	2120.22		1.9464
222	2194.99		1.94982
223	2272.4		1.95003
224	2352.53		1.96481
225	2435.5		1.95239
226	2521.38		1.94444
227	2610.3		1.95371
228	2702.35		1.9423
229	2797.65		1.94729
230	2896.31		1.94005
231	2998.45		1.94972
232	3104.19		1.94583
233	3213.66		1.95396
234	3326.99		1.95504
235	3444.31		1.96532
236	3565.78		1.96006
237	3691.52		1.96308
238	3821.7		1.96575
239	3956.48		1.96303
240	4096		1.96267
241	4240.45		1.96499
242	4389.98		1.96358
243	4544.8		1.96516
244	4705.07		1.95794
245	4870.99		1.97065
246	5042.77		1.96132
247	5220.6		1.95725
248	5404.7		1.95205
249	5595.3		1.96666
250	5792.62		1.95778
251	5996.9		1.9586
252	6208.38		1.95374
Time difference = 159[s]
159214

--------------- PolyVest ----------------
If you have any questions or if you have found some bugs,
please contact me at <gecj@ios.ac.cn>.

=========================================
Hyperplanes: 80
Dimensions:40

============= Preprocessing =============
R^2: 156
Origin: 
  -0.9750
  -0.9500
  -0.9250
  -0.9000
  -0.8750
  -0.8500
  -0.8250
  -0.8000
  -0.7750
  -0.7500
  -0.7250
  -0.7000
  -0.6750
  -0.6500
  -0.6250
  -0.6000
  -0.5750
  -0.5500
  -0.5250
  -0.5000
  -0.4750
  -0.4500
  -0.4250
  -0.4000
  -0.3750
  -0.3500
  -0.3250
  -0.3000
  -0.2750
  -0.2500
  -0.2250
  -0.2000
  -0.1750
  -0.1500
  -0.1250
  -0.1000
  -0.0750
  -0.0500
  -0.0250
  -1.3028
   12.4968         0         0         0         0         0         0         0         0         0         0         0         0         0         0         0         0         0         0         0         0         0         0         0         0         0         0         0         0         0         0         0         0         0         0         0         0         0         0         0
         0   12.4968         0         0         0         0         0         0         0         0         0         0         0         0         0         0         0         0         0         0         0         0         0         0         0         0         0         0         0         0         0         0         0         0         0         0         0         0         0         0
         0         0   12.4968         0         0         0         0         0         0         0         0         0         0         0         0         0         0         0         0         0         0         0         0         0         0         0         0         0         0         0         0         0         0         0         0         0         0         0         0         0
         0         0         0   12.4968         0         0         0         0         0         0         0         0         0         0         0         0         0         0         0         0         0         0         0         0         0         0         0         0         0         0         0         0         0         0         0         0         0         0         0         0
         0         0         0         0   12.4968         0         0         0         0         0         0         0         0         0         0         0         0         0         0         0         0         0         0         0         0         0         0         0         0         0         0         0         0         0         0         0         0         0         0         0
         0         0         0         0         0   12.4968         0         0         0         0         0         0         0         0         0         0         0         0         0         0         0         0         0         0         0         0         0         0         0         0         0         0         0         0         0         0         0         0         0         0
         0         0         0         0         0         0   12.4968         0         0         0         0         0         0         0         0         0         0         0         0         0         0         0         0         0         0         0         0         0         0         0         0         0         0         0         0         0         0         0         0         0
         0         0         0         0         0         0         0   12.4968         0         0         0         0         0         0         0         0         0         0         0         0         0         0         0         0         0         0         0         0         0         0         0         0         0         0         0         0         0         0         0         0
         0         0         0         0         0         0         0         0   12.4968         0         0         0         0         0         0         0         0         0         0         0         0         0         0         0         0         0         0         0         0         0         0         0         0         0         0         0         0         0         0         0
         0         0         0         0         0         0         0         0         0   12.4968         0         0         0         0         0         0         0         0         0         0         0         0         0         0         0         0         0         0         0         0         0         0         0         0         0         0         0         0         0         0
         0         0         0         0         0         0         0         0         0         0   12.4968         0         0         0         0         0         0         0         0         0         0         0         0         0         0         0         0         0         0         0         0         0         0         0         0         0         0         0         0         0
         0         0         0         0         0         0         0         0         0         0         0   12.4968         0         0         0         0         0         0         0         0         0         0         0         0         0         0         0         0         0         0         0         0         0         0         0         0         0         0         0         0
         0         0         0         0         0         0         0         0         0         0         0         0   12.4968         0         0         0         0         0         0         0         0         0         0         0         0         0         0         0         0         0         0         0         0         0         0         0         0         0         0         0
         0         0         0         0         0         0         0         0         0         0         0         0         0   12.4968         0         0         0         0         0         0         0         0         0         0         0         0         0         0         0         0         0         0         0         0         0         0         0         0         0         0
         0         0         0         0         0         0         0         0         0         0         0         0         0         0   12.4968         0         0         0         0         0         0         0         0         0         0         0         0         0         0         0         0         0         0         0         0         0         0         0         0         0
         0         0         0         0         0         0         0         0         0         0         0         0         0         0         0   12.4968         0         0         0         0         0         0         0         0         0         0         0         0         0         0         0         0         0         0         0         0         0         0         0         0
         0         0         0         0         0         0         0         0         0         0         0         0         0         0         0         0   12.4968         0         0         0         0         0         0         0         0         0         0         0         0         0         0         0         0         0         0         0         0         0         0         0
         0         0         0         0         0         0         0         0         0         0         0         0         0         0         0         0         0   12.4968         0         0         0         0         0         0         0         0         0         0         0         0         0         0         0         0         0         0         0         0         0         0
         0         0         0         0         0         0         0         0         0         0         0         0         0         0         0         0         0         0   12.4968         0         0         0         0         0         0         0         0         0         0         0         0         0         0         0         0         0         0         0         0         0
         0         0         0         0         0         0         0         0         0         0         0         0         0         0         0         0         0         0         0   12.4968         0         0         0         0         0         0         0         0         0         0         0         0         0         0         0         0         0         0         0         0
         0         0         0         0         0         0         0         0         0         0         0         0         0         0         0         0         0         0         0         0   12.4968         0         0         0         0         0         0         0         0         0         0         0         0         0         0         0         0         0         0         0
         0         0         0         0         0         0         0         0         0         0         0         0         0         0         0         0         0         0         0         0         0   12.4968         0         0         0         0         0         0         0         0         0         0         0         0         0         0         0         0         0         0
         0         0         0         0         0         0         0         0         0         0         0         0         0         0         0         0         0         0         0         0         0         0   12.4968         0         0         0         0         0         0         0         0         0         0         0         0         0         0         0         0         0
         0         0         0         0         0         0         0         0         0         0         0         0         0         0         0         0         0         0         0         0         0         0         0   12.4968         0         0         0         0         0         0         0         0         0         0         0         0         0         0         0         0
         0         0         0         0         0         0         0         0         0         0         0         0         0         0         0         0         0         0         0         0         0         0         0         0   12.4968         0         0         0         0         0         0         0         0         0         0         0         0         0         0         0
         0         0         0         0         0         0         0         0         0         0         0         0         0         0         0         0         0         0         0         0         0         0         0         0         0   12.4968         0         0         0         0         0         0         0         0         0         0         0         0         0         0
         0         0         0         0         0         0         0         0         0         0         0         0         0         0         0         0         0         0         0         0         0         0         0         0         0         0   12.4968         0         0         0         0         0         0         0         0         0         0         0         0         0
         0         0         0         0         0         0         0         0         0         0         0         0         0         0         0         0         0         0         0         0         0         0         0         0         0         0         0   12.4968         0         0         0         0         0         0         0         0         0         0         0         0
         0         0         0         0         0         0         0         0         0         0         0         0         0         0         0         0         0         0         0         0         0         0         0         0         0         0         0         0   12.4968         0         0         0         0         0         0         0         0         0         0         0
         0         0         0         0         0         0         0         0         0         0         0         0         0         0         0         0         0         0         0         0         0         0         0         0         0         0         0         0         0   12.4968         0         0         0         0         0         0         0         0         0         0
         0         0         0         0         0         0         0         0         0         0         0         0         0         0         0         0         0         0         0         0         0         0         0         0         0         0         0         0         0         0   12.4968         0         0         0         0         0         0         0         0         0
         0         0         0         0         0         0         0         0         0         0         0         0         0         0         0         0         0         0         0         0         0         0         0         0         0         0         0         0         0         0         0   12.4968         0         0         0         0         0         0         0         0
         0         0         0         0         0         0         0         0         0         0         0         0         0         0         0         0         0         0         0         0         0         0         0         0         0         0         0         0         0         0         0         0   12.4968         0         0         0         0         0         0         0
         0         0         0         0         0         0         0         0         0         0         0         0         0         0         0         0         0         0         0         0         0         0         0         0         0         0         0         0         0         0         0         0         0   12.4968         0         0         0         0         0         0
         0         0         0         0         0         0         0         0         0         0         0         0         0         0         0         0         0         0         0         0         0         0         0         0         0         0         0         0         0         0         0         0         0         0   12.4968         0         0         0         0         0
         0         0         0         0         0         0         0         0         0         0         0         0         0         0         0         0         0         0         0         0         0         0         0         0         0         0         0         0         0         0         0         0         0         0         0   12.4968         0         0         0         0
         0         0         0         0         0         0         0         0         0         0         0         0         0         0         0         0         0         0         0         0         0         0         0         0         0         0         0         0         0         0         0         0         0         0         0         0   12.4968         0         0         0
         0         0         0         0         0         0         0         0         0         0         0         0         0         0         0         0         0         0         0         0         0         0         0         0         0         0         0         0         0         0         0         0         0         0         0         0         0   12.4968         0         0
         0         0         0         0         0         0         0         0         0         0         0         0         0         0         0         0         0         0         0         0         0         0         0         0         0         0         0         0         0         0         0         0         0         0         0         0         0         0   12.4968         0
         0         0         0         0         0         0         0         0         0         0         0         0         0         0         0         0         0         0         0         0         0         0         0         0         0         0         0         0         0         0         0         0         0         0         0         0         0         0         0   12.1882

The number of iterations: 3
k	r^2		vol(k+1)/vol(k)
0	1		1.98862
1	1.03526		2.01118
2	1.07177		2.00975
3	1.10957		1.98906
4	1.1487		2.00409
5	1.18921		1.99625
6	1.23114		2.0054
7	1.27456		2.00516
8	1.31951		1.99869
9	1.36604		2.00375
10	1.41421		1.99599
11	1.46409		1.99469
12	1.51572		1.99992
13	1.56917		2.00721
14	1.6245		2.00286
15	1.68179		2.00618
16	1.7411		2.00331
17	1.8025		1.99131
18	1.86607		1.9906
19	1.93187		2.00443
20	2		2.00208
21	2.07053		1.99386
22	2.14355		1.9946
23	2.21914		1.99631
24	2.2974		2.00171
25	2.37841		1.98291
26	2.46229		1.99366
27	2.54912		1.99099
28	2.63902		1.99885
29	2.73208		1.99804
30	2.82843		1.99986
31	2.92817		1.99344
32	3.03143		1.99325
33	3.13834		1.99205
34	3.24901		2.0029
35	3.36359		2.00085
36	3.4822		2.00683
37	3.605		1.99672
38	3.73213		2.00494
39	3.86375		1.99883
40	4		2.00097
41	4.14106		1.99813
42	4.28709		2.00158
43	4.43828		1.99881
44	4.59479		2.00645
45	4.75683		1.98404
46	4.92458		1.99687
47	5.09824		2.00896
48	5.27803		1.99848
49	5.46416		2.00369
50	5.65685		1.99712
51	5.85634		1.99949
52	6.06287		2.00097
53	6.27667		2.00107
54	6.49802		1.98543
55	6.72717		1.9981
56	6.9644		2.00248
57	7.21		2.00931
58	7.46426		2.00372
59	7.72749		2.01272
60	8		2.00879
61	8.28212		1.99757
62	8.57419		2.00002
63	8.87656		1.9951
64	9.18959		2.00716
65	9.51366		1.99648
66	9.84916		2.00121
67	10.1965		1.99984
68	10.5561		1.99418
69	10.9283		1.99719
70	11.3137		2.00974
71	11.7127		1.99981
72	12.1257		2.00785
73	12.5533		2.00676
74	12.996		2.00162
75	13.4543		2.01307
76	13.9288		1.9945
77	14.42		2.00394
78	14.9285		2.00037
79	15.455		1.99203
80	16		1.99879
81	16.5642		1.99671
82	17.1484		1.99721
83	17.7531		1.9942
84	18.3792		1.98761
85	19.0273		1.9964
86	19.6983		1.99455
87	20.393		1.99007
88	21.1121		1.98869
89	21.8566		1.98824
90	22.6274		1.99119
91	23.4254		1.99188
92	24.2515		1.98162
93	25.1067		1.99674
94	25.9921		1.97849
95	26.9087		1.98703
96	27.8576		1.99272
97	28.84		1.97849
98	29.8571		1.97976
99	30.91		1.98083
100	32		1.97787
101	33.1285		1.97715
102	34.2968		1.97858
103	35.5062		1.98188
104	36.7583		1.984
105	38.0546		1.97406
106	39.3966		1.97769
107	40.7859		1.98838
108	42.2243		1.98484
109	43.7133		1.97884
110	45.2548		1.96027
111	46.8507		1.9631
112	48.5029		1.97538
113	50.2134		1.97674
114	51.9842		1.9722
115	53.8174		1.96478
116	55.7152		1.96299
117	57.68		1.97148
118	59.7141		1.97687
119	61.8199		1.97044
120	64		1.97417
121	66.257		1.97087
122	68.5935		1.96788
123	71.0124		1.97697
124	73.5167		1.97111
125	76.1093		1.97498
126	78.7932		1.95918
127	81.5719		1.97247
128	84.4485		1.95727
129	87.4266		1.96237
130	90.5097		1.96164
131	93.7015		1.95854
132	97.0059		1.96691
133	100.427		1.96311
134	103.968		1.97053
135	107.635		1.96065
136	111.43		1.95895
137	115.36		1.9612
138	119.428		1.95523
139	123.64		1.95801
140	128		1.95715
141	132.514		1.96059
142	137.187		1.95531
143	142.025		1.96042
144	147.033		1.96016
145	152.219		1.95611
146	157.586		1.9568
147	163.144		1.94887
148	168.897		1.95342
149	174.853		1.96431
150	181.019		1.96377
151	187.403		1.95971
152	194.012		1.95575
153	200.854		1.95544
154	207.937		1.9498
155	215.269		1.95634
156	222.861		1.95801
157	230.72		1.9611
158	238.856		1.95475
159	247.28		1.95918
160	256		1.96409
161	265.028		1.96396
162	274.374		1.95095
163	284.05		1.94712
164	294.067		1.9457
165	304.437		1.95282
166	315.173		1.95254
167	326.288		1.95752
168	337.794		1.94959
169	349.706		1.95895
170	362.039		1.95232
171	374.806		1.96274
172	388.023		1.96095
173	401.707		1.95942
174	415.873		1.95065
175	430.539		1.94485
176	445.722		1.95866
177	461.44		1.95597
178	477.713		1.94231
179	494.559		1.95601
180	512		1.95637
181	530.056		1.96237
182	548.748		1.95408
183	568.1		1.95961
184	588.134		1.96206
185	608.874		1.95834
186	630.346		1.95349
187	652.575		1.95141
188	675.588		1.96213
189	699.413		1.95335
190	724.077		1.95583
191	749.612		1.96076
192	776.047		1.96115
193	803.414		1.95067
194	831.746		1.95034
195	861.078		1.95974
196	891.444		1.95728
197	922.88		1.93992
198	955.426		1.94741
199	989.119		1.95624
200	1024		1.95552
201	1060.11		1.96721
202	1097.5		1.94978
203	1136.2		1.9543
204	1176.27		1.94341
205	1217.75		1.95083
206	1260.69		1.94796
207	1305.15		1.95294
208	1351.18		1.95276
209	1398.83		1.95619
210	1448.15		1.95009
211	1499.22		1.95922
212	1552.09		1.9421
213	1606.83		1.95578
214	1663.49		1.95366
215	1722.16		1.95816
216	1782.89		1.95184
217	1845.76		1.95138
218	1910.85		1.94632
219	1978.24		1.94867
220	2048		1.94821
221	2120.22		1.94708
222	2194.99		1.95318
223	2272.4		1.95979
224	2352.53		1.95161
225	2435.5		1.95465
226	2521.38		1.95854
227	2610.3		1.9631
228	2702.35		1.96174
229	2797.65		1.95998
230	2896.31		1.95382
231	2998.45		1.9517
232	3104.19		1.96375
233	3213.66		1.96014
234	3326.99		1.95556
235	3444.31		1.95149
236	3565.78		1.96452
237	3691.52		1.96482
238	3821.7		1.96589
239	3956.48		1.9646
240	4096		1.94546
241	4240.45		1.94931
242	4389.98		1.95312
243	4544.8		1.96017
244	4705.07		1.95911
245	4870.99		1.98029
246	5042.77		1.95527
247	5220.6		1.95749
248	5404.7		1.96285
249	5595.3		1.95939
250	5792.62		1.95832
251	5996.9		1.95394
252	6208.38		1.96538
Time difference = 159[s]
159874

--------------- PolyVest ----------------
If you have any questions or if you have found some bugs,
please contact me at <gecj@ios.ac.cn>.

=========================================
Hyperplanes: 80
Dimensions:40

============= Preprocessing =============
R^2: 156
Origin: 
  -0.9750
  -0.9500
  -0.9250
  -0.9000
  -0.8750
  -0.8500
  -0.8250
  -0.8000
  -0.7750
  -0.7500
  -0.7250
  -0.7000
  -0.6750
  -0.6500
  -0.6250
  -0.6000
  -0.5750
  -0.5500
  -0.5250
  -0.5000
  -0.4750
  -0.4500
  -0.4250
  -0.4000
  -0.3750
  -0.3500
  -0.3250
  -0.3000
  -0.2750
  -0.2500
  -0.2250
  -0.2000
  -0.1750
  -0.1500
  -0.1250
  -0.1000
  -0.0750
  -0.0500
  -0.0250
  -1.3028
   12.4968         0         0         0         0         0         0         0         0         0         0         0         0         0         0         0         0         0         0         0         0         0         0         0         0         0         0         0         0         0         0         0         0         0         0         0         0         0         0         0
         0   12.4968         0         0         0         0         0         0         0         0         0         0         0         0         0         0         0         0         0         0         0         0         0         0         0         0         0         0         0         0         0         0         0         0         0         0         0         0         0         0
         0         0   12.4968         0         0         0         0         0         0         0         0         0         0         0         0         0         0         0         0         0         0         0         0         0         0         0         0         0         0         0         0         0         0         0         0         0         0         0         0         0
         0         0         0   12.4968         0         0         0         0         0         0         0         0         0         0         0         0         0         0         0         0         0         0         0         0         0         0         0         0         0         0         0         0         0         0         0         0         0         0         0         0
         0         0         0         0   12.4968         0         0         0         0         0         0         0         0         0         0         0         0         0         0         0         0         0         0         0         0         0         0         0         0         0         0         0         0         0         0         0         0         0         0         0
         0         0         0         0         0   12.4968         0         0         0         0         0         0         0         0         0         0         0         0         0         0         0         0         0         0         0         0         0         0         0         0         0         0         0         0         0         0         0         0         0         0
         0         0         0         0         0         0   12.4968         0         0         0         0         0         0         0         0         0         0         0         0         0         0         0         0         0         0         0         0         0         0         0         0         0         0         0         0         0         0         0         0         0
         0         0         0         0         0         0         0   12.4968         0         0         0         0         0         0         0         0         0         0         0         0         0         0         0         0         0         0         0         0         0         0         0         0         0         0         0         0         0         0         0         0
         0         0         0         0         0         0         0         0   12.4968         0         0         0         0         0         0         0         0         0         0         0         0         0         0         0         0         0         0         0         0         0         0         0         0         0         0         0         0         0         0         0
         0         0         0         0         0         0         0         0         0   12.4968         0         0         0         0         0         0         0         0         0         0         0         0         0         0         0         0         0         0         0         0         0         0         0         0         0         0         0         0         0         0
         0         0         0         0         0         0         0         0         0         0   12.4968         0         0         0         0         0         0         0         0         0         0         0         0         0         0         0         0         0         0         0         0         0         0         0         0         0         0         0         0         0
         0         0         0         0         0         0         0         0         0         0         0   12.4968         0         0         0         0         0         0         0         0         0         0         0         0         0         0         0         0         0         0         0         0         0         0         0         0         0         0         0         0
         0         0         0         0         0         0         0         0         0         0         0         0   12.4968         0         0         0         0         0         0         0         0         0         0         0         0         0         0         0         0         0         0         0         0         0         0         0         0         0         0         0
         0         0         0         0         0         0         0         0         0         0         0         0         0   12.4968         0         0         0         0         0         0         0         0         0         0         0         0         0         0         0         0         0         0         0         0         0         0         0         0         0         0
         0         0         0         0         0         0         0         0         0         0         0         0         0         0   12.4968         0         0         0         0         0         0         0         0         0         0         0         0         0         0         0         0         0         0         0         0         0         0         0         0         0
         0         0         0         0         0         0         0         0         0         0         0         0         0         0         0   12.4968         0         0         0         0         0         0         0         0         0         0         0         0         0         0         0         0         0         0         0         0         0         0         0         0
         0         0         0         0         0         0         0         0         0         0         0         0         0         0         0         0   12.4968         0         0         0         0         0         0         0         0         0         0         0         0         0         0         0         0         0         0         0         0         0         0         0
         0         0         0         0         0         0         0         0         0         0         0         0         0         0         0         0         0   12.4968         0         0         0         0         0         0         0         0         0         0         0         0         0         0         0         0         0         0         0         0         0         0
         0         0         0         0         0         0         0         0         0         0         0         0         0         0         0         0         0         0   12.4968         0         0         0         0         0         0         0         0         0         0         0         0         0         0         0         0         0         0         0         0         0
         0         0         0         0         0         0         0         0         0         0         0         0         0         0         0         0         0         0         0   12.4968         0         0         0         0         0         0         0         0         0         0         0         0         0         0         0         0         0         0         0         0
         0         0         0         0         0         0         0         0         0         0         0         0         0         0         0         0         0         0         0         0   12.4968         0         0         0         0         0         0         0         0         0         0         0         0         0         0         0         0         0         0         0
         0         0         0         0         0         0         0         0         0         0         0         0         0         0         0         0         0         0         0         0         0   12.4968         0         0         0         0         0         0         0         0         0         0         0         0         0         0         0         0         0         0
         0         0         0         0         0         0         0         0         0         0         0         0         0         0         0         0         0         0         0         0         0         0   12.4968         0         0         0         0         0         0         0         0         0         0         0         0         0         0         0         0         0
         0         0         0         0         0         0         0         0         0         0         0         0         0         0         0         0         0         0         0         0         0         0         0   12.4968         0         0         0         0         0         0         0         0         0         0         0         0         0         0         0         0
         0         0         0         0         0         0         0         0         0         0         0         0         0         0         0         0         0         0         0         0         0         0         0         0   12.4968         0         0         0         0         0         0         0         0         0         0         0         0         0         0         0
         0         0         0         0         0         0         0         0         0         0         0         0         0         0         0         0         0         0         0         0         0         0         0         0         0   12.4968         0         0         0         0         0         0         0         0         0         0         0         0         0         0
         0         0         0         0         0         0         0         0         0         0         0         0         0         0         0         0         0         0         0         0         0         0         0         0         0         0   12.4968         0         0         0         0         0         0         0         0         0         0         0         0         0
         0         0         0         0         0         0         0         0         0         0         0         0         0         0         0         0         0         0         0         0         0         0         0         0         0         0         0   12.4968         0         0         0         0         0         0         0         0         0         0         0         0
         0         0         0         0         0         0         0         0         0         0         0         0         0         0         0         0         0         0         0         0         0         0         0         0         0         0         0         0   12.4968         0         0         0         0         0         0         0         0         0         0         0
         0         0         0         0         0         0         0         0         0         0         0         0         0         0         0         0         0         0         0         0         0         0         0         0         0         0         0         0         0   12.4968         0         0         0         0         0         0         0         0         0         0
         0         0         0         0         0         0         0         0         0         0         0         0         0         0         0         0         0         0         0         0         0         0         0         0         0         0         0         0         0         0   12.4968         0         0         0         0         0         0         0         0         0
         0         0         0         0         0         0         0         0         0         0         0         0         0         0         0         0         0         0         0         0         0         0         0         0         0         0         0         0         0         0         0   12.4968         0         0         0         0         0         0         0         0
         0         0         0         0         0         0         0         0         0         0         0         0         0         0         0         0         0         0         0         0         0         0         0         0         0         0         0         0         0         0         0         0   12.4968         0         0         0         0         0         0         0
         0         0         0         0         0         0         0         0         0         0         0         0         0         0         0         0         0         0         0         0         0         0         0         0         0         0         0         0         0         0         0         0         0   12.4968         0         0         0         0         0         0
         0         0         0         0         0         0         0         0         0         0         0         0         0         0         0         0         0         0         0         0         0         0         0         0         0         0         0         0         0         0         0         0         0         0   12.4968         0         0         0         0         0
         0         0         0         0         0         0         0         0         0         0         0         0         0         0         0         0         0         0         0         0         0         0         0         0         0         0         0         0         0         0         0         0         0         0         0   12.4968         0         0         0         0
         0         0         0         0         0         0         0         0         0         0         0         0         0         0         0         0         0         0         0         0         0         0         0         0         0         0         0         0         0         0         0         0         0         0         0         0   12.4968         0         0         0
         0         0         0         0         0         0         0         0         0         0         0         0         0         0         0         0         0         0         0         0         0         0         0         0         0         0         0         0         0         0         0         0         0         0         0         0         0   12.4968         0         0
         0         0         0         0         0         0         0         0         0         0         0         0         0         0         0         0         0         0         0         0         0         0         0         0         0         0         0         0         0         0         0         0         0         0         0         0         0         0   12.4968         0
         0         0         0         0         0         0         0         0         0         0         0         0         0         0         0         0         0         0         0         0         0         0         0         0         0         0         0         0         0         0         0         0         0         0         0         0         0         0         0   12.1882

The number of iterations: 3
