38 [139687260470400] INFO perfrun.launcher <> - Launcher main begin
41 [139687260470400] INFO perfrun.launcher <> - MessageCatalogInit finished
41 [139687260470400] INFO perfrun.launcher <> - Launcher instance created
41 [139687260470400] INFO perfrun.launcher <> - argc = 7; cmdline = /opt/intel/oneapi/vtune/2023.1.0/bin64/amplxe-runss --ui-output-format xml --ui-output-fd 5 --option-file /home/samuki/git/team29/r004hs/config/runss.options 
193 [139687260470400] INFO perfrun.launcher <> - create msngr2::ICliToolContext
194 [139687260470400] INFO perfrun.launcher <> - create file finder object
194 [139687260470400] INFO perfrun.launcher <> - create a result directory: pattern = /home/samuki/git/team29/r004hs pid = 4294967295
198 [139687260470400] INFO perfrun.sdk <> - checked that the directory /home/samuki/git/team29/r004hs is a local directory
198 [139687260470400] INFO perfrun.sdk <> - the directory /home/samuki/git/team29/r004hs is a local directory with FS type ID 61267
198 [139687260470400] INFO perfrun.launcher <> - create data directory = /home/samuki/git/team29/r004hs/data.0
198 [139687260470400] INFO perfrun.launcher <> - Creating the master collection flag
200 [139687260470400] INFO perfrun.launcher <> - Done creating the master collection flag
204 [139687104603712] INFO perfrun.launcher <> - plugin [remoteplug] was disabled because it doesn't support the given collection type.
204 [139687104603712] INFO perfrun.sdk <> - Allocating TMU :/home/samuki/git/team29/r004hs/data.0/systemcollector-789369-lucy.sc
204 [139687104603712] INFO perfrun.system <> - Tpss based collection
205 [139687104603712] INFO perfrun.launcher <> - plugin [ptracecollector] was disabled because it doesn't support the given collection type.
205 [139687104603712] INFO perfrun.launcher <> - plugin [gpu] was disabled because it doesn't support the given collection type.
205 [139687104603712] INFO perfrun.launcher <> - plugin [] was disabled because it doesn't support the given collection type.
205 [139687104603712] INFO perfrun.launcher <> - plugin [] was disabled because it doesn't support the given collection type.
205 [139687104603712] INFO perfrun.launcher <> - plugin [] was disabled because it doesn't support the given collection type.
205 [139687104603712] INFO perfrun.mrte <> - system-wide mode is 0
205 [139687104603712] INFO perfrun.mrte <> - Getting  mrte profiling environment ...
243 [139687104603712] INFO perfrun.mrte <> - INTEL_MRTE_DATA_DIR=/home/samuki/git/team29/r004hs/data.0
243 [139687104603712] INFO perfrun.mrte <> - INTEL_MRTE_HOST_NAME=lucy
243 [139687104603712] INFO perfrun.mrte <> - JAVA_TOOL_OPTIONS=-agentlib:amplxe_tpssmrte_javaprof_1.0 -Dsun.boot.library.path=/opt/intel/oneapi/vtune/2023.1.0/lib32/runtime:/opt/intel/oneapi/vtune/2023.1.0/lib64/runtime
243 [139687104603712] INFO perfrun.mrte <> - LD_LIBRARY_PATH=/opt/intel/oneapi/vtune/2023.1.0/lib32/runtime:/opt/intel/oneapi/vtune/2023.1.0/lib64/runtime
243 [139687104603712] INFO perfrun.mrte <> - CORECLR_ENABLE_PROFILING=1
243 [139687104603712] INFO perfrun.mrte <> - CORECLR_PROFILER={AA5E4821-E3B1-479c-B7FF-5AD047D22CED}
243 [139687104603712] INFO perfrun.mrte <> - CORECLR_PROFILER_PATH=/opt/intel/oneapi/vtune/2023.1.0/lib64/libamplxe_samplingmrte_clrprof_1.0.so
243 [139687104603712] INFO perfrun.mrte <> - INTEL_MRTE_PROFILER_MODE=mixed
243 [139687104603712] INFO perfrun.mrte <> - Data directory: /home/samuki/git/team29/r004hs/data.0
243 [139687104603712] INFO perfrun.mrte <> - Mrte plugin is initialized
243 [139687104603712] INFO perfrun.launcher <> - plugin [emon] was disabled because it doesn't support the given collection type.
244 [139687104603712] INFO perfrun.launcher <> - plugin [cuscol] was disabled because it doesn't support the given collection type.
244 [139687104603712] INFO perfrun.launcher <> - plugin [stdsrc] was disabled because it doesn't support the given collection type.
244 [139687104603712] INFO perfrun.launcher <> - plugin [sep] was disabled because it doesn't support the given collection type.
244 [139687104603712] INFO perfrun.launcher <> - plugin [vtsspp] was disabled because it doesn't support the given collection type.
244 [139687104603712] INFO perfrun.sdk <> - Reading value (0) from file: /proc/sys/kernel/perf_event_paranoid
244 [139687104603712] INFO perfrun.perfcollector <> - checking access to: /opt/intel/oneapi/vtune/2023.1.0/bin64/amplxe-perf-priv
247 [139687104603712] INFO perfrun.perfcollector <> - cpu: family = 6 model = 142
247 [139687104603712] INFO perfrun.perfcollector <> - dir found: /sys/bus/event_source/devices/software
247 [139687104603712] INFO perfrun.perfcollector <> - format: pmu format subdir doesn't exist
247 [139687104603712] INFO perfrun.perfcollector <> - hwInfo: not set, pmuFam: software
247 [139687104603712] INFO perfrun.perfcollector <> - pmu added: family: software, id: 0
247 [139687104603712] INFO perfrun.perfcollector <> - dir found: /sys/bus/event_source/devices/power
248 [139687104603712] INFO perfrun.perfcollector <> - format: event config:0-7 mask:0-7
248 [139687104603712] INFO perfrun.perfcollector <> - hwInfo: not set, pmuFam: power
248 [139687104603712] INFO perfrun.perfcollector <> - pmu added: family: power, id: 0
248 [139687104603712] INFO perfrun.perfcollector <> - dir found: /sys/bus/event_source/devices/uprobe
248 [139687104603712] INFO perfrun.perfcollector <> - format: ref_ctr_offset config:32-63 mask:32-63
248 [139687104603712] INFO perfrun.perfcollector <> - format: retprobe config:0 mask:0
248 [139687104603712] INFO perfrun.perfcollector <> - hwInfo: not set, pmuFam: uprobe
248 [139687104603712] INFO perfrun.perfcollector <> - pmu added: family: uprobe, id: 0
248 [139687104603712] INFO perfrun.perfcollector <> - dir found: /sys/bus/event_source/devices/intel_bts
248 [139687104603712] INFO perfrun.perfcollector <> - format: pmu format subdir doesn't exist
249 [139687104603712] INFO perfrun.perfcollector <> - hwInfo: not set, pmuFam: intel_bts
249 [139687104603712] INFO perfrun.perfcollector <> - pmu added: family: intel_bts, id: 0
249 [139687104603712] INFO perfrun.perfcollector <> - dir found: /sys/bus/event_source/devices/uncore_imc
249 [139687104603712] INFO perfrun.perfcollector <> - format: event config:0-7 mask:0-7
249 [139687104603712] INFO perfrun.perfcollector <> - hwInfo: PERF_IMC_PMU_DETAILS
249 [139687104603712] INFO perfrun.perfcollector <> - pmu added: family: uncore_imc, id: 0
249 [139687104603712] INFO perfrun.perfcollector <> - dir found: /sys/bus/event_source/devices/cpu
249 [139687104603712] INFO perfrun.perfcollector <> - format: event config:0-7 mask:0-7
249 [139687104603712] INFO perfrun.perfcollector <> - format: pc config:19 mask:19
249 [139687104603712] INFO perfrun.perfcollector <> - format: edge config:18 mask:18
249 [139687104603712] INFO perfrun.perfcollector <> - format: any config:21 mask:21
250 [139687104603712] INFO perfrun.perfcollector <> - format: offcore_rsp config1:0-63 mask:0-63
250 [139687104603712] INFO perfrun.perfcollector <> - format: ldlat config1:0-15 mask:0-15
250 [139687104603712] INFO perfrun.perfcollector <> - format: inv config:23 mask:23
250 [139687104603712] INFO perfrun.perfcollector <> - format: umask config:8-15 mask:8-15
250 [139687104603712] INFO perfrun.perfcollector <> - format: frontend config1:0-23 mask:0-23
250 [139687104603712] INFO perfrun.perfcollector <> - format: cmask config:24-31 mask:24-31
250 [139687104603712] INFO perfrun.perfcollector <> - hwInfo: PERF_CPU_PMU_DETAILS
250 [139687104603712] INFO perfrun.perfcollector <> - pmu added: family: cpu, id: 0
250 [139687104603712] INFO perfrun.perfcollector <> - dir found: /sys/bus/event_source/devices/cstate_core
250 [139687104603712] INFO perfrun.perfcollector <> - format: event config:0-63 mask:0-63
250 [139687104603712] INFO perfrun.perfcollector <> - hwInfo: not set, pmuFam: cstate_core
250 [139687104603712] INFO perfrun.perfcollector <> - pmu added: family: cstate_core, id: 0
251 [139687104603712] INFO perfrun.perfcollector <> - dir found: /sys/bus/event_source/devices/uncore_cbox_2
251 [139687104603712] INFO perfrun.perfcollector <> - format: event config:0-7 mask:0-7
251 [139687104603712] INFO perfrun.perfcollector <> - format: edge config:18 mask:18
251 [139687104603712] INFO perfrun.perfcollector <> - format: inv config:23 mask:23
251 [139687104603712] INFO perfrun.perfcollector <> - format: umask config:8-15 mask:8-15
251 [139687104603712] INFO perfrun.perfcollector <> - format: cmask config:24-28 mask:24-28
251 [139687104603712] INFO perfrun.perfcollector <> - hwInfo: PERF_CBOX_PMU_DETAILS
251 [139687104603712] INFO perfrun.perfcollector <> - pmu added: family: uncore_cbox, id: 2
251 [139687104603712] INFO perfrun.perfcollector <> - dir found: /sys/bus/event_source/devices/breakpoint
251 [139687104603712] INFO perfrun.perfcollector <> - format: pmu format subdir doesn't exist
251 [139687104603712] INFO perfrun.perfcollector <> - hwInfo: not set, pmuFam: breakpoint
251 [139687104603712] INFO perfrun.perfcollector <> - pmu added: family: breakpoint, id: 0
251 [139687104603712] INFO perfrun.perfcollector <> - dir found: /sys/bus/event_source/devices/uncore_cbox_0
251 [139687104603712] INFO perfrun.perfcollector <> - format: event config:0-7 mask:0-7
252 [139687104603712] INFO perfrun.perfcollector <> - format: edge config:18 mask:18
252 [139687104603712] INFO perfrun.perfcollector <> - format: inv config:23 mask:23
252 [139687104603712] INFO perfrun.perfcollector <> - format: umask config:8-15 mask:8-15
252 [139687104603712] INFO perfrun.perfcollector <> - format: cmask config:24-28 mask:24-28
252 [139687104603712] INFO perfrun.perfcollector <> - hwInfo: PERF_CBOX_PMU_DETAILS
252 [139687104603712] INFO perfrun.perfcollector <> - pmu added: family: uncore_cbox, id: 0
252 [139687104603712] INFO perfrun.perfcollector <> - dir found: /sys/bus/event_source/devices/tracepoint
252 [139687104603712] INFO perfrun.perfcollector <> - format: pmu format subdir doesn't exist
252 [139687104603712] INFO perfrun.perfcollector <> - hwInfo: not set, pmuFam: tracepoint
252 [139687104603712] INFO perfrun.perfcollector <> - pmu added: family: tracepoint, id: 0
252 [139687104603712] INFO perfrun.perfcollector <> - dir found: /sys/bus/event_source/devices/cstate_pkg
252 [139687104603712] INFO perfrun.perfcollector <> - format: event config:0-63 mask:0-63
252 [139687104603712] INFO perfrun.perfcollector <> - hwInfo: not set, pmuFam: cstate_pkg
252 [139687104603712] INFO perfrun.perfcollector <> - pmu added: family: cstate_pkg, id: 0
252 [139687104603712] INFO perfrun.perfcollector <> - dir found: /sys/bus/event_source/devices/uncore_arb
253 [139687104603712] INFO perfrun.perfcollector <> - format: event config:0-7 mask:0-7
253 [139687104603712] INFO perfrun.perfcollector <> - format: edge config:18 mask:18
253 [139687104603712] INFO perfrun.perfcollector <> - format: inv config:23 mask:23
253 [139687104603712] INFO perfrun.perfcollector <> - format: umask config:8-15 mask:8-15
253 [139687104603712] INFO perfrun.perfcollector <> - format: cmask config:24-28 mask:24-28
253 [139687104603712] INFO perfrun.perfcollector <> - hwInfo: not set, pmuFam: uncore_arb
253 [139687104603712] INFO perfrun.perfcollector <> - pmu added: family: uncore_arb, id: 0
253 [139687104603712] INFO perfrun.perfcollector <> - dir found: /sys/bus/event_source/devices/kprobe
253 [139687104603712] INFO perfrun.perfcollector <> - format: retprobe config:0 mask:0
253 [139687104603712] INFO perfrun.perfcollector <> - hwInfo: not set, pmuFam: kprobe
253 [139687104603712] INFO perfrun.perfcollector <> - pmu added: family: kprobe, id: 0
253 [139687104603712] INFO perfrun.perfcollector <> - dir found: /sys/bus/event_source/devices/msr
254 [139687104603712] INFO perfrun.perfcollector <> - format: event config:0-63 mask:0-63
254 [139687104603712] INFO perfrun.perfcollector <> - hwInfo: not set, pmuFam: msr
254 [139687104603712] INFO perfrun.perfcollector <> - pmu added: family: msr, id: 0
254 [139687104603712] INFO perfrun.perfcollector <> - dir found: /sys/bus/event_source/devices/uncore_cbox_3
254 [139687104603712] INFO perfrun.perfcollector <> - format: event config:0-7 mask:0-7
254 [139687104603712] INFO perfrun.perfcollector <> - format: edge config:18 mask:18
254 [139687104603712] INFO perfrun.perfcollector <> - format: inv config:23 mask:23
254 [139687104603712] INFO perfrun.perfcollector <> - format: umask config:8-15 mask:8-15
254 [139687104603712] INFO perfrun.perfcollector <> - format: cmask config:24-28 mask:24-28
254 [139687104603712] INFO perfrun.perfcollector <> - hwInfo: PERF_CBOX_PMU_DETAILS
254 [139687104603712] INFO perfrun.perfcollector <> - pmu added: family: uncore_cbox, id: 3
254 [139687104603712] INFO perfrun.perfcollector <> - dir found: /sys/bus/event_source/devices/intel_pt
254 [139687104603712] INFO perfrun.perfcollector <> - format: ptw config:12 mask:12
255 [139687104603712] INFO perfrun.perfcollector <> - format: event config:31 mask:31
255 [139687104603712] INFO perfrun.perfcollector <> - format: cyc_thresh config:19-22 mask:19-22
255 [139687104603712] INFO perfrun.perfcollector <> - format: pt config:0 mask:0
255 [139687104603712] INFO perfrun.perfcollector <> - format: notnt config:55 mask:55
255 [139687104603712] INFO perfrun.perfcollector <> - format: branch config:13 mask:13
255 [139687104603712] INFO perfrun.perfcollector <> - format: tsc config:10 mask:10
255 [139687104603712] INFO perfrun.perfcollector <> - format: pwr_evt config:4 mask:4
255 [139687104603712] INFO perfrun.perfcollector <> - format: fup_on_ptw config:5 mask:5
255 [139687104603712] INFO perfrun.perfcollector <> - format: cyc config:1 mask:1
255 [139687104603712] INFO perfrun.perfcollector <> - format: noretcomp config:11 mask:11
255 [139687104603712] INFO perfrun.perfcollector <> - format: mtc config:9 mask:9
256 [139687104603712] INFO perfrun.perfcollector <> - format: psb_period config:24-27 mask:24-27
256 [139687104603712] INFO perfrun.perfcollector <> - format: mtc_period config:14-17 mask:14-17
256 [139687104603712] INFO perfrun.perfcollector <> - hwInfo: not set, pmuFam: intel_pt
256 [139687104603712] INFO perfrun.perfcollector <> - pmu added: family: intel_pt, id: 0
256 [139687104603712] INFO perfrun.perfcollector <> - dir found: /sys/bus/event_source/devices/uncore_cbox_1
256 [139687104603712] INFO perfrun.perfcollector <> - format: event config:0-7 mask:0-7
256 [139687104603712] INFO perfrun.perfcollector <> - format: edge config:18 mask:18
256 [139687104603712] INFO perfrun.perfcollector <> - format: inv config:23 mask:23
256 [139687104603712] INFO perfrun.perfcollector <> - format: umask config:8-15 mask:8-15
256 [139687104603712] INFO perfrun.perfcollector <> - format: cmask config:24-28 mask:24-28
256 [139687104603712] INFO perfrun.perfcollector <> - hwInfo: PERF_CBOX_PMU_DETAILS
256 [139687104603712] INFO perfrun.perfcollector <> - pmu added: family: uncore_cbox, id: 1
257 [139687104603712] INFO perfrun.sdk <> - runCmd: /opt/intel/oneapi/vtune/2023.1.0/bin64/sep -dry-run -sam 1 -ec CPU_CLK_UNHALTED.THREAD,CPU_CLK_UNHALTED.REF_TSC:sample:sa=1800000,INST_RETIRED.ANY:sample:sa=1800000,CPU_CLK_UNHALTED.REF_XCLK,CPU_CLK_UNHALTED.ONE_THREAD_ACTIVE,FP_ARITH_INST_RETIRED.SCALAR_SINGLE,FP_ARITH_INST_RETIRED.128B_PACKED_SINGLE,FP_ARITH_INST_RETIRED.256B_PACKED_SINGLE,FP_ARITH_INST_RETIRED.SCALAR_DOUBLE,FP_ARITH_INST_RETIRED.128B_PACKED_DOUBLE,FP_ARITH_INST_RETIRED.256B_PACKED_DOUBLE,UOPS_EXECUTED.X87,UOPS_RETIRED.RETIRE_SLOTS:sample:sa=2000003,UOPS_EXECUTED.THREAD -experimental
259 [139687104603712] INFO perfrun.sdk <> - runCmd started PID 789373
292 [139687104603712] INFO perfrun.perfcollector <> - SepDryRun RC = true
296 [139687104603712] INFO perfrun.perfcollector <> - DRY_RUN: "PMU type: Core (core)"
296 [139687104603712] INFO perfrun.perfcollector <> - pmu type: cpu
296 [139687104603712] INFO perfrun.perfcollector <> - DRY_RUN: "Group 0:"
296 [139687104603712] INFO perfrun.perfcollector <> - id: 0
296 [139687104603712] INFO perfrun.perfcollector <> - DRY_RUN: "INST_RETIRED.ANY: event id 2"
296 [139687104603712] INFO perfrun.perfcollector <> - eventName: INST_RETIRED.ANY, eventId: 2
296 [139687104603712] INFO perfrun.perfcollector <> - DRY_RUN: "CPU_CLK_UNHALTED.THREAD: event id 0"
296 [139687104603712] INFO perfrun.perfcollector <> - eventName: CPU_CLK_UNHALTED.THREAD, eventId: 0
296 [139687104603712] INFO perfrun.perfcollector <> - DRY_RUN: "CPU_CLK_UNHALTED.REF_TSC: event id 1"
296 [139687104603712] INFO perfrun.perfcollector <> - eventName: CPU_CLK_UNHALTED.REF_TSC, eventId: 1
296 [139687104603712] INFO perfrun.perfcollector <> - DRY_RUN: "CPU_CLK_UNHALTED.REF_XCLK: event id 3"
296 [139687104603712] INFO perfrun.perfcollector <> - eventName: CPU_CLK_UNHALTED.REF_XCLK, eventId: 3
296 [139687104603712] INFO perfrun.perfcollector <> - DRY_RUN: "CPU_CLK_UNHALTED.ONE_THREAD_ACTIVE: event id 4"
296 [139687104603712] INFO perfrun.perfcollector <> - eventName: CPU_CLK_UNHALTED.ONE_THREAD_ACTIVE, eventId: 4
296 [139687104603712] INFO perfrun.perfcollector <> - DRY_RUN: "FP_ARITH_INST_RETIRED.SCALAR_SINGLE: event id 5"
296 [139687104603712] INFO perfrun.perfcollector <> - eventName: FP_ARITH_INST_RETIRED.SCALAR_SINGLE, eventId: 5
296 [139687104603712] INFO perfrun.perfcollector <> - DRY_RUN: "FP_ARITH_INST_RETIRED.128B_PACKED_SINGLE: event id 6"
296 [139687104603712] INFO perfrun.perfcollector <> - eventName: FP_ARITH_INST_RETIRED.128B_PACKED_SINGLE, eventId: 6
296 [139687104603712] INFO perfrun.perfcollector <> - DRY_RUN: "CCCR"
296 [139687104603712] INFO perfrun.perfcollector <> - DRY_RUN: "reg_type       = 1	event_id       = g	reg_id         = 38f	reg_value      = 70000000f"
296 [139687104603712] INFO perfrun.perfcollector <> - eventId: g, skip parsing event_id
296 [139687104603712] INFO perfrun.perfcollector <> - Register was ignored: group_id: 0, reg_type: 1, event_id: 4294967295, reg_id: 38f, reg_value: 70000000f, pmu_name: cpu
296 [139687104603712] INFO perfrun.perfcollector <> - DRY_RUN: "reg_type       = 1	event_id       = g	reg_id         = 390	reg_value      = 70000000f"
296 [139687104603712] INFO perfrun.perfcollector <> - eventId: g, skip parsing event_id
296 [139687104603712] INFO perfrun.perfcollector <> - Register was ignored: group_id: 0, reg_type: 1, event_id: 4294967295, reg_id: 390, reg_value: 70000000f, pmu_name: cpu
296 [139687104603712] INFO perfrun.perfcollector <> - DRY_RUN: "reg_type       = 1	event_id       = g	reg_id         = 3f1	reg_value      = 0"
296 [139687104603712] INFO perfrun.perfcollector <> - eventId: g, skip parsing event_id
296 [139687104603712] INFO perfrun.perfcollector <> - Register was ignored: group_id: 0, reg_type: 1, event_id: 4294967295, reg_id: 3f1, reg_value: 0, pmu_name: cpu
296 [139687104603712] INFO perfrun.perfcollector <> - DRY_RUN: "reg_type       = 1	event_id       = g	reg_id         = 1d9	reg_value      = 1800"
297 [139687104603712] INFO perfrun.perfcollector <> - eventId: g, skip parsing event_id
297 [139687104603712] INFO perfrun.perfcollector <> - Register was ignored: group_id: 0, reg_type: 1, event_id: 4294967295, reg_id: 1d9, reg_value: 1800, pmu_name: cpu
297 [139687104603712] INFO perfrun.perfcollector <> - DRY_RUN: "reg_type       = 1	event_id       = g	reg_id         = 38d	reg_value      = bbb"
297 [139687104603712] INFO perfrun.perfcollector <> - eventId: g, skip parsing event_id
297 [139687104603712] INFO perfrun.perfcollector <> - Register was ignored: group_id: 0, reg_type: 1, event_id: 4294967295, reg_id: 38d, reg_value: bbb, pmu_name: cpu
297 [139687104603712] INFO perfrun.perfcollector <> - DRY_RUN: "reg_type       = 1	event_id       = 3	reg_id         = 186	reg_value      = 53013c"
297 [139687104603712] INFO perfrun.perfcollector <> - Event selector: group_id: 0, reg_type: 1, event_id: 3, reg_id: 186, reg_value: 53013c, pmu_name: cpu
297 [139687104603712] INFO perfrun.perfcollector <> - DRY_RUN: "reg_type       = 1	event_id       = 4	reg_id         = 187	reg_value      = 53023c"
297 [139687104603712] INFO perfrun.perfcollector <> - Event selector: group_id: 0, reg_type: 1, event_id: 4, reg_id: 187, reg_value: 53023c, pmu_name: cpu
297 [139687104603712] INFO perfrun.perfcollector <> - DRY_RUN: "reg_type       = 1	event_id       = 5	reg_id         = 188	reg_value      = 5302c7"
297 [139687104603712] INFO perfrun.perfcollector <> - Event selector: group_id: 0, reg_type: 1, event_id: 5, reg_id: 188, reg_value: 5302c7, pmu_name: cpu
297 [139687104603712] INFO perfrun.perfcollector <> - DRY_RUN: "reg_type       = 1	event_id       = 6	reg_id         = 189	reg_value      = 5308c7"
297 [139687104603712] INFO perfrun.perfcollector <> - Event selector: group_id: 0, reg_type: 1, event_id: 6, reg_id: 189, reg_value: 5308c7, pmu_name: cpu
297 [139687104603712] INFO perfrun.perfcollector <> - DRY_RUN: "ESCR"
297 [139687104603712] INFO perfrun.perfcollector <> - DRY_RUN: "reg_type       = 2	event_id       = g	reg_id         = 1c8	reg_value      = 0"
297 [139687104603712] INFO perfrun.perfcollector <> - eventId: g, skip parsing event_id
297 [139687104603712] INFO perfrun.perfcollector <> - DRY_RUN: "DATA"
297 [139687104603712] INFO perfrun.perfcollector <> - DRY_RUN: "reg_type       = 4	event_id       = 2	reg_id         = 309	reg_value      = ffffffe488c0"
297 [139687104603712] INFO perfrun.perfcollector <> - eventId: 2, dataAddr: 309, dataVal: ffffffe488c0
297 [139687104603712] INFO perfrun.perfcollector <> - DRY_RUN: "reg_type       = 4	event_id       = 0	reg_id         = 30a	reg_value      = ffffffe17b7d"
297 [139687104603712] INFO perfrun.perfcollector <> - eventId: 0, dataAddr: 30a, dataVal: ffffffe17b7d
297 [139687104603712] INFO perfrun.perfcollector <> - DRY_RUN: "reg_type       = 4	event_id       = 1	reg_id         = 30b	reg_value      = ffffffe488c0"
297 [139687104603712] INFO perfrun.perfcollector <> - eventId: 1, dataAddr: 30b, dataVal: ffffffe488c0
297 [139687104603712] INFO perfrun.perfcollector <> - DRY_RUN: "reg_type       = 4	event_id       = 3	reg_id         = c1	reg_value      = ffffffff9e55"
297 [139687104603712] INFO perfrun.perfcollector <> - eventId: 3, dataAddr: c1, dataVal: ffffffff9e55
297 [139687104603712] INFO perfrun.perfcollector <> - DRY_RUN: "reg_type       = 4	event_id       = 4	reg_id         = c2	reg_value      = ffffffff9e55"
297 [139687104603712] INFO perfrun.perfcollector <> - eventId: 4, dataAddr: c2, dataVal: ffffffff9e55
297 [139687104603712] INFO perfrun.perfcollector <> - DRY_RUN: "reg_type       = 4	event_id       = 5	reg_id         = c3	reg_value      = ffffffe17b7d"
297 [139687104603712] INFO perfrun.perfcollector <> - eventId: 5, dataAddr: c3, dataVal: ffffffe17b7d
297 [139687104603712] INFO perfrun.perfcollector <> - DRY_RUN: "reg_type       = 4	event_id       = 6	reg_id         = c4	reg_value      = ffffffe17b7d"
297 [139687104603712] INFO perfrun.perfcollector <> - eventId: 6, dataAddr: c4, dataVal: ffffffe17b7d
297 [139687104603712] INFO perfrun.perfcollector <> - DRY_RUN: "Group 1:"
297 [139687104603712] INFO perfrun.perfcollector <> - id: 1
297 [139687104603712] INFO perfrun.perfcollector <> - DRY_RUN: "INST_RETIRED.ANY: event id 2"
297 [139687104603712] INFO perfrun.perfcollector <> - eventName: INST_RETIRED.ANY, eventId: 2
297 [139687104603712] INFO perfrun.perfcollector <> - DRY_RUN: "CPU_CLK_UNHALTED.THREAD: event id 0"
297 [139687104603712] INFO perfrun.perfcollector <> - eventName: CPU_CLK_UNHALTED.THREAD, eventId: 0
297 [139687104603712] INFO perfrun.perfcollector <> - DRY_RUN: "CPU_CLK_UNHALTED.REF_TSC: event id 1"
297 [139687104603712] INFO perfrun.perfcollector <> - eventName: CPU_CLK_UNHALTED.REF_TSC, eventId: 1
297 [139687104603712] INFO perfrun.perfcollector <> - DRY_RUN: "FP_ARITH_INST_RETIRED.256B_PACKED_SINGLE: event id 7"
297 [139687104603712] INFO perfrun.perfcollector <> - eventName: FP_ARITH_INST_RETIRED.256B_PACKED_SINGLE, eventId: 7
297 [139687104603712] INFO perfrun.perfcollector <> - DRY_RUN: "FP_ARITH_INST_RETIRED.SCALAR_DOUBLE: event id 8"
298 [139687104603712] INFO perfrun.perfcollector <> - eventName: FP_ARITH_INST_RETIRED.SCALAR_DOUBLE, eventId: 8
298 [139687104603712] INFO perfrun.perfcollector <> - DRY_RUN: "FP_ARITH_INST_RETIRED.128B_PACKED_DOUBLE: event id 9"
298 [139687104603712] INFO perfrun.perfcollector <> - eventName: FP_ARITH_INST_RETIRED.128B_PACKED_DOUBLE, eventId: 9
298 [139687104603712] INFO perfrun.perfcollector <> - DRY_RUN: "FP_ARITH_INST_RETIRED.256B_PACKED_DOUBLE: event id 10"
298 [139687104603712] INFO perfrun.perfcollector <> - eventName: FP_ARITH_INST_RETIRED.256B_PACKED_DOUBLE, eventId: 10
298 [139687104603712] INFO perfrun.perfcollector <> - DRY_RUN: "CCCR"
298 [139687104603712] INFO perfrun.perfcollector <> - DRY_RUN: "reg_type       = 1	event_id       = g	reg_id         = 38f	reg_value      = 70000000f"
298 [139687104603712] INFO perfrun.perfcollector <> - eventId: g, skip parsing event_id
298 [139687104603712] INFO perfrun.perfcollector <> - Register was ignored: group_id: 1, reg_type: 1, event_id: 4294967295, reg_id: 38f, reg_value: 70000000f, pmu_name: cpu
298 [139687104603712] INFO perfrun.perfcollector <> - DRY_RUN: "reg_type       = 1	event_id       = g	reg_id         = 390	reg_value      = 70000000f"
298 [139687104603712] INFO perfrun.perfcollector <> - eventId: g, skip parsing event_id
298 [139687104603712] INFO perfrun.perfcollector <> - Register was ignored: group_id: 1, reg_type: 1, event_id: 4294967295, reg_id: 390, reg_value: 70000000f, pmu_name: cpu
298 [139687104603712] INFO perfrun.perfcollector <> - DRY_RUN: "reg_type       = 1	event_id       = g	reg_id         = 3f1	reg_value      = 0"
298 [139687104603712] INFO perfrun.perfcollector <> - eventId: g, skip parsing event_id
298 [139687104603712] INFO perfrun.perfcollector <> - Register was ignored: group_id: 1, reg_type: 1, event_id: 4294967295, reg_id: 3f1, reg_value: 0, pmu_name: cpu
298 [139687104603712] INFO perfrun.perfcollector <> - DRY_RUN: "reg_type       = 1	event_id       = g	reg_id         = 1d9	reg_value      = 1800"
298 [139687104603712] INFO perfrun.perfcollector <> - eventId: g, skip parsing event_id
298 [139687104603712] INFO perfrun.perfcollector <> - Register was ignored: group_id: 1, reg_type: 1, event_id: 4294967295, reg_id: 1d9, reg_value: 1800, pmu_name: cpu
298 [139687104603712] INFO perfrun.perfcollector <> - DRY_RUN: "reg_type       = 1	event_id       = g	reg_id         = 38d	reg_value      = bbb"
298 [139687104603712] INFO perfrun.perfcollector <> - eventId: g, skip parsing event_id
298 [139687104603712] INFO perfrun.perfcollector <> - Register was ignored: group_id: 1, reg_type: 1, event_id: 4294967295, reg_id: 38d, reg_value: bbb, pmu_name: cpu
298 [139687104603712] INFO perfrun.perfcollector <> - DRY_RUN: "reg_type       = 1	event_id       = 7	reg_id         = 186	reg_value      = 5320c7"
298 [139687104603712] INFO perfrun.perfcollector <> - Event selector: group_id: 1, reg_type: 1, event_id: 7, reg_id: 186, reg_value: 5320c7, pmu_name: cpu
298 [139687104603712] INFO perfrun.perfcollector <> - DRY_RUN: "reg_type       = 1	event_id       = 8	reg_id         = 187	reg_value      = 5301c7"
298 [139687104603712] INFO perfrun.perfcollector <> - Event selector: group_id: 1, reg_type: 1, event_id: 8, reg_id: 187, reg_value: 5301c7, pmu_name: cpu
298 [139687104603712] INFO perfrun.perfcollector <> - DRY_RUN: "reg_type       = 1	event_id       = 9	reg_id         = 188	reg_value      = 5304c7"
298 [139687104603712] INFO perfrun.perfcollector <> - Event selector: group_id: 1, reg_type: 1, event_id: 9, reg_id: 188, reg_value: 5304c7, pmu_name: cpu
298 [139687104603712] INFO perfrun.perfcollector <> - DRY_RUN: "reg_type       = 1	event_id       = 10	reg_id         = 189	reg_value      = 5310c7"
298 [139687104603712] INFO perfrun.perfcollector <> - Event selector: group_id: 1, reg_type: 1, event_id: 10, reg_id: 189, reg_value: 5310c7, pmu_name: cpu
298 [139687104603712] INFO perfrun.perfcollector <> - DRY_RUN: "ESCR"
298 [139687104603712] INFO perfrun.perfcollector <> - DRY_RUN: "reg_type       = 2	event_id       = g	reg_id         = 1c8	reg_value      = 0"
298 [139687104603712] INFO perfrun.perfcollector <> - eventId: g, skip parsing event_id
298 [139687104603712] INFO perfrun.perfcollector <> - DRY_RUN: "DATA"
298 [139687104603712] INFO perfrun.perfcollector <> - DRY_RUN: "reg_type       = 4	event_id       = 2	reg_id         = 309	reg_value      = ffffffe488c0"
298 [139687104603712] INFO perfrun.perfcollector <> - eventId: 2, dataAddr: 309, dataVal: ffffffe488c0
298 [139687104603712] INFO perfrun.perfcollector <> - DRY_RUN: "reg_type       = 4	event_id       = 0	reg_id         = 30a	reg_value      = ffffffe17b7d"
298 [139687104603712] INFO perfrun.perfcollector <> - eventId: 0, dataAddr: 30a, dataVal: ffffffe17b7d
298 [139687104603712] INFO perfrun.perfcollector <> - DRY_RUN: "reg_type       = 4	event_id       = 1	reg_id         = 30b	reg_value      = ffffffe488c0"
298 [139687104603712] INFO perfrun.perfcollector <> - eventId: 1, dataAddr: 30b, dataVal: ffffffe488c0
298 [139687104603712] INFO perfrun.perfcollector <> - DRY_RUN: "reg_type       = 4	event_id       = 7	reg_id         = c1	reg_value      = ffffffe17b7d"
298 [139687104603712] INFO perfrun.perfcollector <> - eventId: 7, dataAddr: c1, dataVal: ffffffe17b7d
298 [139687104603712] INFO perfrun.perfcollector <> - DRY_RUN: "reg_type       = 4	event_id       = 8	reg_id         = c2	reg_value      = ffffffe17b7d"
298 [139687104603712] INFO perfrun.perfcollector <> - eventId: 8, dataAddr: c2, dataVal: ffffffe17b7d
298 [139687104603712] INFO perfrun.perfcollector <> - DRY_RUN: "reg_type       = 4	event_id       = 9	reg_id         = c3	reg_value      = ffffffe17b7d"
298 [139687104603712] INFO perfrun.perfcollector <> - eventId: 9, dataAddr: c3, dataVal: ffffffe17b7d
299 [139687104603712] INFO perfrun.perfcollector <> - DRY_RUN: "reg_type       = 4	event_id       = 10	reg_id         = c4	reg_value      = ffffffe17b7d"
299 [139687104603712] INFO perfrun.perfcollector <> - eventId: 10, dataAddr: c4, dataVal: ffffffe17b7d
299 [139687104603712] INFO perfrun.perfcollector <> - DRY_RUN: "Group 2:"
299 [139687104603712] INFO perfrun.perfcollector <> - id: 2
299 [139687104603712] INFO perfrun.perfcollector <> - DRY_RUN: "INST_RETIRED.ANY: event id 2"
299 [139687104603712] INFO perfrun.perfcollector <> - eventName: INST_RETIRED.ANY, eventId: 2
299 [139687104603712] INFO perfrun.perfcollector <> - DRY_RUN: "CPU_CLK_UNHALTED.THREAD: event id 0"
299 [139687104603712] INFO perfrun.perfcollector <> - eventName: CPU_CLK_UNHALTED.THREAD, eventId: 0
299 [139687104603712] INFO perfrun.perfcollector <> - DRY_RUN: "CPU_CLK_UNHALTED.REF_TSC: event id 1"
299 [139687104603712] INFO perfrun.perfcollector <> - eventName: CPU_CLK_UNHALTED.REF_TSC, eventId: 1
299 [139687104603712] INFO perfrun.perfcollector <> - DRY_RUN: "UOPS_EXECUTED.X87: event id 11"
299 [139687104603712] INFO perfrun.perfcollector <> - eventName: UOPS_EXECUTED.X87, eventId: 11
299 [139687104603712] INFO perfrun.perfcollector <> - DRY_RUN: "UOPS_RETIRED.RETIRE_SLOTS: event id 12"
299 [139687104603712] INFO perfrun.perfcollector <> - eventName: UOPS_RETIRED.RETIRE_SLOTS, eventId: 12
299 [139687104603712] INFO perfrun.perfcollector <> - DRY_RUN: "UOPS_EXECUTED.THREAD: event id 13"
299 [139687104603712] INFO perfrun.perfcollector <> - eventName: UOPS_EXECUTED.THREAD, eventId: 13
299 [139687104603712] INFO perfrun.perfcollector <> - DRY_RUN: "CCCR"
299 [139687104603712] INFO perfrun.perfcollector <> - DRY_RUN: "reg_type       = 1	event_id       = g	reg_id         = 38f	reg_value      = 700000007"
299 [139687104603712] INFO perfrun.perfcollector <> - eventId: g, skip parsing event_id
299 [139687104603712] INFO perfrun.perfcollector <> - Register was ignored: group_id: 2, reg_type: 1, event_id: 4294967295, reg_id: 38f, reg_value: 700000007, pmu_name: cpu
299 [139687104603712] INFO perfrun.perfcollector <> - DRY_RUN: "reg_type       = 1	event_id       = g	reg_id         = 390	reg_value      = 700000007"
299 [139687104603712] INFO perfrun.perfcollector <> - eventId: g, skip parsing event_id
299 [139687104603712] INFO perfrun.perfcollector <> - Register was ignored: group_id: 2, reg_type: 1, event_id: 4294967295, reg_id: 390, reg_value: 700000007, pmu_name: cpu
299 [139687104603712] INFO perfrun.perfcollector <> - DRY_RUN: "reg_type       = 1	event_id       = g	reg_id         = 3f1	reg_value      = 0"
299 [139687104603712] INFO perfrun.perfcollector <> - eventId: g, skip parsing event_id
299 [139687104603712] INFO perfrun.perfcollector <> - Register was ignored: group_id: 2, reg_type: 1, event_id: 4294967295, reg_id: 3f1, reg_value: 0, pmu_name: cpu
299 [139687104603712] INFO perfrun.perfcollector <> - DRY_RUN: "reg_type       = 1	event_id       = g	reg_id         = 1d9	reg_value      = 1800"
299 [139687104603712] INFO perfrun.perfcollector <> - eventId: g, skip parsing event_id
299 [139687104603712] INFO perfrun.perfcollector <> - Register was ignored: group_id: 2, reg_type: 1, event_id: 4294967295, reg_id: 1d9, reg_value: 1800, pmu_name: cpu
299 [139687104603712] INFO perfrun.perfcollector <> - DRY_RUN: "reg_type       = 1	event_id       = g	reg_id         = 38d	reg_value      = bbb"
299 [139687104603712] INFO perfrun.perfcollector <> - eventId: g, skip parsing event_id
299 [139687104603712] INFO perfrun.perfcollector <> - Register was ignored: group_id: 2, reg_type: 1, event_id: 4294967295, reg_id: 38d, reg_value: bbb, pmu_name: cpu
299 [139687104603712] INFO perfrun.perfcollector <> - DRY_RUN: "reg_type       = 1	event_id       = 11	reg_id         = 186	reg_value      = 5310b1"
299 [139687104603712] INFO perfrun.perfcollector <> - Event selector: group_id: 2, reg_type: 1, event_id: 11, reg_id: 186, reg_value: 5310b1, pmu_name: cpu
299 [139687104603712] INFO perfrun.perfcollector <> - DRY_RUN: "reg_type       = 1	event_id       = 12	reg_id         = 187	reg_value      = 5302c2"
299 [139687104603712] INFO perfrun.perfcollector <> - Event selector: group_id: 2, reg_type: 1, event_id: 12, reg_id: 187, reg_value: 5302c2, pmu_name: cpu
299 [139687104603712] INFO perfrun.perfcollector <> - DRY_RUN: "reg_type       = 1	event_id       = 13	reg_id         = 188	reg_value      = 5301b1"
299 [139687104603712] INFO perfrun.perfcollector <> - Event selector: group_id: 2, reg_type: 1, event_id: 13, reg_id: 188, reg_value: 5301b1, pmu_name: cpu
299 [139687104603712] INFO perfrun.perfcollector <> - DRY_RUN: "ESCR"
299 [139687104603712] INFO perfrun.perfcollector <> - DRY_RUN: "reg_type       = 2	event_id       = g	reg_id         = 1c8	reg_value      = 0"
299 [139687104603712] INFO perfrun.perfcollector <> - eventId: g, skip parsing event_id
299 [139687104603712] INFO perfrun.perfcollector <> - DRY_RUN: "DATA"
299 [139687104603712] INFO perfrun.perfcollector <> - DRY_RUN: "reg_type       = 4	event_id       = 2	reg_id         = 309	reg_value      = ffffffe488c0"
299 [139687104603712] INFO perfrun.perfcollector <> - eventId: 2, dataAddr: 309, dataVal: ffffffe488c0
299 [139687104603712] INFO perfrun.perfcollector <> - DRY_RUN: "reg_type       = 4	event_id       = 0	reg_id         = 30a	reg_value      = ffffffe17b7d"
300 [139687104603712] INFO perfrun.perfcollector <> - eventId: 0, dataAddr: 30a, dataVal: ffffffe17b7d
300 [139687104603712] INFO perfrun.perfcollector <> - DRY_RUN: "reg_type       = 4	event_id       = 1	reg_id         = 30b	reg_value      = ffffffe488c0"
300 [139687104603712] INFO perfrun.perfcollector <> - eventId: 1, dataAddr: 30b, dataVal: ffffffe488c0
300 [139687104603712] INFO perfrun.perfcollector <> - DRY_RUN: "reg_type       = 4	event_id       = 11	reg_id         = c1	reg_value      = ffffffe17b7d"
300 [139687104603712] INFO perfrun.perfcollector <> - eventId: 11, dataAddr: c1, dataVal: ffffffe17b7d
300 [139687104603712] INFO perfrun.perfcollector <> - DRY_RUN: "reg_type       = 4	event_id       = 12	reg_id         = c2	reg_value      = ffffffe17b7d"
300 [139687104603712] INFO perfrun.perfcollector <> - eventId: 12, dataAddr: c2, dataVal: ffffffe17b7d
300 [139687104603712] INFO perfrun.perfcollector <> - DRY_RUN: "reg_type       = 4	event_id       = 13	reg_id         = c3	reg_value      = ffffffe17b7d"
300 [139687104603712] INFO perfrun.perfcollector <> - eventId: 13, dataAddr: c3, dataVal: ffffffe17b7d
300 [139687104603712] INFO perfrun.perfcollector <> - event name: CPU_CLK_UNHALTED.THREAD
300 [139687104603712] INFO perfrun.perfcollector <> - pmu config: cpu
300 [139687104603712] INFO perfrun.perfcollector <> - cccrAddr: ffffffff, cccrValue: 0
300 [139687104603712] INFO perfrun.perfcollector <> - dataAddr: 30a, dataValue: ffffffffffe17b7d
300 [139687104603712] INFO perfrun.perfcollector <> - escrAddr: ffffffff, escrValue: 0
300 [139687104603712] INFO perfrun.perfcollector <> - extendedPebsValue: 0
300 [139687104603712] INFO perfrun.perfcollector <> - adaptivePebsAvailable: 0
300 [139687104603712] INFO perfrun.perfcollector <> - config: event: 3c
300 [139687104603712] INFO perfrun.perfcollector <> - config: pc: 0
300 [139687104603712] INFO perfrun.perfcollector <> - config: edge: 0
300 [139687104603712] INFO perfrun.perfcollector <> - config: any: 0
300 [139687104603712] INFO perfrun.perfcollector <> - config1: offcore_rsp: 0
300 [139687104603712] INFO perfrun.perfcollector <> - config1: ldlat: 0
300 [139687104603712] INFO perfrun.perfcollector <> - config: inv: 0
300 [139687104603712] INFO perfrun.perfcollector <> - config: umask: 0
300 [139687104603712] INFO perfrun.perfcollector <> - config1: frontend: 0
300 [139687104603712] INFO perfrun.perfcollector <> - config: cmask: 0
300 [139687104603712] INFO perfrun.perfcollector <> - format: cpu/event=0x3c,name='CPU_CLK_UNHALTED.THREAD'/D
300 [139687104603712] INFO perfrun.perfcollector <> - event name: CPU_CLK_UNHALTED.REF_TSC
300 [139687104603712] INFO perfrun.perfcollector <> - pmu config: cpu
300 [139687104603712] INFO perfrun.perfcollector <> - cccrAddr: ffffffff, cccrValue: 0
300 [139687104603712] INFO perfrun.perfcollector <> - dataAddr: 30b, dataValue: ffffffffffe488c0
300 [139687104603712] INFO perfrun.perfcollector <> - escrAddr: ffffffff, escrValue: 0
300 [139687104603712] INFO perfrun.perfcollector <> - extendedPebsValue: 0
300 [139687104603712] INFO perfrun.perfcollector <> - adaptivePebsAvailable: 0
300 [139687104603712] INFO perfrun.perfcollector <> - config: event: 0
300 [139687104603712] INFO perfrun.perfcollector <> - config: pc: 0
300 [139687104603712] INFO perfrun.perfcollector <> - config: edge: 0
300 [139687104603712] INFO perfrun.perfcollector <> - config: any: 0
300 [139687104603712] INFO perfrun.perfcollector <> - config1: offcore_rsp: 0
300 [139687104603712] INFO perfrun.perfcollector <> - config1: ldlat: 0
300 [139687104603712] INFO perfrun.perfcollector <> - config: inv: 0
300 [139687104603712] INFO perfrun.perfcollector <> - config: umask: 3
300 [139687104603712] INFO perfrun.perfcollector <> - config1: frontend: 0
300 [139687104603712] INFO perfrun.perfcollector <> - config: cmask: 0
300 [139687104603712] INFO perfrun.perfcollector <> - format: cpu/umask=0x3,name='CPU_CLK_UNHALTED.REF_TSC'/D
300 [139687104603712] INFO perfrun.perfcollector <> - event name: INST_RETIRED.ANY
300 [139687104603712] INFO perfrun.perfcollector <> - pmu config: cpu
300 [139687104603712] INFO perfrun.perfcollector <> - cccrAddr: ffffffff, cccrValue: 0
300 [139687104603712] INFO perfrun.perfcollector <> - dataAddr: 309, dataValue: ffffffffffe488c0
300 [139687104603712] INFO perfrun.perfcollector <> - escrAddr: ffffffff, escrValue: 0
300 [139687104603712] INFO perfrun.perfcollector <> - extendedPebsValue: 0
300 [139687104603712] INFO perfrun.perfcollector <> - adaptivePebsAvailable: 0
300 [139687104603712] INFO perfrun.perfcollector <> - config: event: c0
300 [139687104603712] INFO perfrun.perfcollector <> - config: pc: 0
301 [139687104603712] INFO perfrun.perfcollector <> - config: edge: 0
301 [139687104603712] INFO perfrun.perfcollector <> - config: any: 0
301 [139687104603712] INFO perfrun.perfcollector <> - config1: offcore_rsp: 0
301 [139687104603712] INFO perfrun.perfcollector <> - config1: ldlat: 0
301 [139687104603712] INFO perfrun.perfcollector <> - config: inv: 0
301 [139687104603712] INFO perfrun.perfcollector <> - config: umask: 0
301 [139687104603712] INFO perfrun.perfcollector <> - config1: frontend: 0
301 [139687104603712] INFO perfrun.perfcollector <> - config: cmask: 0
301 [139687104603712] INFO perfrun.perfcollector <> - format: cpu/event=0xc0,name='INST_RETIRED.ANY'/D
301 [139687104603712] INFO perfrun.perfcollector <> - event name: CPU_CLK_UNHALTED.REF_XCLK
301 [139687104603712] INFO perfrun.perfcollector <> - pmu config: cpu
301 [139687104603712] INFO perfrun.perfcollector <> - cccrAddr: 186, cccrValue: 53013c
301 [139687104603712] INFO perfrun.perfcollector <> - dataAddr: c1, dataValue: ffffffffffff9e55
301 [139687104603712] INFO perfrun.perfcollector <> - escrAddr: ffffffff, escrValue: 0
301 [139687104603712] INFO perfrun.perfcollector <> - extendedPebsValue: 0
301 [139687104603712] INFO perfrun.perfcollector <> - adaptivePebsAvailable: 0
301 [139687104603712] INFO perfrun.perfcollector <> - config: event: 3c
301 [139687104603712] INFO perfrun.perfcollector <> - config: pc: 0
301 [139687104603712] INFO perfrun.perfcollector <> - config: edge: 0
301 [139687104603712] INFO perfrun.perfcollector <> - config: any: 0
301 [139687104603712] INFO perfrun.perfcollector <> - config1: offcore_rsp: 0
301 [139687104603712] INFO perfrun.perfcollector <> - config1: ldlat: 0
301 [139687104603712] INFO perfrun.perfcollector <> - config: inv: 0
301 [139687104603712] INFO perfrun.perfcollector <> - config: umask: 1
301 [139687104603712] INFO perfrun.perfcollector <> - config1: frontend: 0
301 [139687104603712] INFO perfrun.perfcollector <> - config: cmask: 0
301 [139687104603712] INFO perfrun.perfcollector <> - format: cpu/event=0x3c,umask=0x1,name='CPU_CLK_UNHALTED.REF_XCLK'/
301 [139687104603712] INFO perfrun.perfcollector <> - event name: CPU_CLK_UNHALTED.ONE_THREAD_ACTIVE
301 [139687104603712] INFO perfrun.perfcollector <> - pmu config: cpu
301 [139687104603712] INFO perfrun.perfcollector <> - cccrAddr: 187, cccrValue: 53023c
301 [139687104603712] INFO perfrun.perfcollector <> - dataAddr: c2, dataValue: ffffffffffff9e55
301 [139687104603712] INFO perfrun.perfcollector <> - escrAddr: ffffffff, escrValue: 0
301 [139687104603712] INFO perfrun.perfcollector <> - extendedPebsValue: 0
301 [139687104603712] INFO perfrun.perfcollector <> - adaptivePebsAvailable: 0
301 [139687104603712] INFO perfrun.perfcollector <> - config: event: 3c
301 [139687104603712] INFO perfrun.perfcollector <> - config: pc: 0
301 [139687104603712] INFO perfrun.perfcollector <> - config: edge: 0
301 [139687104603712] INFO perfrun.perfcollector <> - config: any: 0
301 [139687104603712] INFO perfrun.perfcollector <> - config1: offcore_rsp: 0
301 [139687104603712] INFO perfrun.perfcollector <> - config1: ldlat: 0
301 [139687104603712] INFO perfrun.perfcollector <> - config: inv: 0
301 [139687104603712] INFO perfrun.perfcollector <> - config: umask: 2
301 [139687104603712] INFO perfrun.perfcollector <> - config1: frontend: 0
301 [139687104603712] INFO perfrun.perfcollector <> - config: cmask: 0
301 [139687104603712] INFO perfrun.perfcollector <> - format: cpu/event=0x3c,umask=0x2,name='CPU_CLK_UNHALTED.ONE_THREAD_ACTIVE'/
301 [139687104603712] INFO perfrun.perfcollector <> - event name: FP_ARITH_INST_RETIRED.SCALAR_SINGLE
301 [139687104603712] INFO perfrun.perfcollector <> - pmu config: cpu
301 [139687104603712] INFO perfrun.perfcollector <> - cccrAddr: 188, cccrValue: 5302c7
301 [139687104603712] INFO perfrun.perfcollector <> - dataAddr: c3, dataValue: ffffffffffe17b7d
301 [139687104603712] INFO perfrun.perfcollector <> - escrAddr: ffffffff, escrValue: 0
301 [139687104603712] INFO perfrun.perfcollector <> - extendedPebsValue: 0
301 [139687104603712] INFO perfrun.perfcollector <> - adaptivePebsAvailable: 0
301 [139687104603712] INFO perfrun.perfcollector <> - config: event: c7
301 [139687104603712] INFO perfrun.perfcollector <> - config: pc: 0
301 [139687104603712] INFO perfrun.perfcollector <> - config: edge: 0
301 [139687104603712] INFO perfrun.perfcollector <> - config: any: 0
301 [139687104603712] INFO perfrun.perfcollector <> - config1: offcore_rsp: 0
301 [139687104603712] INFO perfrun.perfcollector <> - config1: ldlat: 0
301 [139687104603712] INFO perfrun.perfcollector <> - config: inv: 0
301 [139687104603712] INFO perfrun.perfcollector <> - config: umask: 2
301 [139687104603712] INFO perfrun.perfcollector <> - config1: frontend: 0
301 [139687104603712] INFO perfrun.perfcollector <> - config: cmask: 0
301 [139687104603712] INFO perfrun.perfcollector <> - format: cpu/event=0xc7,umask=0x2,name='FP_ARITH_INST_RETIRED.SCALAR_SINGLE'/
301 [139687104603712] INFO perfrun.perfcollector <> - event name: FP_ARITH_INST_RETIRED.128B_PACKED_SINGLE
302 [139687104603712] INFO perfrun.perfcollector <> - pmu config: cpu
302 [139687104603712] INFO perfrun.perfcollector <> - cccrAddr: 189, cccrValue: 5308c7
302 [139687104603712] INFO perfrun.perfcollector <> - dataAddr: c4, dataValue: ffffffffffe17b7d
302 [139687104603712] INFO perfrun.perfcollector <> - escrAddr: ffffffff, escrValue: 0
302 [139687104603712] INFO perfrun.perfcollector <> - extendedPebsValue: 0
302 [139687104603712] INFO perfrun.perfcollector <> - adaptivePebsAvailable: 0
302 [139687104603712] INFO perfrun.perfcollector <> - config: event: c7
302 [139687104603712] INFO perfrun.perfcollector <> - config: pc: 0
302 [139687104603712] INFO perfrun.perfcollector <> - config: edge: 0
302 [139687104603712] INFO perfrun.perfcollector <> - config: any: 0
302 [139687104603712] INFO perfrun.perfcollector <> - config1: offcore_rsp: 0
302 [139687104603712] INFO perfrun.perfcollector <> - config1: ldlat: 0
302 [139687104603712] INFO perfrun.perfcollector <> - config: inv: 0
302 [139687104603712] INFO perfrun.perfcollector <> - config: umask: 8
302 [139687104603712] INFO perfrun.perfcollector <> - config1: frontend: 0
302 [139687104603712] INFO perfrun.perfcollector <> - config: cmask: 0
302 [139687104603712] INFO perfrun.perfcollector <> - format: cpu/event=0xc7,umask=0x8,name='FP_ARITH_INST_RETIRED.128B_PACKED_SINGLE'/
302 [139687104603712] INFO perfrun.perfcollector <> - event name: FP_ARITH_INST_RETIRED.256B_PACKED_SINGLE
302 [139687104603712] INFO perfrun.perfcollector <> - pmu config: cpu
302 [139687104603712] INFO perfrun.perfcollector <> - cccrAddr: 186, cccrValue: 5320c7
302 [139687104603712] INFO perfrun.perfcollector <> - dataAddr: c1, dataValue: ffffffffffe17b7d
302 [139687104603712] INFO perfrun.perfcollector <> - escrAddr: ffffffff, escrValue: 0
302 [139687104603712] INFO perfrun.perfcollector <> - extendedPebsValue: 0
302 [139687104603712] INFO perfrun.perfcollector <> - adaptivePebsAvailable: 0
302 [139687104603712] INFO perfrun.perfcollector <> - config: event: c7
302 [139687104603712] INFO perfrun.perfcollector <> - config: pc: 0
302 [139687104603712] INFO perfrun.perfcollector <> - config: edge: 0
302 [139687104603712] INFO perfrun.perfcollector <> - config: any: 0
302 [139687104603712] INFO perfrun.perfcollector <> - config1: offcore_rsp: 0
302 [139687104603712] INFO perfrun.perfcollector <> - config1: ldlat: 0
302 [139687104603712] INFO perfrun.perfcollector <> - config: inv: 0
302 [139687104603712] INFO perfrun.perfcollector <> - config: umask: 20
302 [139687104603712] INFO perfrun.perfcollector <> - config1: frontend: 0
302 [139687104603712] INFO perfrun.perfcollector <> - config: cmask: 0
302 [139687104603712] INFO perfrun.perfcollector <> - format: cpu/event=0xc7,umask=0x20,name='FP_ARITH_INST_RETIRED.256B_PACKED_SINGLE'/
302 [139687104603712] INFO perfrun.perfcollector <> - event name: FP_ARITH_INST_RETIRED.SCALAR_DOUBLE
302 [139687104603712] INFO perfrun.perfcollector <> - pmu config: cpu
302 [139687104603712] INFO perfrun.perfcollector <> - cccrAddr: 187, cccrValue: 5301c7
302 [139687104603712] INFO perfrun.perfcollector <> - dataAddr: c2, dataValue: ffffffffffe17b7d
302 [139687104603712] INFO perfrun.perfcollector <> - escrAddr: ffffffff, escrValue: 0
302 [139687104603712] INFO perfrun.perfcollector <> - extendedPebsValue: 0
302 [139687104603712] INFO perfrun.perfcollector <> - adaptivePebsAvailable: 0
302 [139687104603712] INFO perfrun.perfcollector <> - config: event: c7
302 [139687104603712] INFO perfrun.perfcollector <> - config: pc: 0
302 [139687104603712] INFO perfrun.perfcollector <> - config: edge: 0
302 [139687104603712] INFO perfrun.perfcollector <> - config: any: 0
302 [139687104603712] INFO perfrun.perfcollector <> - config1: offcore_rsp: 0
302 [139687104603712] INFO perfrun.perfcollector <> - config1: ldlat: 0
302 [139687104603712] INFO perfrun.perfcollector <> - config: inv: 0
302 [139687104603712] INFO perfrun.perfcollector <> - config: umask: 1
302 [139687104603712] INFO perfrun.perfcollector <> - config1: frontend: 0
302 [139687104603712] INFO perfrun.perfcollector <> - config: cmask: 0
302 [139687104603712] INFO perfrun.perfcollector <> - format: cpu/event=0xc7,umask=0x1,name='FP_ARITH_INST_RETIRED.SCALAR_DOUBLE'/
302 [139687104603712] INFO perfrun.perfcollector <> - event name: FP_ARITH_INST_RETIRED.128B_PACKED_DOUBLE
302 [139687104603712] INFO perfrun.perfcollector <> - pmu config: cpu
302 [139687104603712] INFO perfrun.perfcollector <> - cccrAddr: 188, cccrValue: 5304c7
302 [139687104603712] INFO perfrun.perfcollector <> - dataAddr: c3, dataValue: ffffffffffe17b7d
302 [139687104603712] INFO perfrun.perfcollector <> - escrAddr: ffffffff, escrValue: 0
302 [139687104603712] INFO perfrun.perfcollector <> - extendedPebsValue: 0
302 [139687104603712] INFO perfrun.perfcollector <> - adaptivePebsAvailable: 0
302 [139687104603712] INFO perfrun.perfcollector <> - config: event: c7
302 [139687104603712] INFO perfrun.perfcollector <> - config: pc: 0
303 [139687104603712] INFO perfrun.perfcollector <> - config: edge: 0
303 [139687104603712] INFO perfrun.perfcollector <> - config: any: 0
303 [139687104603712] INFO perfrun.perfcollector <> - config1: offcore_rsp: 0
303 [139687104603712] INFO perfrun.perfcollector <> - config1: ldlat: 0
303 [139687104603712] INFO perfrun.perfcollector <> - config: inv: 0
303 [139687104603712] INFO perfrun.perfcollector <> - config: umask: 4
303 [139687104603712] INFO perfrun.perfcollector <> - config1: frontend: 0
303 [139687104603712] INFO perfrun.perfcollector <> - config: cmask: 0
303 [139687104603712] INFO perfrun.perfcollector <> - format: cpu/event=0xc7,umask=0x4,name='FP_ARITH_INST_RETIRED.128B_PACKED_DOUBLE'/
303 [139687104603712] INFO perfrun.perfcollector <> - event name: FP_ARITH_INST_RETIRED.256B_PACKED_DOUBLE
303 [139687104603712] INFO perfrun.perfcollector <> - pmu config: cpu
303 [139687104603712] INFO perfrun.perfcollector <> - cccrAddr: 189, cccrValue: 5310c7
303 [139687104603712] INFO perfrun.perfcollector <> - dataAddr: c4, dataValue: ffffffffffe17b7d
303 [139687104603712] INFO perfrun.perfcollector <> - escrAddr: ffffffff, escrValue: 0
303 [139687104603712] INFO perfrun.perfcollector <> - extendedPebsValue: 0
303 [139687104603712] INFO perfrun.perfcollector <> - adaptivePebsAvailable: 0
303 [139687104603712] INFO perfrun.perfcollector <> - config: event: c7
303 [139687104603712] INFO perfrun.perfcollector <> - config: pc: 0
303 [139687104603712] INFO perfrun.perfcollector <> - config: edge: 0
303 [139687104603712] INFO perfrun.perfcollector <> - config: any: 0
303 [139687104603712] INFO perfrun.perfcollector <> - config1: offcore_rsp: 0
303 [139687104603712] INFO perfrun.perfcollector <> - config1: ldlat: 0
303 [139687104603712] INFO perfrun.perfcollector <> - config: inv: 0
303 [139687104603712] INFO perfrun.perfcollector <> - config: umask: 10
303 [139687104603712] INFO perfrun.perfcollector <> - config1: frontend: 0
303 [139687104603712] INFO perfrun.perfcollector <> - config: cmask: 0
303 [139687104603712] INFO perfrun.perfcollector <> - format: cpu/event=0xc7,umask=0x10,name='FP_ARITH_INST_RETIRED.256B_PACKED_DOUBLE'/
303 [139687104603712] INFO perfrun.perfcollector <> - event name: UOPS_EXECUTED.X87
303 [139687104603712] INFO perfrun.perfcollector <> - pmu config: cpu
303 [139687104603712] INFO perfrun.perfcollector <> - cccrAddr: 186, cccrValue: 5310b1
303 [139687104603712] INFO perfrun.perfcollector <> - dataAddr: c1, dataValue: ffffffffffe17b7d
303 [139687104603712] INFO perfrun.perfcollector <> - escrAddr: ffffffff, escrValue: 0
303 [139687104603712] INFO perfrun.perfcollector <> - extendedPebsValue: 0
303 [139687104603712] INFO perfrun.perfcollector <> - adaptivePebsAvailable: 0
303 [139687104603712] INFO perfrun.perfcollector <> - config: event: b1
303 [139687104603712] INFO perfrun.perfcollector <> - config: pc: 0
303 [139687104603712] INFO perfrun.perfcollector <> - config: edge: 0
303 [139687104603712] INFO perfrun.perfcollector <> - config: any: 0
303 [139687104603712] INFO perfrun.perfcollector <> - config1: offcore_rsp: 0
303 [139687104603712] INFO perfrun.perfcollector <> - config1: ldlat: 0
303 [139687104603712] INFO perfrun.perfcollector <> - config: inv: 0
303 [139687104603712] INFO perfrun.perfcollector <> - config: umask: 10
303 [139687104603712] INFO perfrun.perfcollector <> - config1: frontend: 0
303 [139687104603712] INFO perfrun.perfcollector <> - config: cmask: 0
303 [139687104603712] INFO perfrun.perfcollector <> - format: cpu/event=0xb1,umask=0x10,name='UOPS_EXECUTED.X87'/
303 [139687104603712] INFO perfrun.perfcollector <> - event name: UOPS_RETIRED.RETIRE_SLOTS
303 [139687104603712] INFO perfrun.perfcollector <> - pmu config: cpu
303 [139687104603712] INFO perfrun.perfcollector <> - cccrAddr: 187, cccrValue: 5302c2
303 [139687104603712] INFO perfrun.perfcollector <> - dataAddr: c2, dataValue: ffffffffffe17b7d
303 [139687104603712] INFO perfrun.perfcollector <> - escrAddr: ffffffff, escrValue: 0
303 [139687104603712] INFO perfrun.perfcollector <> - extendedPebsValue: 0
303 [139687104603712] INFO perfrun.perfcollector <> - adaptivePebsAvailable: 0
303 [139687104603712] INFO perfrun.perfcollector <> - config: event: c2
303 [139687104603712] INFO perfrun.perfcollector <> - config: pc: 0
303 [139687104603712] INFO perfrun.perfcollector <> - config: edge: 0
303 [139687104603712] INFO perfrun.perfcollector <> - config: any: 0
303 [139687104603712] INFO perfrun.perfcollector <> - config1: offcore_rsp: 0
303 [139687104603712] INFO perfrun.perfcollector <> - config1: ldlat: 0
303 [139687104603712] INFO perfrun.perfcollector <> - config: inv: 0
303 [139687104603712] INFO perfrun.perfcollector <> - config: umask: 2
303 [139687104603712] INFO perfrun.perfcollector <> - config1: frontend: 0
303 [139687104603712] INFO perfrun.perfcollector <> - config: cmask: 0
303 [139687104603712] INFO perfrun.perfcollector <> - format: cpu/event=0xc2,umask=0x2,name='UOPS_RETIRED.RETIRE_SLOTS'/
303 [139687104603712] INFO perfrun.perfcollector <> - event name: UOPS_EXECUTED.THREAD
303 [139687104603712] INFO perfrun.perfcollector <> - pmu config: cpu
303 [139687104603712] INFO perfrun.perfcollector <> - cccrAddr: 188, cccrValue: 5301b1
304 [139687104603712] INFO perfrun.perfcollector <> - dataAddr: c3, dataValue: ffffffffffe17b7d
304 [139687104603712] INFO perfrun.perfcollector <> - escrAddr: ffffffff, escrValue: 0
304 [139687104603712] INFO perfrun.perfcollector <> - extendedPebsValue: 0
304 [139687104603712] INFO perfrun.perfcollector <> - adaptivePebsAvailable: 0
304 [139687104603712] INFO perfrun.perfcollector <> - config: event: b1
304 [139687104603712] INFO perfrun.perfcollector <> - config: pc: 0
304 [139687104603712] INFO perfrun.perfcollector <> - config: edge: 0
304 [139687104603712] INFO perfrun.perfcollector <> - config: any: 0
304 [139687104603712] INFO perfrun.perfcollector <> - config1: offcore_rsp: 0
304 [139687104603712] INFO perfrun.perfcollector <> - config1: ldlat: 0
304 [139687104603712] INFO perfrun.perfcollector <> - config: inv: 0
304 [139687104603712] INFO perfrun.perfcollector <> - config: umask: 1
304 [139687104603712] INFO perfrun.perfcollector <> - config1: frontend: 0
304 [139687104603712] INFO perfrun.perfcollector <> - config: cmask: 0
304 [139687104603712] INFO perfrun.perfcollector <> - format: cpu/event=0xb1,umask=0x1,name='UOPS_EXECUTED.THREAD'/
304 [139687104603712] INFO perfrun.perfcollector <> - event: cpu/event=0x3c,name='CPU_CLK_UNHALTED.THREAD'/Duk, added for counting
304 [139687104603712] INFO perfrun.perfcollector <> - event: cpu/umask=0x3,name='CPU_CLK_UNHALTED.REF_TSC'/Duk, added for counting
304 [139687104603712] INFO perfrun.perfcollector <> - event: cpu/event=0xc0,name='INST_RETIRED.ANY'/Duk, added for counting
304 [139687104603712] INFO perfrun.perfcollector <> - event: cpu/event=0x3c,umask=0x1,name='CPU_CLK_UNHALTED.REF_XCLK'/uk, added for counting
304 [139687104603712] INFO perfrun.perfcollector <> - event: cpu/event=0x3c,umask=0x2,name='CPU_CLK_UNHALTED.ONE_THREAD_ACTIVE'/uk, added for counting
304 [139687104603712] INFO perfrun.perfcollector <> - event: cpu/event=0xc7,umask=0x2,name='FP_ARITH_INST_RETIRED.SCALAR_SINGLE'/uk, added for counting
304 [139687104603712] INFO perfrun.perfcollector <> - event: cpu/event=0xc7,umask=0x8,name='FP_ARITH_INST_RETIRED.128B_PACKED_SINGLE'/uk, added for counting
304 [139687104603712] INFO perfrun.perfcollector <> - event: cpu/event=0xc7,umask=0x20,name='FP_ARITH_INST_RETIRED.256B_PACKED_SINGLE'/uk, added for counting
304 [139687104603712] INFO perfrun.perfcollector <> - event: cpu/event=0xc7,umask=0x1,name='FP_ARITH_INST_RETIRED.SCALAR_DOUBLE'/uk, added for counting
304 [139687104603712] INFO perfrun.perfcollector <> - event: cpu/event=0xc7,umask=0x4,name='FP_ARITH_INST_RETIRED.128B_PACKED_DOUBLE'/uk, added for counting
304 [139687104603712] INFO perfrun.perfcollector <> - event: cpu/event=0xc7,umask=0x10,name='FP_ARITH_INST_RETIRED.256B_PACKED_DOUBLE'/uk, added for counting
304 [139687104603712] INFO perfrun.perfcollector <> - event: cpu/event=0xb1,umask=0x10,name='UOPS_EXECUTED.X87'/uk, added for counting
304 [139687104603712] INFO perfrun.perfcollector <> - event: cpu/event=0xc2,umask=0x2,name='UOPS_RETIRED.RETIRE_SLOTS'/uk, added for counting
304 [139687104603712] INFO perfrun.perfcollector <> - event: cpu/event=0xb1,umask=0x1,name='UOPS_EXECUTED.THREAD'/uk, added for counting
304 [139687104603712] INFO perfrun.perfcollector <> - attaching to pid: 4294967295, collect mode: 1, rc modes: 3
305 [139687096211008] WARN perfrun.perfcollector <> - Perf stat trace pipe capacity: read = 1048576, write = 1048576, at file: vcs/perfrun1/plugins/perfcollector/src/profiler.cpp:765
306 [139687096211008] INFO perfrun.sdk <> - runCmd: /opt/intel/oneapi/vtune/2023.1.0/bin64/amplxe-perf stat -v --log-fd 12 --scale -x ; -e cpu/event=0x3c,name='CPU_CLK_UNHALTED.THREAD'/Duk,cpu/umask=0x3,name='CPU_CLK_UNHALTED.REF_TSC'/Duk,cpu/event=0xc0,name='INST_RETIRED.ANY'/Duk,cpu/event=0x3c,umask=0x1,name='CPU_CLK_UNHALTED.REF_XCLK'/uk,cpu/event=0x3c,umask=0x2,name='CPU_CLK_UNHALTED.ONE_THREAD_ACTIVE'/uk,cpu/event=0xc7,umask=0x2,name='FP_ARITH_INST_RETIRED.SCALAR_SINGLE'/uk,cpu/event=0xc7,umask=0x8,name='FP_ARITH_INST_RETIRED.128B_PACKED_SINGLE'/uk,cpu/event=0xc7,umask=0x20,name='FP_ARITH_INST_RETIRED.256B_PACKED_SINGLE'/uk,cpu/event=0xc7,umask=0x1,name='FP_ARITH_INST_RETIRED.SCALAR_DOUBLE'/uk,cpu/event=0xc7,umask=0x4,name='FP_ARITH_INST_RETIRED.128B_PACKED_DOUBLE'/uk,cpu/event=0xc7,umask=0x10,name='FP_ARITH_INST_RETIRED.256B_PACKED_DOUBLE'/uk,cpu/event=0xb1,umask=0x10,name='UOPS_EXECUTED.X87'/uk,cpu/event=0xc2,umask=0x2,name='UOPS_RETIRED.RETIRE_SLOTS'/uk,cpu/event=0xb1,umask=0x1,name='UOPS_EXECUTED.THREAD'/uk /opt/intel/oneapi/vtune/2023.1.0/bin64/amplxe-perf-sync dryrun tsc
308 [139687096211008] INFO perfrun.sdk <> - runCmd started PID 789376
429 [139687096211008] INFO perfrun.perfcollector <> - Monitor: runCmd RC = true
430 [139687104603712] INFO perfrun.launcher <> - plugin [aoclprofile] was disabled because it doesn't support the given collection type.
430 [139687104603712] INFO perfrun.tpss <> - initialize tpss controller
430 [139687104603712] INFO perfrun.tpss <> - configure collection mode: value = cpu:counters:nostack
430 [139687104603712] INFO perfrun.tpss <> - configure collection mode: value = cpu:stack
430 [139687104603712] INFO perfrun.tpss <> - default obj-size-min=1024
430 [139687104603712] INFO perfrun.tpss <> - default hash-table-size=0
431 [139687104603712] INFO perfrun.launcher <> - plugin [media] was disabled because it doesn't support the given collection type.
431 [139687104603712] INFO perfrun.launcher <> - plugin [] was disabled because it doesn't support the given collection type.
431 [139687104603712] INFO perfrun.launcher <> - plugin [] was disabled because it doesn't support the given collection type.
431 [139687104603712] INFO perfrun.launcher <> - plugin [parallelfs] was disabled because it doesn't support the given collection type.
431 [139687104603712] INFO perfrun.launcher <> - plugin [power] was disabled because it doesn't support the given collection type.
431 [139687104603712] INFO perfrun.launcher <> - plugin [hwloc] was disabled because it doesn't support the given collection type.
431 [139687104603712] INFO perfrun.launcher <> - plugin [ipmwatch] was disabled because it doesn't support the given collection type.
431 [139687104603712] INFO perfrun.launcher <> - plugin [os_counters] was disabled because it doesn't support the given collection type.
431 [139687104603712] INFO perfrun.launcher <> - plugin [l0_metrics] was disabled because it doesn't support the given collection type.
431 [139687260470400] INFO perfrun.launcher <> - set environment variable: LD_LIBRARY_PATH = /opt/intel/oneapi/vtune/2023.1.0/lib32/runtime:/opt/intel/oneapi/vtune/2023.1.0/lib64/runtime
431 [139687260470400] INFO perfrun.launcher <> - set environment variable: INTEL_LIBITTNOTIFY32 = /opt/intel/oneapi/vtune/2023.1.0/lib32/runtime/libittnotify_collector.so
431 [139687260470400] INFO perfrun.launcher <> - set environment variable: INTEL_LIBITTNOTIFY64 = /opt/intel/oneapi/vtune/2023.1.0/lib64/runtime/libittnotify_collector.so
432 [139687260470400] INFO perfrun.launcher <> - set environment variable: INTEL_ITTNOTIFY_GROUPS = 
432 [139687260470400] INFO perfrun.launcher <> - set environment variable: INTEL_JIT_PROFILER32 = /opt/intel/oneapi/vtune/2023.1.0/lib32/runtime/libittnotify_collector.so
432 [139687260470400] INFO perfrun.launcher <> - set environment variable: INTEL_JIT_PROFILER64 = /opt/intel/oneapi/vtune/2023.1.0/lib64/runtime/libittnotify_collector.so
432 [139687260470400] INFO perfrun.launcher <> - set environment variable: OMP_TOOL_LIBRARIES = /opt/intel/oneapi/vtune/2023.1.0/lib32/runtime/libittnotify_collector.so:/opt/intel/oneapi/vtune/2023.1.0/lib64/runtime/libittnotify_collector.so
432 [139687260470400] INFO perfrun.launcher <> - set environment variable: ENABLE_JITPROFILING = 1
432 [139687260470400] INFO perfrun.launcher <> - set environment variable: CL_CONFIG_USE_VTUNE = True
432 [139687260470400] INFO perfrun.launcher <> - set environment variable: KMP_FORKJOIN_FRAMES = 0
432 [139687260470400] INFO perfrun.launcher <> - set environment variable: KMP_FORKJOIN_FRAMES_MODE = 0
433 [139687260470400] INFO perfrun.launcher <> - set environment variable: OMP_TOOL = disabled
433 [139687260470400] INFO perfrun.launcher <> - set environment variable: INTEL_MRTE_DATA_DIR = /home/samuki/git/team29/r004hs/data.0
433 [139687260470400] INFO perfrun.launcher <> - set environment variable: INTEL_MRTE_HOST_NAME = lucy
433 [139687260470400] INFO perfrun.launcher <> - set environment variable: JAVA_TOOL_OPTIONS = -agentlib:amplxe_tpssmrte_javaprof_1.0 -Dsun.boot.library.path=/opt/intel/oneapi/vtune/2023.1.0/lib32/runtime:/opt/intel/oneapi/vtune/2023.1.0/lib64/runtime
433 [139687260470400] INFO perfrun.launcher <> - set environment variable: LD_LIBRARY_PATH = /opt/intel/oneapi/vtune/2023.1.0/lib32/runtime:/opt/intel/oneapi/vtune/2023.1.0/lib64/runtime
433 [139687260470400] INFO perfrun.launcher <> - set environment variable: CORECLR_ENABLE_PROFILING = 1
433 [139687260470400] INFO perfrun.launcher <> - set environment variable: CORECLR_PROFILER = {AA5E4821-E3B1-479c-B7FF-5AD047D22CED}
433 [139687260470400] INFO perfrun.launcher <> - set environment variable: CORECLR_PROFILER_PATH = /opt/intel/oneapi/vtune/2023.1.0/lib64/libamplxe_samplingmrte_clrprof_1.0.so
434 [139687260470400] INFO perfrun.launcher <> - set environment variable: INTEL_MRTE_PROFILER_MODE = mixed
434 [139687260470400] INFO perfrun.launcher <> - RpcServer: run RPC server to handle requests
435 [139687260470400] INFO perfrun.launcher <> - Launcher: command line to start before modification = ./executables/baseline_polyvol advanced_tests/cube_tests/cube_40
435 [139687260470400] INFO perfrun.launcher <> - Launcher: command line to start after modification = /opt/intel/oneapi/vtune/2023.1.0/bin64/pin -error_file /home/samuki/git/team29/r004hs/data.0/pinerr.tpsslog -detach_reattach -follow_execv -tool_load_option deepbind -t64 /opt/intel/oneapi/vtune/2023.1.0/lib64/libtpsstool.so -t /opt/intel/oneapi/vtune/2023.1.0/lib32/libtpsstool.so -server_name tpss_ipc.789369 -prd_dir /opt/intel/oneapi/vtune/2023.1.0 -- ./executables/baseline_polyvol advanced_tests/cube_tests/cube_40
435 [139687260470400] INFO perfrun.launcher <> - ProcessCreator object was created
437 [139687260470400] INFO perfrun.launcher <> - Launcher: the process was started in suspend mode
441 [139687104603712] WARN perfrun.system <> - Could not do anything with /sys/kernel/debug/kvm: boost::filesystem::status: Permission denied: "/sys/kernel/debug/kvm", at file: vcs/perfrun1/plugins/system/src/trace_writer.cpp:787
441 [139687104603712] WARN perfrun.system <> - Folder "/var/run/libvirt/qemu/"doesn't exist, at file: vcs/perfrun1/plugins/system/src/trace_writer.cpp:800
445 [139687104603712] WARN perfrun.sdk <> - Failed to find xl binary on any of the system paths: /bin, /sbin, /usr/bin, /usr/sbin., at file: vcs/perfrun1/sdk/src/utils.cpp:204
445 [139687104603712] WARN perfrun.system <> - Could not start ContainerMapping collector, at file: vcs/perfrun1/plugins/system/src/controller.cpp:448
626 [139687104603712] INFO perfrun.vdso <> - Helper runtool '/opt/intel/oneapi/vtune/2023.1.0/bin32/amplxe-runss -dump-vdso -r /home/samuki/git/team29/r004hs --tmp-dir /tmp/amplxe-tmp-samuki' returned 0
941 [139687104603712] INFO perfrun.vdso <> - Helper runtool '/opt/intel/oneapi/vtune/2023.1.0/bin64/amplxe-runss -dump-vdso -r /home/samuki/git/team29/r004hs --tmp-dir /tmp/amplxe-tmp-samuki' returned 0
942 [139687104603712] INFO perfrun.itt <> - start itt controller for pid #789379
942 [139687104603712] INFO perfrun.perfcollector <> - attaching to pid: 789379, collect mode: 1, rc modes: 1
943 [139687071032896] WARN perfrun.perfcollector <> - Perf stat trace pipe capacity: read = 1048576, write = 1048576, at file: vcs/perfrun1/plugins/perfcollector/src/profiler.cpp:765
945 [139687071032896] INFO perfrun.sdk <> - runCmd: /opt/intel/oneapi/vtune/2023.1.0/bin64/amplxe-perf stat -v --log-fd 23 --control=fd:24,40 --scale -x ; -p 789379 -e cpu/event=0x3c,name='CPU_CLK_UNHALTED.THREAD'/Duk,cpu/umask=0x3,name='CPU_CLK_UNHALTED.REF_TSC'/Duk,cpu/event=0xc0,name='INST_RETIRED.ANY'/Duk,cpu/event=0x3c,umask=0x1,name='CPU_CLK_UNHALTED.REF_XCLK'/uk,cpu/event=0x3c,umask=0x2,name='CPU_CLK_UNHALTED.ONE_THREAD_ACTIVE'/uk,cpu/event=0xc7,umask=0x2,name='FP_ARITH_INST_RETIRED.SCALAR_SINGLE'/uk,cpu/event=0xc7,umask=0x8,name='FP_ARITH_INST_RETIRED.128B_PACKED_SINGLE'/uk,cpu/event=0xc7,umask=0x20,name='FP_ARITH_INST_RETIRED.256B_PACKED_SINGLE'/uk,cpu/event=0xc7,umask=0x1,name='FP_ARITH_INST_RETIRED.SCALAR_DOUBLE'/uk,cpu/event=0xc7,umask=0x4,name='FP_ARITH_INST_RETIRED.128B_PACKED_DOUBLE'/uk,cpu/event=0xc7,umask=0x10,name='FP_ARITH_INST_RETIRED.256B_PACKED_DOUBLE'/uk,cpu/event=0xb1,umask=0x10,name='UOPS_EXECUTED.X87'/uk,cpu/event=0xc2,umask=0x2,name='UOPS_RETIRED.RETIRE_SLOTS'/uk,cpu/event=0xb1,umask=0x1,name='UOPS_EXECUTED.THREAD'/uk /opt/intel/oneapi/vtune/2023.1.0/bin64/amplxe-perf-sync sync tsc
947 [139687071032896] INFO perfrun.sdk <> - runCmd started PID 789388
1024 [139687104603712] INFO perfrun.tpss <> - start tpss controller for pid #789379
1075 [139687260470400] INFO perfrun.launcher <> - Launcher: all plugins were started
1075 [139687260470400] INFO perfrun.launcher <> - DirectoryMonitor object was created
1076 [139687260470400] INFO perfrun.launcher <> - DirectoryMonitor: a callback was added
1076 [139687260470400] INFO perfrun.launcher <> - DirectoryMonitor was started with pingTime = 1000
1076 [139687260470400] INFO perfrun.launcher <> - DeadlineTimer is going to be constructed
1076 [139687260470400] INFO perfrun.launcher <> - DeadlineTimer: a callback was added
1082 [139687260470400] INFO perfrun.launcher <> - Launcher: resume the profiled application and  wait its termination or stop command
813923 [139687260470400] INFO perfrun.launcher <> - Launcher: the profiled application was terminated  with exit code = 0
813931 [139687104603712] INFO perfrun.itt <> - detach itt controller
813931 [139687104603712] INFO perfrun.itt <> - detach itt controller done
813934 [139687071032896] INFO perfrun.perfcollector <> - Monitor: runCmd RC = true
813934 [139687104603712] INFO perfrun.perfcollector <> - Monitor: state = 3, error = 1
813934 [139687104603712] INFO perfrun.tpss <> - stop tpss controller
813936 [139687104603712] INFO perfrun.sdk <> - De-allocating TMU: /home/samuki/git/team29/r004hs/data.0/systemcollector-789369-lucy.sc
813936 [139687104603712] INFO perfrun.system <> - closed the system trace file: /home/samuki/git/team29/r004hs/data.0/systemcollector-789369-lucy.sc
813936 [139687260470400] INFO perfrun.launcher <> - Launcher: all plugins were stopped.
813936 [139687260470400] INFO perfrun.launcher <> - DeadlineTimer is going to be destroyed
813936 [139687260470400] INFO perfrun.launcher <> - DeadlineTimer was destroyed
813936 [139687260470400] INFO perfrun.launcher <> - DirectoryMonitor object was destroyed
813936 [139687260470400] WARN perfrun.launcher <> - Stop command is ignored because it is received when collection is already stopped, at file: vcs/perfrun1/launcher/src/command_handler.cpp:226
813937 [139687260470400] INFO perfrun.launcher <> - Application exit code: 0
813937 [139687260470400] INFO perfrun.launcher <> - Exit code: 0
