12 [4136671808] INFO perfrun.launcher <> - Launcher main begin
13 [4136671808] INFO perfrun.launcher <> - MessageCatalogInit finished
13 [4136671808] INFO perfrun.launcher <> - Launcher instance created
13 [4136671808] INFO perfrun.launcher <> - argc = 6; cmdline = /opt/intel/oneapi/vtune/2023.1.0/bin32/amplxe-runss -dump-vdso -r /home/samuki/git/team29/r003hs --tmp-dir /tmp/amplxe-tmp-samuki 
28 [4136671808] INFO perfrun.launcher <> - create msngr2::ICliToolContext
28 [4136671808] INFO perfrun.launcher <> - create file finder object
29 [4129290944] INFO perfrun.launcher <> - plugin [remoteplug] was disabled because it doesn't support the given collection type.
29 [4129290944] INFO perfrun.launcher <> - plugin [] was disabled because it doesn't support the given collection type.
29 [4129290944] INFO perfrun.vdso <> - dumping [vdso] pseudomodule
30 [4129290944] INFO perfrun.launcher <> - plugin [] was disabled because it doesn't support the given collection type.
30 [4129290944] INFO perfrun.launcher <> - plugin [] was disabled because it doesn't support the given collection type.
30 [4129290944] INFO perfrun.launcher <> - plugin [] was disabled because it doesn't support the given collection type.
30 [4129290944] INFO perfrun.launcher <> - plugin [] was disabled because it doesn't support the given collection type.
30 [4129290944] INFO perfrun.launcher <> - plugin [] was disabled because it doesn't support the given collection type.
30 [4129290944] INFO perfrun.launcher <> - plugin [] was disabled because it doesn't support the given collection type.
30 [4129290944] INFO perfrun.launcher <> - plugin [] was disabled because it doesn't support the given collection type.
30 [4129290944] INFO perfrun.launcher <> - plugin [] was disabled because it doesn't support the given collection type.
30 [4129290944] INFO perfrun.launcher <> - plugin [] was disabled because it doesn't support the given collection type.
30 [4129290944] INFO perfrun.launcher <> - plugin [] was disabled because it doesn't support the given collection type.
30 [4129290944] INFO perfrun.launcher <> - plugin [] was disabled because it doesn't support the given collection type.
30 [4129290944] INFO perfrun.launcher <> - plugin [] was disabled because it doesn't support the given collection type.
30 [4129290944] INFO perfrun.launcher <> - plugin [] was disabled because it doesn't support the given collection type.
30 [4129290944] INFO perfrun.launcher <> - plugin [] was disabled because it doesn't support the given collection type.
30 [4129290944] INFO perfrun.launcher <> - plugin [] was disabled because it doesn't support the given collection type.
30 [4129290944] INFO perfrun.launcher <> - plugin [] was disabled because it doesn't support the given collection type.
30 [4129290944] INFO perfrun.launcher <> - plugin [] was disabled because it doesn't support the given collection type.
30 [4129290944] INFO perfrun.launcher <> - plugin [] was disabled because it doesn't support the given collection type.
30 [4129290944] INFO perfrun.launcher <> - plugin [] was disabled because it doesn't support the given collection type.
30 [4129290944] INFO perfrun.launcher <> - plugin [] was disabled because it doesn't support the given collection type.
30 [4129290944] INFO perfrun.launcher <> - plugin [] was disabled because it doesn't support the given collection type.
30 [4129290944] INFO perfrun.launcher <> - plugin [] was disabled because it doesn't support the given collection type.
30 [4129290944] INFO perfrun.launcher <> - plugin [] was disabled because it doesn't support the given collection type.
30 [4129290944] INFO perfrun.launcher <> - plugin [] was disabled because it doesn't support the given collection type.
30 [4136671808] INFO perfrun.launcher <> - Application exit code: 0
30 [4136671808] INFO perfrun.launcher <> - Exit code: 0
