16 [4136286784] INFO perfrun.launcher <> - Launcher main begin
17 [4136286784] INFO perfrun.launcher <> - MessageCatalogInit finished
17 [4136286784] INFO perfrun.launcher <> - Launcher instance created
18 [4136286784] INFO perfrun.launcher <> - argc = 6; cmdline = /opt/intel/oneapi/vtune/2023.1.0/bin32/amplxe-runss -dump-vdso -r /home/samuki/git/team29/r001hs --tmp-dir /tmp/amplxe-tmp-samuki 
34 [4136286784] INFO perfrun.launcher <> - create msngr2::ICliToolContext
35 [4136286784] INFO perfrun.launcher <> - create file finder object
36 [4128762560] INFO perfrun.launcher <> - plugin [remoteplug] was disabled because it doesn't support the given collection type.
36 [4128762560] INFO perfrun.launcher <> - plugin [] was disabled because it doesn't support the given collection type.
36 [4128762560] INFO perfrun.vdso <> - dumping [vdso] pseudomodule
47 [4128762560] INFO perfrun.launcher <> - plugin [] was disabled because it doesn't support the given collection type.
47 [4128762560] INFO perfrun.launcher <> - plugin [] was disabled because it doesn't support the given collection type.
47 [4128762560] INFO perfrun.launcher <> - plugin [] was disabled because it doesn't support the given collection type.
47 [4128762560] INFO perfrun.launcher <> - plugin [] was disabled because it doesn't support the given collection type.
47 [4128762560] INFO perfrun.launcher <> - plugin [] was disabled because it doesn't support the given collection type.
47 [4128762560] INFO perfrun.launcher <> - plugin [] was disabled because it doesn't support the given collection type.
47 [4128762560] INFO perfrun.launcher <> - plugin [] was disabled because it doesn't support the given collection type.
47 [4128762560] INFO perfrun.launcher <> - plugin [] was disabled because it doesn't support the given collection type.
47 [4128762560] INFO perfrun.launcher <> - plugin [] was disabled because it doesn't support the given collection type.
47 [4128762560] INFO perfrun.launcher <> - plugin [] was disabled because it doesn't support the given collection type.
47 [4128762560] INFO perfrun.launcher <> - plugin [] was disabled because it doesn't support the given collection type.
47 [4128762560] INFO perfrun.launcher <> - plugin [] was disabled because it doesn't support the given collection type.
47 [4128762560] INFO perfrun.launcher <> - plugin [] was disabled because it doesn't support the given collection type.
47 [4128762560] INFO perfrun.launcher <> - plugin [] was disabled because it doesn't support the given collection type.
47 [4128762560] INFO perfrun.launcher <> - plugin [] was disabled because it doesn't support the given collection type.
47 [4128762560] INFO perfrun.launcher <> - plugin [] was disabled because it doesn't support the given collection type.
47 [4128762560] INFO perfrun.launcher <> - plugin [] was disabled because it doesn't support the given collection type.
47 [4128762560] INFO perfrun.launcher <> - plugin [] was disabled because it doesn't support the given collection type.
47 [4128762560] INFO perfrun.launcher <> - plugin [] was disabled because it doesn't support the given collection type.
47 [4128762560] INFO perfrun.launcher <> - plugin [] was disabled because it doesn't support the given collection type.
47 [4128762560] INFO perfrun.launcher <> - plugin [] was disabled because it doesn't support the given collection type.
47 [4128762560] INFO perfrun.launcher <> - plugin [] was disabled because it doesn't support the given collection type.
47 [4128762560] INFO perfrun.launcher <> - plugin [] was disabled because it doesn't support the given collection type.
47 [4128762560] INFO perfrun.launcher <> - plugin [] was disabled because it doesn't support the given collection type.
47 [4136286784] INFO perfrun.launcher <> - Application exit code: 0
47 [4136286784] INFO perfrun.launcher <> - Exit code: 0
