39 [139942359776384] INFO perfrun.launcher <> - Launcher main begin
41 [139942359776384] INFO perfrun.launcher <> - MessageCatalogInit finished
41 [139942359776384] INFO perfrun.launcher <> - Launcher instance created
41 [139942359776384] INFO perfrun.launcher <> - argc = 7; cmdline = /opt/intel/oneapi/vtune/2023.1.0/bin64/amplxe-runss --ui-output-format xml --ui-output-fd 5 --option-file /home/samuki/git/team29/r000hs/config/runss.options 
205 [139942359776384] INFO perfrun.launcher <> - create msngr2::ICliToolContext
206 [139942359776384] INFO perfrun.launcher <> - create file finder object
206 [139942359776384] INFO perfrun.launcher <> - create a result directory: pattern = /home/samuki/git/team29/r000hs pid = 4294967295
210 [139942359776384] INFO perfrun.sdk <> - checked that the directory /home/samuki/git/team29/r000hs is a local directory
210 [139942359776384] INFO perfrun.sdk <> - the directory /home/samuki/git/team29/r000hs is a local directory with FS type ID 61267
210 [139942359776384] INFO perfrun.launcher <> - create data directory = /home/samuki/git/team29/r000hs/data.0
210 [139942359776384] INFO perfrun.launcher <> - Creating the master collection flag
212 [139942359776384] INFO perfrun.launcher <> - Done creating the master collection flag
216 [139942204270144] INFO perfrun.launcher <> - plugin [remoteplug] was disabled because it doesn't support the given collection type.
216 [139942204270144] INFO perfrun.sdk <> - Allocating TMU :/home/samuki/git/team29/r000hs/data.0/systemcollector-841004-lucy.sc
217 [139942204270144] INFO perfrun.system <> - Tpss based collection
218 [139942204270144] INFO perfrun.launcher <> - plugin [ptracecollector] was disabled because it doesn't support the given collection type.
218 [139942204270144] INFO perfrun.launcher <> - plugin [gpu] was disabled because it doesn't support the given collection type.
218 [139942204270144] INFO perfrun.launcher <> - plugin [] was disabled because it doesn't support the given collection type.
218 [139942204270144] INFO perfrun.launcher <> - plugin [] was disabled because it doesn't support the given collection type.
218 [139942204270144] INFO perfrun.launcher <> - plugin [] was disabled because it doesn't support the given collection type.
218 [139942204270144] INFO perfrun.mrte <> - system-wide mode is 0
218 [139942204270144] INFO perfrun.mrte <> - Getting  mrte profiling environment ...
267 [139942204270144] INFO perfrun.mrte <> - INTEL_MRTE_DATA_DIR=/home/samuki/git/team29/r000hs/data.0
267 [139942204270144] INFO perfrun.mrte <> - INTEL_MRTE_HOST_NAME=lucy
267 [139942204270144] INFO perfrun.mrte <> - JAVA_TOOL_OPTIONS=-agentlib:amplxe_tpssmrte_javaprof_1.0 -Dsun.boot.library.path=/opt/intel/oneapi/vtune/2023.1.0/lib32/runtime:/opt/intel/oneapi/vtune/2023.1.0/lib64/runtime
267 [139942204270144] INFO perfrun.mrte <> - LD_LIBRARY_PATH=/opt/intel/oneapi/vtune/2023.1.0/lib32/runtime:/opt/intel/oneapi/vtune/2023.1.0/lib64/runtime
267 [139942204270144] INFO perfrun.mrte <> - CORECLR_ENABLE_PROFILING=1
267 [139942204270144] INFO perfrun.mrte <> - CORECLR_PROFILER={AA5E4821-E3B1-479c-B7FF-5AD047D22CED}
267 [139942204270144] INFO perfrun.mrte <> - CORECLR_PROFILER_PATH=/opt/intel/oneapi/vtune/2023.1.0/lib64/libamplxe_samplingmrte_clrprof_1.0.so
267 [139942204270144] INFO perfrun.mrte <> - INTEL_MRTE_PROFILER_MODE=mixed
267 [139942204270144] INFO perfrun.mrte <> - Data directory: /home/samuki/git/team29/r000hs/data.0
267 [139942204270144] INFO perfrun.mrte <> - Mrte plugin is initialized
267 [139942204270144] INFO perfrun.launcher <> - plugin [emon] was disabled because it doesn't support the given collection type.
267 [139942204270144] INFO perfrun.launcher <> - plugin [cuscol] was disabled because it doesn't support the given collection type.
267 [139942204270144] INFO perfrun.launcher <> - plugin [stdsrc] was disabled because it doesn't support the given collection type.
268 [139942204270144] INFO perfrun.launcher <> - plugin [sep] was disabled because it doesn't support the given collection type.
268 [139942204270144] INFO perfrun.launcher <> - plugin [vtsspp] was disabled because it doesn't support the given collection type.
268 [139942204270144] INFO perfrun.sdk <> - Reading value (0) from file: /proc/sys/kernel/perf_event_paranoid
268 [139942204270144] INFO perfrun.perfcollector <> - checking access to: /opt/intel/oneapi/vtune/2023.1.0/bin64/amplxe-perf-priv
271 [139942204270144] INFO perfrun.perfcollector <> - cpu: family = 6 model = 142
271 [139942204270144] INFO perfrun.perfcollector <> - dir found: /sys/bus/event_source/devices/software
271 [139942204270144] INFO perfrun.perfcollector <> - format: pmu format subdir doesn't exist
271 [139942204270144] INFO perfrun.perfcollector <> - hwInfo: not set, pmuFam: software
272 [139942204270144] INFO perfrun.perfcollector <> - pmu added: family: software, id: 0
272 [139942204270144] INFO perfrun.perfcollector <> - dir found: /sys/bus/event_source/devices/power
272 [139942204270144] INFO perfrun.perfcollector <> - format: event config:0-7 mask:0-7
272 [139942204270144] INFO perfrun.perfcollector <> - hwInfo: not set, pmuFam: power
272 [139942204270144] INFO perfrun.perfcollector <> - pmu added: family: power, id: 0
272 [139942204270144] INFO perfrun.perfcollector <> - dir found: /sys/bus/event_source/devices/uprobe
272 [139942204270144] INFO perfrun.perfcollector <> - format: ref_ctr_offset config:32-63 mask:32-63
272 [139942204270144] INFO perfrun.perfcollector <> - format: retprobe config:0 mask:0
272 [139942204270144] INFO perfrun.perfcollector <> - hwInfo: not set, pmuFam: uprobe
272 [139942204270144] INFO perfrun.perfcollector <> - pmu added: family: uprobe, id: 0
272 [139942204270144] INFO perfrun.perfcollector <> - dir found: /sys/bus/event_source/devices/intel_bts
272 [139942204270144] INFO perfrun.perfcollector <> - format: pmu format subdir doesn't exist
273 [139942204270144] INFO perfrun.perfcollector <> - hwInfo: not set, pmuFam: intel_bts
273 [139942204270144] INFO perfrun.perfcollector <> - pmu added: family: intel_bts, id: 0
273 [139942204270144] INFO perfrun.perfcollector <> - dir found: /sys/bus/event_source/devices/uncore_imc
273 [139942204270144] INFO perfrun.perfcollector <> - format: event config:0-7 mask:0-7
273 [139942204270144] INFO perfrun.perfcollector <> - hwInfo: PERF_IMC_PMU_DETAILS
273 [139942204270144] INFO perfrun.perfcollector <> - pmu added: family: uncore_imc, id: 0
273 [139942204270144] INFO perfrun.perfcollector <> - dir found: /sys/bus/event_source/devices/cpu
273 [139942204270144] INFO perfrun.perfcollector <> - format: event config:0-7 mask:0-7
273 [139942204270144] INFO perfrun.perfcollector <> - format: pc config:19 mask:19
273 [139942204270144] INFO perfrun.perfcollector <> - format: edge config:18 mask:18
273 [139942204270144] INFO perfrun.perfcollector <> - format: any config:21 mask:21
274 [139942204270144] INFO perfrun.perfcollector <> - format: offcore_rsp config1:0-63 mask:0-63
274 [139942204270144] INFO perfrun.perfcollector <> - format: ldlat config1:0-15 mask:0-15
274 [139942204270144] INFO perfrun.perfcollector <> - format: inv config:23 mask:23
274 [139942204270144] INFO perfrun.perfcollector <> - format: umask config:8-15 mask:8-15
274 [139942204270144] INFO perfrun.perfcollector <> - format: frontend config1:0-23 mask:0-23
274 [139942204270144] INFO perfrun.perfcollector <> - format: cmask config:24-31 mask:24-31
274 [139942204270144] INFO perfrun.perfcollector <> - hwInfo: PERF_CPU_PMU_DETAILS
274 [139942204270144] INFO perfrun.perfcollector <> - pmu added: family: cpu, id: 0
274 [139942204270144] INFO perfrun.perfcollector <> - dir found: /sys/bus/event_source/devices/cstate_core
274 [139942204270144] INFO perfrun.perfcollector <> - format: event config:0-63 mask:0-63
274 [139942204270144] INFO perfrun.perfcollector <> - hwInfo: not set, pmuFam: cstate_core
274 [139942204270144] INFO perfrun.perfcollector <> - pmu added: family: cstate_core, id: 0
274 [139942204270144] INFO perfrun.perfcollector <> - dir found: /sys/bus/event_source/devices/uncore_cbox_2
275 [139942204270144] INFO perfrun.perfcollector <> - format: event config:0-7 mask:0-7
275 [139942204270144] INFO perfrun.perfcollector <> - format: edge config:18 mask:18
275 [139942204270144] INFO perfrun.perfcollector <> - format: inv config:23 mask:23
275 [139942204270144] INFO perfrun.perfcollector <> - format: umask config:8-15 mask:8-15
275 [139942204270144] INFO perfrun.perfcollector <> - format: cmask config:24-28 mask:24-28
275 [139942204270144] INFO perfrun.perfcollector <> - hwInfo: PERF_CBOX_PMU_DETAILS
275 [139942204270144] INFO perfrun.perfcollector <> - pmu added: family: uncore_cbox, id: 2
275 [139942204270144] INFO perfrun.perfcollector <> - dir found: /sys/bus/event_source/devices/breakpoint
275 [139942204270144] INFO perfrun.perfcollector <> - format: pmu format subdir doesn't exist
275 [139942204270144] INFO perfrun.perfcollector <> - hwInfo: not set, pmuFam: breakpoint
275 [139942204270144] INFO perfrun.perfcollector <> - pmu added: family: breakpoint, id: 0
275 [139942204270144] INFO perfrun.perfcollector <> - dir found: /sys/bus/event_source/devices/uncore_cbox_0
275 [139942204270144] INFO perfrun.perfcollector <> - format: event config:0-7 mask:0-7
275 [139942204270144] INFO perfrun.perfcollector <> - format: edge config:18 mask:18
276 [139942204270144] INFO perfrun.perfcollector <> - format: inv config:23 mask:23
276 [139942204270144] INFO perfrun.perfcollector <> - format: umask config:8-15 mask:8-15
276 [139942204270144] INFO perfrun.perfcollector <> - format: cmask config:24-28 mask:24-28
276 [139942204270144] INFO perfrun.perfcollector <> - hwInfo: PERF_CBOX_PMU_DETAILS
276 [139942204270144] INFO perfrun.perfcollector <> - pmu added: family: uncore_cbox, id: 0
276 [139942204270144] INFO perfrun.perfcollector <> - dir found: /sys/bus/event_source/devices/tracepoint
276 [139942204270144] INFO perfrun.perfcollector <> - format: pmu format subdir doesn't exist
276 [139942204270144] INFO perfrun.perfcollector <> - hwInfo: not set, pmuFam: tracepoint
276 [139942204270144] INFO perfrun.perfcollector <> - pmu added: family: tracepoint, id: 0
276 [139942204270144] INFO perfrun.perfcollector <> - dir found: /sys/bus/event_source/devices/cstate_pkg
276 [139942204270144] INFO perfrun.perfcollector <> - format: event config:0-63 mask:0-63
276 [139942204270144] INFO perfrun.perfcollector <> - hwInfo: not set, pmuFam: cstate_pkg
276 [139942204270144] INFO perfrun.perfcollector <> - pmu added: family: cstate_pkg, id: 0
276 [139942204270144] INFO perfrun.perfcollector <> - dir found: /sys/bus/event_source/devices/uncore_arb
276 [139942204270144] INFO perfrun.perfcollector <> - format: event config:0-7 mask:0-7
277 [139942204270144] INFO perfrun.perfcollector <> - format: edge config:18 mask:18
277 [139942204270144] INFO perfrun.perfcollector <> - format: inv config:23 mask:23
277 [139942204270144] INFO perfrun.perfcollector <> - format: umask config:8-15 mask:8-15
277 [139942204270144] INFO perfrun.perfcollector <> - format: cmask config:24-28 mask:24-28
277 [139942204270144] INFO perfrun.perfcollector <> - hwInfo: not set, pmuFam: uncore_arb
277 [139942204270144] INFO perfrun.perfcollector <> - pmu added: family: uncore_arb, id: 0
277 [139942204270144] INFO perfrun.perfcollector <> - dir found: /sys/bus/event_source/devices/kprobe
277 [139942204270144] INFO perfrun.perfcollector <> - format: retprobe config:0 mask:0
277 [139942204270144] INFO perfrun.perfcollector <> - hwInfo: not set, pmuFam: kprobe
277 [139942204270144] INFO perfrun.perfcollector <> - pmu added: family: kprobe, id: 0
277 [139942204270144] INFO perfrun.perfcollector <> - dir found: /sys/bus/event_source/devices/msr
277 [139942204270144] INFO perfrun.perfcollector <> - format: event config:0-63 mask:0-63
277 [139942204270144] INFO perfrun.perfcollector <> - hwInfo: not set, pmuFam: msr
277 [139942204270144] INFO perfrun.perfcollector <> - pmu added: family: msr, id: 0
277 [139942204270144] INFO perfrun.perfcollector <> - dir found: /sys/bus/event_source/devices/uncore_cbox_3
278 [139942204270144] INFO perfrun.perfcollector <> - format: event config:0-7 mask:0-7
278 [139942204270144] INFO perfrun.perfcollector <> - format: edge config:18 mask:18
278 [139942204270144] INFO perfrun.perfcollector <> - format: inv config:23 mask:23
278 [139942204270144] INFO perfrun.perfcollector <> - format: umask config:8-15 mask:8-15
278 [139942204270144] INFO perfrun.perfcollector <> - format: cmask config:24-28 mask:24-28
278 [139942204270144] INFO perfrun.perfcollector <> - hwInfo: PERF_CBOX_PMU_DETAILS
278 [139942204270144] INFO perfrun.perfcollector <> - pmu added: family: uncore_cbox, id: 3
278 [139942204270144] INFO perfrun.perfcollector <> - dir found: /sys/bus/event_source/devices/intel_pt
278 [139942204270144] INFO perfrun.perfcollector <> - format: ptw config:12 mask:12
278 [139942204270144] INFO perfrun.perfcollector <> - format: event config:31 mask:31
278 [139942204270144] INFO perfrun.perfcollector <> - format: cyc_thresh config:19-22 mask:19-22
279 [139942204270144] INFO perfrun.perfcollector <> - format: pt config:0 mask:0
279 [139942204270144] INFO perfrun.perfcollector <> - format: notnt config:55 mask:55
279 [139942204270144] INFO perfrun.perfcollector <> - format: branch config:13 mask:13
279 [139942204270144] INFO perfrun.perfcollector <> - format: tsc config:10 mask:10
279 [139942204270144] INFO perfrun.perfcollector <> - format: pwr_evt config:4 mask:4
279 [139942204270144] INFO perfrun.perfcollector <> - format: fup_on_ptw config:5 mask:5
279 [139942204270144] INFO perfrun.perfcollector <> - format: cyc config:1 mask:1
279 [139942204270144] INFO perfrun.perfcollector <> - format: noretcomp config:11 mask:11
279 [139942204270144] INFO perfrun.perfcollector <> - format: mtc config:9 mask:9
279 [139942204270144] INFO perfrun.perfcollector <> - format: psb_period config:24-27 mask:24-27
279 [139942204270144] INFO perfrun.perfcollector <> - format: mtc_period config:14-17 mask:14-17
279 [139942204270144] INFO perfrun.perfcollector <> - hwInfo: not set, pmuFam: intel_pt
279 [139942204270144] INFO perfrun.perfcollector <> - pmu added: family: intel_pt, id: 0
280 [139942204270144] INFO perfrun.perfcollector <> - dir found: /sys/bus/event_source/devices/uncore_cbox_1
280 [139942204270144] INFO perfrun.perfcollector <> - format: event config:0-7 mask:0-7
280 [139942204270144] INFO perfrun.perfcollector <> - format: edge config:18 mask:18
280 [139942204270144] INFO perfrun.perfcollector <> - format: inv config:23 mask:23
280 [139942204270144] INFO perfrun.perfcollector <> - format: umask config:8-15 mask:8-15
280 [139942204270144] INFO perfrun.perfcollector <> - format: cmask config:24-28 mask:24-28
280 [139942204270144] INFO perfrun.perfcollector <> - hwInfo: PERF_CBOX_PMU_DETAILS
280 [139942204270144] INFO perfrun.perfcollector <> - pmu added: family: uncore_cbox, id: 1
280 [139942204270144] INFO perfrun.sdk <> - runCmd: /opt/intel/oneapi/vtune/2023.1.0/bin64/sep -dry-run -sam 1 -ec CPU_CLK_UNHALTED.THREAD,CPU_CLK_UNHALTED.REF_TSC:sample:sa=1800000,INST_RETIRED.ANY:sample:sa=1800000,CPU_CLK_UNHALTED.REF_XCLK,CPU_CLK_UNHALTED.ONE_THREAD_ACTIVE,FP_ARITH_INST_RETIRED.SCALAR_SINGLE,FP_ARITH_INST_RETIRED.128B_PACKED_SINGLE,FP_ARITH_INST_RETIRED.256B_PACKED_SINGLE,FP_ARITH_INST_RETIRED.SCALAR_DOUBLE,FP_ARITH_INST_RETIRED.128B_PACKED_DOUBLE,FP_ARITH_INST_RETIRED.256B_PACKED_DOUBLE,UOPS_EXECUTED.X87,UOPS_RETIRED.RETIRE_SLOTS:sample:sa=2000003,UOPS_EXECUTED.THREAD -experimental
282 [139942204270144] INFO perfrun.sdk <> - runCmd started PID 841018
322 [139942204270144] INFO perfrun.perfcollector <> - SepDryRun RC = true
325 [139942204270144] INFO perfrun.perfcollector <> - DRY_RUN: "PMU type: Core (core)"
326 [139942204270144] INFO perfrun.perfcollector <> - pmu type: cpu
326 [139942204270144] INFO perfrun.perfcollector <> - DRY_RUN: "Group 0:"
326 [139942204270144] INFO perfrun.perfcollector <> - id: 0
326 [139942204270144] INFO perfrun.perfcollector <> - DRY_RUN: "INST_RETIRED.ANY: event id 2"
326 [139942204270144] INFO perfrun.perfcollector <> - eventName: INST_RETIRED.ANY, eventId: 2
326 [139942204270144] INFO perfrun.perfcollector <> - DRY_RUN: "CPU_CLK_UNHALTED.THREAD: event id 0"
326 [139942204270144] INFO perfrun.perfcollector <> - eventName: CPU_CLK_UNHALTED.THREAD, eventId: 0
326 [139942204270144] INFO perfrun.perfcollector <> - DRY_RUN: "CPU_CLK_UNHALTED.REF_TSC: event id 1"
326 [139942204270144] INFO perfrun.perfcollector <> - eventName: CPU_CLK_UNHALTED.REF_TSC, eventId: 1
326 [139942204270144] INFO perfrun.perfcollector <> - DRY_RUN: "CPU_CLK_UNHALTED.REF_XCLK: event id 3"
326 [139942204270144] INFO perfrun.perfcollector <> - eventName: CPU_CLK_UNHALTED.REF_XCLK, eventId: 3
326 [139942204270144] INFO perfrun.perfcollector <> - DRY_RUN: "CPU_CLK_UNHALTED.ONE_THREAD_ACTIVE: event id 4"
326 [139942204270144] INFO perfrun.perfcollector <> - eventName: CPU_CLK_UNHALTED.ONE_THREAD_ACTIVE, eventId: 4
326 [139942204270144] INFO perfrun.perfcollector <> - DRY_RUN: "FP_ARITH_INST_RETIRED.SCALAR_SINGLE: event id 5"
326 [139942204270144] INFO perfrun.perfcollector <> - eventName: FP_ARITH_INST_RETIRED.SCALAR_SINGLE, eventId: 5
326 [139942204270144] INFO perfrun.perfcollector <> - DRY_RUN: "FP_ARITH_INST_RETIRED.128B_PACKED_SINGLE: event id 6"
326 [139942204270144] INFO perfrun.perfcollector <> - eventName: FP_ARITH_INST_RETIRED.128B_PACKED_SINGLE, eventId: 6
326 [139942204270144] INFO perfrun.perfcollector <> - DRY_RUN: "CCCR"
326 [139942204270144] INFO perfrun.perfcollector <> - DRY_RUN: "reg_type       = 1	event_id       = g	reg_id         = 38f	reg_value      = 70000000f"
326 [139942204270144] INFO perfrun.perfcollector <> - eventId: g, skip parsing event_id
326 [139942204270144] INFO perfrun.perfcollector <> - Register was ignored: group_id: 0, reg_type: 1, event_id: 4294967295, reg_id: 38f, reg_value: 70000000f, pmu_name: cpu
326 [139942204270144] INFO perfrun.perfcollector <> - DRY_RUN: "reg_type       = 1	event_id       = g	reg_id         = 390	reg_value      = 70000000f"
326 [139942204270144] INFO perfrun.perfcollector <> - eventId: g, skip parsing event_id
326 [139942204270144] INFO perfrun.perfcollector <> - Register was ignored: group_id: 0, reg_type: 1, event_id: 4294967295, reg_id: 390, reg_value: 70000000f, pmu_name: cpu
326 [139942204270144] INFO perfrun.perfcollector <> - DRY_RUN: "reg_type       = 1	event_id       = g	reg_id         = 3f1	reg_value      = 0"
326 [139942204270144] INFO perfrun.perfcollector <> - eventId: g, skip parsing event_id
326 [139942204270144] INFO perfrun.perfcollector <> - Register was ignored: group_id: 0, reg_type: 1, event_id: 4294967295, reg_id: 3f1, reg_value: 0, pmu_name: cpu
326 [139942204270144] INFO perfrun.perfcollector <> - DRY_RUN: "reg_type       = 1	event_id       = g	reg_id         = 1d9	reg_value      = 1800"
326 [139942204270144] INFO perfrun.perfcollector <> - eventId: g, skip parsing event_id
326 [139942204270144] INFO perfrun.perfcollector <> - Register was ignored: group_id: 0, reg_type: 1, event_id: 4294967295, reg_id: 1d9, reg_value: 1800, pmu_name: cpu
326 [139942204270144] INFO perfrun.perfcollector <> - DRY_RUN: "reg_type       = 1	event_id       = g	reg_id         = 38d	reg_value      = bbb"
326 [139942204270144] INFO perfrun.perfcollector <> - eventId: g, skip parsing event_id
326 [139942204270144] INFO perfrun.perfcollector <> - Register was ignored: group_id: 0, reg_type: 1, event_id: 4294967295, reg_id: 38d, reg_value: bbb, pmu_name: cpu
326 [139942204270144] INFO perfrun.perfcollector <> - DRY_RUN: "reg_type       = 1	event_id       = 3	reg_id         = 186	reg_value      = 53013c"
326 [139942204270144] INFO perfrun.perfcollector <> - Event selector: group_id: 0, reg_type: 1, event_id: 3, reg_id: 186, reg_value: 53013c, pmu_name: cpu
326 [139942204270144] INFO perfrun.perfcollector <> - DRY_RUN: "reg_type       = 1	event_id       = 4	reg_id         = 187	reg_value      = 53023c"
326 [139942204270144] INFO perfrun.perfcollector <> - Event selector: group_id: 0, reg_type: 1, event_id: 4, reg_id: 187, reg_value: 53023c, pmu_name: cpu
326 [139942204270144] INFO perfrun.perfcollector <> - DRY_RUN: "reg_type       = 1	event_id       = 5	reg_id         = 188	reg_value      = 5302c7"
326 [139942204270144] INFO perfrun.perfcollector <> - Event selector: group_id: 0, reg_type: 1, event_id: 5, reg_id: 188, reg_value: 5302c7, pmu_name: cpu
327 [139942204270144] INFO perfrun.perfcollector <> - DRY_RUN: "reg_type       = 1	event_id       = 6	reg_id         = 189	reg_value      = 5308c7"
327 [139942204270144] INFO perfrun.perfcollector <> - Event selector: group_id: 0, reg_type: 1, event_id: 6, reg_id: 189, reg_value: 5308c7, pmu_name: cpu
327 [139942204270144] INFO perfrun.perfcollector <> - DRY_RUN: "ESCR"
327 [139942204270144] INFO perfrun.perfcollector <> - DRY_RUN: "reg_type       = 2	event_id       = g	reg_id         = 1c8	reg_value      = 0"
327 [139942204270144] INFO perfrun.perfcollector <> - eventId: g, skip parsing event_id
327 [139942204270144] INFO perfrun.perfcollector <> - DRY_RUN: "DATA"
327 [139942204270144] INFO perfrun.perfcollector <> - DRY_RUN: "reg_type       = 4	event_id       = 2	reg_id         = 309	reg_value      = ffffffe488c0"
327 [139942204270144] INFO perfrun.perfcollector <> - eventId: 2, dataAddr: 309, dataVal: ffffffe488c0
327 [139942204270144] INFO perfrun.perfcollector <> - DRY_RUN: "reg_type       = 4	event_id       = 0	reg_id         = 30a	reg_value      = ffffffe17b7d"
327 [139942204270144] INFO perfrun.perfcollector <> - eventId: 0, dataAddr: 30a, dataVal: ffffffe17b7d
327 [139942204270144] INFO perfrun.perfcollector <> - DRY_RUN: "reg_type       = 4	event_id       = 1	reg_id         = 30b	reg_value      = ffffffe488c0"
327 [139942204270144] INFO perfrun.perfcollector <> - eventId: 1, dataAddr: 30b, dataVal: ffffffe488c0
327 [139942204270144] INFO perfrun.perfcollector <> - DRY_RUN: "reg_type       = 4	event_id       = 3	reg_id         = c1	reg_value      = ffffffff9e55"
327 [139942204270144] INFO perfrun.perfcollector <> - eventId: 3, dataAddr: c1, dataVal: ffffffff9e55
327 [139942204270144] INFO perfrun.perfcollector <> - DRY_RUN: "reg_type       = 4	event_id       = 4	reg_id         = c2	reg_value      = ffffffff9e55"
327 [139942204270144] INFO perfrun.perfcollector <> - eventId: 4, dataAddr: c2, dataVal: ffffffff9e55
327 [139942204270144] INFO perfrun.perfcollector <> - DRY_RUN: "reg_type       = 4	event_id       = 5	reg_id         = c3	reg_value      = ffffffe17b7d"
327 [139942204270144] INFO perfrun.perfcollector <> - eventId: 5, dataAddr: c3, dataVal: ffffffe17b7d
327 [139942204270144] INFO perfrun.perfcollector <> - DRY_RUN: "reg_type       = 4	event_id       = 6	reg_id         = c4	reg_value      = ffffffe17b7d"
327 [139942204270144] INFO perfrun.perfcollector <> - eventId: 6, dataAddr: c4, dataVal: ffffffe17b7d
327 [139942204270144] INFO perfrun.perfcollector <> - DRY_RUN: "Group 1:"
327 [139942204270144] INFO perfrun.perfcollector <> - id: 1
327 [139942204270144] INFO perfrun.perfcollector <> - DRY_RUN: "INST_RETIRED.ANY: event id 2"
327 [139942204270144] INFO perfrun.perfcollector <> - eventName: INST_RETIRED.ANY, eventId: 2
327 [139942204270144] INFO perfrun.perfcollector <> - DRY_RUN: "CPU_CLK_UNHALTED.THREAD: event id 0"
327 [139942204270144] INFO perfrun.perfcollector <> - eventName: CPU_CLK_UNHALTED.THREAD, eventId: 0
327 [139942204270144] INFO perfrun.perfcollector <> - DRY_RUN: "CPU_CLK_UNHALTED.REF_TSC: event id 1"
327 [139942204270144] INFO perfrun.perfcollector <> - eventName: CPU_CLK_UNHALTED.REF_TSC, eventId: 1
327 [139942204270144] INFO perfrun.perfcollector <> - DRY_RUN: "FP_ARITH_INST_RETIRED.256B_PACKED_SINGLE: event id 7"
327 [139942204270144] INFO perfrun.perfcollector <> - eventName: FP_ARITH_INST_RETIRED.256B_PACKED_SINGLE, eventId: 7
327 [139942204270144] INFO perfrun.perfcollector <> - DRY_RUN: "FP_ARITH_INST_RETIRED.SCALAR_DOUBLE: event id 8"
327 [139942204270144] INFO perfrun.perfcollector <> - eventName: FP_ARITH_INST_RETIRED.SCALAR_DOUBLE, eventId: 8
327 [139942204270144] INFO perfrun.perfcollector <> - DRY_RUN: "FP_ARITH_INST_RETIRED.128B_PACKED_DOUBLE: event id 9"
327 [139942204270144] INFO perfrun.perfcollector <> - eventName: FP_ARITH_INST_RETIRED.128B_PACKED_DOUBLE, eventId: 9
327 [139942204270144] INFO perfrun.perfcollector <> - DRY_RUN: "FP_ARITH_INST_RETIRED.256B_PACKED_DOUBLE: event id 10"
327 [139942204270144] INFO perfrun.perfcollector <> - eventName: FP_ARITH_INST_RETIRED.256B_PACKED_DOUBLE, eventId: 10
327 [139942204270144] INFO perfrun.perfcollector <> - DRY_RUN: "CCCR"
327 [139942204270144] INFO perfrun.perfcollector <> - DRY_RUN: "reg_type       = 1	event_id       = g	reg_id         = 38f	reg_value      = 70000000f"
327 [139942204270144] INFO perfrun.perfcollector <> - eventId: g, skip parsing event_id
327 [139942204270144] INFO perfrun.perfcollector <> - Register was ignored: group_id: 1, reg_type: 1, event_id: 4294967295, reg_id: 38f, reg_value: 70000000f, pmu_name: cpu
327 [139942204270144] INFO perfrun.perfcollector <> - DRY_RUN: "reg_type       = 1	event_id       = g	reg_id         = 390	reg_value      = 70000000f"
327 [139942204270144] INFO perfrun.perfcollector <> - eventId: g, skip parsing event_id
327 [139942204270144] INFO perfrun.perfcollector <> - Register was ignored: group_id: 1, reg_type: 1, event_id: 4294967295, reg_id: 390, reg_value: 70000000f, pmu_name: cpu
327 [139942204270144] INFO perfrun.perfcollector <> - DRY_RUN: "reg_type       = 1	event_id       = g	reg_id         = 3f1	reg_value      = 0"
327 [139942204270144] INFO perfrun.perfcollector <> - eventId: g, skip parsing event_id
327 [139942204270144] INFO perfrun.perfcollector <> - Register was ignored: group_id: 1, reg_type: 1, event_id: 4294967295, reg_id: 3f1, reg_value: 0, pmu_name: cpu
327 [139942204270144] INFO perfrun.perfcollector <> - DRY_RUN: "reg_type       = 1	event_id       = g	reg_id         = 1d9	reg_value      = 1800"
327 [139942204270144] INFO perfrun.perfcollector <> - eventId: g, skip parsing event_id
327 [139942204270144] INFO perfrun.perfcollector <> - Register was ignored: group_id: 1, reg_type: 1, event_id: 4294967295, reg_id: 1d9, reg_value: 1800, pmu_name: cpu
327 [139942204270144] INFO perfrun.perfcollector <> - DRY_RUN: "reg_type       = 1	event_id       = g	reg_id         = 38d	reg_value      = bbb"
327 [139942204270144] INFO perfrun.perfcollector <> - eventId: g, skip parsing event_id
327 [139942204270144] INFO perfrun.perfcollector <> - Register was ignored: group_id: 1, reg_type: 1, event_id: 4294967295, reg_id: 38d, reg_value: bbb, pmu_name: cpu
327 [139942204270144] INFO perfrun.perfcollector <> - DRY_RUN: "reg_type       = 1	event_id       = 7	reg_id         = 186	reg_value      = 5320c7"
328 [139942204270144] INFO perfrun.perfcollector <> - Event selector: group_id: 1, reg_type: 1, event_id: 7, reg_id: 186, reg_value: 5320c7, pmu_name: cpu
328 [139942204270144] INFO perfrun.perfcollector <> - DRY_RUN: "reg_type       = 1	event_id       = 8	reg_id         = 187	reg_value      = 5301c7"
328 [139942204270144] INFO perfrun.perfcollector <> - Event selector: group_id: 1, reg_type: 1, event_id: 8, reg_id: 187, reg_value: 5301c7, pmu_name: cpu
328 [139942204270144] INFO perfrun.perfcollector <> - DRY_RUN: "reg_type       = 1	event_id       = 9	reg_id         = 188	reg_value      = 5304c7"
328 [139942204270144] INFO perfrun.perfcollector <> - Event selector: group_id: 1, reg_type: 1, event_id: 9, reg_id: 188, reg_value: 5304c7, pmu_name: cpu
328 [139942204270144] INFO perfrun.perfcollector <> - DRY_RUN: "reg_type       = 1	event_id       = 10	reg_id         = 189	reg_value      = 5310c7"
328 [139942204270144] INFO perfrun.perfcollector <> - Event selector: group_id: 1, reg_type: 1, event_id: 10, reg_id: 189, reg_value: 5310c7, pmu_name: cpu
328 [139942204270144] INFO perfrun.perfcollector <> - DRY_RUN: "ESCR"
328 [139942204270144] INFO perfrun.perfcollector <> - DRY_RUN: "reg_type       = 2	event_id       = g	reg_id         = 1c8	reg_value      = 0"
328 [139942204270144] INFO perfrun.perfcollector <> - eventId: g, skip parsing event_id
328 [139942204270144] INFO perfrun.perfcollector <> - DRY_RUN: "DATA"
328 [139942204270144] INFO perfrun.perfcollector <> - DRY_RUN: "reg_type       = 4	event_id       = 2	reg_id         = 309	reg_value      = ffffffe488c0"
328 [139942204270144] INFO perfrun.perfcollector <> - eventId: 2, dataAddr: 309, dataVal: ffffffe488c0
328 [139942204270144] INFO perfrun.perfcollector <> - DRY_RUN: "reg_type       = 4	event_id       = 0	reg_id         = 30a	reg_value      = ffffffe17b7d"
328 [139942204270144] INFO perfrun.perfcollector <> - eventId: 0, dataAddr: 30a, dataVal: ffffffe17b7d
328 [139942204270144] INFO perfrun.perfcollector <> - DRY_RUN: "reg_type       = 4	event_id       = 1	reg_id         = 30b	reg_value      = ffffffe488c0"
328 [139942204270144] INFO perfrun.perfcollector <> - eventId: 1, dataAddr: 30b, dataVal: ffffffe488c0
328 [139942204270144] INFO perfrun.perfcollector <> - DRY_RUN: "reg_type       = 4	event_id       = 7	reg_id         = c1	reg_value      = ffffffe17b7d"
328 [139942204270144] INFO perfrun.perfcollector <> - eventId: 7, dataAddr: c1, dataVal: ffffffe17b7d
328 [139942204270144] INFO perfrun.perfcollector <> - DRY_RUN: "reg_type       = 4	event_id       = 8	reg_id         = c2	reg_value      = ffffffe17b7d"
328 [139942204270144] INFO perfrun.perfcollector <> - eventId: 8, dataAddr: c2, dataVal: ffffffe17b7d
328 [139942204270144] INFO perfrun.perfcollector <> - DRY_RUN: "reg_type       = 4	event_id       = 9	reg_id         = c3	reg_value      = ffffffe17b7d"
328 [139942204270144] INFO perfrun.perfcollector <> - eventId: 9, dataAddr: c3, dataVal: ffffffe17b7d
328 [139942204270144] INFO perfrun.perfcollector <> - DRY_RUN: "reg_type       = 4	event_id       = 10	reg_id         = c4	reg_value      = ffffffe17b7d"
328 [139942204270144] INFO perfrun.perfcollector <> - eventId: 10, dataAddr: c4, dataVal: ffffffe17b7d
328 [139942204270144] INFO perfrun.perfcollector <> - DRY_RUN: "Group 2:"
328 [139942204270144] INFO perfrun.perfcollector <> - id: 2
328 [139942204270144] INFO perfrun.perfcollector <> - DRY_RUN: "INST_RETIRED.ANY: event id 2"
328 [139942204270144] INFO perfrun.perfcollector <> - eventName: INST_RETIRED.ANY, eventId: 2
328 [139942204270144] INFO perfrun.perfcollector <> - DRY_RUN: "CPU_CLK_UNHALTED.THREAD: event id 0"
328 [139942204270144] INFO perfrun.perfcollector <> - eventName: CPU_CLK_UNHALTED.THREAD, eventId: 0
328 [139942204270144] INFO perfrun.perfcollector <> - DRY_RUN: "CPU_CLK_UNHALTED.REF_TSC: event id 1"
328 [139942204270144] INFO perfrun.perfcollector <> - eventName: CPU_CLK_UNHALTED.REF_TSC, eventId: 1
328 [139942204270144] INFO perfrun.perfcollector <> - DRY_RUN: "UOPS_EXECUTED.X87: event id 11"
328 [139942204270144] INFO perfrun.perfcollector <> - eventName: UOPS_EXECUTED.X87, eventId: 11
328 [139942204270144] INFO perfrun.perfcollector <> - DRY_RUN: "UOPS_RETIRED.RETIRE_SLOTS: event id 12"
328 [139942204270144] INFO perfrun.perfcollector <> - eventName: UOPS_RETIRED.RETIRE_SLOTS, eventId: 12
328 [139942204270144] INFO perfrun.perfcollector <> - DRY_RUN: "UOPS_EXECUTED.THREAD: event id 13"
328 [139942204270144] INFO perfrun.perfcollector <> - eventName: UOPS_EXECUTED.THREAD, eventId: 13
328 [139942204270144] INFO perfrun.perfcollector <> - DRY_RUN: "CCCR"
328 [139942204270144] INFO perfrun.perfcollector <> - DRY_RUN: "reg_type       = 1	event_id       = g	reg_id         = 38f	reg_value      = 700000007"
328 [139942204270144] INFO perfrun.perfcollector <> - eventId: g, skip parsing event_id
328 [139942204270144] INFO perfrun.perfcollector <> - Register was ignored: group_id: 2, reg_type: 1, event_id: 4294967295, reg_id: 38f, reg_value: 700000007, pmu_name: cpu
328 [139942204270144] INFO perfrun.perfcollector <> - DRY_RUN: "reg_type       = 1	event_id       = g	reg_id         = 390	reg_value      = 700000007"
328 [139942204270144] INFO perfrun.perfcollector <> - eventId: g, skip parsing event_id
328 [139942204270144] INFO perfrun.perfcollector <> - Register was ignored: group_id: 2, reg_type: 1, event_id: 4294967295, reg_id: 390, reg_value: 700000007, pmu_name: cpu
328 [139942204270144] INFO perfrun.perfcollector <> - DRY_RUN: "reg_type       = 1	event_id       = g	reg_id         = 3f1	reg_value      = 0"
328 [139942204270144] INFO perfrun.perfcollector <> - eventId: g, skip parsing event_id
328 [139942204270144] INFO perfrun.perfcollector <> - Register was ignored: group_id: 2, reg_type: 1, event_id: 4294967295, reg_id: 3f1, reg_value: 0, pmu_name: cpu
328 [139942204270144] INFO perfrun.perfcollector <> - DRY_RUN: "reg_type       = 1	event_id       = g	reg_id         = 1d9	reg_value      = 1800"
328 [139942204270144] INFO perfrun.perfcollector <> - eventId: g, skip parsing event_id
328 [139942204270144] INFO perfrun.perfcollector <> - Register was ignored: group_id: 2, reg_type: 1, event_id: 4294967295, reg_id: 1d9, reg_value: 1800, pmu_name: cpu
328 [139942204270144] INFO perfrun.perfcollector <> - DRY_RUN: "reg_type       = 1	event_id       = g	reg_id         = 38d	reg_value      = bbb"
328 [139942204270144] INFO perfrun.perfcollector <> - eventId: g, skip parsing event_id
328 [139942204270144] INFO perfrun.perfcollector <> - Register was ignored: group_id: 2, reg_type: 1, event_id: 4294967295, reg_id: 38d, reg_value: bbb, pmu_name: cpu
329 [139942204270144] INFO perfrun.perfcollector <> - DRY_RUN: "reg_type       = 1	event_id       = 11	reg_id         = 186	reg_value      = 5310b1"
329 [139942204270144] INFO perfrun.perfcollector <> - Event selector: group_id: 2, reg_type: 1, event_id: 11, reg_id: 186, reg_value: 5310b1, pmu_name: cpu
329 [139942204270144] INFO perfrun.perfcollector <> - DRY_RUN: "reg_type       = 1	event_id       = 12	reg_id         = 187	reg_value      = 5302c2"
329 [139942204270144] INFO perfrun.perfcollector <> - Event selector: group_id: 2, reg_type: 1, event_id: 12, reg_id: 187, reg_value: 5302c2, pmu_name: cpu
329 [139942204270144] INFO perfrun.perfcollector <> - DRY_RUN: "reg_type       = 1	event_id       = 13	reg_id         = 188	reg_value      = 5301b1"
329 [139942204270144] INFO perfrun.perfcollector <> - Event selector: group_id: 2, reg_type: 1, event_id: 13, reg_id: 188, reg_value: 5301b1, pmu_name: cpu
329 [139942204270144] INFO perfrun.perfcollector <> - DRY_RUN: "ESCR"
329 [139942204270144] INFO perfrun.perfcollector <> - DRY_RUN: "reg_type       = 2	event_id       = g	reg_id         = 1c8	reg_value      = 0"
329 [139942204270144] INFO perfrun.perfcollector <> - eventId: g, skip parsing event_id
329 [139942204270144] INFO perfrun.perfcollector <> - DRY_RUN: "DATA"
329 [139942204270144] INFO perfrun.perfcollector <> - DRY_RUN: "reg_type       = 4	event_id       = 2	reg_id         = 309	reg_value      = ffffffe488c0"
329 [139942204270144] INFO perfrun.perfcollector <> - eventId: 2, dataAddr: 309, dataVal: ffffffe488c0
329 [139942204270144] INFO perfrun.perfcollector <> - DRY_RUN: "reg_type       = 4	event_id       = 0	reg_id         = 30a	reg_value      = ffffffe17b7d"
329 [139942204270144] INFO perfrun.perfcollector <> - eventId: 0, dataAddr: 30a, dataVal: ffffffe17b7d
329 [139942204270144] INFO perfrun.perfcollector <> - DRY_RUN: "reg_type       = 4	event_id       = 1	reg_id         = 30b	reg_value      = ffffffe488c0"
329 [139942204270144] INFO perfrun.perfcollector <> - eventId: 1, dataAddr: 30b, dataVal: ffffffe488c0
329 [139942204270144] INFO perfrun.perfcollector <> - DRY_RUN: "reg_type       = 4	event_id       = 11	reg_id         = c1	reg_value      = ffffffe17b7d"
329 [139942204270144] INFO perfrun.perfcollector <> - eventId: 11, dataAddr: c1, dataVal: ffffffe17b7d
329 [139942204270144] INFO perfrun.perfcollector <> - DRY_RUN: "reg_type       = 4	event_id       = 12	reg_id         = c2	reg_value      = ffffffe17b7d"
329 [139942204270144] INFO perfrun.perfcollector <> - eventId: 12, dataAddr: c2, dataVal: ffffffe17b7d
329 [139942204270144] INFO perfrun.perfcollector <> - DRY_RUN: "reg_type       = 4	event_id       = 13	reg_id         = c3	reg_value      = ffffffe17b7d"
329 [139942204270144] INFO perfrun.perfcollector <> - eventId: 13, dataAddr: c3, dataVal: ffffffe17b7d
329 [139942204270144] INFO perfrun.perfcollector <> - event name: CPU_CLK_UNHALTED.THREAD
329 [139942204270144] INFO perfrun.perfcollector <> - pmu config: cpu
329 [139942204270144] INFO perfrun.perfcollector <> - cccrAddr: ffffffff, cccrValue: 0
329 [139942204270144] INFO perfrun.perfcollector <> - dataAddr: 30a, dataValue: ffffffffffe17b7d
329 [139942204270144] INFO perfrun.perfcollector <> - escrAddr: ffffffff, escrValue: 0
329 [139942204270144] INFO perfrun.perfcollector <> - extendedPebsValue: 0
329 [139942204270144] INFO perfrun.perfcollector <> - adaptivePebsAvailable: 0
329 [139942204270144] INFO perfrun.perfcollector <> - config: event: 3c
329 [139942204270144] INFO perfrun.perfcollector <> - config: pc: 0
329 [139942204270144] INFO perfrun.perfcollector <> - config: edge: 0
329 [139942204270144] INFO perfrun.perfcollector <> - config: any: 0
329 [139942204270144] INFO perfrun.perfcollector <> - config1: offcore_rsp: 0
329 [139942204270144] INFO perfrun.perfcollector <> - config1: ldlat: 0
329 [139942204270144] INFO perfrun.perfcollector <> - config: inv: 0
329 [139942204270144] INFO perfrun.perfcollector <> - config: umask: 0
329 [139942204270144] INFO perfrun.perfcollector <> - config1: frontend: 0
329 [139942204270144] INFO perfrun.perfcollector <> - config: cmask: 0
329 [139942204270144] INFO perfrun.perfcollector <> - format: cpu/event=0x3c,name='CPU_CLK_UNHALTED.THREAD'/D
329 [139942204270144] INFO perfrun.perfcollector <> - event name: CPU_CLK_UNHALTED.REF_TSC
329 [139942204270144] INFO perfrun.perfcollector <> - pmu config: cpu
329 [139942204270144] INFO perfrun.perfcollector <> - cccrAddr: ffffffff, cccrValue: 0
329 [139942204270144] INFO perfrun.perfcollector <> - dataAddr: 30b, dataValue: ffffffffffe488c0
329 [139942204270144] INFO perfrun.perfcollector <> - escrAddr: ffffffff, escrValue: 0
329 [139942204270144] INFO perfrun.perfcollector <> - extendedPebsValue: 0
329 [139942204270144] INFO perfrun.perfcollector <> - adaptivePebsAvailable: 0
329 [139942204270144] INFO perfrun.perfcollector <> - config: event: 0
329 [139942204270144] INFO perfrun.perfcollector <> - config: pc: 0
329 [139942204270144] INFO perfrun.perfcollector <> - config: edge: 0
329 [139942204270144] INFO perfrun.perfcollector <> - config: any: 0
329 [139942204270144] INFO perfrun.perfcollector <> - config1: offcore_rsp: 0
329 [139942204270144] INFO perfrun.perfcollector <> - config1: ldlat: 0
329 [139942204270144] INFO perfrun.perfcollector <> - config: inv: 0
329 [139942204270144] INFO perfrun.perfcollector <> - config: umask: 3
329 [139942204270144] INFO perfrun.perfcollector <> - config1: frontend: 0
329 [139942204270144] INFO perfrun.perfcollector <> - config: cmask: 0
329 [139942204270144] INFO perfrun.perfcollector <> - format: cpu/umask=0x3,name='CPU_CLK_UNHALTED.REF_TSC'/D
329 [139942204270144] INFO perfrun.perfcollector <> - event name: INST_RETIRED.ANY
330 [139942204270144] INFO perfrun.perfcollector <> - pmu config: cpu
330 [139942204270144] INFO perfrun.perfcollector <> - cccrAddr: ffffffff, cccrValue: 0
330 [139942204270144] INFO perfrun.perfcollector <> - dataAddr: 309, dataValue: ffffffffffe488c0
330 [139942204270144] INFO perfrun.perfcollector <> - escrAddr: ffffffff, escrValue: 0
330 [139942204270144] INFO perfrun.perfcollector <> - extendedPebsValue: 0
330 [139942204270144] INFO perfrun.perfcollector <> - adaptivePebsAvailable: 0
330 [139942204270144] INFO perfrun.perfcollector <> - config: event: c0
330 [139942204270144] INFO perfrun.perfcollector <> - config: pc: 0
330 [139942204270144] INFO perfrun.perfcollector <> - config: edge: 0
330 [139942204270144] INFO perfrun.perfcollector <> - config: any: 0
330 [139942204270144] INFO perfrun.perfcollector <> - config1: offcore_rsp: 0
330 [139942204270144] INFO perfrun.perfcollector <> - config1: ldlat: 0
330 [139942204270144] INFO perfrun.perfcollector <> - config: inv: 0
330 [139942204270144] INFO perfrun.perfcollector <> - config: umask: 0
330 [139942204270144] INFO perfrun.perfcollector <> - config1: frontend: 0
330 [139942204270144] INFO perfrun.perfcollector <> - config: cmask: 0
330 [139942204270144] INFO perfrun.perfcollector <> - format: cpu/event=0xc0,name='INST_RETIRED.ANY'/D
330 [139942204270144] INFO perfrun.perfcollector <> - event name: CPU_CLK_UNHALTED.REF_XCLK
330 [139942204270144] INFO perfrun.perfcollector <> - pmu config: cpu
330 [139942204270144] INFO perfrun.perfcollector <> - cccrAddr: 186, cccrValue: 53013c
330 [139942204270144] INFO perfrun.perfcollector <> - dataAddr: c1, dataValue: ffffffffffff9e55
330 [139942204270144] INFO perfrun.perfcollector <> - escrAddr: ffffffff, escrValue: 0
330 [139942204270144] INFO perfrun.perfcollector <> - extendedPebsValue: 0
330 [139942204270144] INFO perfrun.perfcollector <> - adaptivePebsAvailable: 0
330 [139942204270144] INFO perfrun.perfcollector <> - config: event: 3c
330 [139942204270144] INFO perfrun.perfcollector <> - config: pc: 0
330 [139942204270144] INFO perfrun.perfcollector <> - config: edge: 0
330 [139942204270144] INFO perfrun.perfcollector <> - config: any: 0
330 [139942204270144] INFO perfrun.perfcollector <> - config1: offcore_rsp: 0
330 [139942204270144] INFO perfrun.perfcollector <> - config1: ldlat: 0
330 [139942204270144] INFO perfrun.perfcollector <> - config: inv: 0
330 [139942204270144] INFO perfrun.perfcollector <> - config: umask: 1
330 [139942204270144] INFO perfrun.perfcollector <> - config1: frontend: 0
330 [139942204270144] INFO perfrun.perfcollector <> - config: cmask: 0
330 [139942204270144] INFO perfrun.perfcollector <> - format: cpu/event=0x3c,umask=0x1,name='CPU_CLK_UNHALTED.REF_XCLK'/
330 [139942204270144] INFO perfrun.perfcollector <> - event name: CPU_CLK_UNHALTED.ONE_THREAD_ACTIVE
330 [139942204270144] INFO perfrun.perfcollector <> - pmu config: cpu
330 [139942204270144] INFO perfrun.perfcollector <> - cccrAddr: 187, cccrValue: 53023c
330 [139942204270144] INFO perfrun.perfcollector <> - dataAddr: c2, dataValue: ffffffffffff9e55
330 [139942204270144] INFO perfrun.perfcollector <> - escrAddr: ffffffff, escrValue: 0
330 [139942204270144] INFO perfrun.perfcollector <> - extendedPebsValue: 0
330 [139942204270144] INFO perfrun.perfcollector <> - adaptivePebsAvailable: 0
330 [139942204270144] INFO perfrun.perfcollector <> - config: event: 3c
330 [139942204270144] INFO perfrun.perfcollector <> - config: pc: 0
330 [139942204270144] INFO perfrun.perfcollector <> - config: edge: 0
330 [139942204270144] INFO perfrun.perfcollector <> - config: any: 0
330 [139942204270144] INFO perfrun.perfcollector <> - config1: offcore_rsp: 0
330 [139942204270144] INFO perfrun.perfcollector <> - config1: ldlat: 0
330 [139942204270144] INFO perfrun.perfcollector <> - config: inv: 0
330 [139942204270144] INFO perfrun.perfcollector <> - config: umask: 2
330 [139942204270144] INFO perfrun.perfcollector <> - config1: frontend: 0
330 [139942204270144] INFO perfrun.perfcollector <> - config: cmask: 0
330 [139942204270144] INFO perfrun.perfcollector <> - format: cpu/event=0x3c,umask=0x2,name='CPU_CLK_UNHALTED.ONE_THREAD_ACTIVE'/
330 [139942204270144] INFO perfrun.perfcollector <> - event name: FP_ARITH_INST_RETIRED.SCALAR_SINGLE
330 [139942204270144] INFO perfrun.perfcollector <> - pmu config: cpu
330 [139942204270144] INFO perfrun.perfcollector <> - cccrAddr: 188, cccrValue: 5302c7
330 [139942204270144] INFO perfrun.perfcollector <> - dataAddr: c3, dataValue: ffffffffffe17b7d
330 [139942204270144] INFO perfrun.perfcollector <> - escrAddr: ffffffff, escrValue: 0
330 [139942204270144] INFO perfrun.perfcollector <> - extendedPebsValue: 0
330 [139942204270144] INFO perfrun.perfcollector <> - adaptivePebsAvailable: 0
330 [139942204270144] INFO perfrun.perfcollector <> - config: event: c7
330 [139942204270144] INFO perfrun.perfcollector <> - config: pc: 0
330 [139942204270144] INFO perfrun.perfcollector <> - config: edge: 0
330 [139942204270144] INFO perfrun.perfcollector <> - config: any: 0
330 [139942204270144] INFO perfrun.perfcollector <> - config1: offcore_rsp: 0
330 [139942204270144] INFO perfrun.perfcollector <> - config1: ldlat: 0
330 [139942204270144] INFO perfrun.perfcollector <> - config: inv: 0
330 [139942204270144] INFO perfrun.perfcollector <> - config: umask: 2
330 [139942204270144] INFO perfrun.perfcollector <> - config1: frontend: 0
330 [139942204270144] INFO perfrun.perfcollector <> - config: cmask: 0
330 [139942204270144] INFO perfrun.perfcollector <> - format: cpu/event=0xc7,umask=0x2,name='FP_ARITH_INST_RETIRED.SCALAR_SINGLE'/
330 [139942204270144] INFO perfrun.perfcollector <> - event name: FP_ARITH_INST_RETIRED.128B_PACKED_SINGLE
330 [139942204270144] INFO perfrun.perfcollector <> - pmu config: cpu
330 [139942204270144] INFO perfrun.perfcollector <> - cccrAddr: 189, cccrValue: 5308c7
330 [139942204270144] INFO perfrun.perfcollector <> - dataAddr: c4, dataValue: ffffffffffe17b7d
330 [139942204270144] INFO perfrun.perfcollector <> - escrAddr: ffffffff, escrValue: 0
330 [139942204270144] INFO perfrun.perfcollector <> - extendedPebsValue: 0
330 [139942204270144] INFO perfrun.perfcollector <> - adaptivePebsAvailable: 0
330 [139942204270144] INFO perfrun.perfcollector <> - config: event: c7
331 [139942204270144] INFO perfrun.perfcollector <> - config: pc: 0
331 [139942204270144] INFO perfrun.perfcollector <> - config: edge: 0
331 [139942204270144] INFO perfrun.perfcollector <> - config: any: 0
331 [139942204270144] INFO perfrun.perfcollector <> - config1: offcore_rsp: 0
331 [139942204270144] INFO perfrun.perfcollector <> - config1: ldlat: 0
331 [139942204270144] INFO perfrun.perfcollector <> - config: inv: 0
331 [139942204270144] INFO perfrun.perfcollector <> - config: umask: 8
331 [139942204270144] INFO perfrun.perfcollector <> - config1: frontend: 0
331 [139942204270144] INFO perfrun.perfcollector <> - config: cmask: 0
331 [139942204270144] INFO perfrun.perfcollector <> - format: cpu/event=0xc7,umask=0x8,name='FP_ARITH_INST_RETIRED.128B_PACKED_SINGLE'/
331 [139942204270144] INFO perfrun.perfcollector <> - event name: FP_ARITH_INST_RETIRED.256B_PACKED_SINGLE
331 [139942204270144] INFO perfrun.perfcollector <> - pmu config: cpu
331 [139942204270144] INFO perfrun.perfcollector <> - cccrAddr: 186, cccrValue: 5320c7
331 [139942204270144] INFO perfrun.perfcollector <> - dataAddr: c1, dataValue: ffffffffffe17b7d
331 [139942204270144] INFO perfrun.perfcollector <> - escrAddr: ffffffff, escrValue: 0
331 [139942204270144] INFO perfrun.perfcollector <> - extendedPebsValue: 0
331 [139942204270144] INFO perfrun.perfcollector <> - adaptivePebsAvailable: 0
331 [139942204270144] INFO perfrun.perfcollector <> - config: event: c7
331 [139942204270144] INFO perfrun.perfcollector <> - config: pc: 0
331 [139942204270144] INFO perfrun.perfcollector <> - config: edge: 0
331 [139942204270144] INFO perfrun.perfcollector <> - config: any: 0
331 [139942204270144] INFO perfrun.perfcollector <> - config1: offcore_rsp: 0
331 [139942204270144] INFO perfrun.perfcollector <> - config1: ldlat: 0
331 [139942204270144] INFO perfrun.perfcollector <> - config: inv: 0
331 [139942204270144] INFO perfrun.perfcollector <> - config: umask: 20
331 [139942204270144] INFO perfrun.perfcollector <> - config1: frontend: 0
331 [139942204270144] INFO perfrun.perfcollector <> - config: cmask: 0
331 [139942204270144] INFO perfrun.perfcollector <> - format: cpu/event=0xc7,umask=0x20,name='FP_ARITH_INST_RETIRED.256B_PACKED_SINGLE'/
331 [139942204270144] INFO perfrun.perfcollector <> - event name: FP_ARITH_INST_RETIRED.SCALAR_DOUBLE
331 [139942204270144] INFO perfrun.perfcollector <> - pmu config: cpu
331 [139942204270144] INFO perfrun.perfcollector <> - cccrAddr: 187, cccrValue: 5301c7
331 [139942204270144] INFO perfrun.perfcollector <> - dataAddr: c2, dataValue: ffffffffffe17b7d
331 [139942204270144] INFO perfrun.perfcollector <> - escrAddr: ffffffff, escrValue: 0
331 [139942204270144] INFO perfrun.perfcollector <> - extendedPebsValue: 0
331 [139942204270144] INFO perfrun.perfcollector <> - adaptivePebsAvailable: 0
331 [139942204270144] INFO perfrun.perfcollector <> - config: event: c7
331 [139942204270144] INFO perfrun.perfcollector <> - config: pc: 0
331 [139942204270144] INFO perfrun.perfcollector <> - config: edge: 0
331 [139942204270144] INFO perfrun.perfcollector <> - config: any: 0
331 [139942204270144] INFO perfrun.perfcollector <> - config1: offcore_rsp: 0
331 [139942204270144] INFO perfrun.perfcollector <> - config1: ldlat: 0
331 [139942204270144] INFO perfrun.perfcollector <> - config: inv: 0
331 [139942204270144] INFO perfrun.perfcollector <> - config: umask: 1
331 [139942204270144] INFO perfrun.perfcollector <> - config1: frontend: 0
331 [139942204270144] INFO perfrun.perfcollector <> - config: cmask: 0
331 [139942204270144] INFO perfrun.perfcollector <> - format: cpu/event=0xc7,umask=0x1,name='FP_ARITH_INST_RETIRED.SCALAR_DOUBLE'/
331 [139942204270144] INFO perfrun.perfcollector <> - event name: FP_ARITH_INST_RETIRED.128B_PACKED_DOUBLE
331 [139942204270144] INFO perfrun.perfcollector <> - pmu config: cpu
331 [139942204270144] INFO perfrun.perfcollector <> - cccrAddr: 188, cccrValue: 5304c7
331 [139942204270144] INFO perfrun.perfcollector <> - dataAddr: c3, dataValue: ffffffffffe17b7d
331 [139942204270144] INFO perfrun.perfcollector <> - escrAddr: ffffffff, escrValue: 0
331 [139942204270144] INFO perfrun.perfcollector <> - extendedPebsValue: 0
331 [139942204270144] INFO perfrun.perfcollector <> - adaptivePebsAvailable: 0
331 [139942204270144] INFO perfrun.perfcollector <> - config: event: c7
331 [139942204270144] INFO perfrun.perfcollector <> - config: pc: 0
331 [139942204270144] INFO perfrun.perfcollector <> - config: edge: 0
331 [139942204270144] INFO perfrun.perfcollector <> - config: any: 0
331 [139942204270144] INFO perfrun.perfcollector <> - config1: offcore_rsp: 0
331 [139942204270144] INFO perfrun.perfcollector <> - config1: ldlat: 0
331 [139942204270144] INFO perfrun.perfcollector <> - config: inv: 0
331 [139942204270144] INFO perfrun.perfcollector <> - config: umask: 4
331 [139942204270144] INFO perfrun.perfcollector <> - config1: frontend: 0
331 [139942204270144] INFO perfrun.perfcollector <> - config: cmask: 0
331 [139942204270144] INFO perfrun.perfcollector <> - format: cpu/event=0xc7,umask=0x4,name='FP_ARITH_INST_RETIRED.128B_PACKED_DOUBLE'/
331 [139942204270144] INFO perfrun.perfcollector <> - event name: FP_ARITH_INST_RETIRED.256B_PACKED_DOUBLE
331 [139942204270144] INFO perfrun.perfcollector <> - pmu config: cpu
331 [139942204270144] INFO perfrun.perfcollector <> - cccrAddr: 189, cccrValue: 5310c7
331 [139942204270144] INFO perfrun.perfcollector <> - dataAddr: c4, dataValue: ffffffffffe17b7d
331 [139942204270144] INFO perfrun.perfcollector <> - escrAddr: ffffffff, escrValue: 0
331 [139942204270144] INFO perfrun.perfcollector <> - extendedPebsValue: 0
331 [139942204270144] INFO perfrun.perfcollector <> - adaptivePebsAvailable: 0
331 [139942204270144] INFO perfrun.perfcollector <> - config: event: c7
331 [139942204270144] INFO perfrun.perfcollector <> - config: pc: 0
331 [139942204270144] INFO perfrun.perfcollector <> - config: edge: 0
331 [139942204270144] INFO perfrun.perfcollector <> - config: any: 0
331 [139942204270144] INFO perfrun.perfcollector <> - config1: offcore_rsp: 0
331 [139942204270144] INFO perfrun.perfcollector <> - config1: ldlat: 0
331 [139942204270144] INFO perfrun.perfcollector <> - config: inv: 0
331 [139942204270144] INFO perfrun.perfcollector <> - config: umask: 10
331 [139942204270144] INFO perfrun.perfcollector <> - config1: frontend: 0
331 [139942204270144] INFO perfrun.perfcollector <> - config: cmask: 0
332 [139942204270144] INFO perfrun.perfcollector <> - format: cpu/event=0xc7,umask=0x10,name='FP_ARITH_INST_RETIRED.256B_PACKED_DOUBLE'/
332 [139942204270144] INFO perfrun.perfcollector <> - event name: UOPS_EXECUTED.X87
332 [139942204270144] INFO perfrun.perfcollector <> - pmu config: cpu
332 [139942204270144] INFO perfrun.perfcollector <> - cccrAddr: 186, cccrValue: 5310b1
332 [139942204270144] INFO perfrun.perfcollector <> - dataAddr: c1, dataValue: ffffffffffe17b7d
332 [139942204270144] INFO perfrun.perfcollector <> - escrAddr: ffffffff, escrValue: 0
332 [139942204270144] INFO perfrun.perfcollector <> - extendedPebsValue: 0
332 [139942204270144] INFO perfrun.perfcollector <> - adaptivePebsAvailable: 0
332 [139942204270144] INFO perfrun.perfcollector <> - config: event: b1
332 [139942204270144] INFO perfrun.perfcollector <> - config: pc: 0
332 [139942204270144] INFO perfrun.perfcollector <> - config: edge: 0
332 [139942204270144] INFO perfrun.perfcollector <> - config: any: 0
332 [139942204270144] INFO perfrun.perfcollector <> - config1: offcore_rsp: 0
332 [139942204270144] INFO perfrun.perfcollector <> - config1: ldlat: 0
332 [139942204270144] INFO perfrun.perfcollector <> - config: inv: 0
332 [139942204270144] INFO perfrun.perfcollector <> - config: umask: 10
332 [139942204270144] INFO perfrun.perfcollector <> - config1: frontend: 0
332 [139942204270144] INFO perfrun.perfcollector <> - config: cmask: 0
332 [139942204270144] INFO perfrun.perfcollector <> - format: cpu/event=0xb1,umask=0x10,name='UOPS_EXECUTED.X87'/
332 [139942204270144] INFO perfrun.perfcollector <> - event name: UOPS_RETIRED.RETIRE_SLOTS
332 [139942204270144] INFO perfrun.perfcollector <> - pmu config: cpu
332 [139942204270144] INFO perfrun.perfcollector <> - cccrAddr: 187, cccrValue: 5302c2
332 [139942204270144] INFO perfrun.perfcollector <> - dataAddr: c2, dataValue: ffffffffffe17b7d
332 [139942204270144] INFO perfrun.perfcollector <> - escrAddr: ffffffff, escrValue: 0
332 [139942204270144] INFO perfrun.perfcollector <> - extendedPebsValue: 0
332 [139942204270144] INFO perfrun.perfcollector <> - adaptivePebsAvailable: 0
332 [139942204270144] INFO perfrun.perfcollector <> - config: event: c2
332 [139942204270144] INFO perfrun.perfcollector <> - config: pc: 0
332 [139942204270144] INFO perfrun.perfcollector <> - config: edge: 0
332 [139942204270144] INFO perfrun.perfcollector <> - config: any: 0
332 [139942204270144] INFO perfrun.perfcollector <> - config1: offcore_rsp: 0
332 [139942204270144] INFO perfrun.perfcollector <> - config1: ldlat: 0
332 [139942204270144] INFO perfrun.perfcollector <> - config: inv: 0
332 [139942204270144] INFO perfrun.perfcollector <> - config: umask: 2
332 [139942204270144] INFO perfrun.perfcollector <> - config1: frontend: 0
332 [139942204270144] INFO perfrun.perfcollector <> - config: cmask: 0
332 [139942204270144] INFO perfrun.perfcollector <> - format: cpu/event=0xc2,umask=0x2,name='UOPS_RETIRED.RETIRE_SLOTS'/
332 [139942204270144] INFO perfrun.perfcollector <> - event name: UOPS_EXECUTED.THREAD
332 [139942204270144] INFO perfrun.perfcollector <> - pmu config: cpu
332 [139942204270144] INFO perfrun.perfcollector <> - cccrAddr: 188, cccrValue: 5301b1
332 [139942204270144] INFO perfrun.perfcollector <> - dataAddr: c3, dataValue: ffffffffffe17b7d
332 [139942204270144] INFO perfrun.perfcollector <> - escrAddr: ffffffff, escrValue: 0
332 [139942204270144] INFO perfrun.perfcollector <> - extendedPebsValue: 0
332 [139942204270144] INFO perfrun.perfcollector <> - adaptivePebsAvailable: 0
332 [139942204270144] INFO perfrun.perfcollector <> - config: event: b1
332 [139942204270144] INFO perfrun.perfcollector <> - config: pc: 0
332 [139942204270144] INFO perfrun.perfcollector <> - config: edge: 0
332 [139942204270144] INFO perfrun.perfcollector <> - config: any: 0
332 [139942204270144] INFO perfrun.perfcollector <> - config1: offcore_rsp: 0
332 [139942204270144] INFO perfrun.perfcollector <> - config1: ldlat: 0
332 [139942204270144] INFO perfrun.perfcollector <> - config: inv: 0
332 [139942204270144] INFO perfrun.perfcollector <> - config: umask: 1
332 [139942204270144] INFO perfrun.perfcollector <> - config1: frontend: 0
332 [139942204270144] INFO perfrun.perfcollector <> - config: cmask: 0
332 [139942204270144] INFO perfrun.perfcollector <> - format: cpu/event=0xb1,umask=0x1,name='UOPS_EXECUTED.THREAD'/
332 [139942204270144] INFO perfrun.perfcollector <> - event: cpu/event=0x3c,name='CPU_CLK_UNHALTED.THREAD'/Duk, added for counting
332 [139942204270144] INFO perfrun.perfcollector <> - event: cpu/umask=0x3,name='CPU_CLK_UNHALTED.REF_TSC'/Duk, added for counting
332 [139942204270144] INFO perfrun.perfcollector <> - event: cpu/event=0xc0,name='INST_RETIRED.ANY'/Duk, added for counting
332 [139942204270144] INFO perfrun.perfcollector <> - event: cpu/event=0x3c,umask=0x1,name='CPU_CLK_UNHALTED.REF_XCLK'/uk, added for counting
332 [139942204270144] INFO perfrun.perfcollector <> - event: cpu/event=0x3c,umask=0x2,name='CPU_CLK_UNHALTED.ONE_THREAD_ACTIVE'/uk, added for counting
332 [139942204270144] INFO perfrun.perfcollector <> - event: cpu/event=0xc7,umask=0x2,name='FP_ARITH_INST_RETIRED.SCALAR_SINGLE'/uk, added for counting
332 [139942204270144] INFO perfrun.perfcollector <> - event: cpu/event=0xc7,umask=0x8,name='FP_ARITH_INST_RETIRED.128B_PACKED_SINGLE'/uk, added for counting
333 [139942204270144] INFO perfrun.perfcollector <> - event: cpu/event=0xc7,umask=0x20,name='FP_ARITH_INST_RETIRED.256B_PACKED_SINGLE'/uk, added for counting
333 [139942204270144] INFO perfrun.perfcollector <> - event: cpu/event=0xc7,umask=0x1,name='FP_ARITH_INST_RETIRED.SCALAR_DOUBLE'/uk, added for counting
333 [139942204270144] INFO perfrun.perfcollector <> - event: cpu/event=0xc7,umask=0x4,name='FP_ARITH_INST_RETIRED.128B_PACKED_DOUBLE'/uk, added for counting
333 [139942204270144] INFO perfrun.perfcollector <> - event: cpu/event=0xc7,umask=0x10,name='FP_ARITH_INST_RETIRED.256B_PACKED_DOUBLE'/uk, added for counting
333 [139942204270144] INFO perfrun.perfcollector <> - event: cpu/event=0xb1,umask=0x10,name='UOPS_EXECUTED.X87'/uk, added for counting
333 [139942204270144] INFO perfrun.perfcollector <> - event: cpu/event=0xc2,umask=0x2,name='UOPS_RETIRED.RETIRE_SLOTS'/uk, added for counting
333 [139942204270144] INFO perfrun.perfcollector <> - event: cpu/event=0xb1,umask=0x1,name='UOPS_EXECUTED.THREAD'/uk, added for counting
333 [139942204270144] INFO perfrun.perfcollector <> - attaching to pid: 4294967295, collect mode: 1, rc modes: 3
333 [139942195877440] WARN perfrun.perfcollector <> - Perf stat trace pipe capacity: read = 1048576, write = 1048576, at file: vcs/perfrun1/plugins/perfcollector/src/profiler.cpp:765
335 [139942195877440] INFO perfrun.sdk <> - runCmd: /opt/intel/oneapi/vtune/2023.1.0/bin64/amplxe-perf stat -v --log-fd 12 --scale -x ; -e cpu/event=0x3c,name='CPU_CLK_UNHALTED.THREAD'/Duk,cpu/umask=0x3,name='CPU_CLK_UNHALTED.REF_TSC'/Duk,cpu/event=0xc0,name='INST_RETIRED.ANY'/Duk,cpu/event=0x3c,umask=0x1,name='CPU_CLK_UNHALTED.REF_XCLK'/uk,cpu/event=0x3c,umask=0x2,name='CPU_CLK_UNHALTED.ONE_THREAD_ACTIVE'/uk,cpu/event=0xc7,umask=0x2,name='FP_ARITH_INST_RETIRED.SCALAR_SINGLE'/uk,cpu/event=0xc7,umask=0x8,name='FP_ARITH_INST_RETIRED.128B_PACKED_SINGLE'/uk,cpu/event=0xc7,umask=0x20,name='FP_ARITH_INST_RETIRED.256B_PACKED_SINGLE'/uk,cpu/event=0xc7,umask=0x1,name='FP_ARITH_INST_RETIRED.SCALAR_DOUBLE'/uk,cpu/event=0xc7,umask=0x4,name='FP_ARITH_INST_RETIRED.128B_PACKED_DOUBLE'/uk,cpu/event=0xc7,umask=0x10,name='FP_ARITH_INST_RETIRED.256B_PACKED_DOUBLE'/uk,cpu/event=0xb1,umask=0x10,name='UOPS_EXECUTED.X87'/uk,cpu/event=0xc2,umask=0x2,name='UOPS_RETIRED.RETIRE_SLOTS'/uk,cpu/event=0xb1,umask=0x1,name='UOPS_EXECUTED.THREAD'/uk /opt/intel/oneapi/vtune/2023.1.0/bin64/amplxe-perf-sync dryrun tsc
337 [139942195877440] INFO perfrun.sdk <> - runCmd started PID 841021
459 [139942195877440] INFO perfrun.perfcollector <> - Monitor: runCmd RC = true
460 [139942204270144] INFO perfrun.launcher <> - plugin [aoclprofile] was disabled because it doesn't support the given collection type.
460 [139942204270144] INFO perfrun.tpss <> - initialize tpss controller
461 [139942204270144] INFO perfrun.tpss <> - configure collection mode: value = cpu:counters:nostack
461 [139942204270144] INFO perfrun.tpss <> - configure collection mode: value = cpu:stack
461 [139942204270144] INFO perfrun.tpss <> - default obj-size-min=1024
461 [139942204270144] INFO perfrun.tpss <> - default hash-table-size=0
462 [139942204270144] INFO perfrun.launcher <> - plugin [media] was disabled because it doesn't support the given collection type.
462 [139942204270144] INFO perfrun.launcher <> - plugin [] was disabled because it doesn't support the given collection type.
462 [139942204270144] INFO perfrun.launcher <> - plugin [] was disabled because it doesn't support the given collection type.
462 [139942204270144] INFO perfrun.launcher <> - plugin [parallelfs] was disabled because it doesn't support the given collection type.
462 [139942204270144] INFO perfrun.launcher <> - plugin [power] was disabled because it doesn't support the given collection type.
462 [139942204270144] INFO perfrun.launcher <> - plugin [hwloc] was disabled because it doesn't support the given collection type.
462 [139942204270144] INFO perfrun.launcher <> - plugin [ipmwatch] was disabled because it doesn't support the given collection type.
462 [139942204270144] INFO perfrun.launcher <> - plugin [os_counters] was disabled because it doesn't support the given collection type.
462 [139942204270144] INFO perfrun.launcher <> - plugin [l0_metrics] was disabled because it doesn't support the given collection type.
462 [139942359776384] INFO perfrun.launcher <> - set environment variable: LD_LIBRARY_PATH = /opt/intel/oneapi/vtune/2023.1.0/lib32/runtime:/opt/intel/oneapi/vtune/2023.1.0/lib64/runtime
463 [139942359776384] INFO perfrun.launcher <> - set environment variable: INTEL_LIBITTNOTIFY32 = /opt/intel/oneapi/vtune/2023.1.0/lib32/runtime/libittnotify_collector.so
463 [139942359776384] INFO perfrun.launcher <> - set environment variable: INTEL_LIBITTNOTIFY64 = /opt/intel/oneapi/vtune/2023.1.0/lib64/runtime/libittnotify_collector.so
463 [139942359776384] INFO perfrun.launcher <> - set environment variable: INTEL_ITTNOTIFY_GROUPS = 
463 [139942359776384] INFO perfrun.launcher <> - set environment variable: INTEL_JIT_PROFILER32 = /opt/intel/oneapi/vtune/2023.1.0/lib32/runtime/libittnotify_collector.so
463 [139942359776384] INFO perfrun.launcher <> - set environment variable: INTEL_JIT_PROFILER64 = /opt/intel/oneapi/vtune/2023.1.0/lib64/runtime/libittnotify_collector.so
463 [139942359776384] INFO perfrun.launcher <> - set environment variable: OMP_TOOL_LIBRARIES = /opt/intel/oneapi/vtune/2023.1.0/lib32/runtime/libittnotify_collector.so:/opt/intel/oneapi/vtune/2023.1.0/lib64/runtime/libittnotify_collector.so
464 [139942359776384] INFO perfrun.launcher <> - set environment variable: ENABLE_JITPROFILING = 1
464 [139942359776384] INFO perfrun.launcher <> - set environment variable: CL_CONFIG_USE_VTUNE = True
464 [139942359776384] INFO perfrun.launcher <> - set environment variable: KMP_FORKJOIN_FRAMES = 0
464 [139942359776384] INFO perfrun.launcher <> - set environment variable: KMP_FORKJOIN_FRAMES_MODE = 0
464 [139942359776384] INFO perfrun.launcher <> - set environment variable: OMP_TOOL = disabled
464 [139942359776384] INFO perfrun.launcher <> - set environment variable: INTEL_MRTE_DATA_DIR = /home/samuki/git/team29/r000hs/data.0
464 [139942359776384] INFO perfrun.launcher <> - set environment variable: INTEL_MRTE_HOST_NAME = lucy
464 [139942359776384] INFO perfrun.launcher <> - set environment variable: JAVA_TOOL_OPTIONS = -agentlib:amplxe_tpssmrte_javaprof_1.0 -Dsun.boot.library.path=/opt/intel/oneapi/vtune/2023.1.0/lib32/runtime:/opt/intel/oneapi/vtune/2023.1.0/lib64/runtime
464 [139942359776384] INFO perfrun.launcher <> - set environment variable: LD_LIBRARY_PATH = /opt/intel/oneapi/vtune/2023.1.0/lib32/runtime:/opt/intel/oneapi/vtune/2023.1.0/lib64/runtime
464 [139942359776384] INFO perfrun.launcher <> - set environment variable: CORECLR_ENABLE_PROFILING = 1
464 [139942359776384] INFO perfrun.launcher <> - set environment variable: CORECLR_PROFILER = {AA5E4821-E3B1-479c-B7FF-5AD047D22CED}
465 [139942359776384] INFO perfrun.launcher <> - set environment variable: CORECLR_PROFILER_PATH = /opt/intel/oneapi/vtune/2023.1.0/lib64/libamplxe_samplingmrte_clrprof_1.0.so
465 [139942359776384] INFO perfrun.launcher <> - set environment variable: INTEL_MRTE_PROFILER_MODE = mixed
465 [139942359776384] INFO perfrun.launcher <> - RpcServer: run RPC server to handle requests
466 [139942359776384] INFO perfrun.launcher <> - Launcher: command line to start before modification = ./executables/vecplusextraoptim_polyvol advanced_tests/cube_tests/cube_80
467 [139942359776384] INFO perfrun.launcher <> - Launcher: command line to start after modification = /opt/intel/oneapi/vtune/2023.1.0/bin64/pin -error_file /home/samuki/git/team29/r000hs/data.0/pinerr.tpsslog -detach_reattach -follow_execv -tool_load_option deepbind -t64 /opt/intel/oneapi/vtune/2023.1.0/lib64/libtpsstool.so -t /opt/intel/oneapi/vtune/2023.1.0/lib32/libtpsstool.so -server_name tpss_ipc.841004 -prd_dir /opt/intel/oneapi/vtune/2023.1.0 -- ./executables/vecplusextraoptim_polyvol advanced_tests/cube_tests/cube_80
467 [139942359776384] INFO perfrun.launcher <> - ProcessCreator object was created
469 [139942359776384] INFO perfrun.launcher <> - Launcher: the process was started in suspend mode
476 [139942204270144] WARN perfrun.system <> - Could not do anything with /sys/kernel/debug/kvm: boost::filesystem::status: Permission denied: "/sys/kernel/debug/kvm", at file: vcs/perfrun1/plugins/system/src/trace_writer.cpp:787
476 [139942204270144] WARN perfrun.system <> - Folder "/var/run/libvirt/qemu/"doesn't exist, at file: vcs/perfrun1/plugins/system/src/trace_writer.cpp:800
481 [139942204270144] WARN perfrun.sdk <> - Failed to find xl binary on any of the system paths: /bin, /sbin, /usr/bin, /usr/sbin., at file: vcs/perfrun1/sdk/src/utils.cpp:204
482 [139942204270144] WARN perfrun.system <> - Could not start ContainerMapping collector, at file: vcs/perfrun1/plugins/system/src/controller.cpp:448
766 [139942204270144] INFO perfrun.vdso <> - Helper runtool '/opt/intel/oneapi/vtune/2023.1.0/bin32/amplxe-runss -dump-vdso -r /home/samuki/git/team29/r000hs --tmp-dir /tmp/amplxe-tmp-samuki' returned 0
1098 [139942204270144] INFO perfrun.vdso <> - Helper runtool '/opt/intel/oneapi/vtune/2023.1.0/bin64/amplxe-runss -dump-vdso -r /home/samuki/git/team29/r000hs --tmp-dir /tmp/amplxe-tmp-samuki' returned 0
1098 [139942204270144] INFO perfrun.itt <> - start itt controller for pid #841024
1098 [139942204270144] INFO perfrun.perfcollector <> - attaching to pid: 841024, collect mode: 1, rc modes: 1
1099 [139942097311296] WARN perfrun.perfcollector <> - Perf stat trace pipe capacity: read = 1048576, write = 1048576, at file: vcs/perfrun1/plugins/perfcollector/src/profiler.cpp:765
1101 [139942097311296] INFO perfrun.sdk <> - runCmd: /opt/intel/oneapi/vtune/2023.1.0/bin64/amplxe-perf stat -v --log-fd 23 --control=fd:24,40 --scale -x ; -p 841024 -e cpu/event=0x3c,name='CPU_CLK_UNHALTED.THREAD'/Duk,cpu/umask=0x3,name='CPU_CLK_UNHALTED.REF_TSC'/Duk,cpu/event=0xc0,name='INST_RETIRED.ANY'/Duk,cpu/event=0x3c,umask=0x1,name='CPU_CLK_UNHALTED.REF_XCLK'/uk,cpu/event=0x3c,umask=0x2,name='CPU_CLK_UNHALTED.ONE_THREAD_ACTIVE'/uk,cpu/event=0xc7,umask=0x2,name='FP_ARITH_INST_RETIRED.SCALAR_SINGLE'/uk,cpu/event=0xc7,umask=0x8,name='FP_ARITH_INST_RETIRED.128B_PACKED_SINGLE'/uk,cpu/event=0xc7,umask=0x20,name='FP_ARITH_INST_RETIRED.256B_PACKED_SINGLE'/uk,cpu/event=0xc7,umask=0x1,name='FP_ARITH_INST_RETIRED.SCALAR_DOUBLE'/uk,cpu/event=0xc7,umask=0x4,name='FP_ARITH_INST_RETIRED.128B_PACKED_DOUBLE'/uk,cpu/event=0xc7,umask=0x10,name='FP_ARITH_INST_RETIRED.256B_PACKED_DOUBLE'/uk,cpu/event=0xb1,umask=0x10,name='UOPS_EXECUTED.X87'/uk,cpu/event=0xc2,umask=0x2,name='UOPS_RETIRED.RETIRE_SLOTS'/uk,cpu/event=0xb1,umask=0x1,name='UOPS_EXECUTED.THREAD'/uk /opt/intel/oneapi/vtune/2023.1.0/bin64/amplxe-perf-sync sync tsc
1103 [139942097311296] INFO perfrun.sdk <> - runCmd started PID 841033
1201 [139942204270144] INFO perfrun.tpss <> - start tpss controller for pid #841024
1252 [139942359776384] INFO perfrun.launcher <> - Launcher: all plugins were started
1252 [139942359776384] INFO perfrun.launcher <> - DirectoryMonitor object was created
1253 [139942359776384] INFO perfrun.launcher <> - DirectoryMonitor: a callback was added
1253 [139942359776384] INFO perfrun.launcher <> - DirectoryMonitor was started with pingTime = 1000
1253 [139942359776384] INFO perfrun.launcher <> - DeadlineTimer is going to be constructed
1253 [139942359776384] INFO perfrun.launcher <> - DeadlineTimer: a callback was added
1261 [139942359776384] INFO perfrun.launcher <> - Launcher: resume the profiled application and  wait its termination or stop command
414253 [139942359776384] INFO perfrun.launcher <> - Launcher: the profiled application was terminated  with exit code = 0
414264 [139942204270144] INFO perfrun.itt <> - detach itt controller
414264 [139942204270144] INFO perfrun.itt <> - detach itt controller done
414266 [139942097311296] INFO perfrun.perfcollector <> - Monitor: runCmd RC = true
414267 [139942204270144] INFO perfrun.perfcollector <> - Monitor: state = 3, error = 1
414267 [139942204270144] INFO perfrun.tpss <> - stop tpss controller
414271 [139942204270144] INFO perfrun.sdk <> - De-allocating TMU: /home/samuki/git/team29/r000hs/data.0/systemcollector-841004-lucy.sc
414271 [139942204270144] INFO perfrun.system <> - closed the system trace file: /home/samuki/git/team29/r000hs/data.0/systemcollector-841004-lucy.sc
414271 [139942359776384] INFO perfrun.launcher <> - Launcher: all plugins were stopped.
414271 [139942359776384] INFO perfrun.launcher <> - DeadlineTimer is going to be destroyed
414271 [139942359776384] INFO perfrun.launcher <> - DeadlineTimer was destroyed
414272 [139942359776384] INFO perfrun.launcher <> - DirectoryMonitor object was destroyed
414272 [139942359776384] WARN perfrun.launcher <> - Stop command is ignored because it is received when collection is already stopped, at file: vcs/perfrun1/launcher/src/command_handler.cpp:226
414273 [139942359776384] INFO perfrun.launcher <> - Application exit code: 0
414273 [139942359776384] INFO perfrun.launcher <> - Exit code: 0
