This is pdfTeX, Version 3.141592653-2.6-1.40.22 (TeX Live 2022/dev/Debian) (preloaded format=pdflatex 2023.6.1)  22 JUN 2023 17:55
entering extended mode
 restricted \write18 enabled.
 file:line:error style messages enabled.
 %&-line parsing enabled.
**/home/samuki/git/team29/volumes/finalopt-x/finalopt-x.tex
(/home/samuki/git/team29/volumes/finalopt-x/finalopt-x.tex
LaTeX2e <2021-11-15> patch level 1
L3 programming layer <2022-01-21> (/usr/share/texlive/texmf-dist/tex/latex/base/article.cls
Document Class: article 2021/10/04 v1.4n Standard LaTeX document class
(/usr/share/texlive/texmf-dist/tex/latex/base/size10.clo
File: size10.clo 2021/10/04 v1.4n Standard LaTeX file (size option)
)
\c@part=\count185
\c@section=\count186
\c@subsection=\count187
\c@subsubsection=\count188
\c@paragraph=\count189
\c@subparagraph=\count190
\c@figure=\count191
\c@table=\count192
\abovecaptionskip=\skip47
\belowcaptionskip=\skip48
\bibindent=\dimen138
) (/usr/share/texlive/texmf-dist/tex/latex/booktabs/booktabs.sty
Package: booktabs 2020/01/12 v1.61803398 Publication quality tables
\heavyrulewidth=\dimen139
\lightrulewidth=\dimen140
\cmidrulewidth=\dimen141
\belowrulesep=\dimen142
\belowbottomsep=\dimen143
\aboverulesep=\dimen144
\abovetopsep=\dimen145
\cmidrulesep=\dimen146
\cmidrulekern=\dimen147
\defaultaddspace=\dimen148
\@cmidla=\count193
\@cmidlb=\count194
\@aboverulesep=\dimen149
\@belowrulesep=\dimen150
\@thisruleclass=\count195
\@lastruleclass=\count196
\@thisrulewidth=\dimen151
) (/usr/share/texlive/texmf-dist/tex/latex/tools/tabularx.sty
Package: tabularx 2020/01/15 v2.11c `tabularx' package (DPC)
 (/usr/share/texlive/texmf-dist/tex/latex/tools/array.sty
Package: array 2021/10/04 v2.5f Tabular extension package (FMi)
\col@sep=\dimen152
\ar@mcellbox=\box50
\extrarowheight=\dimen153
\NC@list=\toks16
\extratabsurround=\skip49
\backup@length=\skip50
\ar@cellbox=\box51
)
\TX@col@width=\dimen154
\TX@old@table=\dimen155
\TX@old@col=\dimen156
\TX@target=\dimen157
\TX@delta=\dimen158
\TX@cols=\count197
\TX@ftn=\toks17
) (/usr/share/texlive/texmf-dist/tex/latex/makecell/makecell.sty
Package: makecell 2009/08/03 V0.1e Managing of Tab Column Heads and Cells
\rotheadsize=\dimen159
\c@nlinenum=\count198
\TeXr@lab=\toks18
) (/usr/share/texlive/texmf-dist/tex/latex/l3backend/l3backend-pdftex.def
File: l3backend-pdftex.def 2022-01-12 L3 backend support: PDF output (pdfTeX)
\l__color_backend_stack_int=\count199
\l__pdf_internal_box=\box52
) (./finalopt-x.aux)
\openout1 = `finalopt-x.aux'.

LaTeX Font Info:    Checking defaults for OML/cmm/m/it on input line 6.
LaTeX Font Info:    ... okay on input line 6.
LaTeX Font Info:    Checking defaults for OMS/cmsy/m/n on input line 6.
LaTeX Font Info:    ... okay on input line 6.
LaTeX Font Info:    Checking defaults for OT1/cmr/m/n on input line 6.
LaTeX Font Info:    ... okay on input line 6.
LaTeX Font Info:    Checking defaults for T1/cmr/m/n on input line 6.
LaTeX Font Info:    ... okay on input line 6.
LaTeX Font Info:    Checking defaults for TS1/cmr/m/n on input line 6.
LaTeX Font Info:    ... okay on input line 6.
LaTeX Font Info:    Checking defaults for OMX/cmex/m/n on input line 6.
LaTeX Font Info:    ... okay on input line 6.
LaTeX Font Info:    Checking defaults for U/cmr/m/n on input line 6.
LaTeX Font Info:    ... okay on input line 6.
LaTeX Font Info:    External font `cmex10' loaded for size
(Font)              <12> on input line 8.
LaTeX Font Info:    External font `cmex10' loaded for size
(Font)              <8> on input line 8.
LaTeX Font Info:    External font `cmex10' loaded for size
(Font)              <6> on input line 8.


LaTeX Warning: No \author given.

LaTeX Font Info:    External font `cmex10' loaded for size
(Font)              <7> on input line 11.
LaTeX Font Info:    External font `cmex10' loaded for size
(Font)              <5> on input line 11.

/home/samuki/git/team29/volumes/finalopt-x/finalopt-x.tex:11: Package array Error:  Illegal pream-token (\textwidth): `c' used.

See the array package documentation for explanation.
Type  H <return>  for immediate help.
 ...                                              
                                                  
l.11 \begin{tabular}{\textwidth}
                                {llllll}
Try typing  <return>  to proceed.
If that doesn't work, type  X <return>  to quit.

/home/samuki/git/team29/volumes/finalopt-x/finalopt-x.tex:12: Misplaced \noalign.
\toprule ->\noalign 
                    {\ifnum 0=`}\fi \@aboverulesep =\abovetopsep \global \@b...
l.12 \toprule
             
I expect to see \noalign only after the \cr of
an alignment. Proceed, and I'll ignore this case.

/home/samuki/git/team29/volumes/finalopt-x/finalopt-x.tex:13: Missing } inserted.
<inserted text> 
                }
l.13 \thead
           [l]{Test} & \thead[l]{Avg. vol \\ $\hat{v}$} &\thead[l]{Std Dev \...
I've inserted something that you may have forgotten.
(See the <inserted text> above.)
With luck, this will get me unwedged. But if you
really didn't forget anything, try typing `2' now; then
my insertion and my current dilemma will both disappear.

/home/samuki/git/team29/volumes/finalopt-x/finalopt-x.tex:13: Missing \endgroup inserted.
<inserted text> 
                \endgroup 
l.13 \thead
           [l]{Test} & \thead[l]{Avg. vol \\ $\hat{v}$} &\thead[l]{Std Dev \...
I've inserted something that you may have forgotten.
(See the <inserted text> above.)
With luck, this will get me unwedged. But if you
really didn't forget anything, try typing `2' now; then
my insertion and my current dilemma will both disappear.

/home/samuki/git/team29/volumes/finalopt-x/finalopt-x.tex:13: Missing } inserted.
<inserted text> 
                }
l.13 \thead
           [l]{Test} & \thead[l]{Avg. vol \\ $\hat{v}$} &\thead[l]{Std Dev \...
I've inserted something that you may have forgotten.
(See the <inserted text> above.)
With luck, this will get me unwedged. But if you
really didn't forget anything, try typing `2' now; then
my insertion and my current dilemma will both disappear.

/home/samuki/git/team29/volumes/finalopt-x/finalopt-x.tex:13: Missing \cr inserted.
<inserted text> 
                \cr 
l.13 \thead
           [l]{Test} & \thead[l]{Avg. vol \\ $\hat{v}$} &\thead[l]{Std Dev \...
I'm guessing that you meant to end an alignment here.

/home/samuki/git/team29/volumes/finalopt-x/finalopt-x.tex:13: Missing } inserted.
<inserted text> 
                }
l.13 \thead
           [l]{Test} & \thead[l]{Avg. vol \\ $\hat{v}$} &\thead[l]{Std Dev \...
I've inserted something that you may have forgotten.
(See the <inserted text> above.)
With luck, this will get me unwedged. But if you
really didn't forget anything, try typing `2' now; then
my insertion and my current dilemma will both disappear.

/home/samuki/git/team29/volumes/finalopt-x/finalopt-x.tex:13: Missing \cr inserted.
<inserted text> 
                \cr 
l.13 \thead
           [l]{Test} & \thead[l]{Avg. vol \\ $\hat{v}$} &\thead[l]{Std Dev \...
I'm guessing that you meant to end an alignment here.

/home/samuki/git/team29/volumes/finalopt-x/finalopt-x.tex:13: Misplaced \cr.
<inserted text> \cr 
                    
l.13 \thead
           [l]{Test} & \thead[l]{Avg. vol \\ $\hat{v}$} &\thead[l]{Std Dev \...
I can't figure out why you would want to use a tab mark
or \cr or \span just now. If something like a right brace
up above has ended a previous alignment prematurely,
you're probably due for more error messages, and you
might try typing `S' now just to see what is salvageable.

/home/samuki/git/team29/volumes/finalopt-x/finalopt-x.tex:13: Missing \cr inserted.
<inserted text> 
                \cr 
l.13 \thead
           [l]{Test} & \thead[l]{Avg. vol \\ $\hat{v}$} &\thead[l]{Std Dev \...
I'm guessing that you meant to end an alignment here.

/home/samuki/git/team29/volumes/finalopt-x/finalopt-x.tex:13: Misplaced \cr.
<inserted text> \cr 
                    
l.13 \thead
           [l]{Test} & \thead[l]{Avg. vol \\ $\hat{v}$} &\thead[l]{Std Dev \...
I can't figure out why you would want to use a tab mark
or \cr or \span just now. If something like a right brace
up above has ended a previous alignment prematurely,
you're probably due for more error messages, and you
might try typing `S' now just to see what is salvageable.

/home/samuki/git/team29/volumes/finalopt-x/finalopt-x.tex:13: Missing \cr inserted.
<inserted text> 
                \cr 
l.13 \thead
           [l]{Test} & \thead[l]{Avg. vol \\ $\hat{v}$} &\thead[l]{Std Dev \...
I'm guessing that you meant to end an alignment here.

/home/samuki/git/team29/volumes/finalopt-x/finalopt-x.tex:13: Misplaced \cr.
<inserted text> \cr 
                    
l.13 \thead
           [l]{Test} & \thead[l]{Avg. vol \\ $\hat{v}$} &\thead[l]{Std Dev \...
I can't figure out why you would want to use a tab mark
or \cr or \span just now. If something like a right brace
up above has ended a previous alignment prematurely,
you're probably due for more error messages, and you
might try typing `S' now just to see what is salvageable.

/home/samuki/git/team29/volumes/finalopt-x/finalopt-x.tex:13: Missing \cr inserted.
<inserted text> 
                \cr 
l.13 \thead
           [l]{Test} & \thead[l]{Avg. vol \\ $\hat{v}$} &\thead[l]{Std Dev \...
I'm guessing that you meant to end an alignment here.

/home/samuki/git/team29/volumes/finalopt-x/finalopt-x.tex:13: Misplaced \cr.
<inserted text> \cr 
                    
l.13 \thead
           [l]{Test} & \thead[l]{Avg. vol \\ $\hat{v}$} &\thead[l]{Std Dev \...
I can't figure out why you would want to use a tab mark
or \cr or \span just now. If something like a right brace
up above has ended a previous alignment prematurely,
you're probably due for more error messages, and you
might try typing `S' now just to see what is salvageable.

/home/samuki/git/team29/volumes/finalopt-x/finalopt-x.tex:13: Missing \cr inserted.
<inserted text> 
                \cr 
l.13 \thead
           [l]{Test} & \thead[l]{Avg. vol \\ $\hat{v}$} &\thead[l]{Std Dev \...
I'm guessing that you meant to end an alignment here.

/home/samuki/git/team29/volumes/finalopt-x/finalopt-x.tex:13: Misplaced \cr.
<inserted text> \cr 
                    
l.13 \thead
           [l]{Test} & \thead[l]{Avg. vol \\ $\hat{v}$} &\thead[l]{Std Dev \...
I can't figure out why you would want to use a tab mark
or \cr or \span just now. If something like a right brace
up above has ended a previous alignment prematurely,
you're probably due for more error messages, and you
might try typing `S' now just to see what is salvageable.

/home/samuki/git/team29/volumes/finalopt-x/finalopt-x.tex:13: Missing \cr inserted.
<inserted text> 
                \cr 
l.13 \thead
           [l]{Test} & \thead[l]{Avg. vol \\ $\hat{v}$} &\thead[l]{Std Dev \...
I'm guessing that you meant to end an alignment here.

/home/samuki/git/team29/volumes/finalopt-x/finalopt-x.tex:13: Misplaced \cr.
<inserted text> \cr 
                    
l.13 \thead
           [l]{Test} & \thead[l]{Avg. vol \\ $\hat{v}$} &\thead[l]{Std Dev \...
I can't figure out why you would want to use a tab mark
or \cr or \span just now. If something like a right brace
up above has ended a previous alignment prematurely,
you're probably due for more error messages, and you
might try typing `S' now just to see what is salvageable.

/home/samuki/git/team29/volumes/finalopt-x/finalopt-x.tex:13: Missing \cr inserted.
<inserted text> 
                \cr 
l.13 \thead
           [l]{Test} & \thead[l]{Avg. vol \\ $\hat{v}$} &\thead[l]{Std Dev \...
I'm guessing that you meant to end an alignment here.

/home/samuki/git/team29/volumes/finalopt-x/finalopt-x.tex:13: Misplaced \cr.
<inserted text> \cr 
                    
l.13 \thead
           [l]{Test} & \thead[l]{Avg. vol \\ $\hat{v}$} &\thead[l]{Std Dev \...
I can't figure out why you would want to use a tab mark
or \cr or \span just now. If something like a right brace
up above has ended a previous alignment prematurely,
you're probably due for more error messages, and you
might try typing `S' now just to see what is salvageable.

/home/samuki/git/team29/volumes/finalopt-x/finalopt-x.tex:13: Missing \cr inserted.
<inserted text> 
                \cr 
l.13 \thead
           [l]{Test} & \thead[l]{Avg. vol \\ $\hat{v}$} &\thead[l]{Std Dev \...
I'm guessing that you meant to end an alignment here.

/home/samuki/git/team29/volumes/finalopt-x/finalopt-x.tex:13: Misplaced \cr.
<inserted text> \cr 
                    
l.13 \thead
           [l]{Test} & \thead[l]{Avg. vol \\ $\hat{v}$} &\thead[l]{Std Dev \...
I can't figure out why you would want to use a tab mark
or \cr or \span just now. If something like a right brace
up above has ended a previous alignment prematurely,
you're probably due for more error messages, and you
might try typing `S' now just to see what is salvageable.

/home/samuki/git/team29/volumes/finalopt-x/finalopt-x.tex:13: Missing \cr inserted.
<inserted text> 
                \cr 
l.13 \thead
           [l]{Test} & \thead[l]{Avg. vol \\ $\hat{v}$} &\thead[l]{Std Dev \...
I'm guessing that you meant to end an alignment here.

/home/samuki/git/team29/volumes/finalopt-x/finalopt-x.tex:13: Misplaced \cr.
<inserted text> \cr 
                    
l.13 \thead
           [l]{Test} & \thead[l]{Avg. vol \\ $\hat{v}$} &\thead[l]{Std Dev \...
I can't figure out why you would want to use a tab mark
or \cr or \span just now. If something like a right brace
up above has ended a previous alignment prematurely,
you're probably due for more error messages, and you
might try typing `S' now just to see what is salvageable.

/home/samuki/git/team29/volumes/finalopt-x/finalopt-x.tex:13: Missing \cr inserted.
<inserted text> 
                \cr 
l.13 \thead
           [l]{Test} & \thead[l]{Avg. vol \\ $\hat{v}$} &\thead[l]{Std Dev \...
I'm guessing that you meant to end an alignment here.

/home/samuki/git/team29/volumes/finalopt-x/finalopt-x.tex:13: Misplaced \cr.
<inserted text> \cr 
                    
l.13 \thead
           [l]{Test} & \thead[l]{Avg. vol \\ $\hat{v}$} &\thead[l]{Std Dev \...
I can't figure out why you would want to use a tab mark
or \cr or \span just now. If something like a right brace
up above has ended a previous alignment prematurely,
you're probably due for more error messages, and you
might try typing `S' now just to see what is salvageable.

/home/samuki/git/team29/volumes/finalopt-x/finalopt-x.tex:13: Missing \cr inserted.
<inserted text> 
                \cr 
l.13 \thead
           [l]{Test} & \thead[l]{Avg. vol \\ $\hat{v}$} &\thead[l]{Std Dev \...
I'm guessing that you meant to end an alignment here.

/home/samuki/git/team29/volumes/finalopt-x/finalopt-x.tex:13: Misplaced \cr.
<inserted text> \cr 
                    
l.13 \thead
           [l]{Test} & \thead[l]{Avg. vol \\ $\hat{v}$} &\thead[l]{Std Dev \...
I can't figure out why you would want to use a tab mark
or \cr or \span just now. If something like a right brace
up above has ended a previous alignment prematurely,
you're probably due for more error messages, and you
might try typing `S' now just to see what is salvageable.

/home/samuki/git/team29/volumes/finalopt-x/finalopt-x.tex:13: Missing \cr inserted.
<inserted text> 
                \cr 
l.13 \thead
           [l]{Test} & \thead[l]{Avg. vol \\ $\hat{v}$} &\thead[l]{Std Dev \...
I'm guessing that you meant to end an alignment here.

/home/samuki/git/team29/volumes/finalopt-x/finalopt-x.tex:13: Misplaced \cr.
<inserted text> \cr 
                    
l.13 \thead
           [l]{Test} & \thead[l]{Avg. vol \\ $\hat{v}$} &\thead[l]{Std Dev \...
I can't figure out why you would want to use a tab mark
or \cr or \span just now. If something like a right brace
up above has ended a previous alignment prematurely,
you're probably due for more error messages, and you
might try typing `S' now just to see what is salvageable.

/home/samuki/git/team29/volumes/finalopt-x/finalopt-x.tex:13: Missing \cr inserted.
<inserted text> 
                \cr 
l.13 \thead
           [l]{Test} & \thead[l]{Avg. vol \\ $\hat{v}$} &\thead[l]{Std Dev \...
I'm guessing that you meant to end an alignment here.

/home/samuki/git/team29/volumes/finalopt-x/finalopt-x.tex:13: Misplaced \cr.
<inserted text> \cr 
                    
l.13 \thead
           [l]{Test} & \thead[l]{Avg. vol \\ $\hat{v}$} &\thead[l]{Std Dev \...
I can't figure out why you would want to use a tab mark
or \cr or \span just now. If something like a right brace
up above has ended a previous alignment prematurely,
you're probably due for more error messages, and you
might try typing `S' now just to see what is salvageable.

/home/samuki/git/team29/volumes/finalopt-x/finalopt-x.tex:13: Missing \cr inserted.
<inserted text> 
                \cr 
l.13 \thead
           [l]{Test} & \thead[l]{Avg. vol \\ $\hat{v}$} &\thead[l]{Std Dev \...
I'm guessing that you meant to end an alignment here.

/home/samuki/git/team29/volumes/finalopt-x/finalopt-x.tex:13: Misplaced \cr.
<inserted text> \cr 
                    
l.13 \thead
           [l]{Test} & \thead[l]{Avg. vol \\ $\hat{v}$} &\thead[l]{Std Dev \...
I can't figure out why you would want to use a tab mark
or \cr or \span just now. If something like a right brace
up above has ended a previous alignment prematurely,
you're probably due for more error messages, and you
might try typing `S' now just to see what is salvageable.

/home/samuki/git/team29/volumes/finalopt-x/finalopt-x.tex:13: Missing \cr inserted.
<inserted text> 
                \cr 
l.13 \thead
           [l]{Test} & \thead[l]{Avg. vol \\ $\hat{v}$} &\thead[l]{Std Dev \...
I'm guessing that you meant to end an alignment here.

/home/samuki/git/team29/volumes/finalopt-x/finalopt-x.tex:13: Misplaced \cr.
<inserted text> \cr 
                    
l.13 \thead
           [l]{Test} & \thead[l]{Avg. vol \\ $\hat{v}$} &\thead[l]{Std Dev \...
I can't figure out why you would want to use a tab mark
or \cr or \span just now. If something like a right brace
up above has ended a previous alignment prematurely,
you're probably due for more error messages, and you
might try typing `S' now just to see what is salvageable.

/home/samuki/git/team29/volumes/finalopt-x/finalopt-x.tex:13: Missing \cr inserted.
<inserted text> 
                \cr 
l.13 \thead
           [l]{Test} & \thead[l]{Avg. vol \\ $\hat{v}$} &\thead[l]{Std Dev \...
I'm guessing that you meant to end an alignment here.

/home/samuki/git/team29/volumes/finalopt-x/finalopt-x.tex:13: Misplaced \cr.
<inserted text> \cr 
                    
l.13 \thead
           [l]{Test} & \thead[l]{Avg. vol \\ $\hat{v}$} &\thead[l]{Std Dev \...
I can't figure out why you would want to use a tab mark
or \cr or \span just now. If something like a right brace
up above has ended a previous alignment prematurely,
you're probably due for more error messages, and you
might try typing `S' now just to see what is salvageable.

/home/samuki/git/team29/volumes/finalopt-x/finalopt-x.tex:13: Missing \cr inserted.
<inserted text> 
                \cr 
l.13 \thead
           [l]{Test} & \thead[l]{Avg. vol \\ $\hat{v}$} &\thead[l]{Std Dev \...
I'm guessing that you meant to end an alignment here.

/home/samuki/git/team29/volumes/finalopt-x/finalopt-x.tex:13: Misplaced \cr.
<inserted text> \cr 
                    
l.13 \thead
           [l]{Test} & \thead[l]{Avg. vol \\ $\hat{v}$} &\thead[l]{Std Dev \...
I can't figure out why you would want to use a tab mark
or \cr or \span just now. If something like a right brace
up above has ended a previous alignment prematurely,
you're probably due for more error messages, and you
might try typing `S' now just to see what is salvageable.

/home/samuki/git/team29/volumes/finalopt-x/finalopt-x.tex:13: Missing \cr inserted.
<inserted text> 
                \cr 
l.13 \thead
           [l]{Test} & \thead[l]{Avg. vol \\ $\hat{v}$} &\thead[l]{Std Dev \...
I'm guessing that you meant to end an alignment here.

/home/samuki/git/team29/volumes/finalopt-x/finalopt-x.tex:13: Misplaced \cr.
<inserted text> \cr 
                    
l.13 \thead
           [l]{Test} & \thead[l]{Avg. vol \\ $\hat{v}$} &\thead[l]{Std Dev \...
I can't figure out why you would want to use a tab mark
or \cr or \span just now. If something like a right brace
up above has ended a previous alignment prematurely,
you're probably due for more error messages, and you
might try typing `S' now just to see what is salvageable.

/home/samuki/git/team29/volumes/finalopt-x/finalopt-x.tex:13: Missing \cr inserted.
<inserted text> 
                \cr 
l.13 \thead
           [l]{Test} & \thead[l]{Avg. vol \\ $\hat{v}$} &\thead[l]{Std Dev \...
I'm guessing that you meant to end an alignment here.

/home/samuki/git/team29/volumes/finalopt-x/finalopt-x.tex:13: Misplaced \cr.
<inserted text> \cr 
                    
l.13 \thead
           [l]{Test} & \thead[l]{Avg. vol \\ $\hat{v}$} &\thead[l]{Std Dev \...
I can't figure out why you would want to use a tab mark
or \cr or \span just now. If something like a right brace
up above has ended a previous alignment prematurely,
you're probably due for more error messages, and you
might try typing `S' now just to see what is salvageable.

/home/samuki/git/team29/volumes/finalopt-x/finalopt-x.tex:13: Missing \cr inserted.
<inserted text> 
                \cr 
l.13 \thead
           [l]{Test} & \thead[l]{Avg. vol \\ $\hat{v}$} &\thead[l]{Std Dev \...
I'm guessing that you meant to end an alignment here.

/home/samuki/git/team29/volumes/finalopt-x/finalopt-x.tex:13: Misplaced \cr.
<inserted text> \cr 
                    
l.13 \thead
           [l]{Test} & \thead[l]{Avg. vol \\ $\hat{v}$} &\thead[l]{Std Dev \...
I can't figure out why you would want to use a tab mark
or \cr or \span just now. If something like a right brace
up above has ended a previous alignment prematurely,
you're probably due for more error messages, and you
might try typing `S' now just to see what is salvageable.

/home/samuki/git/team29/volumes/finalopt-x/finalopt-x.tex:13: Missing \cr inserted.
<inserted text> 
                \cr 
l.13 \thead
           [l]{Test} & \thead[l]{Avg. vol \\ $\hat{v}$} &\thead[l]{Std Dev \...
I'm guessing that you meant to end an alignment here.

/home/samuki/git/team29/volumes/finalopt-x/finalopt-x.tex:13: Misplaced \cr.
<inserted text> \cr 
                    
l.13 \thead
           [l]{Test} & \thead[l]{Avg. vol \\ $\hat{v}$} &\thead[l]{Std Dev \...
I can't figure out why you would want to use a tab mark
or \cr or \span just now. If something like a right brace
up above has ended a previous alignment prematurely,
you're probably due for more error messages, and you
might try typing `S' now just to see what is salvageable.

/home/samuki/git/team29/volumes/finalopt-x/finalopt-x.tex:13: Missing \cr inserted.
<inserted text> 
                \cr 
l.13 \thead
           [l]{Test} & \thead[l]{Avg. vol \\ $\hat{v}$} &\thead[l]{Std Dev \...
I'm guessing that you meant to end an alignment here.

/home/samuki/git/team29/volumes/finalopt-x/finalopt-x.tex:13: Misplaced \cr.
<inserted text> \cr 
                    
l.13 \thead
           [l]{Test} & \thead[l]{Avg. vol \\ $\hat{v}$} &\thead[l]{Std Dev \...
I can't figure out why you would want to use a tab mark
or \cr or \span just now. If something like a right brace
up above has ended a previous alignment prematurely,
you're probably due for more error messages, and you
might try typing `S' now just to see what is salvageable.

/home/samuki/git/team29/volumes/finalopt-x/finalopt-x.tex:13: Missing \cr inserted.
<inserted text> 
                \cr 
l.13 \thead
           [l]{Test} & \thead[l]{Avg. vol \\ $\hat{v}$} &\thead[l]{Std Dev \...
I'm guessing that you meant to end an alignment here.

/home/samuki/git/team29/volumes/finalopt-x/finalopt-x.tex:13: Misplaced \cr.
<inserted text> \cr 
                    
l.13 \thead
           [l]{Test} & \thead[l]{Avg. vol \\ $\hat{v}$} &\thead[l]{Std Dev \...
I can't figure out why you would want to use a tab mark
or \cr or \span just now. If something like a right brace
up above has ended a previous alignment prematurely,
you're probably due for more error messages, and you
might try typing `S' now just to see what is salvageable.

/home/samuki/git/team29/volumes/finalopt-x/finalopt-x.tex:13: Missing \cr inserted.
<inserted text> 
                \cr 
l.13 \thead
           [l]{Test} & \thead[l]{Avg. vol \\ $\hat{v}$} &\thead[l]{Std Dev \...
I'm guessing that you meant to end an alignment here.

/home/samuki/git/team29/volumes/finalopt-x/finalopt-x.tex:13: Misplaced \cr.
<inserted text> \cr 
                    
l.13 \thead
           [l]{Test} & \thead[l]{Avg. vol \\ $\hat{v}$} &\thead[l]{Std Dev \...
I can't figure out why you would want to use a tab mark
or \cr or \span just now. If something like a right brace
up above has ended a previous alignment prematurely,
you're probably due for more error messages, and you
might try typing `S' now just to see what is salvageable.

/home/samuki/git/team29/volumes/finalopt-x/finalopt-x.tex:13: Missing \cr inserted.
<inserted text> 
                \cr 
l.13 \thead
           [l]{Test} & \thead[l]{Avg. vol \\ $\hat{v}$} &\thead[l]{Std Dev \...
I'm guessing that you meant to end an alignment here.

/home/samuki/git/team29/volumes/finalopt-x/finalopt-x.tex:13: Misplaced \cr.
<inserted text> \cr 
                    
l.13 \thead
           [l]{Test} & \thead[l]{Avg. vol \\ $\hat{v}$} &\thead[l]{Std Dev \...
I can't figure out why you would want to use a tab mark
or \cr or \span just now. If something like a right brace
up above has ended a previous alignment prematurely,
you're probably due for more error messages, and you
might try typing `S' now just to see what is salvageable.

/home/samuki/git/team29/volumes/finalopt-x/finalopt-x.tex:13: Missing \cr inserted.
<inserted text> 
                \cr 
l.13 \thead
           [l]{Test} & \thead[l]{Avg. vol \\ $\hat{v}$} &\thead[l]{Std Dev \...
I'm guessing that you meant to end an alignment here.

/home/samuki/git/team29/volumes/finalopt-x/finalopt-x.tex:13: Misplaced \cr.
<inserted text> \cr 
                    
l.13 \thead
           [l]{Test} & \thead[l]{Avg. vol \\ $\hat{v}$} &\thead[l]{Std Dev \...
I can't figure out why you would want to use a tab mark
or \cr or \span just now. If something like a right brace
up above has ended a previous alignment prematurely,
you're probably due for more error messages, and you
might try typing `S' now just to see what is salvageable.

/home/samuki/git/team29/volumes/finalopt-x/finalopt-x.tex:13: Missing \cr inserted.
<inserted text> 
                \cr 
l.13 \thead
           [l]{Test} & \thead[l]{Avg. vol \\ $\hat{v}$} &\thead[l]{Std Dev \...
I'm guessing that you meant to end an alignment here.

/home/samuki/git/team29/volumes/finalopt-x/finalopt-x.tex:13: Misplaced \cr.
<inserted text> \cr 
                    
l.13 \thead
           [l]{Test} & \thead[l]{Avg. vol \\ $\hat{v}$} &\thead[l]{Std Dev \...
I can't figure out why you would want to use a tab mark
or \cr or \span just now. If something like a right brace
up above has ended a previous alignment prematurely,
you're probably due for more error messages, and you
might try typing `S' now just to see what is salvageable.

/home/samuki/git/team29/volumes/finalopt-x/finalopt-x.tex:13: Missing \cr inserted.
<inserted text> 
                \cr 
l.13 \thead
           [l]{Test} & \thead[l]{Avg. vol \\ $\hat{v}$} &\thead[l]{Std Dev \...
I'm guessing that you meant to end an alignment here.

/home/samuki/git/team29/volumes/finalopt-x/finalopt-x.tex:13: Misplaced \cr.
<inserted text> \cr 
                    
l.13 \thead
           [l]{Test} & \thead[l]{Avg. vol \\ $\hat{v}$} &\thead[l]{Std Dev \...
I can't figure out why you would want to use a tab mark
or \cr or \span just now. If something like a right brace
up above has ended a previous alignment prematurely,
you're probably due for more error messages, and you
might try typing `S' now just to see what is salvageable.

/home/samuki/git/team29/volumes/finalopt-x/finalopt-x.tex:13: Missing \cr inserted.
<inserted text> 
                \cr 
l.13 \thead
           [l]{Test} & \thead[l]{Avg. vol \\ $\hat{v}$} &\thead[l]{Std Dev \...
I'm guessing that you meant to end an alignment here.

/home/samuki/git/team29/volumes/finalopt-x/finalopt-x.tex:13: Misplaced \cr.
<inserted text> \cr 
                    
l.13 \thead
           [l]{Test} & \thead[l]{Avg. vol \\ $\hat{v}$} &\thead[l]{Std Dev \...
I can't figure out why you would want to use a tab mark
or \cr or \span just now. If something like a right brace
up above has ended a previous alignment prematurely,
you're probably due for more error messages, and you
might try typing `S' now just to see what is salvageable.

/home/samuki/git/team29/volumes/finalopt-x/finalopt-x.tex:13: Missing \cr inserted.
<inserted text> 
                \cr 
l.13 \thead
           [l]{Test} & \thead[l]{Avg. vol \\ $\hat{v}$} &\thead[l]{Std Dev \...
I'm guessing that you meant to end an alignment here.

/home/samuki/git/team29/volumes/finalopt-x/finalopt-x.tex:13: Misplaced \cr.
<inserted text> \cr 
                    
l.13 \thead
           [l]{Test} & \thead[l]{Avg. vol \\ $\hat{v}$} &\thead[l]{Std Dev \...
I can't figure out why you would want to use a tab mark
or \cr or \span just now. If something like a right brace
up above has ended a previous alignment prematurely,
you're probably due for more error messages, and you
might try typing `S' now just to see what is salvageable.

/home/samuki/git/team29/volumes/finalopt-x/finalopt-x.tex:13: Missing \cr inserted.
<inserted text> 
                \cr 
l.13 \thead
           [l]{Test} & \thead[l]{Avg. vol \\ $\hat{v}$} &\thead[l]{Std Dev \...
I'm guessing that you meant to end an alignment here.

/home/samuki/git/team29/volumes/finalopt-x/finalopt-x.tex:13: Misplaced \cr.
<inserted text> \cr 
                    
l.13 \thead
           [l]{Test} & \thead[l]{Avg. vol \\ $\hat{v}$} &\thead[l]{Std Dev \...
I can't figure out why you would want to use a tab mark
or \cr or \span just now. If something like a right brace
up above has ended a previous alignment prematurely,
you're probably due for more error messages, and you
might try typing `S' now just to see what is salvageable.

/home/samuki/git/team29/volumes/finalopt-x/finalopt-x.tex:13: Missing \cr inserted.
<inserted text> 
                \cr 
l.13 \thead
           [l]{Test} & \thead[l]{Avg. vol \\ $\hat{v}$} &\thead[l]{Std Dev \...
I'm guessing that you meant to end an alignment here.

/home/samuki/git/team29/volumes/finalopt-x/finalopt-x.tex:13: Misplaced \cr.
<inserted text> \cr 
                    
l.13 \thead
           [l]{Test} & \thead[l]{Avg. vol \\ $\hat{v}$} &\thead[l]{Std Dev \...
I can't figure out why you would want to use a tab mark
or \cr or \span just now. If something like a right brace
up above has ended a previous alignment prematurely,
you're probably due for more error messages, and you
might try typing `S' now just to see what is salvageable.

/home/samuki/git/team29/volumes/finalopt-x/finalopt-x.tex:13: Missing \cr inserted.
<inserted text> 
                \cr 
l.13 \thead
           [l]{Test} & \thead[l]{Avg. vol \\ $\hat{v}$} &\thead[l]{Std Dev \...
I'm guessing that you meant to end an alignment here.

/home/samuki/git/team29/volumes/finalopt-x/finalopt-x.tex:13: Misplaced \cr.
<inserted text> \cr 
                    
l.13 \thead
           [l]{Test} & \thead[l]{Avg. vol \\ $\hat{v}$} &\thead[l]{Std Dev \...
I can't figure out why you would want to use a tab mark
or \cr or \span just now. If something like a right brace
up above has ended a previous alignment prematurely,
you're probably due for more error messages, and you
might try typing `S' now just to see what is salvageable.

/home/samuki/git/team29/volumes/finalopt-x/finalopt-x.tex:13: Missing \cr inserted.
<inserted text> 
                \cr 
l.13 \thead
           [l]{Test} & \thead[l]{Avg. vol \\ $\hat{v}$} &\thead[l]{Std Dev \...
I'm guessing that you meant to end an alignment here.

/home/samuki/git/team29/volumes/finalopt-x/finalopt-x.tex:13: Misplaced \cr.
<inserted text> \cr 
                    
l.13 \thead
           [l]{Test} & \thead[l]{Avg. vol \\ $\hat{v}$} &\thead[l]{Std Dev \...
I can't figure out why you would want to use a tab mark
or \cr or \span just now. If something like a right brace
up above has ended a previous alignment prematurely,
you're probably due for more error messages, and you
might try typing `S' now just to see what is salvageable.

/home/samuki/git/team29/volumes/finalopt-x/finalopt-x.tex:13: Missing \cr inserted.
<inserted text> 
                \cr 
l.13 \thead
           [l]{Test} & \thead[l]{Avg. vol \\ $\hat{v}$} &\thead[l]{Std Dev \...
I'm guessing that you meant to end an alignment here.

/home/samuki/git/team29/volumes/finalopt-x/finalopt-x.tex:13: Misplaced \cr.
<inserted text> \cr 
                    
l.13 \thead
           [l]{Test} & \thead[l]{Avg. vol \\ $\hat{v}$} &\thead[l]{Std Dev \...
I can't figure out why you would want to use a tab mark
or \cr or \span just now. If something like a right brace
up above has ended a previous alignment prematurely,
you're probably due for more error messages, and you
might try typing `S' now just to see what is salvageable.

/home/samuki/git/team29/volumes/finalopt-x/finalopt-x.tex:13: Missing \cr inserted.
<inserted text> 
                \cr 
l.13 \thead
           [l]{Test} & \thead[l]{Avg. vol \\ $\hat{v}$} &\thead[l]{Std Dev \...
I'm guessing that you meant to end an alignment here.

/home/samuki/git/team29/volumes/finalopt-x/finalopt-x.tex:13: Misplaced \cr.
<inserted text> \cr 
                    
l.13 \thead
           [l]{Test} & \thead[l]{Avg. vol \\ $\hat{v}$} &\thead[l]{Std Dev \...
I can't figure out why you would want to use a tab mark
or \cr or \span just now. If something like a right brace
up above has ended a previous alignment prematurely,
you're probably due for more error messages, and you
might try typing `S' now just to see what is salvageable.

/home/samuki/git/team29/volumes/finalopt-x/finalopt-x.tex:13: Missing \cr inserted.
<inserted text> 
                \cr 
l.13 \thead
           [l]{Test} & \thead[l]{Avg. vol \\ $\hat{v}$} &\thead[l]{Std Dev \...
I'm guessing that you meant to end an alignment here.

/home/samuki/git/team29/volumes/finalopt-x/finalopt-x.tex:13: Misplaced \cr.
<inserted text> \cr 
                    
l.13 \thead
           [l]{Test} & \thead[l]{Avg. vol \\ $\hat{v}$} &\thead[l]{Std Dev \...
I can't figure out why you would want to use a tab mark
or \cr or \span just now. If something like a right brace
up above has ended a previous alignment prematurely,
you're probably due for more error messages, and you
might try typing `S' now just to see what is salvageable.

/home/samuki/git/team29/volumes/finalopt-x/finalopt-x.tex:13: Missing \cr inserted.
<inserted text> 
                \cr 
l.13 \thead
           [l]{Test} & \thead[l]{Avg. vol \\ $\hat{v}$} &\thead[l]{Std Dev \...
I'm guessing that you meant to end an alignment here.

/home/samuki/git/team29/volumes/finalopt-x/finalopt-x.tex:13: Misplaced \cr.
<inserted text> \cr 
                    
l.13 \thead
           [l]{Test} & \thead[l]{Avg. vol \\ $\hat{v}$} &\thead[l]{Std Dev \...
I can't figure out why you would want to use a tab mark
or \cr or \span just now. If something like a right brace
up above has ended a previous alignment prematurely,
you're probably due for more error messages, and you
might try typing `S' now just to see what is salvageable.

/home/samuki/git/team29/volumes/finalopt-x/finalopt-x.tex:13: Missing \cr inserted.
<inserted text> 
                \cr 
l.13 \thead
           [l]{Test} & \thead[l]{Avg. vol \\ $\hat{v}$} &\thead[l]{Std Dev \...
I'm guessing that you meant to end an alignment here.

/home/samuki/git/team29/volumes/finalopt-x/finalopt-x.tex:13: Misplaced \cr.
<inserted text> \cr 
                    
l.13 \thead
           [l]{Test} & \thead[l]{Avg. vol \\ $\hat{v}$} &\thead[l]{Std Dev \...
I can't figure out why you would want to use a tab mark
or \cr or \span just now. If something like a right brace
up above has ended a previous alignment prematurely,
you're probably due for more error messages, and you
might try typing `S' now just to see what is salvageable.

/home/samuki/git/team29/volumes/finalopt-x/finalopt-x.tex:13: Missing \cr inserted.
<inserted text> 
                \cr 
l.13 \thead
           [l]{Test} & \thead[l]{Avg. vol \\ $\hat{v}$} &\thead[l]{Std Dev \...
I'm guessing that you meant to end an alignment here.

/home/samuki/git/team29/volumes/finalopt-x/finalopt-x.tex:13: Misplaced \cr.
<inserted text> \cr 
                    
l.13 \thead
           [l]{Test} & \thead[l]{Avg. vol \\ $\hat{v}$} &\thead[l]{Std Dev \...
I can't figure out why you would want to use a tab mark
or \cr or \span just now. If something like a right brace
up above has ended a previous alignment prematurely,
you're probably due for more error messages, and you
might try typing `S' now just to see what is salvageable.

/home/samuki/git/team29/volumes/finalopt-x/finalopt-x.tex:13: Missing \cr inserted.
<inserted text> 
                \cr 
l.13 \thead
           [l]{Test} & \thead[l]{Avg. vol \\ $\hat{v}$} &\thead[l]{Std Dev \...
I'm guessing that you meant to end an alignment here.

/home/samuki/git/team29/volumes/finalopt-x/finalopt-x.tex:13: Misplaced \cr.
<inserted text> \cr 
                    
l.13 \thead
           [l]{Test} & \thead[l]{Avg. vol \\ $\hat{v}$} &\thead[l]{Std Dev \...
I can't figure out why you would want to use a tab mark
or \cr or \span just now. If something like a right brace
up above has ended a previous alignment prematurely,
you're probably due for more error messages, and you
might try typing `S' now just to see what is salvageable.

/home/samuki/git/team29/volumes/finalopt-x/finalopt-x.tex:13: Missing \cr inserted.
<inserted text> 
                \cr 
l.13 \thead
           [l]{Test} & \thead[l]{Avg. vol \\ $\hat{v}$} &\thead[l]{Std Dev \...
I'm guessing that you meant to end an alignment here.

/home/samuki/git/team29/volumes/finalopt-x/finalopt-x.tex:13: Misplaced \cr.
<inserted text> \cr 
                    
l.13 \thead
           [l]{Test} & \thead[l]{Avg. vol \\ $\hat{v}$} &\thead[l]{Std Dev \...
I can't figure out why you would want to use a tab mark
or \cr or \span just now. If something like a right brace
up above has ended a previous alignment prematurely,
you're probably due for more error messages, and you
might try typing `S' now just to see what is salvageable.

/home/samuki/git/team29/volumes/finalopt-x/finalopt-x.tex:13: Missing \cr inserted.
<inserted text> 
                \cr 
l.13 \thead
           [l]{Test} & \thead[l]{Avg. vol \\ $\hat{v}$} &\thead[l]{Std Dev \...
I'm guessing that you meant to end an alignment here.

/home/samuki/git/team29/volumes/finalopt-x/finalopt-x.tex:13: Misplaced \cr.
<inserted text> \cr 
                    
l.13 \thead
           [l]{Test} & \thead[l]{Avg. vol \\ $\hat{v}$} &\thead[l]{Std Dev \...
I can't figure out why you would want to use a tab mark
or \cr or \span just now. If something like a right brace
up above has ended a previous alignment prematurely,
you're probably due for more error messages, and you
might try typing `S' now just to see what is salvageable.

/home/samuki/git/team29/volumes/finalopt-x/finalopt-x.tex:13: Missing \cr inserted.
<inserted text> 
                \cr 
l.13 \thead
           [l]{Test} & \thead[l]{Avg. vol \\ $\hat{v}$} &\thead[l]{Std Dev \...
I'm guessing that you meant to end an alignment here.

/home/samuki/git/team29/volumes/finalopt-x/finalopt-x.tex:13: Misplaced \cr.
<inserted text> \cr 
                    
l.13 \thead
           [l]{Test} & \thead[l]{Avg. vol \\ $\hat{v}$} &\thead[l]{Std Dev \...
I can't figure out why you would want to use a tab mark
or \cr or \span just now. If something like a right brace
up above has ended a previous alignment prematurely,
you're probably due for more error messages, and you
might try typing `S' now just to see what is salvageable.

/home/samuki/git/team29/volumes/finalopt-x/finalopt-x.tex:13: Missing \cr inserted.
<inserted text> 
                \cr 
l.13 \thead
           [l]{Test} & \thead[l]{Avg. vol \\ $\hat{v}$} &\thead[l]{Std Dev \...
I'm guessing that you meant to end an alignment here.

/home/samuki/git/team29/volumes/finalopt-x/finalopt-x.tex:13: Misplaced \cr.
<inserted text> \cr 
                    
l.13 \thead
           [l]{Test} & \thead[l]{Avg. vol \\ $\hat{v}$} &\thead[l]{Std Dev \...
I can't figure out why you would want to use a tab mark
or \cr or \span just now. If something like a right brace
up above has ended a previous alignment prematurely,
you're probably due for more error messages, and you
might try typing `S' now just to see what is salvageable.

/home/samuki/git/team29/volumes/finalopt-x/finalopt-x.tex:13: Missing \cr inserted.
<inserted text> 
                \cr 
l.13 \thead
           [l]{Test} & \thead[l]{Avg. vol \\ $\hat{v}$} &\thead[l]{Std Dev \...
I'm guessing that you meant to end an alignment here.

/home/samuki/git/team29/volumes/finalopt-x/finalopt-x.tex:13: Misplaced \cr.
<inserted text> \cr 
                    
l.13 \thead
           [l]{Test} & \thead[l]{Avg. vol \\ $\hat{v}$} &\thead[l]{Std Dev \...
I can't figure out why you would want to use a tab mark
or \cr or \span just now. If something like a right brace
up above has ended a previous alignment prematurely,
you're probably due for more error messages, and you
might try typing `S' now just to see what is salvageable.

/home/samuki/git/team29/volumes/finalopt-x/finalopt-x.tex:13: Missing \cr inserted.
<inserted text> 
                \cr 
l.13 \thead
           [l]{Test} & \thead[l]{Avg. vol \\ $\hat{v}$} &\thead[l]{Std Dev \...
(That makes 100 errors; please try again.) 
Here is how much of TeX's memory you used:
 795 strings out of 480171
 13283 string characters out of 5894490
 296687 words of memory out of 5000000
 18809 multiletter control sequences out of 15000+600000
 472294 words of font info for 38 fonts, out of 8000000 for 9000
 59 hyphenation exceptions out of 8191
 39i,8n,48p,282b,188s stack positions out of 5000i,500n,10000p,200000b,80000s

/home/samuki/git/team29/volumes/finalopt-x/finalopt-x.tex:13:  ==> Fatal error occurred, no output PDF file produced!
