1031.65
1031.65
988.984
988.984
984.421
1049.46
1049.46
1039.16
1039.16
1024.43
1033.12
1033.12
1034.48
1034.48
986.404
986.404
1076.12
965.987
965.987
1027.75
1027.75
1040.32
991.404
991.404
1003.17
1003.17
995.517
995.517
1029.85
1018.54
1018.54
1058.59
1058.59
1004.3
1090.83
1090.83
1136.93
1136.93
1025.23
1023.86
1023.86
1095.69
1095.69
1049.21
1049.21
1119.46
1056.98
1056.98
1055.93
1055.93
1096.91
1008.88
1008.88
1035.39
1035.39
1020.45
988.602
988.602
988.49
988.49
1093.21
1093.21
1036.24
991.862
991.862
984.91
984.91
1002.03
1055.25
1055.25
1152.99
1152.99
1009.08
1009.08
1041.34
1006.5
1006.5
992.923
992.923
1030.33
1015.16
1015.16
991.229
991.229
1036.78
1036.78
1004.89
1003.64
1003.64
1055.81
1055.81
1019.35
1107.06
1107.06
1023.17
1001.51
1001.51
1007.67
1007.67
1032.67
