71.6193
71.6193
72.125
72.125
74.1906
74.1906
73.467
73.467
70.2495
70.2495
68.4172
68.4172
71.227
71.227
69.7419
69.7419
71.2168
71.2168
68.9462
68.9462
71.6595
71.6595
73.1376
73.1376
72.7551
72.7551
69.8425
72.555
72.555
72.3076
72.3076
70.2192
70.2192
71.7647
71.7647
77.818
77.818
73.7666
73.7666
70.148
70.148
69.1917
69.1917
72.4249
72.4249
70.9581
70.9581
71.8322
71.8322
71.0647
71.0647
68.6169
68.6169
72.0264
72.0264
67.0909
67.0909
69.4822
69.4822
73.5221
73.5221
73.7072
73.7072
72.352
72.352
67.4622
74.2791
74.2791
73.8619
73.8619
71.9348
71.9348
71.404
71.404
70.2139
70.2139
74.4757
74.4757
72.7438
72.7438
71.311
71.311
74.9039
74.9039
70.942
70.942
72.324
72.324
72.7425
72.7425
72.1641
72.1641
72.4306
72.4306
71.0228
71.0228
70.2245
70.2245
73.2836
73.2836
