49247700000.0
53403200000.0
52529600000.0
53802000000.0
52488000000.0
51946700000.0
53493200000.0
56786500000.0
51304400000.0
52194100000.0
51516900000.0
52939600000.0
52673000000.0
52003100000.0
56818500000.0
51325800000.0
55585900000.0
52687600000.0
54156800000.0
53696800000.0
52372000000.0
51556200000.0
50072100000.0
52919100000.0
52001100000.0
54449800000.0
51055600000.0
55058100000.0
52459900000.0
53651500000.0
50085200000.0
50816600000.0
49144400000.0
54215600000.0
54668200000.0
54301400000.0
55777300000.0
53591900000.0
55924900000.0
51610200000.0
53839100000.0
55265200000.0
55833900000.0
52647200000.0
56592400000.0
52797600000.0
53320600000.0
57163600000.0
53160200000.0
56631000000.0
55618800000.0
57984500000.0
55343800000.0
51737300000.0
53142600000.0
51797600000.0
51842300000.0
55250500000.0
55894900000.0
53709100000.0
50969600000.0
55051300000.0
54300900000.0
55082800000.0
53542800000.0
55621400000.0
54280400000.0
55011800000.0
53638000000.0
50396900000.0
53941800000.0
50966700000.0
49737700000.0
53679700000.0
58063500000.0
53558900000.0
57725500000.0
54209200000.0
53827500000.0
58243900000.0
54589400000.0
51575600000.0
55067600000.0
50726300000.0
52138300000.0
53672400000.0
52793900000.0
55602200000.0
52697800000.0
54033500000.0
57393600000.0
55079000000.0
54007800000.0
52315500000.0
53874500000.0
52400400000.0
53817300000.0
50728800000.0
53169500000.0
50735700000.0
