1116470000000.0
1114130000000.0
1099490000000.0
1073700000000.0
1078750000000.0
1100310000000.0
1118610000000.0
1014320000000.0
1071180000000.0
1156350000000.0
1019960000000.0
1079890000000.0
1211740000000.0
1168690000000.0
1007930000000.0
1157970000000.0
1140970000000.0
1127630000000.0
1117070000000.0
1069840000000.0
1027320000000.0
1058230000000.0
1078590000000.0
1166550000000.0
1174470000000.0
1108960000000.0
999065000000.0
1220860000000.0
1133830000000.0
1055060000000.0
1133210000000.0
1170060000000.0
1101330000000.0
1105430000000.0
1137530000000.0
1065340000000.0
1071470000000.0
1003960000000.0
1028610000000.0
1132600000000.0
1167150000000.0
1134930000000.0
1109050000000.0
1079200000000.0
1086530000000.0
1130370000000.0
1105520000000.0
1057300000000.0
1148710000000.0
1115090000000.0
1116630000000.0
1100380000000.0
1118060000000.0
988945000000.0
1166470000000.0
1143080000000.0
1141980000000.0
996425000000.0
1120740000000.0
1028540000000.0
1091510000000.0
1125570000000.0
1034230000000.0
1078140000000.0
1043100000000.0
1132860000000.0
1148810000000.0
1049720000000.0
1146220000000.0
1070110000000.0
1136410000000.0
1204610000000.0
1179940000000.0
1116600000000.0
1062200000000.0
1216040000000.0
1020180000000.0
1068180000000.0
1107730000000.0
1150490000000.0
1124670000000.0
1053790000000.0
1165070000000.0
1263290000000.0
1127420000000.0
1034510000000.0
1006740000000.0
1085300000000.0
1128420000000.0
984837000000.0
1136020000000.0
1086570000000.0
1108310000000.0
1086230000000.0
1185290000000.0
1063460000000.0
1139800000000.0
1048590000000.0
1064100000000.0
1066190000000.0
