1.48663e+17
1.48628e+17
1.59364e+17
1.40288e+17
1.31762e+17
1.58292e+17
1.48669e+17
1.39857e+17
1.37773e+17
1.50837e+17
1.51446e+17
1.46782e+17
1.46235e+17
1.50862e+17
1.33627e+17
1.45805e+17
1.44606e+17
1.47493e+17
1.44919e+17
1.505e+17
1.515e+17
1.46182e+17
1.55177e+17
1.45224e+17
1.50168e+17
1.42902e+17
1.31522e+17
1.45803e+17
1.43406e+17
1.40197e+17
1.52615e+17
1.33557e+17
1.48889e+17
1.39068e+17
1.66503e+17
1.56462e+17
1.59297e+17
1.44358e+17
1.51166e+17
1.61807e+17
1.3451e+17
1.36769e+17
1.41709e+17
1.41801e+17
1.45218e+17
1.49024e+17
1.40637e+17
1.31062e+17
1.63686e+17
1.49399e+17
1.55917e+17
1.25781e+17
1.52323e+17
1.45107e+17
1.4026e+17
1.32258e+17
1.43276e+17
1.55786e+17
1.55661e+17
1.47458e+17
1.48619e+17
1.43693e+17
1.38113e+17
1.34534e+17
1.3292e+17
1.53242e+17
1.60092e+17
1.48742e+17
1.48624e+17
1.55561e+17
1.3454e+17
1.71694e+17
1.4761e+17
1.49444e+17
1.45127e+17
1.37335e+17
1.44533e+17
1.45007e+17
1.47846e+17
1.47038e+17
1.60198e+17
1.47491e+17
1.40639e+17
1.41495e+17
1.42768e+17
1.36583e+17
1.56166e+17
1.45672e+17
1.57546e+17
1.54071e+17
1.41153e+17
1.36703e+17
1.4664e+17
1.47614e+17
1.52037e+17
1.42747e+17
1.49961e+17
1.4411e+17
1.46645e+17
1.50743e+17
