25835000000.0
26059700000.0
27344600000.0
27398200000.0
26045700000.0
27712600000.0
25987100000.0
27246000000.0
26001600000.0
26576000000.0
28752700000.0
27011400000.0
26635400000.0
27498200000.0
26320100000.0
24378700000.0
28081900000.0
27085800000.0
28536600000.0
25052600000.0
27535300000.0
28203300000.0
26384100000.0
27407300000.0
27471500000.0
27860200000.0
28492500000.0
26322500000.0
24676200000.0
28323600000.0
26996800000.0
26348400000.0
26444800000.0
26679700000.0
27953700000.0
27307700000.0
26553000000.0
25591000000.0
25932600000.0
28067600000.0
25898500000.0
25969500000.0
26536300000.0
25162300000.0
29622200000.0
28441100000.0
26895800000.0
27106700000.0
26782300000.0
26759800000.0
29266500000.0
27981100000.0
26359500000.0
24735100000.0
25915800000.0
23596600000.0
25605100000.0
27671400000.0
27689900000.0
26302600000.0
28982400000.0
25549000000.0
26448200000.0
26024100000.0
27229400000.0
25648800000.0
26033500000.0
26009000000.0
28255000000.0
27877900000.0
24630700000.0
24896100000.0
26891700000.0
25866500000.0
26807800000.0
27940500000.0
24782400000.0
26789100000.0
28623400000.0
26866100000.0
26396600000.0
23801700000.0
26509300000.0
26959300000.0
27136500000.0
28141600000.0
26849600000.0
24733400000.0
25954800000.0
25109800000.0
28051200000.0
25789200000.0
26212600000.0
25958100000.0
26726500000.0
27387700000.0
26624400000.0
26691400000.0
28351000000.0
28425900000.0
