51731600.0
56457900.0
53194100.0
58071100.0
58071100.0
53162400.0
47599100.0
52250500.0
52250500.0
49071500.0
51685600.0
51941300.0
51941300.0
53597800.0
54187000.0
54187000.0
51945300.0
52186100.0
53135900.0
53135900.0
53244200.0
50276600.0
50276600.0
50416000.0
51625900.0
50921100.0
50921100.0
53218500.0
52028800.0
53525400.0
53525400.0
51289900.0
53417500.0
53417500.0
53685900.0
49548700.0
54337700.0
54337700.0
50513000.0
49415400.0
49415400.0
54715900.0
49579700.0
53475000.0
53475000.0
53903300.0
50409100.0
56146500.0
56146500.0
52283400.0
54688100.0
54688100.0
51498900.0
51638700.0
51183100.0
51183100.0
49180500.0
49386600.0
50988300.0
50988300.0
51904300.0
54394000.0
54394000.0
49654400.0
53990900.0
49874600.0
49874600.0
50984400.0
55584900.0
55584900.0
54348800.0
49615800.0
49703300.0
49703300.0
53900100.0
52552500.0
52512700.0
52512700.0
51946700.0
53317600.0
53317600.0
52998000.0
52571600.0
52304000.0
52304000.0
54331200.0
50593300.0
50593300.0
49218500.0
53983100.0
50577300.0
50577300.0
53562900.0
52276300.0
52276300.0
47944000.0
54361900.0
51029200.0
51029200.0
49041800.0
