4.68332e+19
5.39529e+19
5.5745e+19
5.5745e+19
5.56413e+19
4.27308e+19
4.27308e+19
5.19568e+19
4.33329e+19
4.33329e+19
4.7025e+19
4.7025e+19
5.00941e+19
4.59144e+19
4.59144e+19
5.18401e+19
5.04925e+19
5.04925e+19
4.49929e+19
4.31329e+19
4.31329e+19
4.65506e+19
4.65506e+19
5.08334e+19
4.16508e+19
4.16508e+19
5.89777e+19
4.6355e+19
4.6355e+19
4.78886e+19
5.09826e+19
5.09826e+19
4.99231e+19
4.99231e+19
5.23832e+19
4.89822e+19
4.89822e+19
4.86568e+19
4.73266e+19
4.73266e+19
4.2401e+19
4.92076e+19
4.92076e+19
4.40796e+19
4.40796e+19
3.79066e+19
4.73034e+19
4.73034e+19
4.34343e+19
5.13968e+19
5.13968e+19
4.6803e+19
4.6803e+19
4.97161e+19
5.22406e+19
5.22406e+19
5.65622e+19
4.13224e+19
4.13224e+19
5.0554e+19
4.74168e+19
4.74168e+19
4.50736e+19
4.50736e+19
5.34272e+19
4.71529e+19
4.71529e+19
3.5256e+19
3.79971e+19
3.79971e+19
5.68688e+19
4.59218e+19
4.59218e+19
4.46855e+19
4.46855e+19
4.37002e+19
3.73179e+19
3.73179e+19
5.12641e+19
4.88402e+19
4.88402e+19
4.69409e+19
4.98996e+19
4.98996e+19
4.50715e+19
4.50715e+19
4.81632e+19
4.27301e+19
4.27301e+19
4.76993e+19
5.05396e+19
5.05396e+19
4.65416e+19
5.26556e+19
5.26556e+19
4.10092e+19
5.39664e+19
5.39664e+19
4.97895e+19
4.97895e+19
