10473.9
10203.5
10203.5
11289.9
11289.9
10990.8
10990.8
10879.5
10580.9
10580.9
11030.5
11030.5
10672.9
10645.6
10645.6
10773.7
10773.7
10167.1
10167.1
10516.4
10586.9
10586.9
10063.2
10063.2
10360.0
10360.0
9756.3
10877.3
10877.3
10897.7
10897.7
11274.9
11274.9
10300.7
10369.6
10369.6
10487.4
10487.4
10072.3
10072.3
10101.6
9980.99
9980.99
10492.9
10492.9
10260.7
10260.7
10167.8
10700.7
10700.7
10231.0
10231.0
10566.4
10566.4
10850.3
10158.6
10158.6
10735.2
10735.2
10332.5
10447.1
10447.1
10049.4
10049.4
10919.5
10919.5
10607.1
10813.3
10813.3
10276.5
10276.5
10242.1
10242.1
10345.6
10098.5
10098.5
10769.4
10769.4
10147.3
10875.4
10875.4
10598.3
10598.3
11062.0
11062.0
9735.74
10314.7
10314.7
10955.6
10955.6
10216.3
10216.3
9953.68
10089.5
10089.5
10744.1
10744.1
10470.5
10470.5
10988.3
