96.1222
96.1222
91.1441
91.1441
95.6228
95.6228
93.6806
89.3046
89.3046
95.762
95.762
94.4229
94.4229
96.0082
96.0082
92.1319
92.1319
96.96
96.96
98.6752
98.6752
94.7326
94.7326
98.3404
98.3404
97.5283
97.5283
94.3051
94.3051
100.704
100.704
91.8668
91.8668
92.5446
92.5446
94.5167
87.983
87.983
94.6013
94.6013
92.8738
92.8738
98.0855
98.0855
89.8527
89.8527
92.209
92.209
98.6291
98.6291
93.5691
93.5691
93.8792
93.8792
94.4831
94.4831
93.7075
93.7075
93.3773
93.3773
94.2738
94.2738
89.1065
95.2966
95.2966
91.8079
91.8079
97.8428
97.8428
95.0704
95.0704
96.5911
96.5911
90.0237
90.0237
93.4307
93.4307
95.5709
95.5709
92.113
92.113
96.5099
96.5099
95.3824
95.3824
95.5012
95.5012
95.1736
95.1736
94.2187
96.7836
96.7836
95.0155
95.0155
95.3825
95.3825
95.1949
95.1949
97.053
97.053
