591422.0
525091.0
621925.0
569006.0
600939.0
604881.0
576457.0
572137.0
579413.0
614405.0
571814.0
580144.0
592479.0
595161.0
595161.0
630478.0
575557.0
568621.0
603020.0
553895.0
574203.0
619749.0
600729.0
565399.0
561979.0
552097.0
590129.0
635473.0
541681.0
563354.0
582842.0
578330.0
605321.0
592130.0
578203.0
598548.0
598584.0
613748.0
583554.0
587035.0
572965.0
545743.0
591692.0
549833.0
562097.0
562101.0
575172.0
597501.0
574619.0
580340.0
580340.0
563427.0
606117.0
606398.0
569398.0
590799.0
578395.0
616954.0
575291.0
581018.0
568451.0
610785.0
600177.0
589483.0
606819.0
598124.0
524413.0
579051.0
609570.0
579251.0
579305.0
557495.0
605790.0
547384.0
624913.0
556230.0
604033.0
581850.0
583240.0
559347.0
588569.0
563805.0
577024.0
560916.0
579276.0
574839.0
598197.0
553589.0
587123.0
585952.0
606693.0
591881.0
611438.0
599257.0
584409.0
578844.0
550395.0
572913.0
593050.0
599514.0
