49467.7
50400.4
50400.4
53075.5
53075.5
48637.9
48637.9
53825.8
53825.8
52044.7
49611.1
49611.1
51424.5
51424.5
51977.0
51977.0
49686.8
49686.8
52236.7
52236.7
48759.0
50825.3
50825.3
49752.2
49752.2
50837.1
50837.1
50418.8
50418.8
53174.9
53174.9
52387.5
51172.0
51172.0
51098.1
51098.1
50368.1
50368.1
51591.6
51591.6
51708.2
51708.2
49716.5
49716.5
52894.9
52381.6
52381.6
52072.5
52072.5
50056.3
50056.3
53075.1
53075.1
53736.9
54736.9
54736.9
48510.2
48510.2
53516.5
53516.5
50831.7
50831.7
50727.6
50727.6
53328.8
49310.7
49310.7
50857.4
50857.4
49382.8
49382.8
49761.5
49761.5
52053.5
52053.5
49996.2
49128.9
49128.9
49531.3
49531.3
49449.0
49449.0
52374.8
52374.8
53123.3
53123.3
52776.6
53196.9
53196.9
49037.3
49037.3
50586.3
50586.3
51945.2
51945.2
51730.8
51730.8
49683.2
51335.4
51335.4
