19000600000.0
16425900000.0
17139800000.0
17139800000.0
18096900000.0
16862600000.0
16267600000.0
18025700000.0
17502600000.0
17927100000.0
16386000000.0
17261500000.0
17735300000.0
16359200000.0
16359200000.0
17506800000.0
17925000000.0
17182500000.0
17168900000.0
17585900000.0
17364800000.0
17867200000.0
17041500000.0
17766600000.0
16929000000.0
16929000000.0
17724800000.0
16989100000.0
16264200000.0
17168800000.0
15443500000.0
16749100000.0
17370400000.0
17806700000.0
17392100000.0
18290700000.0
17094300000.0
16867100000.0
17447900000.0
17447900000.0
16611900000.0
18390500000.0
16813600000.0
17645500000.0
17162400000.0
17938700000.0
17195100000.0
16125800000.0
16125800000.0
17724400000.0
18082000000.0
17144700000.0
17642100000.0
17735100000.0
17805000000.0
17483600000.0
17489900000.0
18218800000.0
17597400000.0
17597400000.0
16715700000.0
17624600000.0
17156100000.0
17089100000.0
17826700000.0
17673500000.0
16508600000.0
16508600000.0
18434900000.0
17336300000.0
18670800000.0
17714900000.0
17228800000.0
16660600000.0
17521100000.0
17059600000.0
17143400000.0
17143400000.0
18694100000.0
18270900000.0
16931000000.0
17607300000.0
16892900000.0
17662200000.0
19062100000.0
16096400000.0
18081900000.0
17956300000.0
17956300000.0
17873500000.0
19320700000.0
17257000000.0
16986300000.0
17266700000.0
17501700000.0
16392600000.0
18321800000.0
17082600000.0
17487900000.0
16103500000.0
