1106030000.0
1074920000.0
1042570000.0
945129000.0
1131160000.0
1016890000.0
1153600000.0
1033300000.0
1038650000.0
1076550000.0
1004160000.0
976519000.0
1132170000.0
1046180000.0
1085250000.0
1145170000.0
1066900000.0
1098980000.0
982220000.0
1062920000.0
1014970000.0
1012460000.0
1141430000.0
1124480000.0
1070590000.0
1059230000.0
1023320000.0
1070870000.0
1092190000.0
1171710000.0
1070750000.0
1139320000.0
1105070000.0
1093200000.0
1062400000.0
1006490000.0
1119180000.0
1072710000.0
1072680000.0
1111630000.0
977977000.0
1082700000.0
1113890000.0
1124400000.0
1039180000.0
1094580000.0
1037060000.0
1047110000.0
1048260000.0
1125720000.0
1103920000.0
1048070000.0
1160180000.0
1078280000.0
1111580000.0
1059940000.0
1154650000.0
1087520000.0
991282000.0
1099120000.0
1093750000.0
1135320000.0
1105820000.0
1029900000.0
1005860000.0
1088030000.0
1098170000.0
1078810000.0
1033930000.0
990158000.0
1073070000.0
1032920000.0
1158120000.0
942420000.0
1094400000.0
1060730000.0
1082670000.0
1083560000.0
1162960000.0
1056050000.0
1081330000.0
1132180000.0
1049350000.0
1142210000.0
1062780000.0
1008240000.0
1038260000.0
1080990000.0
984819000.0
1082130000.0
1049030000.0
1045000000.0
968926000.0
1113330000.0
1043320000.0
1059690000.0
1100270000.0
1082660000.0
1101030000.0
969559000.0
