1645680.0
1508040.0
1538220.0
1538220.0
1671910.0
1671910.0
1580200.0
1695120.0
1695120.0
1622230.0
1681360.0
1681360.0
1705380.0
1705380.0
1703230.0
1644250.0
1644250.0
1677240.0
1621120.0
1621120.0
1706080.0
1706080.0
1598740.0
1599080.0
1599080.0
1701150.0
1611050.0
1611050.0
1624370.0
1624370.0
1587970.0
1615830.0
1615830.0
1617650.0
1639410.0
1639410.0
1568530.0
1568530.0
1683040.0
1616770.0
1616770.0
1645140.0
1623670.0
1623670.0
1646870.0
1646870.0
1613530.0
1688200.0
1688200.0
1675330.0
1598900.0
1598900.0
1652320.0
1652320.0
1655860.0
1704020.0
1704020.0
1662250.0
1556270.0
1556270.0
1605510.0
1605510.0
1705210.0
1662650.0
1662650.0
1650980.0
1635390.0
1635390.0
1611150.0
1611150.0
1595550.0
1660950.0
1660950.0
1686070.0
1537680.0
1537680.0
1582830.0
1609950.0
1609950.0
1718390.0
1718390.0
1659560.0
1629270.0
1629270.0
1633260.0
1633260.0
1645390.0
1688110.0
1688110.0
1715080.0
1595920.0
1595920.0
1692690.0
1692690.0
1587430.0
1578620.0
1578620.0
1678380.0
1729490.0
1729490.0
