1.70181e+22
1.9991e+22
1.97118e+22
1.97118e+22
1.50842e+22
1.50842e+22
1.71624e+22
1.71624e+22
1.51961e+22
1.70768e+22
1.70768e+22
1.53528e+22
1.53528e+22
1.72873e+22
1.86336e+22
1.86336e+22
2.04186e+22
2.04186e+22
1.6561e+22
1.87328e+22
1.87328e+22
1.72305e+22
1.72305e+22
1.82948e+22
1.70189e+22
1.70189e+22
2.03203e+22
2.03203e+22
1.77598e+22
1.94064e+22
1.94064e+22
1.50306e+22
1.50306e+22
1.66578e+22
1.77053e+22
1.77053e+22
1.75204e+22
1.75204e+22
1.75339e+22
1.61884e+22
1.61884e+22
1.92136e+22
1.92136e+22
1.63709e+22
1.54106e+22
1.54106e+22
1.7148e+22
1.7148e+22
2.09289e+22
1.75566e+22
1.75566e+22
2.32282e+22
2.32282e+22
1.9048e+22
1.79128e+22
1.79128e+22
1.96959e+22
1.96959e+22
1.87899e+22
1.76145e+22
1.76145e+22
1.62756e+22
1.62756e+22
1.83809e+22
2.23781e+22
2.23781e+22
1.73788e+22
1.73788e+22
1.95682e+22
2.09154e+22
2.09154e+22
1.66741e+22
1.66741e+22
1.94033e+22
1.92723e+22
1.92723e+22
2.04944e+22
2.04944e+22
1.99124e+22
1.82797e+22
1.82797e+22
1.70578e+22
1.70578e+22
2.00303e+22
2.07678e+22
2.07678e+22
1.99499e+22
1.99499e+22
1.54722e+22
1.68863e+22
1.68863e+22
2.08411e+22
2.08411e+22
1.81177e+22
1.49449e+22
1.49449e+22
2.00424e+22
2.00424e+22
1.64678e+22
1.88971e+22
