1068840.0
1028080.0
1030360.0
1046130.0
956712.0
983177.0
1051470.0
1070380.0
1047370.0
1030830.0
1048480.0
1110220.0
1078660.0
1087640.0
1017720.0
1042910.0
1016370.0
1054450.0
1030200.0
987514.0
1005480.0
1048800.0
1048800.0
987900.0
1061310.0
1022750.0
1118580.0
1052630.0
1059950.0
1028030.0
1084060.0
967647.0
978830.0
1113040.0
1026490.0
1009740.0
1047040.0
1035600.0
1043450.0
1108030.0
1082310.0
1133640.0
944994.0
1051550.0
971577.0
1049950.0
974421.0
1062620.0
996123.0
1017210.0
1001100.0
923381.0
1099300.0
1063490.0
1016000.0
1088650.0
1019850.0
1108190.0
1012140.0
1021930.0
1099130.0
973026.0
993151.0
1074060.0
1120370.0
1069880.0
1069880.0
1014660.0
1032500.0
1023290.0
1090420.0
1006980.0
1129100.0
1052300.0
1110630.0
1068760.0
1053910.0
1000990.0
1013810.0
1071170.0
991831.0
1052330.0
1110340.0
1101120.0
1053470.0
1096150.0
1096150.0
1078000.0
1005070.0
1033210.0
1069450.0
1186440.0
1080750.0
1032170.0
1065170.0
1002760.0
1144940.0
1041990.0
1059390.0
1082900.0
