1.51862e+95
1.72706e+95
5.83116e+94
1.79287e+95
2.07965e+95
1.2305e+95
1.55776e+95
8.85628e+94
1.19226e+95
1.72808e+95
1.26792e+95
1.74671e+95
2.0255e+95
1.32639e+95
1.67074e+95
1.05604e+95
1.02563e+95
2.33134e+95
1.90908e+95
1.62581e+95
1.57217e+95
1.5749e+95
1.61575e+95
1.83746e+95
1.53966e+95
1.49961e+95
1.71308e+95
1.64628e+95
1.69983e+95
1.37298e+95
1.13802e+95
1.40333e+95
1.36519e+95
1.36473e+95
2.63505e+95
2.19453e+95
1.99015e+95
1.4405e+95
1.62609e+95
2.02728e+95
1.77952e+95
2.77314e+95
1.4298e+95
1.12908e+95
1.23836e+95
1.70165e+95
2.24836e+95
2.2338e+95
1.45227e+95
1.65185e+95
2.33631e+95
1.47691e+95
1.30967e+95
1.75977e+95
1.81706e+95
1.50774e+95
1.4337e+95
1.77617e+95
1.52531e+95
2.0623e+95
2.4433e+95
1.37988e+95
1.67979e+95
1.80427e+95
1.7293e+95
1.56981e+95
1.5421e+95
1.52701e+95
1.30127e+95
2.74205e+95
1.42317e+95
2.01472e+95
1.33415e+95
1.99051e+95
1.45895e+95
1.22811e+95
1.589e+95
1.36373e+95
2.96479e+95
1.56508e+95
1.74801e+95
1.72595e+95
1.93936e+95
1.01452e+95
1.91685e+95
1.62114e+95
1.6538e+95
1.75473e+95
1.71171e+95
2.08881e+95
1.35683e+95
1.26228e+95
1.76315e+95
2.08811e+95
1.30216e+95
1.20731e+95
1.21836e+95
1.06673e+95
1.19488e+95
1.64487e+95
