751.948
751.948
709.175
709.175
749.676
722.597
722.597
749.524
749.524
732.411
732.411
733.612
778.502
778.502
758.864
758.864
736.3
736.3
741.774
741.774
772.051
762.538
762.538
764.085
764.085
719.666
719.666
741.807
702.373
702.373
751.162
751.162
753.574
753.574
749.529
749.529
733.086
774.661
774.661
731.465
731.465
731.84
731.84
733.925
747.11
747.11
745.482
745.482
766.953
766.953
758.498
739.772
739.772
753.871
753.871
742.726
742.726
697.574
746.585
746.585
756.308
756.308
770.087
770.087
757.002
723.62
723.62
760.393
760.393
741.763
741.763
687.219
761.615
761.615
719.186
719.186
759.909
759.909
763.337
750.896
750.896
753.181
753.181
754.386
754.386
749.104
750.044
750.044
746.562
746.562
734.029
734.029
761.815
760.808
760.808
777.545
777.545
733.299
733.299
739.419
